[2024-11-26T10:58:39.850+0000] {processor.py:186} INFO - Started process (PID=72) to work on /home/airflow/.local/lib/python3.12/site-packages/airflow/example_dags/example_branch_labels.py
[2024-11-26T10:58:39.851+0000] {processor.py:914} INFO - Processing file /home/airflow/.local/lib/python3.12/site-packages/airflow/example_dags/example_branch_labels.py for tasks to queue
[2024-11-26T10:58:39.853+0000] {logging_mixin.py:190} INFO - [2024-11-26T10:58:39.852+0000] {dagbag.py:588} INFO - Filling up the DagBag from /home/airflow/.local/lib/python3.12/site-packages/airflow/example_dags/example_branch_labels.py
[2024-11-26T10:58:39.862+0000] {processor.py:925} INFO - DAG(s) 'example_branch_labels' retrieved from /home/airflow/.local/lib/python3.12/site-packages/airflow/example_dags/example_branch_labels.py
[2024-11-26T10:58:39.951+0000] {logging_mixin.py:190} INFO - [2024-11-26T10:58:39.950+0000] {override.py:1911} INFO - Created Permission View: can delete on DAG:example_branch_labels
[2024-11-26T10:58:39.961+0000] {logging_mixin.py:190} INFO - [2024-11-26T10:58:39.961+0000] {override.py:1911} INFO - Created Permission View: can read on DAG:example_branch_labels
[2024-11-26T10:58:39.969+0000] {logging_mixin.py:190} INFO - [2024-11-26T10:58:39.969+0000] {override.py:1911} INFO - Created Permission View: can edit on DAG:example_branch_labels
[2024-11-26T10:58:39.976+0000] {logging_mixin.py:190} INFO - [2024-11-26T10:58:39.975+0000] {override.py:1911} INFO - Created Permission View: can create on DAG Run:example_branch_labels
[2024-11-26T10:58:39.981+0000] {logging_mixin.py:190} INFO - [2024-11-26T10:58:39.981+0000] {override.py:1911} INFO - Created Permission View: can read on DAG Run:example_branch_labels
[2024-11-26T10:58:39.989+0000] {logging_mixin.py:190} INFO - [2024-11-26T10:58:39.988+0000] {override.py:1911} INFO - Created Permission View: menu access on DAG Run:example_branch_labels
[2024-11-26T10:58:39.995+0000] {logging_mixin.py:190} INFO - [2024-11-26T10:58:39.995+0000] {override.py:1911} INFO - Created Permission View: can delete on DAG Run:example_branch_labels
[2024-11-26T10:58:39.996+0000] {logging_mixin.py:190} INFO - [2024-11-26T10:58:39.996+0000] {dag.py:3239} INFO - Sync 1 DAGs
[2024-11-26T10:58:40.028+0000] {logging_mixin.py:190} INFO - [2024-11-26T10:58:40.028+0000] {dag.py:3262} INFO - Creating ORM DAG for example_branch_labels
[2024-11-26T10:58:40.046+0000] {logging_mixin.py:190} INFO - [2024-11-26T10:58:40.046+0000] {dag.py:4180} INFO - Setting next_dagrun for example_branch_labels to 2024-11-25 00:00:00+00:00, run_after=2024-11-26 00:00:00+00:00
[2024-11-26T10:58:40.066+0000] {processor.py:208} INFO - Processing /home/airflow/.local/lib/python3.12/site-packages/airflow/example_dags/example_branch_labels.py took 0.221 seconds
[2024-11-26T10:59:10.530+0000] {processor.py:186} INFO - Started process (PID=134) to work on /home/airflow/.local/lib/python3.12/site-packages/airflow/example_dags/example_branch_labels.py
[2024-11-26T10:59:10.534+0000] {processor.py:914} INFO - Processing file /home/airflow/.local/lib/python3.12/site-packages/airflow/example_dags/example_branch_labels.py for tasks to queue
[2024-11-26T10:59:10.536+0000] {logging_mixin.py:190} INFO - [2024-11-26T10:59:10.536+0000] {dagbag.py:588} INFO - Filling up the DagBag from /home/airflow/.local/lib/python3.12/site-packages/airflow/example_dags/example_branch_labels.py
[2024-11-26T10:59:10.545+0000] {processor.py:925} INFO - DAG(s) 'example_branch_labels' retrieved from /home/airflow/.local/lib/python3.12/site-packages/airflow/example_dags/example_branch_labels.py
[2024-11-26T10:59:10.566+0000] {logging_mixin.py:190} INFO - [2024-11-26T10:59:10.566+0000] {dag.py:3239} INFO - Sync 1 DAGs
[2024-11-26T10:59:10.592+0000] {logging_mixin.py:190} INFO - [2024-11-26T10:59:10.592+0000] {dag.py:4180} INFO - Setting next_dagrun for example_branch_labels to 2024-11-25 00:00:00+00:00, run_after=2024-11-26 00:00:00+00:00
[2024-11-26T10:59:10.610+0000] {processor.py:208} INFO - Processing /home/airflow/.local/lib/python3.12/site-packages/airflow/example_dags/example_branch_labels.py took 0.085 seconds
[2024-11-26T10:59:40.673+0000] {processor.py:186} INFO - Started process (PID=197) to work on /home/airflow/.local/lib/python3.12/site-packages/airflow/example_dags/example_branch_labels.py
[2024-11-26T10:59:40.675+0000] {processor.py:914} INFO - Processing file /home/airflow/.local/lib/python3.12/site-packages/airflow/example_dags/example_branch_labels.py for tasks to queue
[2024-11-26T10:59:40.677+0000] {logging_mixin.py:190} INFO - [2024-11-26T10:59:40.676+0000] {dagbag.py:588} INFO - Filling up the DagBag from /home/airflow/.local/lib/python3.12/site-packages/airflow/example_dags/example_branch_labels.py
[2024-11-26T10:59:40.685+0000] {processor.py:925} INFO - DAG(s) 'example_branch_labels' retrieved from /home/airflow/.local/lib/python3.12/site-packages/airflow/example_dags/example_branch_labels.py
[2024-11-26T10:59:40.704+0000] {logging_mixin.py:190} INFO - [2024-11-26T10:59:40.704+0000] {dag.py:3239} INFO - Sync 1 DAGs
[2024-11-26T10:59:40.720+0000] {logging_mixin.py:190} INFO - [2024-11-26T10:59:40.720+0000] {dag.py:4180} INFO - Setting next_dagrun for example_branch_labels to 2024-11-25 00:00:00+00:00, run_after=2024-11-26 00:00:00+00:00
[2024-11-26T10:59:40.735+0000] {processor.py:208} INFO - Processing /home/airflow/.local/lib/python3.12/site-packages/airflow/example_dags/example_branch_labels.py took 0.066 seconds
[2024-11-26T11:00:11.466+0000] {processor.py:186} INFO - Started process (PID=266) to work on /home/airflow/.local/lib/python3.12/site-packages/airflow/example_dags/example_branch_labels.py
[2024-11-26T11:00:11.468+0000] {processor.py:914} INFO - Processing file /home/airflow/.local/lib/python3.12/site-packages/airflow/example_dags/example_branch_labels.py for tasks to queue
[2024-11-26T11:00:11.472+0000] {logging_mixin.py:190} INFO - [2024-11-26T11:00:11.472+0000] {dagbag.py:588} INFO - Filling up the DagBag from /home/airflow/.local/lib/python3.12/site-packages/airflow/example_dags/example_branch_labels.py
[2024-11-26T11:00:11.486+0000] {processor.py:925} INFO - DAG(s) 'example_branch_labels' retrieved from /home/airflow/.local/lib/python3.12/site-packages/airflow/example_dags/example_branch_labels.py
[2024-11-26T11:00:11.521+0000] {logging_mixin.py:190} INFO - [2024-11-26T11:00:11.521+0000] {dag.py:3239} INFO - Sync 1 DAGs
[2024-11-26T11:00:11.555+0000] {logging_mixin.py:190} INFO - [2024-11-26T11:00:11.555+0000] {dag.py:4180} INFO - Setting next_dagrun for example_branch_labels to 2024-11-25 00:00:00+00:00, run_after=2024-11-26 00:00:00+00:00
[2024-11-26T11:00:11.586+0000] {processor.py:208} INFO - Processing /home/airflow/.local/lib/python3.12/site-packages/airflow/example_dags/example_branch_labels.py took 0.127 seconds
[2024-11-26T11:00:42.002+0000] {processor.py:186} INFO - Started process (PID=328) to work on /home/airflow/.local/lib/python3.12/site-packages/airflow/example_dags/example_branch_labels.py
[2024-11-26T11:00:42.003+0000] {processor.py:914} INFO - Processing file /home/airflow/.local/lib/python3.12/site-packages/airflow/example_dags/example_branch_labels.py for tasks to queue
[2024-11-26T11:00:42.006+0000] {logging_mixin.py:190} INFO - [2024-11-26T11:00:42.005+0000] {dagbag.py:588} INFO - Filling up the DagBag from /home/airflow/.local/lib/python3.12/site-packages/airflow/example_dags/example_branch_labels.py
[2024-11-26T11:00:42.013+0000] {processor.py:925} INFO - DAG(s) 'example_branch_labels' retrieved from /home/airflow/.local/lib/python3.12/site-packages/airflow/example_dags/example_branch_labels.py
[2024-11-26T11:00:42.028+0000] {logging_mixin.py:190} INFO - [2024-11-26T11:00:42.028+0000] {dag.py:3239} INFO - Sync 1 DAGs
[2024-11-26T11:00:42.043+0000] {logging_mixin.py:190} INFO - [2024-11-26T11:00:42.043+0000] {dag.py:4180} INFO - Setting next_dagrun for example_branch_labels to 2024-11-25 00:00:00+00:00, run_after=2024-11-26 00:00:00+00:00
[2024-11-26T11:00:42.056+0000] {processor.py:208} INFO - Processing /home/airflow/.local/lib/python3.12/site-packages/airflow/example_dags/example_branch_labels.py took 0.061 seconds
[2024-11-26T11:01:12.935+0000] {processor.py:186} INFO - Started process (PID=390) to work on /home/airflow/.local/lib/python3.12/site-packages/airflow/example_dags/example_branch_labels.py
[2024-11-26T11:01:12.936+0000] {processor.py:914} INFO - Processing file /home/airflow/.local/lib/python3.12/site-packages/airflow/example_dags/example_branch_labels.py for tasks to queue
[2024-11-26T11:01:12.938+0000] {logging_mixin.py:190} INFO - [2024-11-26T11:01:12.938+0000] {dagbag.py:588} INFO - Filling up the DagBag from /home/airflow/.local/lib/python3.12/site-packages/airflow/example_dags/example_branch_labels.py
[2024-11-26T11:01:12.946+0000] {processor.py:925} INFO - DAG(s) 'example_branch_labels' retrieved from /home/airflow/.local/lib/python3.12/site-packages/airflow/example_dags/example_branch_labels.py
[2024-11-26T11:01:12.960+0000] {logging_mixin.py:190} INFO - [2024-11-26T11:01:12.959+0000] {dag.py:3239} INFO - Sync 1 DAGs
[2024-11-26T11:01:12.977+0000] {logging_mixin.py:190} INFO - [2024-11-26T11:01:12.977+0000] {dag.py:4180} INFO - Setting next_dagrun for example_branch_labels to 2024-11-25 00:00:00+00:00, run_after=2024-11-26 00:00:00+00:00
[2024-11-26T11:01:12.991+0000] {processor.py:208} INFO - Processing /home/airflow/.local/lib/python3.12/site-packages/airflow/example_dags/example_branch_labels.py took 0.062 seconds
[2024-11-26T11:01:43.827+0000] {processor.py:186} INFO - Started process (PID=453) to work on /home/airflow/.local/lib/python3.12/site-packages/airflow/example_dags/example_branch_labels.py
[2024-11-26T11:01:43.828+0000] {processor.py:914} INFO - Processing file /home/airflow/.local/lib/python3.12/site-packages/airflow/example_dags/example_branch_labels.py for tasks to queue
[2024-11-26T11:01:43.832+0000] {logging_mixin.py:190} INFO - [2024-11-26T11:01:43.832+0000] {dagbag.py:588} INFO - Filling up the DagBag from /home/airflow/.local/lib/python3.12/site-packages/airflow/example_dags/example_branch_labels.py
[2024-11-26T11:01:43.843+0000] {processor.py:925} INFO - DAG(s) 'example_branch_labels' retrieved from /home/airflow/.local/lib/python3.12/site-packages/airflow/example_dags/example_branch_labels.py
[2024-11-26T11:01:43.860+0000] {logging_mixin.py:190} INFO - [2024-11-26T11:01:43.860+0000] {dag.py:3239} INFO - Sync 1 DAGs
[2024-11-26T11:01:43.884+0000] {logging_mixin.py:190} INFO - [2024-11-26T11:01:43.883+0000] {dag.py:4180} INFO - Setting next_dagrun for example_branch_labels to 2024-11-25 00:00:00+00:00, run_after=2024-11-26 00:00:00+00:00
[2024-11-26T11:01:43.904+0000] {processor.py:208} INFO - Processing /home/airflow/.local/lib/python3.12/site-packages/airflow/example_dags/example_branch_labels.py took 0.083 seconds
[2024-11-26T11:02:14.646+0000] {processor.py:186} INFO - Started process (PID=516) to work on /home/airflow/.local/lib/python3.12/site-packages/airflow/example_dags/example_branch_labels.py
[2024-11-26T11:02:14.646+0000] {processor.py:914} INFO - Processing file /home/airflow/.local/lib/python3.12/site-packages/airflow/example_dags/example_branch_labels.py for tasks to queue
[2024-11-26T11:02:14.649+0000] {logging_mixin.py:190} INFO - [2024-11-26T11:02:14.649+0000] {dagbag.py:588} INFO - Filling up the DagBag from /home/airflow/.local/lib/python3.12/site-packages/airflow/example_dags/example_branch_labels.py
[2024-11-26T11:02:14.656+0000] {processor.py:925} INFO - DAG(s) 'example_branch_labels' retrieved from /home/airflow/.local/lib/python3.12/site-packages/airflow/example_dags/example_branch_labels.py
[2024-11-26T11:02:14.670+0000] {logging_mixin.py:190} INFO - [2024-11-26T11:02:14.670+0000] {dag.py:3239} INFO - Sync 1 DAGs
[2024-11-26T11:02:14.689+0000] {logging_mixin.py:190} INFO - [2024-11-26T11:02:14.689+0000] {dag.py:4180} INFO - Setting next_dagrun for example_branch_labels to 2024-11-25 00:00:00+00:00, run_after=2024-11-26 00:00:00+00:00
[2024-11-26T11:02:14.705+0000] {processor.py:208} INFO - Processing /home/airflow/.local/lib/python3.12/site-packages/airflow/example_dags/example_branch_labels.py took 0.063 seconds
[2024-11-26T11:02:45.296+0000] {processor.py:186} INFO - Started process (PID=579) to work on /home/airflow/.local/lib/python3.12/site-packages/airflow/example_dags/example_branch_labels.py
[2024-11-26T11:02:45.297+0000] {processor.py:914} INFO - Processing file /home/airflow/.local/lib/python3.12/site-packages/airflow/example_dags/example_branch_labels.py for tasks to queue
[2024-11-26T11:02:45.300+0000] {logging_mixin.py:190} INFO - [2024-11-26T11:02:45.300+0000] {dagbag.py:588} INFO - Filling up the DagBag from /home/airflow/.local/lib/python3.12/site-packages/airflow/example_dags/example_branch_labels.py
[2024-11-26T11:02:45.307+0000] {processor.py:925} INFO - DAG(s) 'example_branch_labels' retrieved from /home/airflow/.local/lib/python3.12/site-packages/airflow/example_dags/example_branch_labels.py
[2024-11-26T11:02:45.322+0000] {logging_mixin.py:190} INFO - [2024-11-26T11:02:45.321+0000] {dag.py:3239} INFO - Sync 1 DAGs
[2024-11-26T11:02:45.337+0000] {logging_mixin.py:190} INFO - [2024-11-26T11:02:45.337+0000] {dag.py:4180} INFO - Setting next_dagrun for example_branch_labels to 2024-11-25 00:00:00+00:00, run_after=2024-11-26 00:00:00+00:00
[2024-11-26T11:02:45.352+0000] {processor.py:208} INFO - Processing /home/airflow/.local/lib/python3.12/site-packages/airflow/example_dags/example_branch_labels.py took 0.061 seconds
[2024-11-26T11:03:15.961+0000] {processor.py:186} INFO - Started process (PID=642) to work on /home/airflow/.local/lib/python3.12/site-packages/airflow/example_dags/example_branch_labels.py
[2024-11-26T11:03:15.962+0000] {processor.py:914} INFO - Processing file /home/airflow/.local/lib/python3.12/site-packages/airflow/example_dags/example_branch_labels.py for tasks to queue
[2024-11-26T11:03:15.965+0000] {logging_mixin.py:190} INFO - [2024-11-26T11:03:15.964+0000] {dagbag.py:588} INFO - Filling up the DagBag from /home/airflow/.local/lib/python3.12/site-packages/airflow/example_dags/example_branch_labels.py
[2024-11-26T11:03:15.973+0000] {processor.py:925} INFO - DAG(s) 'example_branch_labels' retrieved from /home/airflow/.local/lib/python3.12/site-packages/airflow/example_dags/example_branch_labels.py
[2024-11-26T11:03:15.991+0000] {logging_mixin.py:190} INFO - [2024-11-26T11:03:15.991+0000] {dag.py:3239} INFO - Sync 1 DAGs
[2024-11-26T11:03:16.009+0000] {logging_mixin.py:190} INFO - [2024-11-26T11:03:16.009+0000] {dag.py:4180} INFO - Setting next_dagrun for example_branch_labels to 2024-11-25 00:00:00+00:00, run_after=2024-11-26 00:00:00+00:00
[2024-11-26T11:03:16.024+0000] {processor.py:208} INFO - Processing /home/airflow/.local/lib/python3.12/site-packages/airflow/example_dags/example_branch_labels.py took 0.070 seconds
[2024-11-26T11:03:46.564+0000] {processor.py:186} INFO - Started process (PID=705) to work on /home/airflow/.local/lib/python3.12/site-packages/airflow/example_dags/example_branch_labels.py
[2024-11-26T11:03:46.565+0000] {processor.py:914} INFO - Processing file /home/airflow/.local/lib/python3.12/site-packages/airflow/example_dags/example_branch_labels.py for tasks to queue
[2024-11-26T11:03:46.568+0000] {logging_mixin.py:190} INFO - [2024-11-26T11:03:46.568+0000] {dagbag.py:588} INFO - Filling up the DagBag from /home/airflow/.local/lib/python3.12/site-packages/airflow/example_dags/example_branch_labels.py
[2024-11-26T11:03:46.578+0000] {processor.py:925} INFO - DAG(s) 'example_branch_labels' retrieved from /home/airflow/.local/lib/python3.12/site-packages/airflow/example_dags/example_branch_labels.py
[2024-11-26T11:03:46.603+0000] {logging_mixin.py:190} INFO - [2024-11-26T11:03:46.602+0000] {dag.py:3239} INFO - Sync 1 DAGs
[2024-11-26T11:03:46.628+0000] {logging_mixin.py:190} INFO - [2024-11-26T11:03:46.627+0000] {dag.py:4180} INFO - Setting next_dagrun for example_branch_labels to 2024-11-25 00:00:00+00:00, run_after=2024-11-26 00:00:00+00:00
[2024-11-26T11:03:46.651+0000] {processor.py:208} INFO - Processing /home/airflow/.local/lib/python3.12/site-packages/airflow/example_dags/example_branch_labels.py took 0.097 seconds
[2024-11-26T11:04:17.359+0000] {processor.py:186} INFO - Started process (PID=768) to work on /home/airflow/.local/lib/python3.12/site-packages/airflow/example_dags/example_branch_labels.py
[2024-11-26T11:04:17.359+0000] {processor.py:914} INFO - Processing file /home/airflow/.local/lib/python3.12/site-packages/airflow/example_dags/example_branch_labels.py for tasks to queue
[2024-11-26T11:04:17.362+0000] {logging_mixin.py:190} INFO - [2024-11-26T11:04:17.361+0000] {dagbag.py:588} INFO - Filling up the DagBag from /home/airflow/.local/lib/python3.12/site-packages/airflow/example_dags/example_branch_labels.py
[2024-11-26T11:04:17.371+0000] {processor.py:925} INFO - DAG(s) 'example_branch_labels' retrieved from /home/airflow/.local/lib/python3.12/site-packages/airflow/example_dags/example_branch_labels.py
[2024-11-26T11:04:17.389+0000] {logging_mixin.py:190} INFO - [2024-11-26T11:04:17.389+0000] {dag.py:3239} INFO - Sync 1 DAGs
[2024-11-26T11:04:17.407+0000] {logging_mixin.py:190} INFO - [2024-11-26T11:04:17.406+0000] {dag.py:4180} INFO - Setting next_dagrun for example_branch_labels to 2024-11-25 00:00:00+00:00, run_after=2024-11-26 00:00:00+00:00
[2024-11-26T11:04:17.424+0000] {processor.py:208} INFO - Processing /home/airflow/.local/lib/python3.12/site-packages/airflow/example_dags/example_branch_labels.py took 0.071 seconds
[2024-11-26T11:04:48.287+0000] {processor.py:186} INFO - Started process (PID=831) to work on /home/airflow/.local/lib/python3.12/site-packages/airflow/example_dags/example_branch_labels.py
[2024-11-26T11:04:48.288+0000] {processor.py:914} INFO - Processing file /home/airflow/.local/lib/python3.12/site-packages/airflow/example_dags/example_branch_labels.py for tasks to queue
[2024-11-26T11:04:48.290+0000] {logging_mixin.py:190} INFO - [2024-11-26T11:04:48.290+0000] {dagbag.py:588} INFO - Filling up the DagBag from /home/airflow/.local/lib/python3.12/site-packages/airflow/example_dags/example_branch_labels.py
[2024-11-26T11:04:48.298+0000] {processor.py:925} INFO - DAG(s) 'example_branch_labels' retrieved from /home/airflow/.local/lib/python3.12/site-packages/airflow/example_dags/example_branch_labels.py
[2024-11-26T11:04:48.312+0000] {logging_mixin.py:190} INFO - [2024-11-26T11:04:48.312+0000] {dag.py:3239} INFO - Sync 1 DAGs
[2024-11-26T11:04:48.327+0000] {logging_mixin.py:190} INFO - [2024-11-26T11:04:48.327+0000] {dag.py:4180} INFO - Setting next_dagrun for example_branch_labels to 2024-11-25 00:00:00+00:00, run_after=2024-11-26 00:00:00+00:00
[2024-11-26T11:04:48.342+0000] {processor.py:208} INFO - Processing /home/airflow/.local/lib/python3.12/site-packages/airflow/example_dags/example_branch_labels.py took 0.059 seconds
[2024-11-26T11:05:18.720+0000] {processor.py:186} INFO - Started process (PID=893) to work on /home/airflow/.local/lib/python3.12/site-packages/airflow/example_dags/example_branch_labels.py
[2024-11-26T11:05:18.721+0000] {processor.py:914} INFO - Processing file /home/airflow/.local/lib/python3.12/site-packages/airflow/example_dags/example_branch_labels.py for tasks to queue
[2024-11-26T11:05:18.723+0000] {logging_mixin.py:190} INFO - [2024-11-26T11:05:18.723+0000] {dagbag.py:588} INFO - Filling up the DagBag from /home/airflow/.local/lib/python3.12/site-packages/airflow/example_dags/example_branch_labels.py
[2024-11-26T11:05:18.731+0000] {processor.py:925} INFO - DAG(s) 'example_branch_labels' retrieved from /home/airflow/.local/lib/python3.12/site-packages/airflow/example_dags/example_branch_labels.py
[2024-11-26T11:05:18.746+0000] {logging_mixin.py:190} INFO - [2024-11-26T11:05:18.746+0000] {dag.py:3239} INFO - Sync 1 DAGs
[2024-11-26T11:05:18.763+0000] {logging_mixin.py:190} INFO - [2024-11-26T11:05:18.762+0000] {dag.py:4180} INFO - Setting next_dagrun for example_branch_labels to 2024-11-25 00:00:00+00:00, run_after=2024-11-26 00:00:00+00:00
[2024-11-26T11:05:18.774+0000] {processor.py:208} INFO - Processing /home/airflow/.local/lib/python3.12/site-packages/airflow/example_dags/example_branch_labels.py took 0.059 seconds
[2024-11-26T11:05:48.929+0000] {processor.py:186} INFO - Started process (PID=956) to work on /home/airflow/.local/lib/python3.12/site-packages/airflow/example_dags/example_branch_labels.py
[2024-11-26T11:05:48.930+0000] {processor.py:914} INFO - Processing file /home/airflow/.local/lib/python3.12/site-packages/airflow/example_dags/example_branch_labels.py for tasks to queue
[2024-11-26T11:05:48.932+0000] {logging_mixin.py:190} INFO - [2024-11-26T11:05:48.932+0000] {dagbag.py:588} INFO - Filling up the DagBag from /home/airflow/.local/lib/python3.12/site-packages/airflow/example_dags/example_branch_labels.py
[2024-11-26T11:05:48.939+0000] {processor.py:925} INFO - DAG(s) 'example_branch_labels' retrieved from /home/airflow/.local/lib/python3.12/site-packages/airflow/example_dags/example_branch_labels.py
[2024-11-26T11:05:48.954+0000] {logging_mixin.py:190} INFO - [2024-11-26T11:05:48.954+0000] {dag.py:3239} INFO - Sync 1 DAGs
[2024-11-26T11:05:48.970+0000] {logging_mixin.py:190} INFO - [2024-11-26T11:05:48.969+0000] {dag.py:4180} INFO - Setting next_dagrun for example_branch_labels to 2024-11-25 00:00:00+00:00, run_after=2024-11-26 00:00:00+00:00
[2024-11-26T11:05:48.987+0000] {processor.py:208} INFO - Processing /home/airflow/.local/lib/python3.12/site-packages/airflow/example_dags/example_branch_labels.py took 0.063 seconds
[2024-11-26T11:06:19.441+0000] {processor.py:186} INFO - Started process (PID=1019) to work on /home/airflow/.local/lib/python3.12/site-packages/airflow/example_dags/example_branch_labels.py
[2024-11-26T11:06:19.442+0000] {processor.py:914} INFO - Processing file /home/airflow/.local/lib/python3.12/site-packages/airflow/example_dags/example_branch_labels.py for tasks to queue
[2024-11-26T11:06:19.444+0000] {logging_mixin.py:190} INFO - [2024-11-26T11:06:19.444+0000] {dagbag.py:588} INFO - Filling up the DagBag from /home/airflow/.local/lib/python3.12/site-packages/airflow/example_dags/example_branch_labels.py
[2024-11-26T11:06:19.451+0000] {processor.py:925} INFO - DAG(s) 'example_branch_labels' retrieved from /home/airflow/.local/lib/python3.12/site-packages/airflow/example_dags/example_branch_labels.py
[2024-11-26T11:06:19.472+0000] {logging_mixin.py:190} INFO - [2024-11-26T11:06:19.472+0000] {dag.py:3239} INFO - Sync 1 DAGs
[2024-11-26T11:06:19.493+0000] {logging_mixin.py:190} INFO - [2024-11-26T11:06:19.493+0000] {dag.py:4180} INFO - Setting next_dagrun for example_branch_labels to 2024-11-25 00:00:00+00:00, run_after=2024-11-26 00:00:00+00:00
[2024-11-26T11:06:19.508+0000] {processor.py:208} INFO - Processing /home/airflow/.local/lib/python3.12/site-packages/airflow/example_dags/example_branch_labels.py took 0.071 seconds
[2024-11-26T11:06:49.673+0000] {processor.py:186} INFO - Started process (PID=1082) to work on /home/airflow/.local/lib/python3.12/site-packages/airflow/example_dags/example_branch_labels.py
[2024-11-26T11:06:49.674+0000] {processor.py:914} INFO - Processing file /home/airflow/.local/lib/python3.12/site-packages/airflow/example_dags/example_branch_labels.py for tasks to queue
[2024-11-26T11:06:49.676+0000] {logging_mixin.py:190} INFO - [2024-11-26T11:06:49.676+0000] {dagbag.py:588} INFO - Filling up the DagBag from /home/airflow/.local/lib/python3.12/site-packages/airflow/example_dags/example_branch_labels.py
[2024-11-26T11:06:49.685+0000] {processor.py:925} INFO - DAG(s) 'example_branch_labels' retrieved from /home/airflow/.local/lib/python3.12/site-packages/airflow/example_dags/example_branch_labels.py
[2024-11-26T11:06:49.699+0000] {logging_mixin.py:190} INFO - [2024-11-26T11:06:49.699+0000] {dag.py:3239} INFO - Sync 1 DAGs
[2024-11-26T11:06:49.714+0000] {logging_mixin.py:190} INFO - [2024-11-26T11:06:49.714+0000] {dag.py:4180} INFO - Setting next_dagrun for example_branch_labels to 2024-11-25 00:00:00+00:00, run_after=2024-11-26 00:00:00+00:00
[2024-11-26T11:06:49.730+0000] {processor.py:208} INFO - Processing /home/airflow/.local/lib/python3.12/site-packages/airflow/example_dags/example_branch_labels.py took 0.063 seconds
[2024-11-26T11:07:19.768+0000] {processor.py:186} INFO - Started process (PID=1145) to work on /home/airflow/.local/lib/python3.12/site-packages/airflow/example_dags/example_branch_labels.py
[2024-11-26T11:07:19.769+0000] {processor.py:914} INFO - Processing file /home/airflow/.local/lib/python3.12/site-packages/airflow/example_dags/example_branch_labels.py for tasks to queue
[2024-11-26T11:07:19.771+0000] {logging_mixin.py:190} INFO - [2024-11-26T11:07:19.771+0000] {dagbag.py:588} INFO - Filling up the DagBag from /home/airflow/.local/lib/python3.12/site-packages/airflow/example_dags/example_branch_labels.py
[2024-11-26T11:07:19.779+0000] {processor.py:925} INFO - DAG(s) 'example_branch_labels' retrieved from /home/airflow/.local/lib/python3.12/site-packages/airflow/example_dags/example_branch_labels.py
[2024-11-26T11:07:19.798+0000] {logging_mixin.py:190} INFO - [2024-11-26T11:07:19.798+0000] {dag.py:3239} INFO - Sync 1 DAGs
[2024-11-26T11:07:19.816+0000] {logging_mixin.py:190} INFO - [2024-11-26T11:07:19.816+0000] {dag.py:4180} INFO - Setting next_dagrun for example_branch_labels to 2024-11-25 00:00:00+00:00, run_after=2024-11-26 00:00:00+00:00
[2024-11-26T11:07:19.835+0000] {processor.py:208} INFO - Processing /home/airflow/.local/lib/python3.12/site-packages/airflow/example_dags/example_branch_labels.py took 0.074 seconds
[2024-11-26T11:07:49.946+0000] {processor.py:186} INFO - Started process (PID=1208) to work on /home/airflow/.local/lib/python3.12/site-packages/airflow/example_dags/example_branch_labels.py
[2024-11-26T11:07:49.947+0000] {processor.py:914} INFO - Processing file /home/airflow/.local/lib/python3.12/site-packages/airflow/example_dags/example_branch_labels.py for tasks to queue
[2024-11-26T11:07:49.949+0000] {logging_mixin.py:190} INFO - [2024-11-26T11:07:49.949+0000] {dagbag.py:588} INFO - Filling up the DagBag from /home/airflow/.local/lib/python3.12/site-packages/airflow/example_dags/example_branch_labels.py
[2024-11-26T11:07:49.956+0000] {processor.py:925} INFO - DAG(s) 'example_branch_labels' retrieved from /home/airflow/.local/lib/python3.12/site-packages/airflow/example_dags/example_branch_labels.py
[2024-11-26T11:07:49.970+0000] {logging_mixin.py:190} INFO - [2024-11-26T11:07:49.970+0000] {dag.py:3239} INFO - Sync 1 DAGs
[2024-11-26T11:07:49.985+0000] {logging_mixin.py:190} INFO - [2024-11-26T11:07:49.985+0000] {dag.py:4180} INFO - Setting next_dagrun for example_branch_labels to 2024-11-25 00:00:00+00:00, run_after=2024-11-26 00:00:00+00:00
[2024-11-26T11:07:49.999+0000] {processor.py:208} INFO - Processing /home/airflow/.local/lib/python3.12/site-packages/airflow/example_dags/example_branch_labels.py took 0.059 seconds
[2024-11-26T11:08:20.428+0000] {processor.py:186} INFO - Started process (PID=1271) to work on /home/airflow/.local/lib/python3.12/site-packages/airflow/example_dags/example_branch_labels.py
[2024-11-26T11:08:20.429+0000] {processor.py:914} INFO - Processing file /home/airflow/.local/lib/python3.12/site-packages/airflow/example_dags/example_branch_labels.py for tasks to queue
[2024-11-26T11:08:20.431+0000] {logging_mixin.py:190} INFO - [2024-11-26T11:08:20.430+0000] {dagbag.py:588} INFO - Filling up the DagBag from /home/airflow/.local/lib/python3.12/site-packages/airflow/example_dags/example_branch_labels.py
[2024-11-26T11:08:20.439+0000] {processor.py:925} INFO - DAG(s) 'example_branch_labels' retrieved from /home/airflow/.local/lib/python3.12/site-packages/airflow/example_dags/example_branch_labels.py
[2024-11-26T11:08:20.454+0000] {logging_mixin.py:190} INFO - [2024-11-26T11:08:20.454+0000] {dag.py:3239} INFO - Sync 1 DAGs
[2024-11-26T11:08:20.471+0000] {logging_mixin.py:190} INFO - [2024-11-26T11:08:20.471+0000] {dag.py:4180} INFO - Setting next_dagrun for example_branch_labels to 2024-11-25 00:00:00+00:00, run_after=2024-11-26 00:00:00+00:00
[2024-11-26T11:08:20.488+0000] {processor.py:208} INFO - Processing /home/airflow/.local/lib/python3.12/site-packages/airflow/example_dags/example_branch_labels.py took 0.068 seconds
[2024-11-26T11:08:51.074+0000] {processor.py:186} INFO - Started process (PID=1334) to work on /home/airflow/.local/lib/python3.12/site-packages/airflow/example_dags/example_branch_labels.py
[2024-11-26T11:08:51.075+0000] {processor.py:914} INFO - Processing file /home/airflow/.local/lib/python3.12/site-packages/airflow/example_dags/example_branch_labels.py for tasks to queue
[2024-11-26T11:08:51.077+0000] {logging_mixin.py:190} INFO - [2024-11-26T11:08:51.077+0000] {dagbag.py:588} INFO - Filling up the DagBag from /home/airflow/.local/lib/python3.12/site-packages/airflow/example_dags/example_branch_labels.py
[2024-11-26T11:08:51.087+0000] {processor.py:925} INFO - DAG(s) 'example_branch_labels' retrieved from /home/airflow/.local/lib/python3.12/site-packages/airflow/example_dags/example_branch_labels.py
[2024-11-26T11:08:51.103+0000] {logging_mixin.py:190} INFO - [2024-11-26T11:08:51.102+0000] {dag.py:3239} INFO - Sync 1 DAGs
[2024-11-26T11:08:51.122+0000] {logging_mixin.py:190} INFO - [2024-11-26T11:08:51.122+0000] {dag.py:4180} INFO - Setting next_dagrun for example_branch_labels to 2024-11-25 00:00:00+00:00, run_after=2024-11-26 00:00:00+00:00
[2024-11-26T11:08:51.140+0000] {processor.py:208} INFO - Processing /home/airflow/.local/lib/python3.12/site-packages/airflow/example_dags/example_branch_labels.py took 0.071 seconds
[2024-11-26T11:09:21.555+0000] {processor.py:186} INFO - Started process (PID=1397) to work on /home/airflow/.local/lib/python3.12/site-packages/airflow/example_dags/example_branch_labels.py
[2024-11-26T11:09:21.558+0000] {processor.py:914} INFO - Processing file /home/airflow/.local/lib/python3.12/site-packages/airflow/example_dags/example_branch_labels.py for tasks to queue
[2024-11-26T11:09:21.561+0000] {logging_mixin.py:190} INFO - [2024-11-26T11:09:21.561+0000] {dagbag.py:588} INFO - Filling up the DagBag from /home/airflow/.local/lib/python3.12/site-packages/airflow/example_dags/example_branch_labels.py
[2024-11-26T11:09:21.573+0000] {processor.py:925} INFO - DAG(s) 'example_branch_labels' retrieved from /home/airflow/.local/lib/python3.12/site-packages/airflow/example_dags/example_branch_labels.py
[2024-11-26T11:09:21.588+0000] {logging_mixin.py:190} INFO - [2024-11-26T11:09:21.588+0000] {dag.py:3239} INFO - Sync 1 DAGs
[2024-11-26T11:09:21.603+0000] {logging_mixin.py:190} INFO - [2024-11-26T11:09:21.603+0000] {dag.py:4180} INFO - Setting next_dagrun for example_branch_labels to 2024-11-25 00:00:00+00:00, run_after=2024-11-26 00:00:00+00:00
[2024-11-26T11:09:21.617+0000] {processor.py:208} INFO - Processing /home/airflow/.local/lib/python3.12/site-packages/airflow/example_dags/example_branch_labels.py took 0.068 seconds
[2024-11-26T11:09:52.028+0000] {processor.py:186} INFO - Started process (PID=1460) to work on /home/airflow/.local/lib/python3.12/site-packages/airflow/example_dags/example_branch_labels.py
[2024-11-26T11:09:52.029+0000] {processor.py:914} INFO - Processing file /home/airflow/.local/lib/python3.12/site-packages/airflow/example_dags/example_branch_labels.py for tasks to queue
[2024-11-26T11:09:52.032+0000] {logging_mixin.py:190} INFO - [2024-11-26T11:09:52.031+0000] {dagbag.py:588} INFO - Filling up the DagBag from /home/airflow/.local/lib/python3.12/site-packages/airflow/example_dags/example_branch_labels.py
[2024-11-26T11:09:52.041+0000] {processor.py:925} INFO - DAG(s) 'example_branch_labels' retrieved from /home/airflow/.local/lib/python3.12/site-packages/airflow/example_dags/example_branch_labels.py
[2024-11-26T11:09:52.060+0000] {logging_mixin.py:190} INFO - [2024-11-26T11:09:52.060+0000] {dag.py:3239} INFO - Sync 1 DAGs
[2024-11-26T11:09:52.076+0000] {logging_mixin.py:190} INFO - [2024-11-26T11:09:52.076+0000] {dag.py:4180} INFO - Setting next_dagrun for example_branch_labels to 2024-11-25 00:00:00+00:00, run_after=2024-11-26 00:00:00+00:00
[2024-11-26T11:09:52.092+0000] {processor.py:208} INFO - Processing /home/airflow/.local/lib/python3.12/site-packages/airflow/example_dags/example_branch_labels.py took 0.069 seconds
[2024-11-26T11:10:22.752+0000] {processor.py:186} INFO - Started process (PID=1523) to work on /home/airflow/.local/lib/python3.12/site-packages/airflow/example_dags/example_branch_labels.py
[2024-11-26T11:10:22.753+0000] {processor.py:914} INFO - Processing file /home/airflow/.local/lib/python3.12/site-packages/airflow/example_dags/example_branch_labels.py for tasks to queue
[2024-11-26T11:10:22.758+0000] {logging_mixin.py:190} INFO - [2024-11-26T11:10:22.758+0000] {dagbag.py:588} INFO - Filling up the DagBag from /home/airflow/.local/lib/python3.12/site-packages/airflow/example_dags/example_branch_labels.py
[2024-11-26T11:10:22.767+0000] {processor.py:925} INFO - DAG(s) 'example_branch_labels' retrieved from /home/airflow/.local/lib/python3.12/site-packages/airflow/example_dags/example_branch_labels.py
[2024-11-26T11:10:22.789+0000] {logging_mixin.py:190} INFO - [2024-11-26T11:10:22.788+0000] {dag.py:3239} INFO - Sync 1 DAGs
[2024-11-26T11:10:22.805+0000] {logging_mixin.py:190} INFO - [2024-11-26T11:10:22.805+0000] {dag.py:4180} INFO - Setting next_dagrun for example_branch_labels to 2024-11-25 00:00:00+00:00, run_after=2024-11-26 00:00:00+00:00
[2024-11-26T11:10:23.094+0000] {processor.py:208} INFO - Processing /home/airflow/.local/lib/python3.12/site-packages/airflow/example_dags/example_branch_labels.py took 0.347 seconds
[2024-11-26T11:10:53.129+0000] {processor.py:186} INFO - Started process (PID=1586) to work on /home/airflow/.local/lib/python3.12/site-packages/airflow/example_dags/example_branch_labels.py
[2024-11-26T11:10:53.130+0000] {processor.py:914} INFO - Processing file /home/airflow/.local/lib/python3.12/site-packages/airflow/example_dags/example_branch_labels.py for tasks to queue
[2024-11-26T11:10:53.133+0000] {logging_mixin.py:190} INFO - [2024-11-26T11:10:53.132+0000] {dagbag.py:588} INFO - Filling up the DagBag from /home/airflow/.local/lib/python3.12/site-packages/airflow/example_dags/example_branch_labels.py
[2024-11-26T11:10:53.147+0000] {processor.py:925} INFO - DAG(s) 'example_branch_labels' retrieved from /home/airflow/.local/lib/python3.12/site-packages/airflow/example_dags/example_branch_labels.py
[2024-11-26T11:10:53.162+0000] {logging_mixin.py:190} INFO - [2024-11-26T11:10:53.162+0000] {dag.py:3239} INFO - Sync 1 DAGs
[2024-11-26T11:10:53.182+0000] {logging_mixin.py:190} INFO - [2024-11-26T11:10:53.182+0000] {dag.py:4180} INFO - Setting next_dagrun for example_branch_labels to 2024-11-25 00:00:00+00:00, run_after=2024-11-26 00:00:00+00:00
[2024-11-26T11:10:53.199+0000] {processor.py:208} INFO - Processing /home/airflow/.local/lib/python3.12/site-packages/airflow/example_dags/example_branch_labels.py took 0.077 seconds
[2024-11-26T11:11:23.552+0000] {processor.py:186} INFO - Started process (PID=1649) to work on /home/airflow/.local/lib/python3.12/site-packages/airflow/example_dags/example_branch_labels.py
[2024-11-26T11:11:23.554+0000] {processor.py:914} INFO - Processing file /home/airflow/.local/lib/python3.12/site-packages/airflow/example_dags/example_branch_labels.py for tasks to queue
[2024-11-26T11:11:23.557+0000] {logging_mixin.py:190} INFO - [2024-11-26T11:11:23.557+0000] {dagbag.py:588} INFO - Filling up the DagBag from /home/airflow/.local/lib/python3.12/site-packages/airflow/example_dags/example_branch_labels.py
[2024-11-26T11:11:23.568+0000] {processor.py:925} INFO - DAG(s) 'example_branch_labels' retrieved from /home/airflow/.local/lib/python3.12/site-packages/airflow/example_dags/example_branch_labels.py
[2024-11-26T11:11:23.590+0000] {logging_mixin.py:190} INFO - [2024-11-26T11:11:23.589+0000] {dag.py:3239} INFO - Sync 1 DAGs
[2024-11-26T11:11:23.613+0000] {logging_mixin.py:190} INFO - [2024-11-26T11:11:23.613+0000] {dag.py:4180} INFO - Setting next_dagrun for example_branch_labels to 2024-11-25 00:00:00+00:00, run_after=2024-11-26 00:00:00+00:00
[2024-11-26T11:11:23.630+0000] {processor.py:208} INFO - Processing /home/airflow/.local/lib/python3.12/site-packages/airflow/example_dags/example_branch_labels.py took 0.082 seconds
