[2024-11-26T10:58:40.790+0000] {processor.py:186} INFO - Started process (PID=76) to work on /home/airflow/.local/lib/python3.12/site-packages/airflow/example_dags/example_setup_teardown_taskflow.py
[2024-11-26T10:58:40.791+0000] {processor.py:914} INFO - Processing file /home/airflow/.local/lib/python3.12/site-packages/airflow/example_dags/example_setup_teardown_taskflow.py for tasks to queue
[2024-11-26T10:58:40.793+0000] {logging_mixin.py:190} INFO - [2024-11-26T10:58:40.793+0000] {dagbag.py:588} INFO - Filling up the DagBag from /home/airflow/.local/lib/python3.12/site-packages/airflow/example_dags/example_setup_teardown_taskflow.py
[2024-11-26T10:58:40.805+0000] {processor.py:925} INFO - DAG(s) 'example_setup_teardown_taskflow' retrieved from /home/airflow/.local/lib/python3.12/site-packages/airflow/example_dags/example_setup_teardown_taskflow.py
[2024-11-26T10:58:40.909+0000] {logging_mixin.py:190} INFO - [2024-11-26T10:58:40.909+0000] {override.py:1911} INFO - Created Permission View: can delete on DAG:example_setup_teardown_taskflow
[2024-11-26T10:58:40.919+0000] {logging_mixin.py:190} INFO - [2024-11-26T10:58:40.919+0000] {override.py:1911} INFO - Created Permission View: can read on DAG:example_setup_teardown_taskflow
[2024-11-26T10:58:40.927+0000] {logging_mixin.py:190} INFO - [2024-11-26T10:58:40.927+0000] {override.py:1911} INFO - Created Permission View: can edit on DAG:example_setup_teardown_taskflow
[2024-11-26T10:58:40.936+0000] {logging_mixin.py:190} INFO - [2024-11-26T10:58:40.936+0000] {override.py:1911} INFO - Created Permission View: can create on DAG Run:example_setup_teardown_taskflow
[2024-11-26T10:58:40.944+0000] {logging_mixin.py:190} INFO - [2024-11-26T10:58:40.943+0000] {override.py:1911} INFO - Created Permission View: can read on DAG Run:example_setup_teardown_taskflow
[2024-11-26T10:58:40.952+0000] {logging_mixin.py:190} INFO - [2024-11-26T10:58:40.952+0000] {override.py:1911} INFO - Created Permission View: menu access on DAG Run:example_setup_teardown_taskflow
[2024-11-26T10:58:40.959+0000] {logging_mixin.py:190} INFO - [2024-11-26T10:58:40.959+0000] {override.py:1911} INFO - Created Permission View: can delete on DAG Run:example_setup_teardown_taskflow
[2024-11-26T10:58:40.960+0000] {logging_mixin.py:190} INFO - [2024-11-26T10:58:40.960+0000] {dag.py:3239} INFO - Sync 1 DAGs
[2024-11-26T10:58:40.971+0000] {logging_mixin.py:190} INFO - [2024-11-26T10:58:40.971+0000] {dag.py:3262} INFO - Creating ORM DAG for example_setup_teardown_taskflow
[2024-11-26T10:58:40.972+0000] {logging_mixin.py:190} INFO - [2024-11-26T10:58:40.972+0000] {dag.py:4180} INFO - Setting next_dagrun for example_setup_teardown_taskflow to None, run_after=None
[2024-11-26T10:58:40.988+0000] {processor.py:208} INFO - Processing /home/airflow/.local/lib/python3.12/site-packages/airflow/example_dags/example_setup_teardown_taskflow.py took 0.203 seconds
[2024-11-26T10:59:11.817+0000] {processor.py:186} INFO - Started process (PID=145) to work on /home/airflow/.local/lib/python3.12/site-packages/airflow/example_dags/example_setup_teardown_taskflow.py
[2024-11-26T10:59:11.818+0000] {processor.py:914} INFO - Processing file /home/airflow/.local/lib/python3.12/site-packages/airflow/example_dags/example_setup_teardown_taskflow.py for tasks to queue
[2024-11-26T10:59:11.820+0000] {logging_mixin.py:190} INFO - [2024-11-26T10:59:11.820+0000] {dagbag.py:588} INFO - Filling up the DagBag from /home/airflow/.local/lib/python3.12/site-packages/airflow/example_dags/example_setup_teardown_taskflow.py
[2024-11-26T10:59:11.828+0000] {processor.py:925} INFO - DAG(s) 'example_setup_teardown_taskflow' retrieved from /home/airflow/.local/lib/python3.12/site-packages/airflow/example_dags/example_setup_teardown_taskflow.py
[2024-11-26T10:59:11.846+0000] {logging_mixin.py:190} INFO - [2024-11-26T10:59:11.845+0000] {dag.py:3239} INFO - Sync 1 DAGs
[2024-11-26T10:59:11.856+0000] {logging_mixin.py:190} INFO - [2024-11-26T10:59:11.856+0000] {dag.py:4180} INFO - Setting next_dagrun for example_setup_teardown_taskflow to None, run_after=None
[2024-11-26T10:59:11.875+0000] {processor.py:208} INFO - Processing /home/airflow/.local/lib/python3.12/site-packages/airflow/example_dags/example_setup_teardown_taskflow.py took 0.062 seconds
[2024-11-26T10:59:41.898+0000] {processor.py:186} INFO - Started process (PID=207) to work on /home/airflow/.local/lib/python3.12/site-packages/airflow/example_dags/example_setup_teardown_taskflow.py
[2024-11-26T10:59:41.899+0000] {processor.py:914} INFO - Processing file /home/airflow/.local/lib/python3.12/site-packages/airflow/example_dags/example_setup_teardown_taskflow.py for tasks to queue
[2024-11-26T10:59:41.901+0000] {logging_mixin.py:190} INFO - [2024-11-26T10:59:41.901+0000] {dagbag.py:588} INFO - Filling up the DagBag from /home/airflow/.local/lib/python3.12/site-packages/airflow/example_dags/example_setup_teardown_taskflow.py
[2024-11-26T10:59:41.909+0000] {processor.py:925} INFO - DAG(s) 'example_setup_teardown_taskflow' retrieved from /home/airflow/.local/lib/python3.12/site-packages/airflow/example_dags/example_setup_teardown_taskflow.py
[2024-11-26T10:59:41.923+0000] {logging_mixin.py:190} INFO - [2024-11-26T10:59:41.922+0000] {dag.py:3239} INFO - Sync 1 DAGs
[2024-11-26T10:59:41.931+0000] {logging_mixin.py:190} INFO - [2024-11-26T10:59:41.931+0000] {dag.py:4180} INFO - Setting next_dagrun for example_setup_teardown_taskflow to None, run_after=None
[2024-11-26T10:59:41.944+0000] {processor.py:208} INFO - Processing /home/airflow/.local/lib/python3.12/site-packages/airflow/example_dags/example_setup_teardown_taskflow.py took 0.051 seconds
[2024-11-26T11:00:12.742+0000] {processor.py:186} INFO - Started process (PID=270) to work on /home/airflow/.local/lib/python3.12/site-packages/airflow/example_dags/example_setup_teardown_taskflow.py
[2024-11-26T11:00:12.743+0000] {processor.py:914} INFO - Processing file /home/airflow/.local/lib/python3.12/site-packages/airflow/example_dags/example_setup_teardown_taskflow.py for tasks to queue
[2024-11-26T11:00:12.747+0000] {logging_mixin.py:190} INFO - [2024-11-26T11:00:12.746+0000] {dagbag.py:588} INFO - Filling up the DagBag from /home/airflow/.local/lib/python3.12/site-packages/airflow/example_dags/example_setup_teardown_taskflow.py
[2024-11-26T11:00:12.756+0000] {processor.py:925} INFO - DAG(s) 'example_setup_teardown_taskflow' retrieved from /home/airflow/.local/lib/python3.12/site-packages/airflow/example_dags/example_setup_teardown_taskflow.py
[2024-11-26T11:00:12.777+0000] {logging_mixin.py:190} INFO - [2024-11-26T11:00:12.777+0000] {dag.py:3239} INFO - Sync 1 DAGs
[2024-11-26T11:00:12.790+0000] {logging_mixin.py:190} INFO - [2024-11-26T11:00:12.790+0000] {dag.py:4180} INFO - Setting next_dagrun for example_setup_teardown_taskflow to None, run_after=None
[2024-11-26T11:00:12.811+0000] {processor.py:208} INFO - Processing /home/airflow/.local/lib/python3.12/site-packages/airflow/example_dags/example_setup_teardown_taskflow.py took 0.077 seconds
[2024-11-26T11:00:43.165+0000] {processor.py:186} INFO - Started process (PID=332) to work on /home/airflow/.local/lib/python3.12/site-packages/airflow/example_dags/example_setup_teardown_taskflow.py
[2024-11-26T11:00:43.166+0000] {processor.py:914} INFO - Processing file /home/airflow/.local/lib/python3.12/site-packages/airflow/example_dags/example_setup_teardown_taskflow.py for tasks to queue
[2024-11-26T11:00:43.168+0000] {logging_mixin.py:190} INFO - [2024-11-26T11:00:43.168+0000] {dagbag.py:588} INFO - Filling up the DagBag from /home/airflow/.local/lib/python3.12/site-packages/airflow/example_dags/example_setup_teardown_taskflow.py
[2024-11-26T11:00:43.176+0000] {processor.py:925} INFO - DAG(s) 'example_setup_teardown_taskflow' retrieved from /home/airflow/.local/lib/python3.12/site-packages/airflow/example_dags/example_setup_teardown_taskflow.py
[2024-11-26T11:00:43.195+0000] {logging_mixin.py:190} INFO - [2024-11-26T11:00:43.195+0000] {dag.py:3239} INFO - Sync 1 DAGs
[2024-11-26T11:00:43.204+0000] {logging_mixin.py:190} INFO - [2024-11-26T11:00:43.204+0000] {dag.py:4180} INFO - Setting next_dagrun for example_setup_teardown_taskflow to None, run_after=None
[2024-11-26T11:00:43.224+0000] {processor.py:208} INFO - Processing /home/airflow/.local/lib/python3.12/site-packages/airflow/example_dags/example_setup_teardown_taskflow.py took 0.064 seconds
[2024-11-26T11:01:14.106+0000] {processor.py:186} INFO - Started process (PID=394) to work on /home/airflow/.local/lib/python3.12/site-packages/airflow/example_dags/example_setup_teardown_taskflow.py
[2024-11-26T11:01:14.107+0000] {processor.py:914} INFO - Processing file /home/airflow/.local/lib/python3.12/site-packages/airflow/example_dags/example_setup_teardown_taskflow.py for tasks to queue
[2024-11-26T11:01:14.110+0000] {logging_mixin.py:190} INFO - [2024-11-26T11:01:14.110+0000] {dagbag.py:588} INFO - Filling up the DagBag from /home/airflow/.local/lib/python3.12/site-packages/airflow/example_dags/example_setup_teardown_taskflow.py
[2024-11-26T11:01:14.118+0000] {processor.py:925} INFO - DAG(s) 'example_setup_teardown_taskflow' retrieved from /home/airflow/.local/lib/python3.12/site-packages/airflow/example_dags/example_setup_teardown_taskflow.py
[2024-11-26T11:01:14.136+0000] {logging_mixin.py:190} INFO - [2024-11-26T11:01:14.136+0000] {dag.py:3239} INFO - Sync 1 DAGs
[2024-11-26T11:01:14.148+0000] {logging_mixin.py:190} INFO - [2024-11-26T11:01:14.148+0000] {dag.py:4180} INFO - Setting next_dagrun for example_setup_teardown_taskflow to None, run_after=None
[2024-11-26T11:01:14.164+0000] {processor.py:208} INFO - Processing /home/airflow/.local/lib/python3.12/site-packages/airflow/example_dags/example_setup_teardown_taskflow.py took 0.065 seconds
[2024-11-26T11:01:45.023+0000] {processor.py:186} INFO - Started process (PID=457) to work on /home/airflow/.local/lib/python3.12/site-packages/airflow/example_dags/example_setup_teardown_taskflow.py
[2024-11-26T11:01:45.026+0000] {processor.py:914} INFO - Processing file /home/airflow/.local/lib/python3.12/site-packages/airflow/example_dags/example_setup_teardown_taskflow.py for tasks to queue
[2024-11-26T11:01:45.029+0000] {logging_mixin.py:190} INFO - [2024-11-26T11:01:45.028+0000] {dagbag.py:588} INFO - Filling up the DagBag from /home/airflow/.local/lib/python3.12/site-packages/airflow/example_dags/example_setup_teardown_taskflow.py
[2024-11-26T11:01:45.038+0000] {processor.py:925} INFO - DAG(s) 'example_setup_teardown_taskflow' retrieved from /home/airflow/.local/lib/python3.12/site-packages/airflow/example_dags/example_setup_teardown_taskflow.py
[2024-11-26T11:01:45.057+0000] {logging_mixin.py:190} INFO - [2024-11-26T11:01:45.057+0000] {dag.py:3239} INFO - Sync 1 DAGs
[2024-11-26T11:01:45.069+0000] {logging_mixin.py:190} INFO - [2024-11-26T11:01:45.068+0000] {dag.py:4180} INFO - Setting next_dagrun for example_setup_teardown_taskflow to None, run_after=None
[2024-11-26T11:01:45.087+0000] {processor.py:208} INFO - Processing /home/airflow/.local/lib/python3.12/site-packages/airflow/example_dags/example_setup_teardown_taskflow.py took 0.068 seconds
[2024-11-26T11:02:15.750+0000] {processor.py:186} INFO - Started process (PID=520) to work on /home/airflow/.local/lib/python3.12/site-packages/airflow/example_dags/example_setup_teardown_taskflow.py
[2024-11-26T11:02:15.751+0000] {processor.py:914} INFO - Processing file /home/airflow/.local/lib/python3.12/site-packages/airflow/example_dags/example_setup_teardown_taskflow.py for tasks to queue
[2024-11-26T11:02:15.754+0000] {logging_mixin.py:190} INFO - [2024-11-26T11:02:15.754+0000] {dagbag.py:588} INFO - Filling up the DagBag from /home/airflow/.local/lib/python3.12/site-packages/airflow/example_dags/example_setup_teardown_taskflow.py
[2024-11-26T11:02:15.764+0000] {processor.py:925} INFO - DAG(s) 'example_setup_teardown_taskflow' retrieved from /home/airflow/.local/lib/python3.12/site-packages/airflow/example_dags/example_setup_teardown_taskflow.py
[2024-11-26T11:02:15.781+0000] {logging_mixin.py:190} INFO - [2024-11-26T11:02:15.781+0000] {dag.py:3239} INFO - Sync 1 DAGs
[2024-11-26T11:02:15.790+0000] {logging_mixin.py:190} INFO - [2024-11-26T11:02:15.790+0000] {dag.py:4180} INFO - Setting next_dagrun for example_setup_teardown_taskflow to None, run_after=None
[2024-11-26T11:02:15.807+0000] {processor.py:208} INFO - Processing /home/airflow/.local/lib/python3.12/site-packages/airflow/example_dags/example_setup_teardown_taskflow.py took 0.062 seconds
[2024-11-26T11:02:46.466+0000] {processor.py:186} INFO - Started process (PID=583) to work on /home/airflow/.local/lib/python3.12/site-packages/airflow/example_dags/example_setup_teardown_taskflow.py
[2024-11-26T11:02:46.467+0000] {processor.py:914} INFO - Processing file /home/airflow/.local/lib/python3.12/site-packages/airflow/example_dags/example_setup_teardown_taskflow.py for tasks to queue
[2024-11-26T11:02:46.469+0000] {logging_mixin.py:190} INFO - [2024-11-26T11:02:46.469+0000] {dagbag.py:588} INFO - Filling up the DagBag from /home/airflow/.local/lib/python3.12/site-packages/airflow/example_dags/example_setup_teardown_taskflow.py
[2024-11-26T11:02:46.476+0000] {processor.py:925} INFO - DAG(s) 'example_setup_teardown_taskflow' retrieved from /home/airflow/.local/lib/python3.12/site-packages/airflow/example_dags/example_setup_teardown_taskflow.py
[2024-11-26T11:02:46.493+0000] {logging_mixin.py:190} INFO - [2024-11-26T11:02:46.493+0000] {dag.py:3239} INFO - Sync 1 DAGs
[2024-11-26T11:02:46.503+0000] {logging_mixin.py:190} INFO - [2024-11-26T11:02:46.503+0000] {dag.py:4180} INFO - Setting next_dagrun for example_setup_teardown_taskflow to None, run_after=None
[2024-11-26T11:02:46.524+0000] {processor.py:208} INFO - Processing /home/airflow/.local/lib/python3.12/site-packages/airflow/example_dags/example_setup_teardown_taskflow.py took 0.063 seconds
[2024-11-26T11:03:17.123+0000] {processor.py:186} INFO - Started process (PID=646) to work on /home/airflow/.local/lib/python3.12/site-packages/airflow/example_dags/example_setup_teardown_taskflow.py
[2024-11-26T11:03:17.124+0000] {processor.py:914} INFO - Processing file /home/airflow/.local/lib/python3.12/site-packages/airflow/example_dags/example_setup_teardown_taskflow.py for tasks to queue
[2024-11-26T11:03:17.126+0000] {logging_mixin.py:190} INFO - [2024-11-26T11:03:17.126+0000] {dagbag.py:588} INFO - Filling up the DagBag from /home/airflow/.local/lib/python3.12/site-packages/airflow/example_dags/example_setup_teardown_taskflow.py
[2024-11-26T11:03:17.134+0000] {processor.py:925} INFO - DAG(s) 'example_setup_teardown_taskflow' retrieved from /home/airflow/.local/lib/python3.12/site-packages/airflow/example_dags/example_setup_teardown_taskflow.py
[2024-11-26T11:03:17.150+0000] {logging_mixin.py:190} INFO - [2024-11-26T11:03:17.150+0000] {dag.py:3239} INFO - Sync 1 DAGs
[2024-11-26T11:03:17.160+0000] {logging_mixin.py:190} INFO - [2024-11-26T11:03:17.160+0000] {dag.py:4180} INFO - Setting next_dagrun for example_setup_teardown_taskflow to None, run_after=None
[2024-11-26T11:03:17.174+0000] {processor.py:208} INFO - Processing /home/airflow/.local/lib/python3.12/site-packages/airflow/example_dags/example_setup_teardown_taskflow.py took 0.056 seconds
[2024-11-26T11:03:47.771+0000] {processor.py:186} INFO - Started process (PID=709) to work on /home/airflow/.local/lib/python3.12/site-packages/airflow/example_dags/example_setup_teardown_taskflow.py
[2024-11-26T11:03:47.772+0000] {processor.py:914} INFO - Processing file /home/airflow/.local/lib/python3.12/site-packages/airflow/example_dags/example_setup_teardown_taskflow.py for tasks to queue
[2024-11-26T11:03:47.776+0000] {logging_mixin.py:190} INFO - [2024-11-26T11:03:47.776+0000] {dagbag.py:588} INFO - Filling up the DagBag from /home/airflow/.local/lib/python3.12/site-packages/airflow/example_dags/example_setup_teardown_taskflow.py
[2024-11-26T11:03:47.784+0000] {processor.py:925} INFO - DAG(s) 'example_setup_teardown_taskflow' retrieved from /home/airflow/.local/lib/python3.12/site-packages/airflow/example_dags/example_setup_teardown_taskflow.py
[2024-11-26T11:03:47.803+0000] {logging_mixin.py:190} INFO - [2024-11-26T11:03:47.803+0000] {dag.py:3239} INFO - Sync 1 DAGs
[2024-11-26T11:03:47.816+0000] {logging_mixin.py:190} INFO - [2024-11-26T11:03:47.816+0000] {dag.py:4180} INFO - Setting next_dagrun for example_setup_teardown_taskflow to None, run_after=None
[2024-11-26T11:03:47.835+0000] {processor.py:208} INFO - Processing /home/airflow/.local/lib/python3.12/site-packages/airflow/example_dags/example_setup_teardown_taskflow.py took 0.070 seconds
[2024-11-26T11:04:18.549+0000] {processor.py:186} INFO - Started process (PID=772) to work on /home/airflow/.local/lib/python3.12/site-packages/airflow/example_dags/example_setup_teardown_taskflow.py
[2024-11-26T11:04:18.550+0000] {processor.py:914} INFO - Processing file /home/airflow/.local/lib/python3.12/site-packages/airflow/example_dags/example_setup_teardown_taskflow.py for tasks to queue
[2024-11-26T11:04:18.552+0000] {logging_mixin.py:190} INFO - [2024-11-26T11:04:18.551+0000] {dagbag.py:588} INFO - Filling up the DagBag from /home/airflow/.local/lib/python3.12/site-packages/airflow/example_dags/example_setup_teardown_taskflow.py
[2024-11-26T11:04:18.563+0000] {processor.py:925} INFO - DAG(s) 'example_setup_teardown_taskflow' retrieved from /home/airflow/.local/lib/python3.12/site-packages/airflow/example_dags/example_setup_teardown_taskflow.py
[2024-11-26T11:04:18.579+0000] {logging_mixin.py:190} INFO - [2024-11-26T11:04:18.579+0000] {dag.py:3239} INFO - Sync 1 DAGs
[2024-11-26T11:04:18.590+0000] {logging_mixin.py:190} INFO - [2024-11-26T11:04:18.590+0000] {dag.py:4180} INFO - Setting next_dagrun for example_setup_teardown_taskflow to None, run_after=None
[2024-11-26T11:04:18.616+0000] {processor.py:208} INFO - Processing /home/airflow/.local/lib/python3.12/site-packages/airflow/example_dags/example_setup_teardown_taskflow.py took 0.076 seconds
[2024-11-26T11:04:49.456+0000] {processor.py:186} INFO - Started process (PID=835) to work on /home/airflow/.local/lib/python3.12/site-packages/airflow/example_dags/example_setup_teardown_taskflow.py
[2024-11-26T11:04:49.457+0000] {processor.py:914} INFO - Processing file /home/airflow/.local/lib/python3.12/site-packages/airflow/example_dags/example_setup_teardown_taskflow.py for tasks to queue
[2024-11-26T11:04:49.460+0000] {logging_mixin.py:190} INFO - [2024-11-26T11:04:49.460+0000] {dagbag.py:588} INFO - Filling up the DagBag from /home/airflow/.local/lib/python3.12/site-packages/airflow/example_dags/example_setup_teardown_taskflow.py
[2024-11-26T11:04:49.476+0000] {processor.py:925} INFO - DAG(s) 'example_setup_teardown_taskflow' retrieved from /home/airflow/.local/lib/python3.12/site-packages/airflow/example_dags/example_setup_teardown_taskflow.py
[2024-11-26T11:04:49.505+0000] {logging_mixin.py:190} INFO - [2024-11-26T11:04:49.504+0000] {dag.py:3239} INFO - Sync 1 DAGs
[2024-11-26T11:04:49.517+0000] {logging_mixin.py:190} INFO - [2024-11-26T11:04:49.517+0000] {dag.py:4180} INFO - Setting next_dagrun for example_setup_teardown_taskflow to None, run_after=None
[2024-11-26T11:04:49.537+0000] {processor.py:208} INFO - Processing /home/airflow/.local/lib/python3.12/site-packages/airflow/example_dags/example_setup_teardown_taskflow.py took 0.087 seconds
[2024-11-26T11:05:19.890+0000] {processor.py:186} INFO - Started process (PID=897) to work on /home/airflow/.local/lib/python3.12/site-packages/airflow/example_dags/example_setup_teardown_taskflow.py
[2024-11-26T11:05:19.891+0000] {processor.py:914} INFO - Processing file /home/airflow/.local/lib/python3.12/site-packages/airflow/example_dags/example_setup_teardown_taskflow.py for tasks to queue
[2024-11-26T11:05:19.893+0000] {logging_mixin.py:190} INFO - [2024-11-26T11:05:19.893+0000] {dagbag.py:588} INFO - Filling up the DagBag from /home/airflow/.local/lib/python3.12/site-packages/airflow/example_dags/example_setup_teardown_taskflow.py
[2024-11-26T11:05:19.901+0000] {processor.py:925} INFO - DAG(s) 'example_setup_teardown_taskflow' retrieved from /home/airflow/.local/lib/python3.12/site-packages/airflow/example_dags/example_setup_teardown_taskflow.py
[2024-11-26T11:05:19.918+0000] {logging_mixin.py:190} INFO - [2024-11-26T11:05:19.917+0000] {dag.py:3239} INFO - Sync 1 DAGs
[2024-11-26T11:05:19.927+0000] {logging_mixin.py:190} INFO - [2024-11-26T11:05:19.926+0000] {dag.py:4180} INFO - Setting next_dagrun for example_setup_teardown_taskflow to None, run_after=None
[2024-11-26T11:05:19.943+0000] {processor.py:208} INFO - Processing /home/airflow/.local/lib/python3.12/site-packages/airflow/example_dags/example_setup_teardown_taskflow.py took 0.057 seconds
[2024-11-26T11:05:50.104+0000] {processor.py:186} INFO - Started process (PID=960) to work on /home/airflow/.local/lib/python3.12/site-packages/airflow/example_dags/example_setup_teardown_taskflow.py
[2024-11-26T11:05:50.105+0000] {processor.py:914} INFO - Processing file /home/airflow/.local/lib/python3.12/site-packages/airflow/example_dags/example_setup_teardown_taskflow.py for tasks to queue
[2024-11-26T11:05:50.107+0000] {logging_mixin.py:190} INFO - [2024-11-26T11:05:50.107+0000] {dagbag.py:588} INFO - Filling up the DagBag from /home/airflow/.local/lib/python3.12/site-packages/airflow/example_dags/example_setup_teardown_taskflow.py
[2024-11-26T11:05:50.116+0000] {processor.py:925} INFO - DAG(s) 'example_setup_teardown_taskflow' retrieved from /home/airflow/.local/lib/python3.12/site-packages/airflow/example_dags/example_setup_teardown_taskflow.py
[2024-11-26T11:05:50.132+0000] {logging_mixin.py:190} INFO - [2024-11-26T11:05:50.132+0000] {dag.py:3239} INFO - Sync 1 DAGs
[2024-11-26T11:05:50.141+0000] {logging_mixin.py:190} INFO - [2024-11-26T11:05:50.141+0000] {dag.py:4180} INFO - Setting next_dagrun for example_setup_teardown_taskflow to None, run_after=None
[2024-11-26T11:05:50.157+0000] {processor.py:208} INFO - Processing /home/airflow/.local/lib/python3.12/site-packages/airflow/example_dags/example_setup_teardown_taskflow.py took 0.060 seconds
[2024-11-26T11:06:20.595+0000] {processor.py:186} INFO - Started process (PID=1023) to work on /home/airflow/.local/lib/python3.12/site-packages/airflow/example_dags/example_setup_teardown_taskflow.py
[2024-11-26T11:06:20.596+0000] {processor.py:914} INFO - Processing file /home/airflow/.local/lib/python3.12/site-packages/airflow/example_dags/example_setup_teardown_taskflow.py for tasks to queue
[2024-11-26T11:06:20.599+0000] {logging_mixin.py:190} INFO - [2024-11-26T11:06:20.599+0000] {dagbag.py:588} INFO - Filling up the DagBag from /home/airflow/.local/lib/python3.12/site-packages/airflow/example_dags/example_setup_teardown_taskflow.py
[2024-11-26T11:06:20.609+0000] {processor.py:925} INFO - DAG(s) 'example_setup_teardown_taskflow' retrieved from /home/airflow/.local/lib/python3.12/site-packages/airflow/example_dags/example_setup_teardown_taskflow.py
[2024-11-26T11:06:20.625+0000] {logging_mixin.py:190} INFO - [2024-11-26T11:06:20.625+0000] {dag.py:3239} INFO - Sync 1 DAGs
[2024-11-26T11:06:20.634+0000] {logging_mixin.py:190} INFO - [2024-11-26T11:06:20.634+0000] {dag.py:4180} INFO - Setting next_dagrun for example_setup_teardown_taskflow to None, run_after=None
[2024-11-26T11:06:20.648+0000] {processor.py:208} INFO - Processing /home/airflow/.local/lib/python3.12/site-packages/airflow/example_dags/example_setup_teardown_taskflow.py took 0.056 seconds
[2024-11-26T11:06:50.831+0000] {processor.py:186} INFO - Started process (PID=1086) to work on /home/airflow/.local/lib/python3.12/site-packages/airflow/example_dags/example_setup_teardown_taskflow.py
[2024-11-26T11:06:50.832+0000] {processor.py:914} INFO - Processing file /home/airflow/.local/lib/python3.12/site-packages/airflow/example_dags/example_setup_teardown_taskflow.py for tasks to queue
[2024-11-26T11:06:50.835+0000] {logging_mixin.py:190} INFO - [2024-11-26T11:06:50.835+0000] {dagbag.py:588} INFO - Filling up the DagBag from /home/airflow/.local/lib/python3.12/site-packages/airflow/example_dags/example_setup_teardown_taskflow.py
[2024-11-26T11:06:50.843+0000] {processor.py:925} INFO - DAG(s) 'example_setup_teardown_taskflow' retrieved from /home/airflow/.local/lib/python3.12/site-packages/airflow/example_dags/example_setup_teardown_taskflow.py
[2024-11-26T11:06:50.862+0000] {logging_mixin.py:190} INFO - [2024-11-26T11:06:50.862+0000] {dag.py:3239} INFO - Sync 1 DAGs
[2024-11-26T11:06:50.871+0000] {logging_mixin.py:190} INFO - [2024-11-26T11:06:50.871+0000] {dag.py:4180} INFO - Setting next_dagrun for example_setup_teardown_taskflow to None, run_after=None
[2024-11-26T11:06:50.890+0000] {processor.py:208} INFO - Processing /home/airflow/.local/lib/python3.12/site-packages/airflow/example_dags/example_setup_teardown_taskflow.py took 0.064 seconds
[2024-11-26T11:07:20.963+0000] {processor.py:186} INFO - Started process (PID=1149) to work on /home/airflow/.local/lib/python3.12/site-packages/airflow/example_dags/example_setup_teardown_taskflow.py
[2024-11-26T11:07:20.964+0000] {processor.py:914} INFO - Processing file /home/airflow/.local/lib/python3.12/site-packages/airflow/example_dags/example_setup_teardown_taskflow.py for tasks to queue
[2024-11-26T11:07:20.966+0000] {logging_mixin.py:190} INFO - [2024-11-26T11:07:20.966+0000] {dagbag.py:588} INFO - Filling up the DagBag from /home/airflow/.local/lib/python3.12/site-packages/airflow/example_dags/example_setup_teardown_taskflow.py
[2024-11-26T11:07:20.975+0000] {processor.py:925} INFO - DAG(s) 'example_setup_teardown_taskflow' retrieved from /home/airflow/.local/lib/python3.12/site-packages/airflow/example_dags/example_setup_teardown_taskflow.py
[2024-11-26T11:07:20.990+0000] {logging_mixin.py:190} INFO - [2024-11-26T11:07:20.989+0000] {dag.py:3239} INFO - Sync 1 DAGs
[2024-11-26T11:07:21.000+0000] {logging_mixin.py:190} INFO - [2024-11-26T11:07:21.000+0000] {dag.py:4180} INFO - Setting next_dagrun for example_setup_teardown_taskflow to None, run_after=None
[2024-11-26T11:07:21.020+0000] {processor.py:208} INFO - Processing /home/airflow/.local/lib/python3.12/site-packages/airflow/example_dags/example_setup_teardown_taskflow.py took 0.063 seconds
[2024-11-26T11:07:51.129+0000] {processor.py:186} INFO - Started process (PID=1212) to work on /home/airflow/.local/lib/python3.12/site-packages/airflow/example_dags/example_setup_teardown_taskflow.py
[2024-11-26T11:07:51.129+0000] {processor.py:914} INFO - Processing file /home/airflow/.local/lib/python3.12/site-packages/airflow/example_dags/example_setup_teardown_taskflow.py for tasks to queue
[2024-11-26T11:07:51.131+0000] {logging_mixin.py:190} INFO - [2024-11-26T11:07:51.131+0000] {dagbag.py:588} INFO - Filling up the DagBag from /home/airflow/.local/lib/python3.12/site-packages/airflow/example_dags/example_setup_teardown_taskflow.py
[2024-11-26T11:07:51.139+0000] {processor.py:925} INFO - DAG(s) 'example_setup_teardown_taskflow' retrieved from /home/airflow/.local/lib/python3.12/site-packages/airflow/example_dags/example_setup_teardown_taskflow.py
[2024-11-26T11:07:51.153+0000] {logging_mixin.py:190} INFO - [2024-11-26T11:07:51.153+0000] {dag.py:3239} INFO - Sync 1 DAGs
[2024-11-26T11:07:51.163+0000] {logging_mixin.py:190} INFO - [2024-11-26T11:07:51.163+0000] {dag.py:4180} INFO - Setting next_dagrun for example_setup_teardown_taskflow to None, run_after=None
[2024-11-26T11:07:51.177+0000] {processor.py:208} INFO - Processing /home/airflow/.local/lib/python3.12/site-packages/airflow/example_dags/example_setup_teardown_taskflow.py took 0.053 seconds
[2024-11-26T11:08:21.592+0000] {processor.py:186} INFO - Started process (PID=1275) to work on /home/airflow/.local/lib/python3.12/site-packages/airflow/example_dags/example_setup_teardown_taskflow.py
[2024-11-26T11:08:21.593+0000] {processor.py:914} INFO - Processing file /home/airflow/.local/lib/python3.12/site-packages/airflow/example_dags/example_setup_teardown_taskflow.py for tasks to queue
[2024-11-26T11:08:21.595+0000] {logging_mixin.py:190} INFO - [2024-11-26T11:08:21.595+0000] {dagbag.py:588} INFO - Filling up the DagBag from /home/airflow/.local/lib/python3.12/site-packages/airflow/example_dags/example_setup_teardown_taskflow.py
[2024-11-26T11:08:21.603+0000] {processor.py:925} INFO - DAG(s) 'example_setup_teardown_taskflow' retrieved from /home/airflow/.local/lib/python3.12/site-packages/airflow/example_dags/example_setup_teardown_taskflow.py
[2024-11-26T11:08:21.618+0000] {logging_mixin.py:190} INFO - [2024-11-26T11:08:21.618+0000] {dag.py:3239} INFO - Sync 1 DAGs
[2024-11-26T11:08:21.628+0000] {logging_mixin.py:190} INFO - [2024-11-26T11:08:21.627+0000] {dag.py:4180} INFO - Setting next_dagrun for example_setup_teardown_taskflow to None, run_after=None
[2024-11-26T11:08:21.645+0000] {processor.py:208} INFO - Processing /home/airflow/.local/lib/python3.12/site-packages/airflow/example_dags/example_setup_teardown_taskflow.py took 0.057 seconds
[2024-11-26T11:08:52.269+0000] {processor.py:186} INFO - Started process (PID=1338) to work on /home/airflow/.local/lib/python3.12/site-packages/airflow/example_dags/example_setup_teardown_taskflow.py
[2024-11-26T11:08:52.270+0000] {processor.py:914} INFO - Processing file /home/airflow/.local/lib/python3.12/site-packages/airflow/example_dags/example_setup_teardown_taskflow.py for tasks to queue
[2024-11-26T11:08:52.272+0000] {logging_mixin.py:190} INFO - [2024-11-26T11:08:52.272+0000] {dagbag.py:588} INFO - Filling up the DagBag from /home/airflow/.local/lib/python3.12/site-packages/airflow/example_dags/example_setup_teardown_taskflow.py
[2024-11-26T11:08:52.280+0000] {processor.py:925} INFO - DAG(s) 'example_setup_teardown_taskflow' retrieved from /home/airflow/.local/lib/python3.12/site-packages/airflow/example_dags/example_setup_teardown_taskflow.py
[2024-11-26T11:08:52.297+0000] {logging_mixin.py:190} INFO - [2024-11-26T11:08:52.297+0000] {dag.py:3239} INFO - Sync 1 DAGs
[2024-11-26T11:08:52.309+0000] {logging_mixin.py:190} INFO - [2024-11-26T11:08:52.309+0000] {dag.py:4180} INFO - Setting next_dagrun for example_setup_teardown_taskflow to None, run_after=None
[2024-11-26T11:08:52.329+0000] {processor.py:208} INFO - Processing /home/airflow/.local/lib/python3.12/site-packages/airflow/example_dags/example_setup_teardown_taskflow.py took 0.066 seconds
[2024-11-26T11:09:22.722+0000] {processor.py:186} INFO - Started process (PID=1401) to work on /home/airflow/.local/lib/python3.12/site-packages/airflow/example_dags/example_setup_teardown_taskflow.py
[2024-11-26T11:09:22.723+0000] {processor.py:914} INFO - Processing file /home/airflow/.local/lib/python3.12/site-packages/airflow/example_dags/example_setup_teardown_taskflow.py for tasks to queue
[2024-11-26T11:09:22.727+0000] {logging_mixin.py:190} INFO - [2024-11-26T11:09:22.727+0000] {dagbag.py:588} INFO - Filling up the DagBag from /home/airflow/.local/lib/python3.12/site-packages/airflow/example_dags/example_setup_teardown_taskflow.py
[2024-11-26T11:09:22.739+0000] {processor.py:925} INFO - DAG(s) 'example_setup_teardown_taskflow' retrieved from /home/airflow/.local/lib/python3.12/site-packages/airflow/example_dags/example_setup_teardown_taskflow.py
[2024-11-26T11:09:22.760+0000] {logging_mixin.py:190} INFO - [2024-11-26T11:09:22.760+0000] {dag.py:3239} INFO - Sync 1 DAGs
[2024-11-26T11:09:22.769+0000] {logging_mixin.py:190} INFO - [2024-11-26T11:09:22.769+0000] {dag.py:4180} INFO - Setting next_dagrun for example_setup_teardown_taskflow to None, run_after=None
[2024-11-26T11:09:22.787+0000] {processor.py:208} INFO - Processing /home/airflow/.local/lib/python3.12/site-packages/airflow/example_dags/example_setup_teardown_taskflow.py took 0.069 seconds
[2024-11-26T11:09:53.205+0000] {processor.py:186} INFO - Started process (PID=1464) to work on /home/airflow/.local/lib/python3.12/site-packages/airflow/example_dags/example_setup_teardown_taskflow.py
[2024-11-26T11:09:53.206+0000] {processor.py:914} INFO - Processing file /home/airflow/.local/lib/python3.12/site-packages/airflow/example_dags/example_setup_teardown_taskflow.py for tasks to queue
[2024-11-26T11:09:53.209+0000] {logging_mixin.py:190} INFO - [2024-11-26T11:09:53.209+0000] {dagbag.py:588} INFO - Filling up the DagBag from /home/airflow/.local/lib/python3.12/site-packages/airflow/example_dags/example_setup_teardown_taskflow.py
[2024-11-26T11:09:53.216+0000] {processor.py:925} INFO - DAG(s) 'example_setup_teardown_taskflow' retrieved from /home/airflow/.local/lib/python3.12/site-packages/airflow/example_dags/example_setup_teardown_taskflow.py
[2024-11-26T11:09:53.235+0000] {logging_mixin.py:190} INFO - [2024-11-26T11:09:53.235+0000] {dag.py:3239} INFO - Sync 1 DAGs
[2024-11-26T11:09:53.245+0000] {logging_mixin.py:190} INFO - [2024-11-26T11:09:53.245+0000] {dag.py:4180} INFO - Setting next_dagrun for example_setup_teardown_taskflow to None, run_after=None
[2024-11-26T11:09:53.262+0000] {processor.py:208} INFO - Processing /home/airflow/.local/lib/python3.12/site-packages/airflow/example_dags/example_setup_teardown_taskflow.py took 0.062 seconds
[2024-11-26T11:10:24.147+0000] {processor.py:186} INFO - Started process (PID=1527) to work on /home/airflow/.local/lib/python3.12/site-packages/airflow/example_dags/example_setup_teardown_taskflow.py
[2024-11-26T11:10:24.148+0000] {processor.py:914} INFO - Processing file /home/airflow/.local/lib/python3.12/site-packages/airflow/example_dags/example_setup_teardown_taskflow.py for tasks to queue
[2024-11-26T11:10:24.150+0000] {logging_mixin.py:190} INFO - [2024-11-26T11:10:24.150+0000] {dagbag.py:588} INFO - Filling up the DagBag from /home/airflow/.local/lib/python3.12/site-packages/airflow/example_dags/example_setup_teardown_taskflow.py
[2024-11-26T11:10:24.162+0000] {processor.py:925} INFO - DAG(s) 'example_setup_teardown_taskflow' retrieved from /home/airflow/.local/lib/python3.12/site-packages/airflow/example_dags/example_setup_teardown_taskflow.py
[2024-11-26T11:10:24.180+0000] {logging_mixin.py:190} INFO - [2024-11-26T11:10:24.180+0000] {dag.py:3239} INFO - Sync 1 DAGs
[2024-11-26T11:10:24.196+0000] {logging_mixin.py:190} INFO - [2024-11-26T11:10:24.196+0000] {dag.py:4180} INFO - Setting next_dagrun for example_setup_teardown_taskflow to None, run_after=None
[2024-11-26T11:10:24.217+0000] {processor.py:208} INFO - Processing /home/airflow/.local/lib/python3.12/site-packages/airflow/example_dags/example_setup_teardown_taskflow.py took 0.076 seconds
[2024-11-26T11:10:54.245+0000] {processor.py:186} INFO - Started process (PID=1590) to work on /home/airflow/.local/lib/python3.12/site-packages/airflow/example_dags/example_setup_teardown_taskflow.py
[2024-11-26T11:10:54.246+0000] {processor.py:914} INFO - Processing file /home/airflow/.local/lib/python3.12/site-packages/airflow/example_dags/example_setup_teardown_taskflow.py for tasks to queue
[2024-11-26T11:10:54.249+0000] {logging_mixin.py:190} INFO - [2024-11-26T11:10:54.248+0000] {dagbag.py:588} INFO - Filling up the DagBag from /home/airflow/.local/lib/python3.12/site-packages/airflow/example_dags/example_setup_teardown_taskflow.py
[2024-11-26T11:10:54.260+0000] {processor.py:925} INFO - DAG(s) 'example_setup_teardown_taskflow' retrieved from /home/airflow/.local/lib/python3.12/site-packages/airflow/example_dags/example_setup_teardown_taskflow.py
[2024-11-26T11:10:54.283+0000] {logging_mixin.py:190} INFO - [2024-11-26T11:10:54.283+0000] {dag.py:3239} INFO - Sync 1 DAGs
[2024-11-26T11:10:54.296+0000] {logging_mixin.py:190} INFO - [2024-11-26T11:10:54.296+0000] {dag.py:4180} INFO - Setting next_dagrun for example_setup_teardown_taskflow to None, run_after=None
[2024-11-26T11:10:54.320+0000] {processor.py:208} INFO - Processing /home/airflow/.local/lib/python3.12/site-packages/airflow/example_dags/example_setup_teardown_taskflow.py took 0.079 seconds
[2024-11-26T11:11:24.754+0000] {processor.py:186} INFO - Started process (PID=1653) to work on /home/airflow/.local/lib/python3.12/site-packages/airflow/example_dags/example_setup_teardown_taskflow.py
[2024-11-26T11:11:24.755+0000] {processor.py:914} INFO - Processing file /home/airflow/.local/lib/python3.12/site-packages/airflow/example_dags/example_setup_teardown_taskflow.py for tasks to queue
[2024-11-26T11:11:24.757+0000] {logging_mixin.py:190} INFO - [2024-11-26T11:11:24.757+0000] {dagbag.py:588} INFO - Filling up the DagBag from /home/airflow/.local/lib/python3.12/site-packages/airflow/example_dags/example_setup_teardown_taskflow.py
[2024-11-26T11:11:24.768+0000] {processor.py:925} INFO - DAG(s) 'example_setup_teardown_taskflow' retrieved from /home/airflow/.local/lib/python3.12/site-packages/airflow/example_dags/example_setup_teardown_taskflow.py
[2024-11-26T11:11:24.785+0000] {logging_mixin.py:190} INFO - [2024-11-26T11:11:24.785+0000] {dag.py:3239} INFO - Sync 1 DAGs
[2024-11-26T11:11:24.795+0000] {logging_mixin.py:190} INFO - [2024-11-26T11:11:24.795+0000] {dag.py:4180} INFO - Setting next_dagrun for example_setup_teardown_taskflow to None, run_after=None
[2024-11-26T11:11:24.813+0000] {processor.py:208} INFO - Processing /home/airflow/.local/lib/python3.12/site-packages/airflow/example_dags/example_setup_teardown_taskflow.py took 0.063 seconds
