[2024-11-26T10:58:43.584+0000] {processor.py:186} INFO - Started process (PID=104) to work on /home/airflow/.local/lib/python3.12/site-packages/airflow/example_dags/example_external_task_marker_dag.py
[2024-11-26T10:58:43.585+0000] {processor.py:914} INFO - Processing file /home/airflow/.local/lib/python3.12/site-packages/airflow/example_dags/example_external_task_marker_dag.py for tasks to queue
[2024-11-26T10:58:43.588+0000] {logging_mixin.py:190} INFO - [2024-11-26T10:58:43.587+0000] {dagbag.py:588} INFO - Filling up the DagBag from /home/airflow/.local/lib/python3.12/site-packages/airflow/example_dags/example_external_task_marker_dag.py
[2024-11-26T10:58:43.596+0000] {processor.py:925} INFO - DAG(s) 'example_external_task_marker_child', 'example_external_task_marker_parent' retrieved from /home/airflow/.local/lib/python3.12/site-packages/airflow/example_dags/example_external_task_marker_dag.py
[2024-11-26T10:58:43.683+0000] {logging_mixin.py:190} INFO - [2024-11-26T10:58:43.682+0000] {override.py:1911} INFO - Created Permission View: can delete on DAG:example_external_task_marker_child
[2024-11-26T10:58:43.693+0000] {logging_mixin.py:190} INFO - [2024-11-26T10:58:43.693+0000] {override.py:1911} INFO - Created Permission View: can read on DAG:example_external_task_marker_child
[2024-11-26T10:58:43.701+0000] {logging_mixin.py:190} INFO - [2024-11-26T10:58:43.700+0000] {override.py:1911} INFO - Created Permission View: can edit on DAG:example_external_task_marker_child
[2024-11-26T10:58:43.710+0000] {logging_mixin.py:190} INFO - [2024-11-26T10:58:43.710+0000] {override.py:1911} INFO - Created Permission View: can create on DAG Run:example_external_task_marker_child
[2024-11-26T10:58:43.718+0000] {logging_mixin.py:190} INFO - [2024-11-26T10:58:43.718+0000] {override.py:1911} INFO - Created Permission View: can read on DAG Run:example_external_task_marker_child
[2024-11-26T10:58:43.725+0000] {logging_mixin.py:190} INFO - [2024-11-26T10:58:43.725+0000] {override.py:1911} INFO - Created Permission View: menu access on DAG Run:example_external_task_marker_child
[2024-11-26T10:58:43.731+0000] {logging_mixin.py:190} INFO - [2024-11-26T10:58:43.731+0000] {override.py:1911} INFO - Created Permission View: can delete on DAG Run:example_external_task_marker_child
[2024-11-26T10:58:43.745+0000] {logging_mixin.py:190} INFO - [2024-11-26T10:58:43.744+0000] {override.py:1911} INFO - Created Permission View: can delete on DAG:example_external_task_marker_parent
[2024-11-26T10:58:43.750+0000] {logging_mixin.py:190} INFO - [2024-11-26T10:58:43.750+0000] {override.py:1911} INFO - Created Permission View: can read on DAG:example_external_task_marker_parent
[2024-11-26T10:58:43.756+0000] {logging_mixin.py:190} INFO - [2024-11-26T10:58:43.756+0000] {override.py:1911} INFO - Created Permission View: can edit on DAG:example_external_task_marker_parent
[2024-11-26T10:58:43.764+0000] {logging_mixin.py:190} INFO - [2024-11-26T10:58:43.763+0000] {override.py:1911} INFO - Created Permission View: can create on DAG Run:example_external_task_marker_parent
[2024-11-26T10:58:43.770+0000] {logging_mixin.py:190} INFO - [2024-11-26T10:58:43.770+0000] {override.py:1911} INFO - Created Permission View: can read on DAG Run:example_external_task_marker_parent
[2024-11-26T10:58:43.778+0000] {logging_mixin.py:190} INFO - [2024-11-26T10:58:43.777+0000] {override.py:1911} INFO - Created Permission View: menu access on DAG Run:example_external_task_marker_parent
[2024-11-26T10:58:43.784+0000] {logging_mixin.py:190} INFO - [2024-11-26T10:58:43.784+0000] {override.py:1911} INFO - Created Permission View: can delete on DAG Run:example_external_task_marker_parent
[2024-11-26T10:58:43.785+0000] {logging_mixin.py:190} INFO - [2024-11-26T10:58:43.785+0000] {dag.py:3239} INFO - Sync 2 DAGs
[2024-11-26T10:58:43.798+0000] {logging_mixin.py:190} INFO - [2024-11-26T10:58:43.798+0000] {dag.py:3262} INFO - Creating ORM DAG for example_external_task_marker_child
[2024-11-26T10:58:43.799+0000] {logging_mixin.py:190} INFO - [2024-11-26T10:58:43.799+0000] {dag.py:3262} INFO - Creating ORM DAG for example_external_task_marker_parent
[2024-11-26T10:58:43.800+0000] {logging_mixin.py:190} INFO - [2024-11-26T10:58:43.800+0000] {dag.py:4180} INFO - Setting next_dagrun for example_external_task_marker_child to None, run_after=None
[2024-11-26T10:58:43.800+0000] {logging_mixin.py:190} INFO - [2024-11-26T10:58:43.800+0000] {dag.py:4180} INFO - Setting next_dagrun for example_external_task_marker_parent to None, run_after=None
[2024-11-26T10:58:43.820+0000] {processor.py:208} INFO - Processing /home/airflow/.local/lib/python3.12/site-packages/airflow/example_dags/example_external_task_marker_dag.py took 0.242 seconds
[2024-11-26T10:59:14.274+0000] {processor.py:186} INFO - Started process (PID=166) to work on /home/airflow/.local/lib/python3.12/site-packages/airflow/example_dags/example_external_task_marker_dag.py
[2024-11-26T10:59:14.275+0000] {processor.py:914} INFO - Processing file /home/airflow/.local/lib/python3.12/site-packages/airflow/example_dags/example_external_task_marker_dag.py for tasks to queue
[2024-11-26T10:59:14.277+0000] {logging_mixin.py:190} INFO - [2024-11-26T10:59:14.277+0000] {dagbag.py:588} INFO - Filling up the DagBag from /home/airflow/.local/lib/python3.12/site-packages/airflow/example_dags/example_external_task_marker_dag.py
[2024-11-26T10:59:14.283+0000] {processor.py:925} INFO - DAG(s) 'example_external_task_marker_child', 'example_external_task_marker_parent' retrieved from /home/airflow/.local/lib/python3.12/site-packages/airflow/example_dags/example_external_task_marker_dag.py
[2024-11-26T10:59:14.299+0000] {logging_mixin.py:190} INFO - [2024-11-26T10:59:14.298+0000] {dag.py:3239} INFO - Sync 2 DAGs
[2024-11-26T10:59:14.311+0000] {logging_mixin.py:190} INFO - [2024-11-26T10:59:14.311+0000] {dag.py:4180} INFO - Setting next_dagrun for example_external_task_marker_child to None, run_after=None
[2024-11-26T10:59:14.316+0000] {logging_mixin.py:190} INFO - [2024-11-26T10:59:14.316+0000] {dag.py:4180} INFO - Setting next_dagrun for example_external_task_marker_parent to None, run_after=None
[2024-11-26T10:59:14.333+0000] {processor.py:208} INFO - Processing /home/airflow/.local/lib/python3.12/site-packages/airflow/example_dags/example_external_task_marker_dag.py took 0.066 seconds
[2024-11-26T10:59:44.375+0000] {processor.py:186} INFO - Started process (PID=229) to work on /home/airflow/.local/lib/python3.12/site-packages/airflow/example_dags/example_external_task_marker_dag.py
[2024-11-26T10:59:44.377+0000] {processor.py:914} INFO - Processing file /home/airflow/.local/lib/python3.12/site-packages/airflow/example_dags/example_external_task_marker_dag.py for tasks to queue
[2024-11-26T10:59:44.381+0000] {logging_mixin.py:190} INFO - [2024-11-26T10:59:44.380+0000] {dagbag.py:588} INFO - Filling up the DagBag from /home/airflow/.local/lib/python3.12/site-packages/airflow/example_dags/example_external_task_marker_dag.py
[2024-11-26T10:59:44.389+0000] {processor.py:925} INFO - DAG(s) 'example_external_task_marker_parent', 'example_external_task_marker_child' retrieved from /home/airflow/.local/lib/python3.12/site-packages/airflow/example_dags/example_external_task_marker_dag.py
[2024-11-26T10:59:44.409+0000] {logging_mixin.py:190} INFO - [2024-11-26T10:59:44.409+0000] {dag.py:3239} INFO - Sync 2 DAGs
[2024-11-26T10:59:44.421+0000] {logging_mixin.py:190} INFO - [2024-11-26T10:59:44.420+0000] {dag.py:4180} INFO - Setting next_dagrun for example_external_task_marker_child to None, run_after=None
[2024-11-26T10:59:44.424+0000] {logging_mixin.py:190} INFO - [2024-11-26T10:59:44.424+0000] {dag.py:4180} INFO - Setting next_dagrun for example_external_task_marker_parent to None, run_after=None
[2024-11-26T10:59:44.441+0000] {processor.py:208} INFO - Processing /home/airflow/.local/lib/python3.12/site-packages/airflow/example_dags/example_external_task_marker_dag.py took 0.072 seconds
[2024-11-26T11:00:15.406+0000] {processor.py:186} INFO - Started process (PID=292) to work on /home/airflow/.local/lib/python3.12/site-packages/airflow/example_dags/example_external_task_marker_dag.py
[2024-11-26T11:00:15.407+0000] {processor.py:914} INFO - Processing file /home/airflow/.local/lib/python3.12/site-packages/airflow/example_dags/example_external_task_marker_dag.py for tasks to queue
[2024-11-26T11:00:15.410+0000] {logging_mixin.py:190} INFO - [2024-11-26T11:00:15.409+0000] {dagbag.py:588} INFO - Filling up the DagBag from /home/airflow/.local/lib/python3.12/site-packages/airflow/example_dags/example_external_task_marker_dag.py
[2024-11-26T11:00:15.418+0000] {processor.py:925} INFO - DAG(s) 'example_external_task_marker_parent', 'example_external_task_marker_child' retrieved from /home/airflow/.local/lib/python3.12/site-packages/airflow/example_dags/example_external_task_marker_dag.py
[2024-11-26T11:00:15.439+0000] {logging_mixin.py:190} INFO - [2024-11-26T11:00:15.439+0000] {dag.py:3239} INFO - Sync 2 DAGs
[2024-11-26T11:00:15.458+0000] {logging_mixin.py:190} INFO - [2024-11-26T11:00:15.457+0000] {dag.py:4180} INFO - Setting next_dagrun for example_external_task_marker_child to None, run_after=None
[2024-11-26T11:00:15.462+0000] {logging_mixin.py:190} INFO - [2024-11-26T11:00:15.461+0000] {dag.py:4180} INFO - Setting next_dagrun for example_external_task_marker_parent to None, run_after=None
[2024-11-26T11:00:15.479+0000] {processor.py:208} INFO - Processing /home/airflow/.local/lib/python3.12/site-packages/airflow/example_dags/example_external_task_marker_dag.py took 0.079 seconds
[2024-11-26T11:00:45.781+0000] {processor.py:186} INFO - Started process (PID=354) to work on /home/airflow/.local/lib/python3.12/site-packages/airflow/example_dags/example_external_task_marker_dag.py
[2024-11-26T11:00:45.782+0000] {processor.py:914} INFO - Processing file /home/airflow/.local/lib/python3.12/site-packages/airflow/example_dags/example_external_task_marker_dag.py for tasks to queue
[2024-11-26T11:00:45.784+0000] {logging_mixin.py:190} INFO - [2024-11-26T11:00:45.783+0000] {dagbag.py:588} INFO - Filling up the DagBag from /home/airflow/.local/lib/python3.12/site-packages/airflow/example_dags/example_external_task_marker_dag.py
[2024-11-26T11:00:45.790+0000] {processor.py:925} INFO - DAG(s) 'example_external_task_marker_parent', 'example_external_task_marker_child' retrieved from /home/airflow/.local/lib/python3.12/site-packages/airflow/example_dags/example_external_task_marker_dag.py
[2024-11-26T11:00:45.807+0000] {logging_mixin.py:190} INFO - [2024-11-26T11:00:45.807+0000] {dag.py:3239} INFO - Sync 2 DAGs
[2024-11-26T11:00:45.820+0000] {logging_mixin.py:190} INFO - [2024-11-26T11:00:45.820+0000] {dag.py:4180} INFO - Setting next_dagrun for example_external_task_marker_child to None, run_after=None
[2024-11-26T11:00:45.823+0000] {logging_mixin.py:190} INFO - [2024-11-26T11:00:45.823+0000] {dag.py:4180} INFO - Setting next_dagrun for example_external_task_marker_parent to None, run_after=None
[2024-11-26T11:00:45.835+0000] {processor.py:208} INFO - Processing /home/airflow/.local/lib/python3.12/site-packages/airflow/example_dags/example_external_task_marker_dag.py took 0.059 seconds
[2024-11-26T11:01:16.628+0000] {processor.py:186} INFO - Started process (PID=416) to work on /home/airflow/.local/lib/python3.12/site-packages/airflow/example_dags/example_external_task_marker_dag.py
[2024-11-26T11:01:16.629+0000] {processor.py:914} INFO - Processing file /home/airflow/.local/lib/python3.12/site-packages/airflow/example_dags/example_external_task_marker_dag.py for tasks to queue
[2024-11-26T11:01:16.631+0000] {logging_mixin.py:190} INFO - [2024-11-26T11:01:16.631+0000] {dagbag.py:588} INFO - Filling up the DagBag from /home/airflow/.local/lib/python3.12/site-packages/airflow/example_dags/example_external_task_marker_dag.py
[2024-11-26T11:01:16.640+0000] {processor.py:925} INFO - DAG(s) 'example_external_task_marker_parent', 'example_external_task_marker_child' retrieved from /home/airflow/.local/lib/python3.12/site-packages/airflow/example_dags/example_external_task_marker_dag.py
[2024-11-26T11:01:16.666+0000] {logging_mixin.py:190} INFO - [2024-11-26T11:01:16.666+0000] {dag.py:3239} INFO - Sync 2 DAGs
[2024-11-26T11:01:16.680+0000] {logging_mixin.py:190} INFO - [2024-11-26T11:01:16.680+0000] {dag.py:4180} INFO - Setting next_dagrun for example_external_task_marker_child to None, run_after=None
[2024-11-26T11:01:16.684+0000] {logging_mixin.py:190} INFO - [2024-11-26T11:01:16.683+0000] {dag.py:4180} INFO - Setting next_dagrun for example_external_task_marker_parent to None, run_after=None
[2024-11-26T11:01:16.703+0000] {processor.py:208} INFO - Processing /home/airflow/.local/lib/python3.12/site-packages/airflow/example_dags/example_external_task_marker_dag.py took 0.080 seconds
[2024-11-26T11:01:47.507+0000] {processor.py:186} INFO - Started process (PID=479) to work on /home/airflow/.local/lib/python3.12/site-packages/airflow/example_dags/example_external_task_marker_dag.py
[2024-11-26T11:01:47.508+0000] {processor.py:914} INFO - Processing file /home/airflow/.local/lib/python3.12/site-packages/airflow/example_dags/example_external_task_marker_dag.py for tasks to queue
[2024-11-26T11:01:47.510+0000] {logging_mixin.py:190} INFO - [2024-11-26T11:01:47.510+0000] {dagbag.py:588} INFO - Filling up the DagBag from /home/airflow/.local/lib/python3.12/site-packages/airflow/example_dags/example_external_task_marker_dag.py
[2024-11-26T11:01:47.518+0000] {processor.py:925} INFO - DAG(s) 'example_external_task_marker_parent', 'example_external_task_marker_child' retrieved from /home/airflow/.local/lib/python3.12/site-packages/airflow/example_dags/example_external_task_marker_dag.py
[2024-11-26T11:01:47.538+0000] {logging_mixin.py:190} INFO - [2024-11-26T11:01:47.538+0000] {dag.py:3239} INFO - Sync 2 DAGs
[2024-11-26T11:01:47.548+0000] {logging_mixin.py:190} INFO - [2024-11-26T11:01:47.548+0000] {dag.py:4180} INFO - Setting next_dagrun for example_external_task_marker_child to None, run_after=None
[2024-11-26T11:01:47.551+0000] {logging_mixin.py:190} INFO - [2024-11-26T11:01:47.551+0000] {dag.py:4180} INFO - Setting next_dagrun for example_external_task_marker_parent to None, run_after=None
[2024-11-26T11:01:47.563+0000] {processor.py:208} INFO - Processing /home/airflow/.local/lib/python3.12/site-packages/airflow/example_dags/example_external_task_marker_dag.py took 0.060 seconds
[2024-11-26T11:02:18.172+0000] {processor.py:186} INFO - Started process (PID=542) to work on /home/airflow/.local/lib/python3.12/site-packages/airflow/example_dags/example_external_task_marker_dag.py
[2024-11-26T11:02:18.173+0000] {processor.py:914} INFO - Processing file /home/airflow/.local/lib/python3.12/site-packages/airflow/example_dags/example_external_task_marker_dag.py for tasks to queue
[2024-11-26T11:02:18.176+0000] {logging_mixin.py:190} INFO - [2024-11-26T11:02:18.175+0000] {dagbag.py:588} INFO - Filling up the DagBag from /home/airflow/.local/lib/python3.12/site-packages/airflow/example_dags/example_external_task_marker_dag.py
[2024-11-26T11:02:18.183+0000] {processor.py:925} INFO - DAG(s) 'example_external_task_marker_child', 'example_external_task_marker_parent' retrieved from /home/airflow/.local/lib/python3.12/site-packages/airflow/example_dags/example_external_task_marker_dag.py
[2024-11-26T11:02:18.211+0000] {logging_mixin.py:190} INFO - [2024-11-26T11:02:18.211+0000] {dag.py:3239} INFO - Sync 2 DAGs
[2024-11-26T11:02:18.223+0000] {logging_mixin.py:190} INFO - [2024-11-26T11:02:18.223+0000] {dag.py:4180} INFO - Setting next_dagrun for example_external_task_marker_child to None, run_after=None
[2024-11-26T11:02:18.227+0000] {logging_mixin.py:190} INFO - [2024-11-26T11:02:18.227+0000] {dag.py:4180} INFO - Setting next_dagrun for example_external_task_marker_parent to None, run_after=None
[2024-11-26T11:02:18.242+0000] {processor.py:208} INFO - Processing /home/airflow/.local/lib/python3.12/site-packages/airflow/example_dags/example_external_task_marker_dag.py took 0.075 seconds
[2024-11-26T11:02:48.814+0000] {processor.py:186} INFO - Started process (PID=605) to work on /home/airflow/.local/lib/python3.12/site-packages/airflow/example_dags/example_external_task_marker_dag.py
[2024-11-26T11:02:48.815+0000] {processor.py:914} INFO - Processing file /home/airflow/.local/lib/python3.12/site-packages/airflow/example_dags/example_external_task_marker_dag.py for tasks to queue
[2024-11-26T11:02:48.817+0000] {logging_mixin.py:190} INFO - [2024-11-26T11:02:48.816+0000] {dagbag.py:588} INFO - Filling up the DagBag from /home/airflow/.local/lib/python3.12/site-packages/airflow/example_dags/example_external_task_marker_dag.py
[2024-11-26T11:02:48.823+0000] {processor.py:925} INFO - DAG(s) 'example_external_task_marker_parent', 'example_external_task_marker_child' retrieved from /home/airflow/.local/lib/python3.12/site-packages/airflow/example_dags/example_external_task_marker_dag.py
[2024-11-26T11:02:48.842+0000] {logging_mixin.py:190} INFO - [2024-11-26T11:02:48.841+0000] {dag.py:3239} INFO - Sync 2 DAGs
[2024-11-26T11:02:48.852+0000] {logging_mixin.py:190} INFO - [2024-11-26T11:02:48.852+0000] {dag.py:4180} INFO - Setting next_dagrun for example_external_task_marker_child to None, run_after=None
[2024-11-26T11:02:48.855+0000] {logging_mixin.py:190} INFO - [2024-11-26T11:02:48.855+0000] {dag.py:4180} INFO - Setting next_dagrun for example_external_task_marker_parent to None, run_after=None
[2024-11-26T11:02:48.882+0000] {processor.py:208} INFO - Processing /home/airflow/.local/lib/python3.12/site-packages/airflow/example_dags/example_external_task_marker_dag.py took 0.073 seconds
[2024-11-26T11:03:19.500+0000] {processor.py:186} INFO - Started process (PID=668) to work on /home/airflow/.local/lib/python3.12/site-packages/airflow/example_dags/example_external_task_marker_dag.py
[2024-11-26T11:03:19.501+0000] {processor.py:914} INFO - Processing file /home/airflow/.local/lib/python3.12/site-packages/airflow/example_dags/example_external_task_marker_dag.py for tasks to queue
[2024-11-26T11:03:19.503+0000] {logging_mixin.py:190} INFO - [2024-11-26T11:03:19.503+0000] {dagbag.py:588} INFO - Filling up the DagBag from /home/airflow/.local/lib/python3.12/site-packages/airflow/example_dags/example_external_task_marker_dag.py
[2024-11-26T11:03:19.509+0000] {processor.py:925} INFO - DAG(s) 'example_external_task_marker_child', 'example_external_task_marker_parent' retrieved from /home/airflow/.local/lib/python3.12/site-packages/airflow/example_dags/example_external_task_marker_dag.py
[2024-11-26T11:03:19.529+0000] {logging_mixin.py:190} INFO - [2024-11-26T11:03:19.529+0000] {dag.py:3239} INFO - Sync 2 DAGs
[2024-11-26T11:03:19.541+0000] {logging_mixin.py:190} INFO - [2024-11-26T11:03:19.540+0000] {dag.py:4180} INFO - Setting next_dagrun for example_external_task_marker_child to None, run_after=None
[2024-11-26T11:03:19.545+0000] {logging_mixin.py:190} INFO - [2024-11-26T11:03:19.545+0000] {dag.py:4180} INFO - Setting next_dagrun for example_external_task_marker_parent to None, run_after=None
[2024-11-26T11:03:19.558+0000] {processor.py:208} INFO - Processing /home/airflow/.local/lib/python3.12/site-packages/airflow/example_dags/example_external_task_marker_dag.py took 0.062 seconds
[2024-11-26T11:03:50.081+0000] {processor.py:186} INFO - Started process (PID=731) to work on /home/airflow/.local/lib/python3.12/site-packages/airflow/example_dags/example_external_task_marker_dag.py
[2024-11-26T11:03:50.082+0000] {processor.py:914} INFO - Processing file /home/airflow/.local/lib/python3.12/site-packages/airflow/example_dags/example_external_task_marker_dag.py for tasks to queue
[2024-11-26T11:03:50.085+0000] {logging_mixin.py:190} INFO - [2024-11-26T11:03:50.085+0000] {dagbag.py:588} INFO - Filling up the DagBag from /home/airflow/.local/lib/python3.12/site-packages/airflow/example_dags/example_external_task_marker_dag.py
[2024-11-26T11:03:50.094+0000] {processor.py:925} INFO - DAG(s) 'example_external_task_marker_child', 'example_external_task_marker_parent' retrieved from /home/airflow/.local/lib/python3.12/site-packages/airflow/example_dags/example_external_task_marker_dag.py
[2024-11-26T11:03:50.111+0000] {logging_mixin.py:190} INFO - [2024-11-26T11:03:50.111+0000] {dag.py:3239} INFO - Sync 2 DAGs
[2024-11-26T11:03:50.125+0000] {logging_mixin.py:190} INFO - [2024-11-26T11:03:50.125+0000] {dag.py:4180} INFO - Setting next_dagrun for example_external_task_marker_child to None, run_after=None
[2024-11-26T11:03:50.129+0000] {logging_mixin.py:190} INFO - [2024-11-26T11:03:50.128+0000] {dag.py:4180} INFO - Setting next_dagrun for example_external_task_marker_parent to None, run_after=None
[2024-11-26T11:03:50.142+0000] {processor.py:208} INFO - Processing /home/airflow/.local/lib/python3.12/site-packages/airflow/example_dags/example_external_task_marker_dag.py took 0.069 seconds
[2024-11-26T11:04:21.028+0000] {processor.py:186} INFO - Started process (PID=794) to work on /home/airflow/.local/lib/python3.12/site-packages/airflow/example_dags/example_external_task_marker_dag.py
[2024-11-26T11:04:21.029+0000] {processor.py:914} INFO - Processing file /home/airflow/.local/lib/python3.12/site-packages/airflow/example_dags/example_external_task_marker_dag.py for tasks to queue
[2024-11-26T11:04:21.031+0000] {logging_mixin.py:190} INFO - [2024-11-26T11:04:21.031+0000] {dagbag.py:588} INFO - Filling up the DagBag from /home/airflow/.local/lib/python3.12/site-packages/airflow/example_dags/example_external_task_marker_dag.py
[2024-11-26T11:04:21.041+0000] {processor.py:925} INFO - DAG(s) 'example_external_task_marker_parent', 'example_external_task_marker_child' retrieved from /home/airflow/.local/lib/python3.12/site-packages/airflow/example_dags/example_external_task_marker_dag.py
[2024-11-26T11:04:21.064+0000] {logging_mixin.py:190} INFO - [2024-11-26T11:04:21.063+0000] {dag.py:3239} INFO - Sync 2 DAGs
[2024-11-26T11:04:21.077+0000] {logging_mixin.py:190} INFO - [2024-11-26T11:04:21.076+0000] {dag.py:4180} INFO - Setting next_dagrun for example_external_task_marker_child to None, run_after=None
[2024-11-26T11:04:21.080+0000] {logging_mixin.py:190} INFO - [2024-11-26T11:04:21.080+0000] {dag.py:4180} INFO - Setting next_dagrun for example_external_task_marker_parent to None, run_after=None
[2024-11-26T11:04:21.094+0000] {processor.py:208} INFO - Processing /home/airflow/.local/lib/python3.12/site-packages/airflow/example_dags/example_external_task_marker_dag.py took 0.074 seconds
[2024-11-26T11:04:51.848+0000] {processor.py:186} INFO - Started process (PID=857) to work on /home/airflow/.local/lib/python3.12/site-packages/airflow/example_dags/example_external_task_marker_dag.py
[2024-11-26T11:04:51.849+0000] {processor.py:914} INFO - Processing file /home/airflow/.local/lib/python3.12/site-packages/airflow/example_dags/example_external_task_marker_dag.py for tasks to queue
[2024-11-26T11:04:51.852+0000] {logging_mixin.py:190} INFO - [2024-11-26T11:04:51.851+0000] {dagbag.py:588} INFO - Filling up the DagBag from /home/airflow/.local/lib/python3.12/site-packages/airflow/example_dags/example_external_task_marker_dag.py
[2024-11-26T11:04:51.859+0000] {processor.py:925} INFO - DAG(s) 'example_external_task_marker_child', 'example_external_task_marker_parent' retrieved from /home/airflow/.local/lib/python3.12/site-packages/airflow/example_dags/example_external_task_marker_dag.py
[2024-11-26T11:04:51.879+0000] {logging_mixin.py:190} INFO - [2024-11-26T11:04:51.879+0000] {dag.py:3239} INFO - Sync 2 DAGs
[2024-11-26T11:04:51.889+0000] {logging_mixin.py:190} INFO - [2024-11-26T11:04:51.889+0000] {dag.py:4180} INFO - Setting next_dagrun for example_external_task_marker_child to None, run_after=None
[2024-11-26T11:04:51.892+0000] {logging_mixin.py:190} INFO - [2024-11-26T11:04:51.892+0000] {dag.py:4180} INFO - Setting next_dagrun for example_external_task_marker_parent to None, run_after=None
[2024-11-26T11:04:51.904+0000] {processor.py:208} INFO - Processing /home/airflow/.local/lib/python3.12/site-packages/airflow/example_dags/example_external_task_marker_dag.py took 0.060 seconds
[2024-11-26T11:05:22.176+0000] {processor.py:186} INFO - Started process (PID=919) to work on /home/airflow/.local/lib/python3.12/site-packages/airflow/example_dags/example_external_task_marker_dag.py
[2024-11-26T11:05:22.177+0000] {processor.py:914} INFO - Processing file /home/airflow/.local/lib/python3.12/site-packages/airflow/example_dags/example_external_task_marker_dag.py for tasks to queue
[2024-11-26T11:05:22.180+0000] {logging_mixin.py:190} INFO - [2024-11-26T11:05:22.179+0000] {dagbag.py:588} INFO - Filling up the DagBag from /home/airflow/.local/lib/python3.12/site-packages/airflow/example_dags/example_external_task_marker_dag.py
[2024-11-26T11:05:22.187+0000] {processor.py:925} INFO - DAG(s) 'example_external_task_marker_parent', 'example_external_task_marker_child' retrieved from /home/airflow/.local/lib/python3.12/site-packages/airflow/example_dags/example_external_task_marker_dag.py
[2024-11-26T11:05:22.203+0000] {logging_mixin.py:190} INFO - [2024-11-26T11:05:22.203+0000] {dag.py:3239} INFO - Sync 2 DAGs
[2024-11-26T11:05:22.213+0000] {logging_mixin.py:190} INFO - [2024-11-26T11:05:22.213+0000] {dag.py:4180} INFO - Setting next_dagrun for example_external_task_marker_child to None, run_after=None
[2024-11-26T11:05:22.216+0000] {logging_mixin.py:190} INFO - [2024-11-26T11:05:22.216+0000] {dag.py:4180} INFO - Setting next_dagrun for example_external_task_marker_parent to None, run_after=None
[2024-11-26T11:05:22.229+0000] {processor.py:208} INFO - Processing /home/airflow/.local/lib/python3.12/site-packages/airflow/example_dags/example_external_task_marker_dag.py took 0.057 seconds
[2024-11-26T11:05:52.597+0000] {processor.py:186} INFO - Started process (PID=982) to work on /home/airflow/.local/lib/python3.12/site-packages/airflow/example_dags/example_external_task_marker_dag.py
[2024-11-26T11:05:52.598+0000] {processor.py:914} INFO - Processing file /home/airflow/.local/lib/python3.12/site-packages/airflow/example_dags/example_external_task_marker_dag.py for tasks to queue
[2024-11-26T11:05:52.600+0000] {logging_mixin.py:190} INFO - [2024-11-26T11:05:52.599+0000] {dagbag.py:588} INFO - Filling up the DagBag from /home/airflow/.local/lib/python3.12/site-packages/airflow/example_dags/example_external_task_marker_dag.py
[2024-11-26T11:05:52.606+0000] {processor.py:925} INFO - DAG(s) 'example_external_task_marker_parent', 'example_external_task_marker_child' retrieved from /home/airflow/.local/lib/python3.12/site-packages/airflow/example_dags/example_external_task_marker_dag.py
[2024-11-26T11:05:52.627+0000] {logging_mixin.py:190} INFO - [2024-11-26T11:05:52.626+0000] {dag.py:3239} INFO - Sync 2 DAGs
[2024-11-26T11:05:52.637+0000] {logging_mixin.py:190} INFO - [2024-11-26T11:05:52.637+0000] {dag.py:4180} INFO - Setting next_dagrun for example_external_task_marker_child to None, run_after=None
[2024-11-26T11:05:52.640+0000] {logging_mixin.py:190} INFO - [2024-11-26T11:05:52.640+0000] {dag.py:4180} INFO - Setting next_dagrun for example_external_task_marker_parent to None, run_after=None
[2024-11-26T11:05:52.654+0000] {processor.py:208} INFO - Processing /home/airflow/.local/lib/python3.12/site-packages/airflow/example_dags/example_external_task_marker_dag.py took 0.062 seconds
[2024-11-26T11:06:23.047+0000] {processor.py:186} INFO - Started process (PID=1045) to work on /home/airflow/.local/lib/python3.12/site-packages/airflow/example_dags/example_external_task_marker_dag.py
[2024-11-26T11:06:23.048+0000] {processor.py:914} INFO - Processing file /home/airflow/.local/lib/python3.12/site-packages/airflow/example_dags/example_external_task_marker_dag.py for tasks to queue
[2024-11-26T11:06:23.050+0000] {logging_mixin.py:190} INFO - [2024-11-26T11:06:23.049+0000] {dagbag.py:588} INFO - Filling up the DagBag from /home/airflow/.local/lib/python3.12/site-packages/airflow/example_dags/example_external_task_marker_dag.py
[2024-11-26T11:06:23.059+0000] {processor.py:925} INFO - DAG(s) 'example_external_task_marker_parent', 'example_external_task_marker_child' retrieved from /home/airflow/.local/lib/python3.12/site-packages/airflow/example_dags/example_external_task_marker_dag.py
[2024-11-26T11:06:23.085+0000] {logging_mixin.py:190} INFO - [2024-11-26T11:06:23.085+0000] {dag.py:3239} INFO - Sync 2 DAGs
[2024-11-26T11:06:23.096+0000] {logging_mixin.py:190} INFO - [2024-11-26T11:06:23.096+0000] {dag.py:4180} INFO - Setting next_dagrun for example_external_task_marker_child to None, run_after=None
[2024-11-26T11:06:23.100+0000] {logging_mixin.py:190} INFO - [2024-11-26T11:06:23.100+0000] {dag.py:4180} INFO - Setting next_dagrun for example_external_task_marker_parent to None, run_after=None
[2024-11-26T11:06:23.113+0000] {processor.py:208} INFO - Processing /home/airflow/.local/lib/python3.12/site-packages/airflow/example_dags/example_external_task_marker_dag.py took 0.071 seconds
[2024-11-26T11:06:53.963+0000] {processor.py:186} INFO - Started process (PID=1107) to work on /home/airflow/.local/lib/python3.12/site-packages/airflow/example_dags/example_external_task_marker_dag.py
[2024-11-26T11:06:53.964+0000] {processor.py:914} INFO - Processing file /home/airflow/.local/lib/python3.12/site-packages/airflow/example_dags/example_external_task_marker_dag.py for tasks to queue
[2024-11-26T11:06:53.965+0000] {logging_mixin.py:190} INFO - [2024-11-26T11:06:53.965+0000] {dagbag.py:588} INFO - Filling up the DagBag from /home/airflow/.local/lib/python3.12/site-packages/airflow/example_dags/example_external_task_marker_dag.py
[2024-11-26T11:06:53.972+0000] {processor.py:925} INFO - DAG(s) 'example_external_task_marker_parent', 'example_external_task_marker_child' retrieved from /home/airflow/.local/lib/python3.12/site-packages/airflow/example_dags/example_external_task_marker_dag.py
[2024-11-26T11:06:53.991+0000] {logging_mixin.py:190} INFO - [2024-11-26T11:06:53.991+0000] {dag.py:3239} INFO - Sync 2 DAGs
[2024-11-26T11:06:54.007+0000] {logging_mixin.py:190} INFO - [2024-11-26T11:06:54.007+0000] {dag.py:4180} INFO - Setting next_dagrun for example_external_task_marker_child to None, run_after=None
[2024-11-26T11:06:54.010+0000] {logging_mixin.py:190} INFO - [2024-11-26T11:06:54.010+0000] {dag.py:4180} INFO - Setting next_dagrun for example_external_task_marker_parent to None, run_after=None
[2024-11-26T11:06:54.023+0000] {processor.py:208} INFO - Processing /home/airflow/.local/lib/python3.12/site-packages/airflow/example_dags/example_external_task_marker_dag.py took 0.064 seconds
[2024-11-26T11:07:24.299+0000] {processor.py:186} INFO - Started process (PID=1170) to work on /home/airflow/.local/lib/python3.12/site-packages/airflow/example_dags/example_external_task_marker_dag.py
[2024-11-26T11:07:24.301+0000] {processor.py:914} INFO - Processing file /home/airflow/.local/lib/python3.12/site-packages/airflow/example_dags/example_external_task_marker_dag.py for tasks to queue
[2024-11-26T11:07:24.308+0000] {logging_mixin.py:190} INFO - [2024-11-26T11:07:24.307+0000] {dagbag.py:588} INFO - Filling up the DagBag from /home/airflow/.local/lib/python3.12/site-packages/airflow/example_dags/example_external_task_marker_dag.py
[2024-11-26T11:07:24.315+0000] {processor.py:925} INFO - DAG(s) 'example_external_task_marker_child', 'example_external_task_marker_parent' retrieved from /home/airflow/.local/lib/python3.12/site-packages/airflow/example_dags/example_external_task_marker_dag.py
[2024-11-26T11:07:24.336+0000] {logging_mixin.py:190} INFO - [2024-11-26T11:07:24.335+0000] {dag.py:3239} INFO - Sync 2 DAGs
[2024-11-26T11:07:24.347+0000] {logging_mixin.py:190} INFO - [2024-11-26T11:07:24.347+0000] {dag.py:4180} INFO - Setting next_dagrun for example_external_task_marker_child to None, run_after=None
[2024-11-26T11:07:24.351+0000] {logging_mixin.py:190} INFO - [2024-11-26T11:07:24.350+0000] {dag.py:4180} INFO - Setting next_dagrun for example_external_task_marker_parent to None, run_after=None
[2024-11-26T11:07:24.367+0000] {processor.py:208} INFO - Processing /home/airflow/.local/lib/python3.12/site-packages/airflow/example_dags/example_external_task_marker_dag.py took 0.073 seconds
[2024-11-26T11:07:55.284+0000] {processor.py:186} INFO - Started process (PID=1233) to work on /home/airflow/.local/lib/python3.12/site-packages/airflow/example_dags/example_external_task_marker_dag.py
[2024-11-26T11:07:55.285+0000] {processor.py:914} INFO - Processing file /home/airflow/.local/lib/python3.12/site-packages/airflow/example_dags/example_external_task_marker_dag.py for tasks to queue
[2024-11-26T11:07:55.287+0000] {logging_mixin.py:190} INFO - [2024-11-26T11:07:55.287+0000] {dagbag.py:588} INFO - Filling up the DagBag from /home/airflow/.local/lib/python3.12/site-packages/airflow/example_dags/example_external_task_marker_dag.py
[2024-11-26T11:07:55.294+0000] {processor.py:925} INFO - DAG(s) 'example_external_task_marker_child', 'example_external_task_marker_parent' retrieved from /home/airflow/.local/lib/python3.12/site-packages/airflow/example_dags/example_external_task_marker_dag.py
[2024-11-26T11:07:55.312+0000] {logging_mixin.py:190} INFO - [2024-11-26T11:07:55.312+0000] {dag.py:3239} INFO - Sync 2 DAGs
[2024-11-26T11:07:55.325+0000] {logging_mixin.py:190} INFO - [2024-11-26T11:07:55.325+0000] {dag.py:4180} INFO - Setting next_dagrun for example_external_task_marker_child to None, run_after=None
[2024-11-26T11:07:55.328+0000] {logging_mixin.py:190} INFO - [2024-11-26T11:07:55.328+0000] {dag.py:4180} INFO - Setting next_dagrun for example_external_task_marker_parent to None, run_after=None
[2024-11-26T11:07:55.342+0000] {processor.py:208} INFO - Processing /home/airflow/.local/lib/python3.12/site-packages/airflow/example_dags/example_external_task_marker_dag.py took 0.062 seconds
[2024-11-26T11:08:25.425+0000] {processor.py:186} INFO - Started process (PID=1295) to work on /home/airflow/.local/lib/python3.12/site-packages/airflow/example_dags/example_external_task_marker_dag.py
[2024-11-26T11:08:25.426+0000] {processor.py:914} INFO - Processing file /home/airflow/.local/lib/python3.12/site-packages/airflow/example_dags/example_external_task_marker_dag.py for tasks to queue
[2024-11-26T11:08:25.428+0000] {logging_mixin.py:190} INFO - [2024-11-26T11:08:25.428+0000] {dagbag.py:588} INFO - Filling up the DagBag from /home/airflow/.local/lib/python3.12/site-packages/airflow/example_dags/example_external_task_marker_dag.py
[2024-11-26T11:08:25.434+0000] {processor.py:925} INFO - DAG(s) 'example_external_task_marker_parent', 'example_external_task_marker_child' retrieved from /home/airflow/.local/lib/python3.12/site-packages/airflow/example_dags/example_external_task_marker_dag.py
[2024-11-26T11:08:25.450+0000] {logging_mixin.py:190} INFO - [2024-11-26T11:08:25.450+0000] {dag.py:3239} INFO - Sync 2 DAGs
[2024-11-26T11:08:25.461+0000] {logging_mixin.py:190} INFO - [2024-11-26T11:08:25.461+0000] {dag.py:4180} INFO - Setting next_dagrun for example_external_task_marker_child to None, run_after=None
[2024-11-26T11:08:25.463+0000] {logging_mixin.py:190} INFO - [2024-11-26T11:08:25.463+0000] {dag.py:4180} INFO - Setting next_dagrun for example_external_task_marker_parent to None, run_after=None
[2024-11-26T11:08:25.473+0000] {processor.py:208} INFO - Processing /home/airflow/.local/lib/python3.12/site-packages/airflow/example_dags/example_external_task_marker_dag.py took 0.055 seconds
[2024-11-26T11:08:56.428+0000] {processor.py:186} INFO - Started process (PID=1359) to work on /home/airflow/.local/lib/python3.12/site-packages/airflow/example_dags/example_external_task_marker_dag.py
[2024-11-26T11:08:56.430+0000] {processor.py:914} INFO - Processing file /home/airflow/.local/lib/python3.12/site-packages/airflow/example_dags/example_external_task_marker_dag.py for tasks to queue
[2024-11-26T11:08:56.432+0000] {logging_mixin.py:190} INFO - [2024-11-26T11:08:56.432+0000] {dagbag.py:588} INFO - Filling up the DagBag from /home/airflow/.local/lib/python3.12/site-packages/airflow/example_dags/example_external_task_marker_dag.py
[2024-11-26T11:08:56.439+0000] {processor.py:925} INFO - DAG(s) 'example_external_task_marker_child', 'example_external_task_marker_parent' retrieved from /home/airflow/.local/lib/python3.12/site-packages/airflow/example_dags/example_external_task_marker_dag.py
[2024-11-26T11:08:56.457+0000] {logging_mixin.py:190} INFO - [2024-11-26T11:08:56.457+0000] {dag.py:3239} INFO - Sync 2 DAGs
[2024-11-26T11:08:56.467+0000] {logging_mixin.py:190} INFO - [2024-11-26T11:08:56.467+0000] {dag.py:4180} INFO - Setting next_dagrun for example_external_task_marker_child to None, run_after=None
[2024-11-26T11:08:56.471+0000] {logging_mixin.py:190} INFO - [2024-11-26T11:08:56.471+0000] {dag.py:4180} INFO - Setting next_dagrun for example_external_task_marker_parent to None, run_after=None
[2024-11-26T11:08:56.485+0000] {processor.py:208} INFO - Processing /home/airflow/.local/lib/python3.12/site-packages/airflow/example_dags/example_external_task_marker_dag.py took 0.060 seconds
[2024-11-26T11:09:26.719+0000] {processor.py:186} INFO - Started process (PID=1421) to work on /home/airflow/.local/lib/python3.12/site-packages/airflow/example_dags/example_external_task_marker_dag.py
[2024-11-26T11:09:26.720+0000] {processor.py:914} INFO - Processing file /home/airflow/.local/lib/python3.12/site-packages/airflow/example_dags/example_external_task_marker_dag.py for tasks to queue
[2024-11-26T11:09:26.722+0000] {logging_mixin.py:190} INFO - [2024-11-26T11:09:26.722+0000] {dagbag.py:588} INFO - Filling up the DagBag from /home/airflow/.local/lib/python3.12/site-packages/airflow/example_dags/example_external_task_marker_dag.py
[2024-11-26T11:09:26.728+0000] {processor.py:925} INFO - DAG(s) 'example_external_task_marker_parent', 'example_external_task_marker_child' retrieved from /home/airflow/.local/lib/python3.12/site-packages/airflow/example_dags/example_external_task_marker_dag.py
[2024-11-26T11:09:26.743+0000] {logging_mixin.py:190} INFO - [2024-11-26T11:09:26.743+0000] {dag.py:3239} INFO - Sync 2 DAGs
[2024-11-26T11:09:26.754+0000] {logging_mixin.py:190} INFO - [2024-11-26T11:09:26.754+0000] {dag.py:4180} INFO - Setting next_dagrun for example_external_task_marker_child to None, run_after=None
[2024-11-26T11:09:26.758+0000] {logging_mixin.py:190} INFO - [2024-11-26T11:09:26.757+0000] {dag.py:4180} INFO - Setting next_dagrun for example_external_task_marker_parent to None, run_after=None
[2024-11-26T11:09:26.774+0000] {processor.py:208} INFO - Processing /home/airflow/.local/lib/python3.12/site-packages/airflow/example_dags/example_external_task_marker_dag.py took 0.058 seconds
[2024-11-26T11:09:57.199+0000] {processor.py:186} INFO - Started process (PID=1484) to work on /home/airflow/.local/lib/python3.12/site-packages/airflow/example_dags/example_external_task_marker_dag.py
[2024-11-26T11:09:57.200+0000] {processor.py:914} INFO - Processing file /home/airflow/.local/lib/python3.12/site-packages/airflow/example_dags/example_external_task_marker_dag.py for tasks to queue
[2024-11-26T11:09:57.202+0000] {logging_mixin.py:190} INFO - [2024-11-26T11:09:57.201+0000] {dagbag.py:588} INFO - Filling up the DagBag from /home/airflow/.local/lib/python3.12/site-packages/airflow/example_dags/example_external_task_marker_dag.py
[2024-11-26T11:09:57.208+0000] {processor.py:925} INFO - DAG(s) 'example_external_task_marker_child', 'example_external_task_marker_parent' retrieved from /home/airflow/.local/lib/python3.12/site-packages/airflow/example_dags/example_external_task_marker_dag.py
[2024-11-26T11:09:57.229+0000] {logging_mixin.py:190} INFO - [2024-11-26T11:09:57.228+0000] {dag.py:3239} INFO - Sync 2 DAGs
[2024-11-26T11:09:57.245+0000] {logging_mixin.py:190} INFO - [2024-11-26T11:09:57.244+0000] {dag.py:4180} INFO - Setting next_dagrun for example_external_task_marker_child to None, run_after=None
[2024-11-26T11:09:57.248+0000] {logging_mixin.py:190} INFO - [2024-11-26T11:09:57.248+0000] {dag.py:4180} INFO - Setting next_dagrun for example_external_task_marker_parent to None, run_after=None
[2024-11-26T11:09:57.266+0000] {processor.py:208} INFO - Processing /home/airflow/.local/lib/python3.12/site-packages/airflow/example_dags/example_external_task_marker_dag.py took 0.072 seconds
[2024-11-26T11:10:28.338+0000] {processor.py:186} INFO - Started process (PID=1548) to work on /home/airflow/.local/lib/python3.12/site-packages/airflow/example_dags/example_external_task_marker_dag.py
[2024-11-26T11:10:28.339+0000] {processor.py:914} INFO - Processing file /home/airflow/.local/lib/python3.12/site-packages/airflow/example_dags/example_external_task_marker_dag.py for tasks to queue
[2024-11-26T11:10:28.342+0000] {logging_mixin.py:190} INFO - [2024-11-26T11:10:28.342+0000] {dagbag.py:588} INFO - Filling up the DagBag from /home/airflow/.local/lib/python3.12/site-packages/airflow/example_dags/example_external_task_marker_dag.py
[2024-11-26T11:10:28.351+0000] {processor.py:925} INFO - DAG(s) 'example_external_task_marker_child', 'example_external_task_marker_parent' retrieved from /home/airflow/.local/lib/python3.12/site-packages/airflow/example_dags/example_external_task_marker_dag.py
[2024-11-26T11:10:28.372+0000] {logging_mixin.py:190} INFO - [2024-11-26T11:10:28.372+0000] {dag.py:3239} INFO - Sync 2 DAGs
[2024-11-26T11:10:28.385+0000] {logging_mixin.py:190} INFO - [2024-11-26T11:10:28.384+0000] {dag.py:4180} INFO - Setting next_dagrun for example_external_task_marker_child to None, run_after=None
[2024-11-26T11:10:28.390+0000] {logging_mixin.py:190} INFO - [2024-11-26T11:10:28.390+0000] {dag.py:4180} INFO - Setting next_dagrun for example_external_task_marker_parent to None, run_after=None
[2024-11-26T11:10:28.407+0000] {processor.py:208} INFO - Processing /home/airflow/.local/lib/python3.12/site-packages/airflow/example_dags/example_external_task_marker_dag.py took 0.075 seconds
[2024-11-26T11:10:58.442+0000] {processor.py:186} INFO - Started process (PID=1610) to work on /home/airflow/.local/lib/python3.12/site-packages/airflow/example_dags/example_external_task_marker_dag.py
[2024-11-26T11:10:58.443+0000] {processor.py:914} INFO - Processing file /home/airflow/.local/lib/python3.12/site-packages/airflow/example_dags/example_external_task_marker_dag.py for tasks to queue
[2024-11-26T11:10:58.445+0000] {logging_mixin.py:190} INFO - [2024-11-26T11:10:58.444+0000] {dagbag.py:588} INFO - Filling up the DagBag from /home/airflow/.local/lib/python3.12/site-packages/airflow/example_dags/example_external_task_marker_dag.py
[2024-11-26T11:10:58.450+0000] {processor.py:925} INFO - DAG(s) 'example_external_task_marker_child', 'example_external_task_marker_parent' retrieved from /home/airflow/.local/lib/python3.12/site-packages/airflow/example_dags/example_external_task_marker_dag.py
[2024-11-26T11:10:58.468+0000] {logging_mixin.py:190} INFO - [2024-11-26T11:10:58.468+0000] {dag.py:3239} INFO - Sync 2 DAGs
[2024-11-26T11:10:58.478+0000] {logging_mixin.py:190} INFO - [2024-11-26T11:10:58.478+0000] {dag.py:4180} INFO - Setting next_dagrun for example_external_task_marker_child to None, run_after=None
[2024-11-26T11:10:58.482+0000] {logging_mixin.py:190} INFO - [2024-11-26T11:10:58.481+0000] {dag.py:4180} INFO - Setting next_dagrun for example_external_task_marker_parent to None, run_after=None
[2024-11-26T11:10:58.496+0000] {processor.py:208} INFO - Processing /home/airflow/.local/lib/python3.12/site-packages/airflow/example_dags/example_external_task_marker_dag.py took 0.058 seconds
[2024-11-26T11:11:28.682+0000] {processor.py:186} INFO - Started process (PID=1673) to work on /home/airflow/.local/lib/python3.12/site-packages/airflow/example_dags/example_external_task_marker_dag.py
[2024-11-26T11:11:28.683+0000] {processor.py:914} INFO - Processing file /home/airflow/.local/lib/python3.12/site-packages/airflow/example_dags/example_external_task_marker_dag.py for tasks to queue
[2024-11-26T11:11:28.687+0000] {logging_mixin.py:190} INFO - [2024-11-26T11:11:28.686+0000] {dagbag.py:588} INFO - Filling up the DagBag from /home/airflow/.local/lib/python3.12/site-packages/airflow/example_dags/example_external_task_marker_dag.py
[2024-11-26T11:11:28.694+0000] {processor.py:925} INFO - DAG(s) 'example_external_task_marker_parent', 'example_external_task_marker_child' retrieved from /home/airflow/.local/lib/python3.12/site-packages/airflow/example_dags/example_external_task_marker_dag.py
[2024-11-26T11:11:28.713+0000] {logging_mixin.py:190} INFO - [2024-11-26T11:11:28.713+0000] {dag.py:3239} INFO - Sync 2 DAGs
[2024-11-26T11:11:28.724+0000] {logging_mixin.py:190} INFO - [2024-11-26T11:11:28.724+0000] {dag.py:4180} INFO - Setting next_dagrun for example_external_task_marker_child to None, run_after=None
[2024-11-26T11:11:28.727+0000] {logging_mixin.py:190} INFO - [2024-11-26T11:11:28.727+0000] {dag.py:4180} INFO - Setting next_dagrun for example_external_task_marker_parent to None, run_after=None
[2024-11-26T11:11:28.740+0000] {processor.py:208} INFO - Processing /home/airflow/.local/lib/python3.12/site-packages/airflow/example_dags/example_external_task_marker_dag.py took 0.063 seconds
