[2024-11-26T10:58:44.432+0000] {processor.py:186} INFO - Started process (PID=108) to work on /home/airflow/.local/lib/python3.12/site-packages/airflow/example_dags/example_python_operator.py
[2024-11-26T10:58:44.433+0000] {processor.py:914} INFO - Processing file /home/airflow/.local/lib/python3.12/site-packages/airflow/example_dags/example_python_operator.py for tasks to queue
[2024-11-26T10:58:44.436+0000] {logging_mixin.py:190} INFO - [2024-11-26T10:58:44.436+0000] {dagbag.py:588} INFO - Filling up the DagBag from /home/airflow/.local/lib/python3.12/site-packages/airflow/example_dags/example_python_operator.py
[2024-11-26T10:58:44.451+0000] {processor.py:925} INFO - DAG(s) 'example_python_operator' retrieved from /home/airflow/.local/lib/python3.12/site-packages/airflow/example_dags/example_python_operator.py
[2024-11-26T10:58:44.528+0000] {logging_mixin.py:190} INFO - [2024-11-26T10:58:44.527+0000] {override.py:1911} INFO - Created Permission View: can delete on DAG:example_python_operator
[2024-11-26T10:58:44.539+0000] {logging_mixin.py:190} INFO - [2024-11-26T10:58:44.539+0000] {override.py:1911} INFO - Created Permission View: can read on DAG:example_python_operator
[2024-11-26T10:58:44.547+0000] {logging_mixin.py:190} INFO - [2024-11-26T10:58:44.546+0000] {override.py:1911} INFO - Created Permission View: can edit on DAG:example_python_operator
[2024-11-26T10:58:44.557+0000] {logging_mixin.py:190} INFO - [2024-11-26T10:58:44.556+0000] {override.py:1911} INFO - Created Permission View: can create on DAG Run:example_python_operator
[2024-11-26T10:58:44.564+0000] {logging_mixin.py:190} INFO - [2024-11-26T10:58:44.564+0000] {override.py:1911} INFO - Created Permission View: can read on DAG Run:example_python_operator
[2024-11-26T10:58:44.574+0000] {logging_mixin.py:190} INFO - [2024-11-26T10:58:44.573+0000] {override.py:1911} INFO - Created Permission View: menu access on DAG Run:example_python_operator
[2024-11-26T10:58:44.580+0000] {logging_mixin.py:190} INFO - [2024-11-26T10:58:44.579+0000] {override.py:1911} INFO - Created Permission View: can delete on DAG Run:example_python_operator
[2024-11-26T10:58:44.580+0000] {logging_mixin.py:190} INFO - [2024-11-26T10:58:44.580+0000] {dag.py:3239} INFO - Sync 1 DAGs
[2024-11-26T10:58:44.590+0000] {logging_mixin.py:190} INFO - [2024-11-26T10:58:44.590+0000] {dag.py:3262} INFO - Creating ORM DAG for example_python_operator
[2024-11-26T10:58:44.591+0000] {logging_mixin.py:190} INFO - [2024-11-26T10:58:44.590+0000] {dag.py:4180} INFO - Setting next_dagrun for example_python_operator to None, run_after=None
[2024-11-26T10:58:44.603+0000] {processor.py:208} INFO - Processing /home/airflow/.local/lib/python3.12/site-packages/airflow/example_dags/example_python_operator.py took 0.177 seconds
[2024-11-26T10:59:14.928+0000] {processor.py:186} INFO - Started process (PID=170) to work on /home/airflow/.local/lib/python3.12/site-packages/airflow/example_dags/example_python_operator.py
[2024-11-26T10:59:14.929+0000] {processor.py:914} INFO - Processing file /home/airflow/.local/lib/python3.12/site-packages/airflow/example_dags/example_python_operator.py for tasks to queue
[2024-11-26T10:59:14.931+0000] {logging_mixin.py:190} INFO - [2024-11-26T10:59:14.931+0000] {dagbag.py:588} INFO - Filling up the DagBag from /home/airflow/.local/lib/python3.12/site-packages/airflow/example_dags/example_python_operator.py
[2024-11-26T10:59:14.939+0000] {processor.py:925} INFO - DAG(s) 'example_python_operator' retrieved from /home/airflow/.local/lib/python3.12/site-packages/airflow/example_dags/example_python_operator.py
[2024-11-26T10:59:14.952+0000] {logging_mixin.py:190} INFO - [2024-11-26T10:59:14.952+0000] {dag.py:3239} INFO - Sync 1 DAGs
[2024-11-26T10:59:14.961+0000] {logging_mixin.py:190} INFO - [2024-11-26T10:59:14.961+0000] {dag.py:4180} INFO - Setting next_dagrun for example_python_operator to None, run_after=None
[2024-11-26T10:59:14.974+0000] {processor.py:208} INFO - Processing /home/airflow/.local/lib/python3.12/site-packages/airflow/example_dags/example_python_operator.py took 0.049 seconds
[2024-11-26T10:59:45.500+0000] {processor.py:186} INFO - Started process (PID=233) to work on /home/airflow/.local/lib/python3.12/site-packages/airflow/example_dags/example_python_operator.py
[2024-11-26T10:59:45.501+0000] {processor.py:914} INFO - Processing file /home/airflow/.local/lib/python3.12/site-packages/airflow/example_dags/example_python_operator.py for tasks to queue
[2024-11-26T10:59:45.504+0000] {logging_mixin.py:190} INFO - [2024-11-26T10:59:45.504+0000] {dagbag.py:588} INFO - Filling up the DagBag from /home/airflow/.local/lib/python3.12/site-packages/airflow/example_dags/example_python_operator.py
[2024-11-26T10:59:45.514+0000] {processor.py:925} INFO - DAG(s) 'example_python_operator' retrieved from /home/airflow/.local/lib/python3.12/site-packages/airflow/example_dags/example_python_operator.py
[2024-11-26T10:59:45.537+0000] {logging_mixin.py:190} INFO - [2024-11-26T10:59:45.537+0000] {dag.py:3239} INFO - Sync 1 DAGs
[2024-11-26T10:59:45.548+0000] {logging_mixin.py:190} INFO - [2024-11-26T10:59:45.548+0000] {dag.py:4180} INFO - Setting next_dagrun for example_python_operator to None, run_after=None
[2024-11-26T10:59:45.566+0000] {processor.py:208} INFO - Processing /home/airflow/.local/lib/python3.12/site-packages/airflow/example_dags/example_python_operator.py took 0.072 seconds
[2024-11-26T11:00:15.602+0000] {processor.py:186} INFO - Started process (PID=295) to work on /home/airflow/.local/lib/python3.12/site-packages/airflow/example_dags/example_python_operator.py
[2024-11-26T11:00:15.603+0000] {processor.py:914} INFO - Processing file /home/airflow/.local/lib/python3.12/site-packages/airflow/example_dags/example_python_operator.py for tasks to queue
[2024-11-26T11:00:15.607+0000] {logging_mixin.py:190} INFO - [2024-11-26T11:00:15.607+0000] {dagbag.py:588} INFO - Filling up the DagBag from /home/airflow/.local/lib/python3.12/site-packages/airflow/example_dags/example_python_operator.py
[2024-11-26T11:00:15.618+0000] {processor.py:925} INFO - DAG(s) 'example_python_operator' retrieved from /home/airflow/.local/lib/python3.12/site-packages/airflow/example_dags/example_python_operator.py
[2024-11-26T11:00:15.635+0000] {logging_mixin.py:190} INFO - [2024-11-26T11:00:15.635+0000] {dag.py:3239} INFO - Sync 1 DAGs
[2024-11-26T11:00:15.646+0000] {logging_mixin.py:190} INFO - [2024-11-26T11:00:15.646+0000] {dag.py:4180} INFO - Setting next_dagrun for example_python_operator to None, run_after=None
[2024-11-26T11:00:15.663+0000] {processor.py:208} INFO - Processing /home/airflow/.local/lib/python3.12/site-packages/airflow/example_dags/example_python_operator.py took 0.069 seconds
[2024-11-26T11:00:45.941+0000] {processor.py:186} INFO - Started process (PID=357) to work on /home/airflow/.local/lib/python3.12/site-packages/airflow/example_dags/example_python_operator.py
[2024-11-26T11:00:45.942+0000] {processor.py:914} INFO - Processing file /home/airflow/.local/lib/python3.12/site-packages/airflow/example_dags/example_python_operator.py for tasks to queue
[2024-11-26T11:00:45.944+0000] {logging_mixin.py:190} INFO - [2024-11-26T11:00:45.943+0000] {dagbag.py:588} INFO - Filling up the DagBag from /home/airflow/.local/lib/python3.12/site-packages/airflow/example_dags/example_python_operator.py
[2024-11-26T11:00:45.953+0000] {processor.py:925} INFO - DAG(s) 'example_python_operator' retrieved from /home/airflow/.local/lib/python3.12/site-packages/airflow/example_dags/example_python_operator.py
[2024-11-26T11:00:45.968+0000] {logging_mixin.py:190} INFO - [2024-11-26T11:00:45.968+0000] {dag.py:3239} INFO - Sync 1 DAGs
[2024-11-26T11:00:45.977+0000] {logging_mixin.py:190} INFO - [2024-11-26T11:00:45.977+0000] {dag.py:4180} INFO - Setting next_dagrun for example_python_operator to None, run_after=None
[2024-11-26T11:00:45.991+0000] {processor.py:208} INFO - Processing /home/airflow/.local/lib/python3.12/site-packages/airflow/example_dags/example_python_operator.py took 0.055 seconds
[2024-11-26T11:01:16.757+0000] {processor.py:186} INFO - Started process (PID=419) to work on /home/airflow/.local/lib/python3.12/site-packages/airflow/example_dags/example_python_operator.py
[2024-11-26T11:01:16.758+0000] {processor.py:914} INFO - Processing file /home/airflow/.local/lib/python3.12/site-packages/airflow/example_dags/example_python_operator.py for tasks to queue
[2024-11-26T11:01:16.760+0000] {logging_mixin.py:190} INFO - [2024-11-26T11:01:16.760+0000] {dagbag.py:588} INFO - Filling up the DagBag from /home/airflow/.local/lib/python3.12/site-packages/airflow/example_dags/example_python_operator.py
[2024-11-26T11:01:16.769+0000] {processor.py:925} INFO - DAG(s) 'example_python_operator' retrieved from /home/airflow/.local/lib/python3.12/site-packages/airflow/example_dags/example_python_operator.py
[2024-11-26T11:01:16.789+0000] {logging_mixin.py:190} INFO - [2024-11-26T11:01:16.788+0000] {dag.py:3239} INFO - Sync 1 DAGs
[2024-11-26T11:01:16.800+0000] {logging_mixin.py:190} INFO - [2024-11-26T11:01:16.800+0000] {dag.py:4180} INFO - Setting next_dagrun for example_python_operator to None, run_after=None
[2024-11-26T11:01:16.815+0000] {processor.py:208} INFO - Processing /home/airflow/.local/lib/python3.12/site-packages/airflow/example_dags/example_python_operator.py took 0.063 seconds
[2024-11-26T11:01:47.688+0000] {processor.py:186} INFO - Started process (PID=482) to work on /home/airflow/.local/lib/python3.12/site-packages/airflow/example_dags/example_python_operator.py
[2024-11-26T11:01:47.689+0000] {processor.py:914} INFO - Processing file /home/airflow/.local/lib/python3.12/site-packages/airflow/example_dags/example_python_operator.py for tasks to queue
[2024-11-26T11:01:47.691+0000] {logging_mixin.py:190} INFO - [2024-11-26T11:01:47.691+0000] {dagbag.py:588} INFO - Filling up the DagBag from /home/airflow/.local/lib/python3.12/site-packages/airflow/example_dags/example_python_operator.py
[2024-11-26T11:01:47.701+0000] {processor.py:925} INFO - DAG(s) 'example_python_operator' retrieved from /home/airflow/.local/lib/python3.12/site-packages/airflow/example_dags/example_python_operator.py
[2024-11-26T11:01:47.724+0000] {logging_mixin.py:190} INFO - [2024-11-26T11:01:47.724+0000] {dag.py:3239} INFO - Sync 1 DAGs
[2024-11-26T11:01:47.735+0000] {logging_mixin.py:190} INFO - [2024-11-26T11:01:47.735+0000] {dag.py:4180} INFO - Setting next_dagrun for example_python_operator to None, run_after=None
[2024-11-26T11:01:47.753+0000] {processor.py:208} INFO - Processing /home/airflow/.local/lib/python3.12/site-packages/airflow/example_dags/example_python_operator.py took 0.069 seconds
[2024-11-26T11:02:18.311+0000] {processor.py:186} INFO - Started process (PID=545) to work on /home/airflow/.local/lib/python3.12/site-packages/airflow/example_dags/example_python_operator.py
[2024-11-26T11:02:18.312+0000] {processor.py:914} INFO - Processing file /home/airflow/.local/lib/python3.12/site-packages/airflow/example_dags/example_python_operator.py for tasks to queue
[2024-11-26T11:02:18.314+0000] {logging_mixin.py:190} INFO - [2024-11-26T11:02:18.314+0000] {dagbag.py:588} INFO - Filling up the DagBag from /home/airflow/.local/lib/python3.12/site-packages/airflow/example_dags/example_python_operator.py
[2024-11-26T11:02:18.324+0000] {processor.py:925} INFO - DAG(s) 'example_python_operator' retrieved from /home/airflow/.local/lib/python3.12/site-packages/airflow/example_dags/example_python_operator.py
[2024-11-26T11:02:18.344+0000] {logging_mixin.py:190} INFO - [2024-11-26T11:02:18.344+0000] {dag.py:3239} INFO - Sync 1 DAGs
[2024-11-26T11:02:18.354+0000] {logging_mixin.py:190} INFO - [2024-11-26T11:02:18.353+0000] {dag.py:4180} INFO - Setting next_dagrun for example_python_operator to None, run_after=None
[2024-11-26T11:02:18.368+0000] {processor.py:208} INFO - Processing /home/airflow/.local/lib/python3.12/site-packages/airflow/example_dags/example_python_operator.py took 0.064 seconds
[2024-11-26T11:02:48.934+0000] {processor.py:186} INFO - Started process (PID=608) to work on /home/airflow/.local/lib/python3.12/site-packages/airflow/example_dags/example_python_operator.py
[2024-11-26T11:02:48.935+0000] {processor.py:914} INFO - Processing file /home/airflow/.local/lib/python3.12/site-packages/airflow/example_dags/example_python_operator.py for tasks to queue
[2024-11-26T11:02:48.938+0000] {logging_mixin.py:190} INFO - [2024-11-26T11:02:48.937+0000] {dagbag.py:588} INFO - Filling up the DagBag from /home/airflow/.local/lib/python3.12/site-packages/airflow/example_dags/example_python_operator.py
[2024-11-26T11:02:48.947+0000] {processor.py:925} INFO - DAG(s) 'example_python_operator' retrieved from /home/airflow/.local/lib/python3.12/site-packages/airflow/example_dags/example_python_operator.py
[2024-11-26T11:02:48.964+0000] {logging_mixin.py:190} INFO - [2024-11-26T11:02:48.963+0000] {dag.py:3239} INFO - Sync 1 DAGs
[2024-11-26T11:02:48.973+0000] {logging_mixin.py:190} INFO - [2024-11-26T11:02:48.973+0000] {dag.py:4180} INFO - Setting next_dagrun for example_python_operator to None, run_after=None
[2024-11-26T11:02:49.000+0000] {processor.py:208} INFO - Processing /home/airflow/.local/lib/python3.12/site-packages/airflow/example_dags/example_python_operator.py took 0.070 seconds
[2024-11-26T11:03:19.618+0000] {processor.py:186} INFO - Started process (PID=671) to work on /home/airflow/.local/lib/python3.12/site-packages/airflow/example_dags/example_python_operator.py
[2024-11-26T11:03:19.618+0000] {processor.py:914} INFO - Processing file /home/airflow/.local/lib/python3.12/site-packages/airflow/example_dags/example_python_operator.py for tasks to queue
[2024-11-26T11:03:19.620+0000] {logging_mixin.py:190} INFO - [2024-11-26T11:03:19.620+0000] {dagbag.py:588} INFO - Filling up the DagBag from /home/airflow/.local/lib/python3.12/site-packages/airflow/example_dags/example_python_operator.py
[2024-11-26T11:03:19.630+0000] {processor.py:925} INFO - DAG(s) 'example_python_operator' retrieved from /home/airflow/.local/lib/python3.12/site-packages/airflow/example_dags/example_python_operator.py
[2024-11-26T11:03:19.650+0000] {logging_mixin.py:190} INFO - [2024-11-26T11:03:19.650+0000] {dag.py:3239} INFO - Sync 1 DAGs
[2024-11-26T11:03:19.664+0000] {logging_mixin.py:190} INFO - [2024-11-26T11:03:19.664+0000] {dag.py:4180} INFO - Setting next_dagrun for example_python_operator to None, run_after=None
[2024-11-26T11:03:19.678+0000] {processor.py:208} INFO - Processing /home/airflow/.local/lib/python3.12/site-packages/airflow/example_dags/example_python_operator.py took 0.066 seconds
[2024-11-26T11:03:50.201+0000] {processor.py:186} INFO - Started process (PID=734) to work on /home/airflow/.local/lib/python3.12/site-packages/airflow/example_dags/example_python_operator.py
[2024-11-26T11:03:50.202+0000] {processor.py:914} INFO - Processing file /home/airflow/.local/lib/python3.12/site-packages/airflow/example_dags/example_python_operator.py for tasks to queue
[2024-11-26T11:03:50.204+0000] {logging_mixin.py:190} INFO - [2024-11-26T11:03:50.203+0000] {dagbag.py:588} INFO - Filling up the DagBag from /home/airflow/.local/lib/python3.12/site-packages/airflow/example_dags/example_python_operator.py
[2024-11-26T11:03:50.213+0000] {processor.py:925} INFO - DAG(s) 'example_python_operator' retrieved from /home/airflow/.local/lib/python3.12/site-packages/airflow/example_dags/example_python_operator.py
[2024-11-26T11:03:50.231+0000] {logging_mixin.py:190} INFO - [2024-11-26T11:03:50.231+0000] {dag.py:3239} INFO - Sync 1 DAGs
[2024-11-26T11:03:50.241+0000] {logging_mixin.py:190} INFO - [2024-11-26T11:03:50.240+0000] {dag.py:4180} INFO - Setting next_dagrun for example_python_operator to None, run_after=None
[2024-11-26T11:03:50.254+0000] {processor.py:208} INFO - Processing /home/airflow/.local/lib/python3.12/site-packages/airflow/example_dags/example_python_operator.py took 0.057 seconds
[2024-11-26T11:04:21.143+0000] {processor.py:186} INFO - Started process (PID=797) to work on /home/airflow/.local/lib/python3.12/site-packages/airflow/example_dags/example_python_operator.py
[2024-11-26T11:04:21.144+0000] {processor.py:914} INFO - Processing file /home/airflow/.local/lib/python3.12/site-packages/airflow/example_dags/example_python_operator.py for tasks to queue
[2024-11-26T11:04:21.146+0000] {logging_mixin.py:190} INFO - [2024-11-26T11:04:21.146+0000] {dagbag.py:588} INFO - Filling up the DagBag from /home/airflow/.local/lib/python3.12/site-packages/airflow/example_dags/example_python_operator.py
[2024-11-26T11:04:21.160+0000] {processor.py:925} INFO - DAG(s) 'example_python_operator' retrieved from /home/airflow/.local/lib/python3.12/site-packages/airflow/example_dags/example_python_operator.py
[2024-11-26T11:04:21.182+0000] {logging_mixin.py:190} INFO - [2024-11-26T11:04:21.181+0000] {dag.py:3239} INFO - Sync 1 DAGs
[2024-11-26T11:04:21.198+0000] {logging_mixin.py:190} INFO - [2024-11-26T11:04:21.198+0000] {dag.py:4180} INFO - Setting next_dagrun for example_python_operator to None, run_after=None
[2024-11-26T11:04:21.220+0000] {processor.py:208} INFO - Processing /home/airflow/.local/lib/python3.12/site-packages/airflow/example_dags/example_python_operator.py took 0.087 seconds
[2024-11-26T11:04:52.008+0000] {processor.py:186} INFO - Started process (PID=860) to work on /home/airflow/.local/lib/python3.12/site-packages/airflow/example_dags/example_python_operator.py
[2024-11-26T11:04:52.009+0000] {processor.py:914} INFO - Processing file /home/airflow/.local/lib/python3.12/site-packages/airflow/example_dags/example_python_operator.py for tasks to queue
[2024-11-26T11:04:52.010+0000] {logging_mixin.py:190} INFO - [2024-11-26T11:04:52.010+0000] {dagbag.py:588} INFO - Filling up the DagBag from /home/airflow/.local/lib/python3.12/site-packages/airflow/example_dags/example_python_operator.py
[2024-11-26T11:04:52.019+0000] {processor.py:925} INFO - DAG(s) 'example_python_operator' retrieved from /home/airflow/.local/lib/python3.12/site-packages/airflow/example_dags/example_python_operator.py
[2024-11-26T11:04:52.033+0000] {logging_mixin.py:190} INFO - [2024-11-26T11:04:52.032+0000] {dag.py:3239} INFO - Sync 1 DAGs
[2024-11-26T11:04:52.042+0000] {logging_mixin.py:190} INFO - [2024-11-26T11:04:52.042+0000] {dag.py:4180} INFO - Setting next_dagrun for example_python_operator to None, run_after=None
[2024-11-26T11:04:52.057+0000] {processor.py:208} INFO - Processing /home/airflow/.local/lib/python3.12/site-packages/airflow/example_dags/example_python_operator.py took 0.053 seconds
[2024-11-26T11:05:22.327+0000] {processor.py:186} INFO - Started process (PID=922) to work on /home/airflow/.local/lib/python3.12/site-packages/airflow/example_dags/example_python_operator.py
[2024-11-26T11:05:22.328+0000] {processor.py:914} INFO - Processing file /home/airflow/.local/lib/python3.12/site-packages/airflow/example_dags/example_python_operator.py for tasks to queue
[2024-11-26T11:05:22.330+0000] {logging_mixin.py:190} INFO - [2024-11-26T11:05:22.329+0000] {dagbag.py:588} INFO - Filling up the DagBag from /home/airflow/.local/lib/python3.12/site-packages/airflow/example_dags/example_python_operator.py
[2024-11-26T11:05:22.339+0000] {processor.py:925} INFO - DAG(s) 'example_python_operator' retrieved from /home/airflow/.local/lib/python3.12/site-packages/airflow/example_dags/example_python_operator.py
[2024-11-26T11:05:22.353+0000] {logging_mixin.py:190} INFO - [2024-11-26T11:05:22.353+0000] {dag.py:3239} INFO - Sync 1 DAGs
[2024-11-26T11:05:22.362+0000] {logging_mixin.py:190} INFO - [2024-11-26T11:05:22.362+0000] {dag.py:4180} INFO - Setting next_dagrun for example_python_operator to None, run_after=None
[2024-11-26T11:05:22.377+0000] {processor.py:208} INFO - Processing /home/airflow/.local/lib/python3.12/site-packages/airflow/example_dags/example_python_operator.py took 0.054 seconds
[2024-11-26T11:05:52.831+0000] {processor.py:186} INFO - Started process (PID=985) to work on /home/airflow/.local/lib/python3.12/site-packages/airflow/example_dags/example_python_operator.py
[2024-11-26T11:05:52.832+0000] {processor.py:914} INFO - Processing file /home/airflow/.local/lib/python3.12/site-packages/airflow/example_dags/example_python_operator.py for tasks to queue
[2024-11-26T11:05:52.834+0000] {logging_mixin.py:190} INFO - [2024-11-26T11:05:52.834+0000] {dagbag.py:588} INFO - Filling up the DagBag from /home/airflow/.local/lib/python3.12/site-packages/airflow/example_dags/example_python_operator.py
[2024-11-26T11:05:52.843+0000] {processor.py:925} INFO - DAG(s) 'example_python_operator' retrieved from /home/airflow/.local/lib/python3.12/site-packages/airflow/example_dags/example_python_operator.py
[2024-11-26T11:05:52.856+0000] {logging_mixin.py:190} INFO - [2024-11-26T11:05:52.855+0000] {dag.py:3239} INFO - Sync 1 DAGs
[2024-11-26T11:05:52.865+0000] {logging_mixin.py:190} INFO - [2024-11-26T11:05:52.865+0000] {dag.py:4180} INFO - Setting next_dagrun for example_python_operator to None, run_after=None
[2024-11-26T11:05:52.879+0000] {processor.py:208} INFO - Processing /home/airflow/.local/lib/python3.12/site-packages/airflow/example_dags/example_python_operator.py took 0.053 seconds
[2024-11-26T11:06:23.297+0000] {processor.py:186} INFO - Started process (PID=1048) to work on /home/airflow/.local/lib/python3.12/site-packages/airflow/example_dags/example_python_operator.py
[2024-11-26T11:06:23.298+0000] {processor.py:914} INFO - Processing file /home/airflow/.local/lib/python3.12/site-packages/airflow/example_dags/example_python_operator.py for tasks to queue
[2024-11-26T11:06:23.300+0000] {logging_mixin.py:190} INFO - [2024-11-26T11:06:23.299+0000] {dagbag.py:588} INFO - Filling up the DagBag from /home/airflow/.local/lib/python3.12/site-packages/airflow/example_dags/example_python_operator.py
[2024-11-26T11:06:23.308+0000] {processor.py:925} INFO - DAG(s) 'example_python_operator' retrieved from /home/airflow/.local/lib/python3.12/site-packages/airflow/example_dags/example_python_operator.py
[2024-11-26T11:06:23.325+0000] {logging_mixin.py:190} INFO - [2024-11-26T11:06:23.324+0000] {dag.py:3239} INFO - Sync 1 DAGs
[2024-11-26T11:06:23.334+0000] {logging_mixin.py:190} INFO - [2024-11-26T11:06:23.333+0000] {dag.py:4180} INFO - Setting next_dagrun for example_python_operator to None, run_after=None
[2024-11-26T11:06:23.349+0000] {processor.py:208} INFO - Processing /home/airflow/.local/lib/python3.12/site-packages/airflow/example_dags/example_python_operator.py took 0.056 seconds
[2024-11-26T11:06:54.119+0000] {processor.py:186} INFO - Started process (PID=1111) to work on /home/airflow/.local/lib/python3.12/site-packages/airflow/example_dags/example_python_operator.py
[2024-11-26T11:06:54.120+0000] {processor.py:914} INFO - Processing file /home/airflow/.local/lib/python3.12/site-packages/airflow/example_dags/example_python_operator.py for tasks to queue
[2024-11-26T11:06:54.122+0000] {logging_mixin.py:190} INFO - [2024-11-26T11:06:54.122+0000] {dagbag.py:588} INFO - Filling up the DagBag from /home/airflow/.local/lib/python3.12/site-packages/airflow/example_dags/example_python_operator.py
[2024-11-26T11:06:54.131+0000] {processor.py:925} INFO - DAG(s) 'example_python_operator' retrieved from /home/airflow/.local/lib/python3.12/site-packages/airflow/example_dags/example_python_operator.py
[2024-11-26T11:06:54.146+0000] {logging_mixin.py:190} INFO - [2024-11-26T11:06:54.145+0000] {dag.py:3239} INFO - Sync 1 DAGs
[2024-11-26T11:06:54.155+0000] {logging_mixin.py:190} INFO - [2024-11-26T11:06:54.155+0000] {dag.py:4180} INFO - Setting next_dagrun for example_python_operator to None, run_after=None
[2024-11-26T11:06:54.171+0000] {processor.py:208} INFO - Processing /home/airflow/.local/lib/python3.12/site-packages/airflow/example_dags/example_python_operator.py took 0.056 seconds
[2024-11-26T11:07:24.476+0000] {processor.py:186} INFO - Started process (PID=1173) to work on /home/airflow/.local/lib/python3.12/site-packages/airflow/example_dags/example_python_operator.py
[2024-11-26T11:07:24.477+0000] {processor.py:914} INFO - Processing file /home/airflow/.local/lib/python3.12/site-packages/airflow/example_dags/example_python_operator.py for tasks to queue
[2024-11-26T11:07:24.479+0000] {logging_mixin.py:190} INFO - [2024-11-26T11:07:24.479+0000] {dagbag.py:588} INFO - Filling up the DagBag from /home/airflow/.local/lib/python3.12/site-packages/airflow/example_dags/example_python_operator.py
[2024-11-26T11:07:24.490+0000] {processor.py:925} INFO - DAG(s) 'example_python_operator' retrieved from /home/airflow/.local/lib/python3.12/site-packages/airflow/example_dags/example_python_operator.py
[2024-11-26T11:07:24.510+0000] {logging_mixin.py:190} INFO - [2024-11-26T11:07:24.510+0000] {dag.py:3239} INFO - Sync 1 DAGs
[2024-11-26T11:07:24.522+0000] {logging_mixin.py:190} INFO - [2024-11-26T11:07:24.522+0000] {dag.py:4180} INFO - Setting next_dagrun for example_python_operator to None, run_after=None
[2024-11-26T11:07:24.544+0000] {processor.py:208} INFO - Processing /home/airflow/.local/lib/python3.12/site-packages/airflow/example_dags/example_python_operator.py took 0.073 seconds
[2024-11-26T11:07:55.511+0000] {processor.py:186} INFO - Started process (PID=1236) to work on /home/airflow/.local/lib/python3.12/site-packages/airflow/example_dags/example_python_operator.py
[2024-11-26T11:07:55.511+0000] {processor.py:914} INFO - Processing file /home/airflow/.local/lib/python3.12/site-packages/airflow/example_dags/example_python_operator.py for tasks to queue
[2024-11-26T11:07:55.513+0000] {logging_mixin.py:190} INFO - [2024-11-26T11:07:55.513+0000] {dagbag.py:588} INFO - Filling up the DagBag from /home/airflow/.local/lib/python3.12/site-packages/airflow/example_dags/example_python_operator.py
[2024-11-26T11:07:55.522+0000] {processor.py:925} INFO - DAG(s) 'example_python_operator' retrieved from /home/airflow/.local/lib/python3.12/site-packages/airflow/example_dags/example_python_operator.py
[2024-11-26T11:07:55.537+0000] {logging_mixin.py:190} INFO - [2024-11-26T11:07:55.536+0000] {dag.py:3239} INFO - Sync 1 DAGs
[2024-11-26T11:07:55.545+0000] {logging_mixin.py:190} INFO - [2024-11-26T11:07:55.545+0000] {dag.py:4180} INFO - Setting next_dagrun for example_python_operator to None, run_after=None
[2024-11-26T11:07:55.558+0000] {processor.py:208} INFO - Processing /home/airflow/.local/lib/python3.12/site-packages/airflow/example_dags/example_python_operator.py took 0.051 seconds
[2024-11-26T11:08:25.668+0000] {processor.py:186} INFO - Started process (PID=1299) to work on /home/airflow/.local/lib/python3.12/site-packages/airflow/example_dags/example_python_operator.py
[2024-11-26T11:08:25.670+0000] {processor.py:914} INFO - Processing file /home/airflow/.local/lib/python3.12/site-packages/airflow/example_dags/example_python_operator.py for tasks to queue
[2024-11-26T11:08:25.672+0000] {logging_mixin.py:190} INFO - [2024-11-26T11:08:25.671+0000] {dagbag.py:588} INFO - Filling up the DagBag from /home/airflow/.local/lib/python3.12/site-packages/airflow/example_dags/example_python_operator.py
[2024-11-26T11:08:25.681+0000] {processor.py:925} INFO - DAG(s) 'example_python_operator' retrieved from /home/airflow/.local/lib/python3.12/site-packages/airflow/example_dags/example_python_operator.py
[2024-11-26T11:08:25.697+0000] {logging_mixin.py:190} INFO - [2024-11-26T11:08:25.696+0000] {dag.py:3239} INFO - Sync 1 DAGs
[2024-11-26T11:08:25.706+0000] {logging_mixin.py:190} INFO - [2024-11-26T11:08:25.706+0000] {dag.py:4180} INFO - Setting next_dagrun for example_python_operator to None, run_after=None
[2024-11-26T11:08:25.723+0000] {processor.py:208} INFO - Processing /home/airflow/.local/lib/python3.12/site-packages/airflow/example_dags/example_python_operator.py took 0.060 seconds
[2024-11-26T11:08:56.620+0000] {processor.py:186} INFO - Started process (PID=1362) to work on /home/airflow/.local/lib/python3.12/site-packages/airflow/example_dags/example_python_operator.py
[2024-11-26T11:08:56.621+0000] {processor.py:914} INFO - Processing file /home/airflow/.local/lib/python3.12/site-packages/airflow/example_dags/example_python_operator.py for tasks to queue
[2024-11-26T11:08:56.623+0000] {logging_mixin.py:190} INFO - [2024-11-26T11:08:56.622+0000] {dagbag.py:588} INFO - Filling up the DagBag from /home/airflow/.local/lib/python3.12/site-packages/airflow/example_dags/example_python_operator.py
[2024-11-26T11:08:56.640+0000] {processor.py:925} INFO - DAG(s) 'example_python_operator' retrieved from /home/airflow/.local/lib/python3.12/site-packages/airflow/example_dags/example_python_operator.py
[2024-11-26T11:08:56.664+0000] {logging_mixin.py:190} INFO - [2024-11-26T11:08:56.663+0000] {dag.py:3239} INFO - Sync 1 DAGs
[2024-11-26T11:08:56.684+0000] {logging_mixin.py:190} INFO - [2024-11-26T11:08:56.683+0000] {dag.py:4180} INFO - Setting next_dagrun for example_python_operator to None, run_after=None
[2024-11-26T11:08:56.699+0000] {processor.py:208} INFO - Processing /home/airflow/.local/lib/python3.12/site-packages/airflow/example_dags/example_python_operator.py took 0.085 seconds
[2024-11-26T11:09:26.962+0000] {processor.py:186} INFO - Started process (PID=1425) to work on /home/airflow/.local/lib/python3.12/site-packages/airflow/example_dags/example_python_operator.py
[2024-11-26T11:09:26.963+0000] {processor.py:914} INFO - Processing file /home/airflow/.local/lib/python3.12/site-packages/airflow/example_dags/example_python_operator.py for tasks to queue
[2024-11-26T11:09:26.966+0000] {logging_mixin.py:190} INFO - [2024-11-26T11:09:26.965+0000] {dagbag.py:588} INFO - Filling up the DagBag from /home/airflow/.local/lib/python3.12/site-packages/airflow/example_dags/example_python_operator.py
[2024-11-26T11:09:26.974+0000] {processor.py:925} INFO - DAG(s) 'example_python_operator' retrieved from /home/airflow/.local/lib/python3.12/site-packages/airflow/example_dags/example_python_operator.py
[2024-11-26T11:09:26.992+0000] {logging_mixin.py:190} INFO - [2024-11-26T11:09:26.992+0000] {dag.py:3239} INFO - Sync 1 DAGs
[2024-11-26T11:09:27.004+0000] {logging_mixin.py:190} INFO - [2024-11-26T11:09:27.004+0000] {dag.py:4180} INFO - Setting next_dagrun for example_python_operator to None, run_after=None
[2024-11-26T11:09:27.017+0000] {processor.py:208} INFO - Processing /home/airflow/.local/lib/python3.12/site-packages/airflow/example_dags/example_python_operator.py took 0.062 seconds
[2024-11-26T11:09:57.389+0000] {processor.py:186} INFO - Started process (PID=1488) to work on /home/airflow/.local/lib/python3.12/site-packages/airflow/example_dags/example_python_operator.py
[2024-11-26T11:09:57.391+0000] {processor.py:914} INFO - Processing file /home/airflow/.local/lib/python3.12/site-packages/airflow/example_dags/example_python_operator.py for tasks to queue
[2024-11-26T11:09:57.394+0000] {logging_mixin.py:190} INFO - [2024-11-26T11:09:57.394+0000] {dagbag.py:588} INFO - Filling up the DagBag from /home/airflow/.local/lib/python3.12/site-packages/airflow/example_dags/example_python_operator.py
[2024-11-26T11:09:57.404+0000] {processor.py:925} INFO - DAG(s) 'example_python_operator' retrieved from /home/airflow/.local/lib/python3.12/site-packages/airflow/example_dags/example_python_operator.py
[2024-11-26T11:09:57.426+0000] {logging_mixin.py:190} INFO - [2024-11-26T11:09:57.426+0000] {dag.py:3239} INFO - Sync 1 DAGs
[2024-11-26T11:09:57.438+0000] {logging_mixin.py:190} INFO - [2024-11-26T11:09:57.438+0000] {dag.py:4180} INFO - Setting next_dagrun for example_python_operator to None, run_after=None
[2024-11-26T11:09:57.463+0000] {processor.py:208} INFO - Processing /home/airflow/.local/lib/python3.12/site-packages/airflow/example_dags/example_python_operator.py took 0.080 seconds
[2024-11-26T11:10:28.531+0000] {processor.py:186} INFO - Started process (PID=1551) to work on /home/airflow/.local/lib/python3.12/site-packages/airflow/example_dags/example_python_operator.py
[2024-11-26T11:10:28.532+0000] {processor.py:914} INFO - Processing file /home/airflow/.local/lib/python3.12/site-packages/airflow/example_dags/example_python_operator.py for tasks to queue
[2024-11-26T11:10:28.534+0000] {logging_mixin.py:190} INFO - [2024-11-26T11:10:28.534+0000] {dagbag.py:588} INFO - Filling up the DagBag from /home/airflow/.local/lib/python3.12/site-packages/airflow/example_dags/example_python_operator.py
[2024-11-26T11:10:28.545+0000] {processor.py:925} INFO - DAG(s) 'example_python_operator' retrieved from /home/airflow/.local/lib/python3.12/site-packages/airflow/example_dags/example_python_operator.py
[2024-11-26T11:10:28.573+0000] {logging_mixin.py:190} INFO - [2024-11-26T11:10:28.573+0000] {dag.py:3239} INFO - Sync 1 DAGs
[2024-11-26T11:10:28.587+0000] {logging_mixin.py:190} INFO - [2024-11-26T11:10:28.586+0000] {dag.py:4180} INFO - Setting next_dagrun for example_python_operator to None, run_after=None
[2024-11-26T11:10:28.612+0000] {processor.py:208} INFO - Processing /home/airflow/.local/lib/python3.12/site-packages/airflow/example_dags/example_python_operator.py took 0.085 seconds
[2024-11-26T11:10:59.173+0000] {processor.py:186} INFO - Started process (PID=1614) to work on /home/airflow/.local/lib/python3.12/site-packages/airflow/example_dags/example_python_operator.py
[2024-11-26T11:10:59.174+0000] {processor.py:914} INFO - Processing file /home/airflow/.local/lib/python3.12/site-packages/airflow/example_dags/example_python_operator.py for tasks to queue
[2024-11-26T11:10:59.176+0000] {logging_mixin.py:190} INFO - [2024-11-26T11:10:59.176+0000] {dagbag.py:588} INFO - Filling up the DagBag from /home/airflow/.local/lib/python3.12/site-packages/airflow/example_dags/example_python_operator.py
[2024-11-26T11:10:59.187+0000] {processor.py:925} INFO - DAG(s) 'example_python_operator' retrieved from /home/airflow/.local/lib/python3.12/site-packages/airflow/example_dags/example_python_operator.py
[2024-11-26T11:10:59.207+0000] {logging_mixin.py:190} INFO - [2024-11-26T11:10:59.207+0000] {dag.py:3239} INFO - Sync 1 DAGs
[2024-11-26T11:10:59.217+0000] {logging_mixin.py:190} INFO - [2024-11-26T11:10:59.217+0000] {dag.py:4180} INFO - Setting next_dagrun for example_python_operator to None, run_after=None
[2024-11-26T11:10:59.236+0000] {processor.py:208} INFO - Processing /home/airflow/.local/lib/python3.12/site-packages/airflow/example_dags/example_python_operator.py took 0.070 seconds
[2024-11-26T11:11:29.880+0000] {processor.py:186} INFO - Started process (PID=1677) to work on /home/airflow/.local/lib/python3.12/site-packages/airflow/example_dags/example_python_operator.py
[2024-11-26T11:11:29.882+0000] {processor.py:914} INFO - Processing file /home/airflow/.local/lib/python3.12/site-packages/airflow/example_dags/example_python_operator.py for tasks to queue
[2024-11-26T11:11:29.885+0000] {logging_mixin.py:190} INFO - [2024-11-26T11:11:29.884+0000] {dagbag.py:588} INFO - Filling up the DagBag from /home/airflow/.local/lib/python3.12/site-packages/airflow/example_dags/example_python_operator.py
[2024-11-26T11:11:29.896+0000] {processor.py:925} INFO - DAG(s) 'example_python_operator' retrieved from /home/airflow/.local/lib/python3.12/site-packages/airflow/example_dags/example_python_operator.py
[2024-11-26T11:11:29.913+0000] {logging_mixin.py:190} INFO - [2024-11-26T11:11:29.913+0000] {dag.py:3239} INFO - Sync 1 DAGs
[2024-11-26T11:11:29.922+0000] {logging_mixin.py:190} INFO - [2024-11-26T11:11:29.922+0000] {dag.py:4180} INFO - Setting next_dagrun for example_python_operator to None, run_after=None
[2024-11-26T11:11:29.938+0000] {processor.py:208} INFO - Processing /home/airflow/.local/lib/python3.12/site-packages/airflow/example_dags/example_python_operator.py took 0.063 seconds
