[2024-11-26T10:58:40.307+0000] {processor.py:186} INFO - Started process (PID=74) to work on /home/airflow/.local/lib/python3.12/site-packages/airflow/example_dags/example_latest_only.py
[2024-11-26T10:58:40.309+0000] {processor.py:914} INFO - Processing file /home/airflow/.local/lib/python3.12/site-packages/airflow/example_dags/example_latest_only.py for tasks to queue
[2024-11-26T10:58:40.312+0000] {logging_mixin.py:190} INFO - [2024-11-26T10:58:40.311+0000] {dagbag.py:588} INFO - Filling up the DagBag from /home/airflow/.local/lib/python3.12/site-packages/airflow/example_dags/example_latest_only.py
[2024-11-26T10:58:40.320+0000] {processor.py:925} INFO - DAG(s) 'latest_only' retrieved from /home/airflow/.local/lib/python3.12/site-packages/airflow/example_dags/example_latest_only.py
[2024-11-26T10:58:40.409+0000] {logging_mixin.py:190} INFO - [2024-11-26T10:58:40.409+0000] {override.py:1911} INFO - Created Permission View: can delete on DAG:latest_only
[2024-11-26T10:58:40.421+0000] {logging_mixin.py:190} INFO - [2024-11-26T10:58:40.420+0000] {override.py:1911} INFO - Created Permission View: can read on DAG:latest_only
[2024-11-26T10:58:40.430+0000] {logging_mixin.py:190} INFO - [2024-11-26T10:58:40.430+0000] {override.py:1911} INFO - Created Permission View: can edit on DAG:latest_only
[2024-11-26T10:58:40.440+0000] {logging_mixin.py:190} INFO - [2024-11-26T10:58:40.439+0000] {override.py:1911} INFO - Created Permission View: can create on DAG Run:latest_only
[2024-11-26T10:58:40.449+0000] {logging_mixin.py:190} INFO - [2024-11-26T10:58:40.448+0000] {override.py:1911} INFO - Created Permission View: can read on DAG Run:latest_only
[2024-11-26T10:58:40.456+0000] {logging_mixin.py:190} INFO - [2024-11-26T10:58:40.456+0000] {override.py:1911} INFO - Created Permission View: menu access on DAG Run:latest_only
[2024-11-26T10:58:40.464+0000] {logging_mixin.py:190} INFO - [2024-11-26T10:58:40.463+0000] {override.py:1911} INFO - Created Permission View: can delete on DAG Run:latest_only
[2024-11-26T10:58:40.464+0000] {logging_mixin.py:190} INFO - [2024-11-26T10:58:40.464+0000] {dag.py:3239} INFO - Sync 1 DAGs
[2024-11-26T10:58:40.476+0000] {logging_mixin.py:190} INFO - [2024-11-26T10:58:40.476+0000] {dag.py:3262} INFO - Creating ORM DAG for latest_only
[2024-11-26T10:58:40.485+0000] {logging_mixin.py:190} INFO - [2024-11-26T10:58:40.485+0000] {dag.py:4180} INFO - Setting next_dagrun for latest_only to 2024-11-26 04:00:00+00:00, run_after=2024-11-26 08:00:00+00:00
[2024-11-26T10:58:40.509+0000] {processor.py:208} INFO - Processing /home/airflow/.local/lib/python3.12/site-packages/airflow/example_dags/example_latest_only.py took 0.206 seconds
[2024-11-26T10:59:10.642+0000] {processor.py:186} INFO - Started process (PID=136) to work on /home/airflow/.local/lib/python3.12/site-packages/airflow/example_dags/example_latest_only.py
[2024-11-26T10:59:10.643+0000] {processor.py:914} INFO - Processing file /home/airflow/.local/lib/python3.12/site-packages/airflow/example_dags/example_latest_only.py for tasks to queue
[2024-11-26T10:59:10.646+0000] {logging_mixin.py:190} INFO - [2024-11-26T10:59:10.645+0000] {dagbag.py:588} INFO - Filling up the DagBag from /home/airflow/.local/lib/python3.12/site-packages/airflow/example_dags/example_latest_only.py
[2024-11-26T10:59:10.657+0000] {processor.py:925} INFO - DAG(s) 'latest_only' retrieved from /home/airflow/.local/lib/python3.12/site-packages/airflow/example_dags/example_latest_only.py
[2024-11-26T10:59:10.680+0000] {logging_mixin.py:190} INFO - [2024-11-26T10:59:10.680+0000] {dag.py:3239} INFO - Sync 1 DAGs
[2024-11-26T10:59:10.703+0000] {logging_mixin.py:190} INFO - [2024-11-26T10:59:10.703+0000] {dag.py:4180} INFO - Setting next_dagrun for latest_only to 2024-11-26 04:00:00+00:00, run_after=2024-11-26 08:00:00+00:00
[2024-11-26T10:59:10.722+0000] {processor.py:208} INFO - Processing /home/airflow/.local/lib/python3.12/site-packages/airflow/example_dags/example_latest_only.py took 0.086 seconds
[2024-11-26T10:59:40.819+0000] {processor.py:186} INFO - Started process (PID=199) to work on /home/airflow/.local/lib/python3.12/site-packages/airflow/example_dags/example_latest_only.py
[2024-11-26T10:59:40.820+0000] {processor.py:914} INFO - Processing file /home/airflow/.local/lib/python3.12/site-packages/airflow/example_dags/example_latest_only.py for tasks to queue
[2024-11-26T10:59:40.822+0000] {logging_mixin.py:190} INFO - [2024-11-26T10:59:40.822+0000] {dagbag.py:588} INFO - Filling up the DagBag from /home/airflow/.local/lib/python3.12/site-packages/airflow/example_dags/example_latest_only.py
[2024-11-26T10:59:40.830+0000] {processor.py:925} INFO - DAG(s) 'latest_only' retrieved from /home/airflow/.local/lib/python3.12/site-packages/airflow/example_dags/example_latest_only.py
[2024-11-26T10:59:40.844+0000] {logging_mixin.py:190} INFO - [2024-11-26T10:59:40.844+0000] {dag.py:3239} INFO - Sync 1 DAGs
[2024-11-26T10:59:40.858+0000] {logging_mixin.py:190} INFO - [2024-11-26T10:59:40.858+0000] {dag.py:4180} INFO - Setting next_dagrun for latest_only to 2024-11-26 04:00:00+00:00, run_after=2024-11-26 08:00:00+00:00
[2024-11-26T10:59:40.871+0000] {processor.py:208} INFO - Processing /home/airflow/.local/lib/python3.12/site-packages/airflow/example_dags/example_latest_only.py took 0.056 seconds
[2024-11-26T11:00:11.622+0000] {processor.py:186} INFO - Started process (PID=268) to work on /home/airflow/.local/lib/python3.12/site-packages/airflow/example_dags/example_latest_only.py
[2024-11-26T11:00:11.624+0000] {processor.py:914} INFO - Processing file /home/airflow/.local/lib/python3.12/site-packages/airflow/example_dags/example_latest_only.py for tasks to queue
[2024-11-26T11:00:11.627+0000] {logging_mixin.py:190} INFO - [2024-11-26T11:00:11.627+0000] {dagbag.py:588} INFO - Filling up the DagBag from /home/airflow/.local/lib/python3.12/site-packages/airflow/example_dags/example_latest_only.py
[2024-11-26T11:00:11.638+0000] {processor.py:925} INFO - DAG(s) 'latest_only' retrieved from /home/airflow/.local/lib/python3.12/site-packages/airflow/example_dags/example_latest_only.py
[2024-11-26T11:00:11.666+0000] {logging_mixin.py:190} INFO - [2024-11-26T11:00:11.666+0000] {dag.py:3239} INFO - Sync 1 DAGs
[2024-11-26T11:00:11.696+0000] {logging_mixin.py:190} INFO - [2024-11-26T11:00:11.695+0000] {dag.py:4180} INFO - Setting next_dagrun for latest_only to 2024-11-26 04:00:00+00:00, run_after=2024-11-26 08:00:00+00:00
[2024-11-26T11:00:11.720+0000] {processor.py:208} INFO - Processing /home/airflow/.local/lib/python3.12/site-packages/airflow/example_dags/example_latest_only.py took 0.104 seconds
[2024-11-26T11:00:42.079+0000] {processor.py:186} INFO - Started process (PID=330) to work on /home/airflow/.local/lib/python3.12/site-packages/airflow/example_dags/example_latest_only.py
[2024-11-26T11:00:42.080+0000] {processor.py:914} INFO - Processing file /home/airflow/.local/lib/python3.12/site-packages/airflow/example_dags/example_latest_only.py for tasks to queue
[2024-11-26T11:00:42.081+0000] {logging_mixin.py:190} INFO - [2024-11-26T11:00:42.081+0000] {dagbag.py:588} INFO - Filling up the DagBag from /home/airflow/.local/lib/python3.12/site-packages/airflow/example_dags/example_latest_only.py
[2024-11-26T11:00:42.087+0000] {processor.py:925} INFO - DAG(s) 'latest_only' retrieved from /home/airflow/.local/lib/python3.12/site-packages/airflow/example_dags/example_latest_only.py
[2024-11-26T11:00:42.102+0000] {logging_mixin.py:190} INFO - [2024-11-26T11:00:42.101+0000] {dag.py:3239} INFO - Sync 1 DAGs
[2024-11-26T11:00:42.120+0000] {logging_mixin.py:190} INFO - [2024-11-26T11:00:42.120+0000] {dag.py:4180} INFO - Setting next_dagrun for latest_only to 2024-11-26 04:00:00+00:00, run_after=2024-11-26 08:00:00+00:00
[2024-11-26T11:00:42.136+0000] {processor.py:208} INFO - Processing /home/airflow/.local/lib/python3.12/site-packages/airflow/example_dags/example_latest_only.py took 0.064 seconds
[2024-11-26T11:01:13.083+0000] {processor.py:186} INFO - Started process (PID=392) to work on /home/airflow/.local/lib/python3.12/site-packages/airflow/example_dags/example_latest_only.py
[2024-11-26T11:01:13.084+0000] {processor.py:914} INFO - Processing file /home/airflow/.local/lib/python3.12/site-packages/airflow/example_dags/example_latest_only.py for tasks to queue
[2024-11-26T11:01:13.087+0000] {logging_mixin.py:190} INFO - [2024-11-26T11:01:13.087+0000] {dagbag.py:588} INFO - Filling up the DagBag from /home/airflow/.local/lib/python3.12/site-packages/airflow/example_dags/example_latest_only.py
[2024-11-26T11:01:13.093+0000] {processor.py:925} INFO - DAG(s) 'latest_only' retrieved from /home/airflow/.local/lib/python3.12/site-packages/airflow/example_dags/example_latest_only.py
[2024-11-26T11:01:13.110+0000] {logging_mixin.py:190} INFO - [2024-11-26T11:01:13.110+0000] {dag.py:3239} INFO - Sync 1 DAGs
[2024-11-26T11:01:13.126+0000] {logging_mixin.py:190} INFO - [2024-11-26T11:01:13.126+0000] {dag.py:4180} INFO - Setting next_dagrun for latest_only to 2024-11-26 04:00:00+00:00, run_after=2024-11-26 08:00:00+00:00
[2024-11-26T11:01:13.139+0000] {processor.py:208} INFO - Processing /home/airflow/.local/lib/python3.12/site-packages/airflow/example_dags/example_latest_only.py took 0.061 seconds
[2024-11-26T11:01:43.929+0000] {processor.py:186} INFO - Started process (PID=455) to work on /home/airflow/.local/lib/python3.12/site-packages/airflow/example_dags/example_latest_only.py
[2024-11-26T11:01:43.930+0000] {processor.py:914} INFO - Processing file /home/airflow/.local/lib/python3.12/site-packages/airflow/example_dags/example_latest_only.py for tasks to queue
[2024-11-26T11:01:43.934+0000] {logging_mixin.py:190} INFO - [2024-11-26T11:01:43.933+0000] {dagbag.py:588} INFO - Filling up the DagBag from /home/airflow/.local/lib/python3.12/site-packages/airflow/example_dags/example_latest_only.py
[2024-11-26T11:01:43.942+0000] {processor.py:925} INFO - DAG(s) 'latest_only' retrieved from /home/airflow/.local/lib/python3.12/site-packages/airflow/example_dags/example_latest_only.py
[2024-11-26T11:01:43.964+0000] {logging_mixin.py:190} INFO - [2024-11-26T11:01:43.964+0000] {dag.py:3239} INFO - Sync 1 DAGs
[2024-11-26T11:01:43.987+0000] {logging_mixin.py:190} INFO - [2024-11-26T11:01:43.987+0000] {dag.py:4180} INFO - Setting next_dagrun for latest_only to 2024-11-26 04:00:00+00:00, run_after=2024-11-26 08:00:00+00:00
[2024-11-26T11:01:44.003+0000] {processor.py:208} INFO - Processing /home/airflow/.local/lib/python3.12/site-packages/airflow/example_dags/example_latest_only.py took 0.078 seconds
[2024-11-26T11:02:14.725+0000] {processor.py:186} INFO - Started process (PID=518) to work on /home/airflow/.local/lib/python3.12/site-packages/airflow/example_dags/example_latest_only.py
[2024-11-26T11:02:14.725+0000] {processor.py:914} INFO - Processing file /home/airflow/.local/lib/python3.12/site-packages/airflow/example_dags/example_latest_only.py for tasks to queue
[2024-11-26T11:02:14.727+0000] {logging_mixin.py:190} INFO - [2024-11-26T11:02:14.727+0000] {dagbag.py:588} INFO - Filling up the DagBag from /home/airflow/.local/lib/python3.12/site-packages/airflow/example_dags/example_latest_only.py
[2024-11-26T11:02:14.733+0000] {processor.py:925} INFO - DAG(s) 'latest_only' retrieved from /home/airflow/.local/lib/python3.12/site-packages/airflow/example_dags/example_latest_only.py
[2024-11-26T11:02:14.750+0000] {logging_mixin.py:190} INFO - [2024-11-26T11:02:14.750+0000] {dag.py:3239} INFO - Sync 1 DAGs
[2024-11-26T11:02:14.777+0000] {logging_mixin.py:190} INFO - [2024-11-26T11:02:14.777+0000] {dag.py:4180} INFO - Setting next_dagrun for latest_only to 2024-11-26 04:00:00+00:00, run_after=2024-11-26 08:00:00+00:00
[2024-11-26T11:02:14.795+0000] {processor.py:208} INFO - Processing /home/airflow/.local/lib/python3.12/site-packages/airflow/example_dags/example_latest_only.py took 0.075 seconds
[2024-11-26T11:02:45.437+0000] {processor.py:186} INFO - Started process (PID=581) to work on /home/airflow/.local/lib/python3.12/site-packages/airflow/example_dags/example_latest_only.py
[2024-11-26T11:02:45.438+0000] {processor.py:914} INFO - Processing file /home/airflow/.local/lib/python3.12/site-packages/airflow/example_dags/example_latest_only.py for tasks to queue
[2024-11-26T11:02:45.440+0000] {logging_mixin.py:190} INFO - [2024-11-26T11:02:45.440+0000] {dagbag.py:588} INFO - Filling up the DagBag from /home/airflow/.local/lib/python3.12/site-packages/airflow/example_dags/example_latest_only.py
[2024-11-26T11:02:45.446+0000] {processor.py:925} INFO - DAG(s) 'latest_only' retrieved from /home/airflow/.local/lib/python3.12/site-packages/airflow/example_dags/example_latest_only.py
[2024-11-26T11:02:45.460+0000] {logging_mixin.py:190} INFO - [2024-11-26T11:02:45.460+0000] {dag.py:3239} INFO - Sync 1 DAGs
[2024-11-26T11:02:45.475+0000] {logging_mixin.py:190} INFO - [2024-11-26T11:02:45.475+0000] {dag.py:4180} INFO - Setting next_dagrun for latest_only to 2024-11-26 04:00:00+00:00, run_after=2024-11-26 08:00:00+00:00
[2024-11-26T11:02:45.488+0000] {processor.py:208} INFO - Processing /home/airflow/.local/lib/python3.12/site-packages/airflow/example_dags/example_latest_only.py took 0.054 seconds
[2024-11-26T11:03:16.044+0000] {processor.py:186} INFO - Started process (PID=644) to work on /home/airflow/.local/lib/python3.12/site-packages/airflow/example_dags/example_latest_only.py
[2024-11-26T11:03:16.045+0000] {processor.py:914} INFO - Processing file /home/airflow/.local/lib/python3.12/site-packages/airflow/example_dags/example_latest_only.py for tasks to queue
[2024-11-26T11:03:16.048+0000] {logging_mixin.py:190} INFO - [2024-11-26T11:03:16.047+0000] {dagbag.py:588} INFO - Filling up the DagBag from /home/airflow/.local/lib/python3.12/site-packages/airflow/example_dags/example_latest_only.py
[2024-11-26T11:03:16.053+0000] {processor.py:925} INFO - DAG(s) 'latest_only' retrieved from /home/airflow/.local/lib/python3.12/site-packages/airflow/example_dags/example_latest_only.py
[2024-11-26T11:03:16.069+0000] {logging_mixin.py:190} INFO - [2024-11-26T11:03:16.069+0000] {dag.py:3239} INFO - Sync 1 DAGs
[2024-11-26T11:03:16.086+0000] {logging_mixin.py:190} INFO - [2024-11-26T11:03:16.086+0000] {dag.py:4180} INFO - Setting next_dagrun for latest_only to 2024-11-26 04:00:00+00:00, run_after=2024-11-26 08:00:00+00:00
[2024-11-26T11:03:16.105+0000] {processor.py:208} INFO - Processing /home/airflow/.local/lib/python3.12/site-packages/airflow/example_dags/example_latest_only.py took 0.065 seconds
[2024-11-26T11:03:46.678+0000] {processor.py:186} INFO - Started process (PID=707) to work on /home/airflow/.local/lib/python3.12/site-packages/airflow/example_dags/example_latest_only.py
[2024-11-26T11:03:46.680+0000] {processor.py:914} INFO - Processing file /home/airflow/.local/lib/python3.12/site-packages/airflow/example_dags/example_latest_only.py for tasks to queue
[2024-11-26T11:03:46.682+0000] {logging_mixin.py:190} INFO - [2024-11-26T11:03:46.682+0000] {dagbag.py:588} INFO - Filling up the DagBag from /home/airflow/.local/lib/python3.12/site-packages/airflow/example_dags/example_latest_only.py
[2024-11-26T11:03:46.689+0000] {processor.py:925} INFO - DAG(s) 'latest_only' retrieved from /home/airflow/.local/lib/python3.12/site-packages/airflow/example_dags/example_latest_only.py
[2024-11-26T11:03:46.708+0000] {logging_mixin.py:190} INFO - [2024-11-26T11:03:46.708+0000] {dag.py:3239} INFO - Sync 1 DAGs
[2024-11-26T11:03:46.726+0000] {logging_mixin.py:190} INFO - [2024-11-26T11:03:46.726+0000] {dag.py:4180} INFO - Setting next_dagrun for latest_only to 2024-11-26 04:00:00+00:00, run_after=2024-11-26 08:00:00+00:00
[2024-11-26T11:03:46.742+0000] {processor.py:208} INFO - Processing /home/airflow/.local/lib/python3.12/site-packages/airflow/example_dags/example_latest_only.py took 0.071 seconds
[2024-11-26T11:04:17.447+0000] {processor.py:186} INFO - Started process (PID=770) to work on /home/airflow/.local/lib/python3.12/site-packages/airflow/example_dags/example_latest_only.py
[2024-11-26T11:04:17.448+0000] {processor.py:914} INFO - Processing file /home/airflow/.local/lib/python3.12/site-packages/airflow/example_dags/example_latest_only.py for tasks to queue
[2024-11-26T11:04:17.450+0000] {logging_mixin.py:190} INFO - [2024-11-26T11:04:17.450+0000] {dagbag.py:588} INFO - Filling up the DagBag from /home/airflow/.local/lib/python3.12/site-packages/airflow/example_dags/example_latest_only.py
[2024-11-26T11:04:17.457+0000] {processor.py:925} INFO - DAG(s) 'latest_only' retrieved from /home/airflow/.local/lib/python3.12/site-packages/airflow/example_dags/example_latest_only.py
[2024-11-26T11:04:17.477+0000] {logging_mixin.py:190} INFO - [2024-11-26T11:04:17.477+0000] {dag.py:3239} INFO - Sync 1 DAGs
[2024-11-26T11:04:17.501+0000] {logging_mixin.py:190} INFO - [2024-11-26T11:04:17.501+0000] {dag.py:4180} INFO - Setting next_dagrun for latest_only to 2024-11-26 04:00:00+00:00, run_after=2024-11-26 08:00:00+00:00
[2024-11-26T11:04:17.518+0000] {processor.py:208} INFO - Processing /home/airflow/.local/lib/python3.12/site-packages/airflow/example_dags/example_latest_only.py took 0.076 seconds
[2024-11-26T11:04:48.364+0000] {processor.py:186} INFO - Started process (PID=833) to work on /home/airflow/.local/lib/python3.12/site-packages/airflow/example_dags/example_latest_only.py
[2024-11-26T11:04:48.364+0000] {processor.py:914} INFO - Processing file /home/airflow/.local/lib/python3.12/site-packages/airflow/example_dags/example_latest_only.py for tasks to queue
[2024-11-26T11:04:48.366+0000] {logging_mixin.py:190} INFO - [2024-11-26T11:04:48.366+0000] {dagbag.py:588} INFO - Filling up the DagBag from /home/airflow/.local/lib/python3.12/site-packages/airflow/example_dags/example_latest_only.py
[2024-11-26T11:04:48.372+0000] {processor.py:925} INFO - DAG(s) 'latest_only' retrieved from /home/airflow/.local/lib/python3.12/site-packages/airflow/example_dags/example_latest_only.py
[2024-11-26T11:04:48.388+0000] {logging_mixin.py:190} INFO - [2024-11-26T11:04:48.388+0000] {dag.py:3239} INFO - Sync 1 DAGs
[2024-11-26T11:04:48.406+0000] {logging_mixin.py:190} INFO - [2024-11-26T11:04:48.405+0000] {dag.py:4180} INFO - Setting next_dagrun for latest_only to 2024-11-26 04:00:00+00:00, run_after=2024-11-26 08:00:00+00:00
[2024-11-26T11:04:48.422+0000] {processor.py:208} INFO - Processing /home/airflow/.local/lib/python3.12/site-packages/airflow/example_dags/example_latest_only.py took 0.062 seconds
[2024-11-26T11:05:18.865+0000] {processor.py:186} INFO - Started process (PID=895) to work on /home/airflow/.local/lib/python3.12/site-packages/airflow/example_dags/example_latest_only.py
[2024-11-26T11:05:18.866+0000] {processor.py:914} INFO - Processing file /home/airflow/.local/lib/python3.12/site-packages/airflow/example_dags/example_latest_only.py for tasks to queue
[2024-11-26T11:05:18.867+0000] {logging_mixin.py:190} INFO - [2024-11-26T11:05:18.867+0000] {dagbag.py:588} INFO - Filling up the DagBag from /home/airflow/.local/lib/python3.12/site-packages/airflow/example_dags/example_latest_only.py
[2024-11-26T11:05:18.873+0000] {processor.py:925} INFO - DAG(s) 'latest_only' retrieved from /home/airflow/.local/lib/python3.12/site-packages/airflow/example_dags/example_latest_only.py
[2024-11-26T11:05:18.889+0000] {logging_mixin.py:190} INFO - [2024-11-26T11:05:18.889+0000] {dag.py:3239} INFO - Sync 1 DAGs
[2024-11-26T11:05:18.905+0000] {logging_mixin.py:190} INFO - [2024-11-26T11:05:18.905+0000] {dag.py:4180} INFO - Setting next_dagrun for latest_only to 2024-11-26 04:00:00+00:00, run_after=2024-11-26 08:00:00+00:00
[2024-11-26T11:05:18.918+0000] {processor.py:208} INFO - Processing /home/airflow/.local/lib/python3.12/site-packages/airflow/example_dags/example_latest_only.py took 0.058 seconds
[2024-11-26T11:05:49.072+0000] {processor.py:186} INFO - Started process (PID=958) to work on /home/airflow/.local/lib/python3.12/site-packages/airflow/example_dags/example_latest_only.py
[2024-11-26T11:05:49.073+0000] {processor.py:914} INFO - Processing file /home/airflow/.local/lib/python3.12/site-packages/airflow/example_dags/example_latest_only.py for tasks to queue
[2024-11-26T11:05:49.075+0000] {logging_mixin.py:190} INFO - [2024-11-26T11:05:49.075+0000] {dagbag.py:588} INFO - Filling up the DagBag from /home/airflow/.local/lib/python3.12/site-packages/airflow/example_dags/example_latest_only.py
[2024-11-26T11:05:49.080+0000] {processor.py:925} INFO - DAG(s) 'latest_only' retrieved from /home/airflow/.local/lib/python3.12/site-packages/airflow/example_dags/example_latest_only.py
[2024-11-26T11:05:49.095+0000] {logging_mixin.py:190} INFO - [2024-11-26T11:05:49.095+0000] {dag.py:3239} INFO - Sync 1 DAGs
[2024-11-26T11:05:49.111+0000] {logging_mixin.py:190} INFO - [2024-11-26T11:05:49.110+0000] {dag.py:4180} INFO - Setting next_dagrun for latest_only to 2024-11-26 04:00:00+00:00, run_after=2024-11-26 08:00:00+00:00
[2024-11-26T11:05:49.124+0000] {processor.py:208} INFO - Processing /home/airflow/.local/lib/python3.12/site-packages/airflow/example_dags/example_latest_only.py took 0.056 seconds
[2024-11-26T11:06:19.531+0000] {processor.py:186} INFO - Started process (PID=1021) to work on /home/airflow/.local/lib/python3.12/site-packages/airflow/example_dags/example_latest_only.py
[2024-11-26T11:06:19.532+0000] {processor.py:914} INFO - Processing file /home/airflow/.local/lib/python3.12/site-packages/airflow/example_dags/example_latest_only.py for tasks to queue
[2024-11-26T11:06:19.534+0000] {logging_mixin.py:190} INFO - [2024-11-26T11:06:19.533+0000] {dagbag.py:588} INFO - Filling up the DagBag from /home/airflow/.local/lib/python3.12/site-packages/airflow/example_dags/example_latest_only.py
[2024-11-26T11:06:19.540+0000] {processor.py:925} INFO - DAG(s) 'latest_only' retrieved from /home/airflow/.local/lib/python3.12/site-packages/airflow/example_dags/example_latest_only.py
[2024-11-26T11:06:19.556+0000] {logging_mixin.py:190} INFO - [2024-11-26T11:06:19.556+0000] {dag.py:3239} INFO - Sync 1 DAGs
[2024-11-26T11:06:19.575+0000] {logging_mixin.py:190} INFO - [2024-11-26T11:06:19.574+0000] {dag.py:4180} INFO - Setting next_dagrun for latest_only to 2024-11-26 04:00:00+00:00, run_after=2024-11-26 08:00:00+00:00
[2024-11-26T11:06:19.588+0000] {processor.py:208} INFO - Processing /home/airflow/.local/lib/python3.12/site-packages/airflow/example_dags/example_latest_only.py took 0.061 seconds
[2024-11-26T11:06:49.750+0000] {processor.py:186} INFO - Started process (PID=1084) to work on /home/airflow/.local/lib/python3.12/site-packages/airflow/example_dags/example_latest_only.py
[2024-11-26T11:06:49.751+0000] {processor.py:914} INFO - Processing file /home/airflow/.local/lib/python3.12/site-packages/airflow/example_dags/example_latest_only.py for tasks to queue
[2024-11-26T11:06:49.752+0000] {logging_mixin.py:190} INFO - [2024-11-26T11:06:49.752+0000] {dagbag.py:588} INFO - Filling up the DagBag from /home/airflow/.local/lib/python3.12/site-packages/airflow/example_dags/example_latest_only.py
[2024-11-26T11:06:49.757+0000] {processor.py:925} INFO - DAG(s) 'latest_only' retrieved from /home/airflow/.local/lib/python3.12/site-packages/airflow/example_dags/example_latest_only.py
[2024-11-26T11:06:49.773+0000] {logging_mixin.py:190} INFO - [2024-11-26T11:06:49.773+0000] {dag.py:3239} INFO - Sync 1 DAGs
[2024-11-26T11:06:49.793+0000] {logging_mixin.py:190} INFO - [2024-11-26T11:06:49.793+0000] {dag.py:4180} INFO - Setting next_dagrun for latest_only to 2024-11-26 04:00:00+00:00, run_after=2024-11-26 08:00:00+00:00
[2024-11-26T11:06:49.806+0000] {processor.py:208} INFO - Processing /home/airflow/.local/lib/python3.12/site-packages/airflow/example_dags/example_latest_only.py took 0.060 seconds
[2024-11-26T11:07:19.860+0000] {processor.py:186} INFO - Started process (PID=1147) to work on /home/airflow/.local/lib/python3.12/site-packages/airflow/example_dags/example_latest_only.py
[2024-11-26T11:07:19.861+0000] {processor.py:914} INFO - Processing file /home/airflow/.local/lib/python3.12/site-packages/airflow/example_dags/example_latest_only.py for tasks to queue
[2024-11-26T11:07:19.863+0000] {logging_mixin.py:190} INFO - [2024-11-26T11:07:19.862+0000] {dagbag.py:588} INFO - Filling up the DagBag from /home/airflow/.local/lib/python3.12/site-packages/airflow/example_dags/example_latest_only.py
[2024-11-26T11:07:19.868+0000] {processor.py:925} INFO - DAG(s) 'latest_only' retrieved from /home/airflow/.local/lib/python3.12/site-packages/airflow/example_dags/example_latest_only.py
[2024-11-26T11:07:19.889+0000] {logging_mixin.py:190} INFO - [2024-11-26T11:07:19.889+0000] {dag.py:3239} INFO - Sync 1 DAGs
[2024-11-26T11:07:19.911+0000] {logging_mixin.py:190} INFO - [2024-11-26T11:07:19.911+0000] {dag.py:4180} INFO - Setting next_dagrun for latest_only to 2024-11-26 04:00:00+00:00, run_after=2024-11-26 08:00:00+00:00
[2024-11-26T11:07:19.932+0000] {processor.py:208} INFO - Processing /home/airflow/.local/lib/python3.12/site-packages/airflow/example_dags/example_latest_only.py took 0.076 seconds
[2024-11-26T11:07:50.023+0000] {processor.py:186} INFO - Started process (PID=1210) to work on /home/airflow/.local/lib/python3.12/site-packages/airflow/example_dags/example_latest_only.py
[2024-11-26T11:07:50.024+0000] {processor.py:914} INFO - Processing file /home/airflow/.local/lib/python3.12/site-packages/airflow/example_dags/example_latest_only.py for tasks to queue
[2024-11-26T11:07:50.026+0000] {logging_mixin.py:190} INFO - [2024-11-26T11:07:50.025+0000] {dagbag.py:588} INFO - Filling up the DagBag from /home/airflow/.local/lib/python3.12/site-packages/airflow/example_dags/example_latest_only.py
[2024-11-26T11:07:50.032+0000] {processor.py:925} INFO - DAG(s) 'latest_only' retrieved from /home/airflow/.local/lib/python3.12/site-packages/airflow/example_dags/example_latest_only.py
[2024-11-26T11:07:50.047+0000] {logging_mixin.py:190} INFO - [2024-11-26T11:07:50.047+0000] {dag.py:3239} INFO - Sync 1 DAGs
[2024-11-26T11:07:50.065+0000] {logging_mixin.py:190} INFO - [2024-11-26T11:07:50.064+0000] {dag.py:4180} INFO - Setting next_dagrun for latest_only to 2024-11-26 04:00:00+00:00, run_after=2024-11-26 08:00:00+00:00
[2024-11-26T11:07:50.077+0000] {processor.py:208} INFO - Processing /home/airflow/.local/lib/python3.12/site-packages/airflow/example_dags/example_latest_only.py took 0.059 seconds
[2024-11-26T11:08:20.510+0000] {processor.py:186} INFO - Started process (PID=1273) to work on /home/airflow/.local/lib/python3.12/site-packages/airflow/example_dags/example_latest_only.py
[2024-11-26T11:08:20.511+0000] {processor.py:914} INFO - Processing file /home/airflow/.local/lib/python3.12/site-packages/airflow/example_dags/example_latest_only.py for tasks to queue
[2024-11-26T11:08:20.513+0000] {logging_mixin.py:190} INFO - [2024-11-26T11:08:20.513+0000] {dagbag.py:588} INFO - Filling up the DagBag from /home/airflow/.local/lib/python3.12/site-packages/airflow/example_dags/example_latest_only.py
[2024-11-26T11:08:20.518+0000] {processor.py:925} INFO - DAG(s) 'latest_only' retrieved from /home/airflow/.local/lib/python3.12/site-packages/airflow/example_dags/example_latest_only.py
[2024-11-26T11:08:20.536+0000] {logging_mixin.py:190} INFO - [2024-11-26T11:08:20.536+0000] {dag.py:3239} INFO - Sync 1 DAGs
[2024-11-26T11:08:20.553+0000] {logging_mixin.py:190} INFO - [2024-11-26T11:08:20.553+0000] {dag.py:4180} INFO - Setting next_dagrun for latest_only to 2024-11-26 04:00:00+00:00, run_after=2024-11-26 08:00:00+00:00
[2024-11-26T11:08:20.568+0000] {processor.py:208} INFO - Processing /home/airflow/.local/lib/python3.12/site-packages/airflow/example_dags/example_latest_only.py took 0.063 seconds
[2024-11-26T11:08:51.163+0000] {processor.py:186} INFO - Started process (PID=1336) to work on /home/airflow/.local/lib/python3.12/site-packages/airflow/example_dags/example_latest_only.py
[2024-11-26T11:08:51.164+0000] {processor.py:914} INFO - Processing file /home/airflow/.local/lib/python3.12/site-packages/airflow/example_dags/example_latest_only.py for tasks to queue
[2024-11-26T11:08:51.167+0000] {logging_mixin.py:190} INFO - [2024-11-26T11:08:51.167+0000] {dagbag.py:588} INFO - Filling up the DagBag from /home/airflow/.local/lib/python3.12/site-packages/airflow/example_dags/example_latest_only.py
[2024-11-26T11:08:51.177+0000] {processor.py:925} INFO - DAG(s) 'latest_only' retrieved from /home/airflow/.local/lib/python3.12/site-packages/airflow/example_dags/example_latest_only.py
[2024-11-26T11:08:51.193+0000] {logging_mixin.py:190} INFO - [2024-11-26T11:08:51.193+0000] {dag.py:3239} INFO - Sync 1 DAGs
[2024-11-26T11:08:51.213+0000] {logging_mixin.py:190} INFO - [2024-11-26T11:08:51.213+0000] {dag.py:4180} INFO - Setting next_dagrun for latest_only to 2024-11-26 04:00:00+00:00, run_after=2024-11-26 08:00:00+00:00
[2024-11-26T11:08:51.231+0000] {processor.py:208} INFO - Processing /home/airflow/.local/lib/python3.12/site-packages/airflow/example_dags/example_latest_only.py took 0.074 seconds
[2024-11-26T11:09:21.699+0000] {processor.py:186} INFO - Started process (PID=1399) to work on /home/airflow/.local/lib/python3.12/site-packages/airflow/example_dags/example_latest_only.py
[2024-11-26T11:09:21.700+0000] {processor.py:914} INFO - Processing file /home/airflow/.local/lib/python3.12/site-packages/airflow/example_dags/example_latest_only.py for tasks to queue
[2024-11-26T11:09:21.701+0000] {logging_mixin.py:190} INFO - [2024-11-26T11:09:21.701+0000] {dagbag.py:588} INFO - Filling up the DagBag from /home/airflow/.local/lib/python3.12/site-packages/airflow/example_dags/example_latest_only.py
[2024-11-26T11:09:21.706+0000] {processor.py:925} INFO - DAG(s) 'latest_only' retrieved from /home/airflow/.local/lib/python3.12/site-packages/airflow/example_dags/example_latest_only.py
[2024-11-26T11:09:21.723+0000] {logging_mixin.py:190} INFO - [2024-11-26T11:09:21.723+0000] {dag.py:3239} INFO - Sync 1 DAGs
[2024-11-26T11:09:21.740+0000] {logging_mixin.py:190} INFO - [2024-11-26T11:09:21.740+0000] {dag.py:4180} INFO - Setting next_dagrun for latest_only to 2024-11-26 04:00:00+00:00, run_after=2024-11-26 08:00:00+00:00
[2024-11-26T11:09:21.754+0000] {processor.py:208} INFO - Processing /home/airflow/.local/lib/python3.12/site-packages/airflow/example_dags/example_latest_only.py took 0.059 seconds
[2024-11-26T11:09:52.181+0000] {processor.py:186} INFO - Started process (PID=1462) to work on /home/airflow/.local/lib/python3.12/site-packages/airflow/example_dags/example_latest_only.py
[2024-11-26T11:09:52.181+0000] {processor.py:914} INFO - Processing file /home/airflow/.local/lib/python3.12/site-packages/airflow/example_dags/example_latest_only.py for tasks to queue
[2024-11-26T11:09:52.183+0000] {logging_mixin.py:190} INFO - [2024-11-26T11:09:52.183+0000] {dagbag.py:588} INFO - Filling up the DagBag from /home/airflow/.local/lib/python3.12/site-packages/airflow/example_dags/example_latest_only.py
[2024-11-26T11:09:52.188+0000] {processor.py:925} INFO - DAG(s) 'latest_only' retrieved from /home/airflow/.local/lib/python3.12/site-packages/airflow/example_dags/example_latest_only.py
[2024-11-26T11:09:52.201+0000] {logging_mixin.py:190} INFO - [2024-11-26T11:09:52.201+0000] {dag.py:3239} INFO - Sync 1 DAGs
[2024-11-26T11:09:52.217+0000] {logging_mixin.py:190} INFO - [2024-11-26T11:09:52.217+0000] {dag.py:4180} INFO - Setting next_dagrun for latest_only to 2024-11-26 04:00:00+00:00, run_after=2024-11-26 08:00:00+00:00
[2024-11-26T11:09:52.229+0000] {processor.py:208} INFO - Processing /home/airflow/.local/lib/python3.12/site-packages/airflow/example_dags/example_latest_only.py took 0.052 seconds
[2024-11-26T11:10:23.121+0000] {processor.py:186} INFO - Started process (PID=1525) to work on /home/airflow/.local/lib/python3.12/site-packages/airflow/example_dags/example_latest_only.py
[2024-11-26T11:10:23.122+0000] {processor.py:914} INFO - Processing file /home/airflow/.local/lib/python3.12/site-packages/airflow/example_dags/example_latest_only.py for tasks to queue
[2024-11-26T11:10:23.125+0000] {logging_mixin.py:190} INFO - [2024-11-26T11:10:23.125+0000] {dagbag.py:588} INFO - Filling up the DagBag from /home/airflow/.local/lib/python3.12/site-packages/airflow/example_dags/example_latest_only.py
[2024-11-26T11:10:23.132+0000] {processor.py:925} INFO - DAG(s) 'latest_only' retrieved from /home/airflow/.local/lib/python3.12/site-packages/airflow/example_dags/example_latest_only.py
[2024-11-26T11:10:23.150+0000] {logging_mixin.py:190} INFO - [2024-11-26T11:10:23.149+0000] {dag.py:3239} INFO - Sync 1 DAGs
[2024-11-26T11:10:23.165+0000] {logging_mixin.py:190} INFO - [2024-11-26T11:10:23.165+0000] {dag.py:4180} INFO - Setting next_dagrun for latest_only to 2024-11-26 04:00:00+00:00, run_after=2024-11-26 08:00:00+00:00
[2024-11-26T11:10:23.177+0000] {processor.py:208} INFO - Processing /home/airflow/.local/lib/python3.12/site-packages/airflow/example_dags/example_latest_only.py took 0.062 seconds
[2024-11-26T11:10:53.225+0000] {processor.py:186} INFO - Started process (PID=1588) to work on /home/airflow/.local/lib/python3.12/site-packages/airflow/example_dags/example_latest_only.py
[2024-11-26T11:10:53.225+0000] {processor.py:914} INFO - Processing file /home/airflow/.local/lib/python3.12/site-packages/airflow/example_dags/example_latest_only.py for tasks to queue
[2024-11-26T11:10:53.227+0000] {logging_mixin.py:190} INFO - [2024-11-26T11:10:53.227+0000] {dagbag.py:588} INFO - Filling up the DagBag from /home/airflow/.local/lib/python3.12/site-packages/airflow/example_dags/example_latest_only.py
[2024-11-26T11:10:53.233+0000] {processor.py:925} INFO - DAG(s) 'latest_only' retrieved from /home/airflow/.local/lib/python3.12/site-packages/airflow/example_dags/example_latest_only.py
[2024-11-26T11:10:53.246+0000] {logging_mixin.py:190} INFO - [2024-11-26T11:10:53.246+0000] {dag.py:3239} INFO - Sync 1 DAGs
[2024-11-26T11:10:53.262+0000] {logging_mixin.py:190} INFO - [2024-11-26T11:10:53.262+0000] {dag.py:4180} INFO - Setting next_dagrun for latest_only to 2024-11-26 04:00:00+00:00, run_after=2024-11-26 08:00:00+00:00
[2024-11-26T11:10:53.275+0000] {processor.py:208} INFO - Processing /home/airflow/.local/lib/python3.12/site-packages/airflow/example_dags/example_latest_only.py took 0.055 seconds
[2024-11-26T11:11:23.664+0000] {processor.py:186} INFO - Started process (PID=1651) to work on /home/airflow/.local/lib/python3.12/site-packages/airflow/example_dags/example_latest_only.py
[2024-11-26T11:11:23.665+0000] {processor.py:914} INFO - Processing file /home/airflow/.local/lib/python3.12/site-packages/airflow/example_dags/example_latest_only.py for tasks to queue
[2024-11-26T11:11:23.668+0000] {logging_mixin.py:190} INFO - [2024-11-26T11:11:23.668+0000] {dagbag.py:588} INFO - Filling up the DagBag from /home/airflow/.local/lib/python3.12/site-packages/airflow/example_dags/example_latest_only.py
[2024-11-26T11:11:23.677+0000] {processor.py:925} INFO - DAG(s) 'latest_only' retrieved from /home/airflow/.local/lib/python3.12/site-packages/airflow/example_dags/example_latest_only.py
[2024-11-26T11:11:23.697+0000] {logging_mixin.py:190} INFO - [2024-11-26T11:11:23.697+0000] {dag.py:3239} INFO - Sync 1 DAGs
[2024-11-26T11:11:23.714+0000] {logging_mixin.py:190} INFO - [2024-11-26T11:11:23.714+0000] {dag.py:4180} INFO - Setting next_dagrun for latest_only to 2024-11-26 04:00:00+00:00, run_after=2024-11-26 08:00:00+00:00
[2024-11-26T11:11:23.731+0000] {processor.py:208} INFO - Processing /home/airflow/.local/lib/python3.12/site-packages/airflow/example_dags/example_latest_only.py took 0.074 seconds
