[2024-11-26T10:58:40.868+0000] {processor.py:186} INFO - Started process (PID=77) to work on /home/airflow/.local/lib/python3.12/site-packages/airflow/example_dags/example_task_group_decorator.py
[2024-11-26T10:58:40.869+0000] {processor.py:914} INFO - Processing file /home/airflow/.local/lib/python3.12/site-packages/airflow/example_dags/example_task_group_decorator.py for tasks to queue
[2024-11-26T10:58:40.872+0000] {logging_mixin.py:190} INFO - [2024-11-26T10:58:40.872+0000] {dagbag.py:588} INFO - Filling up the DagBag from /home/airflow/.local/lib/python3.12/site-packages/airflow/example_dags/example_task_group_decorator.py
[2024-11-26T10:58:40.892+0000] {processor.py:925} INFO - DAG(s) 'example_task_group_decorator' retrieved from /home/airflow/.local/lib/python3.12/site-packages/airflow/example_dags/example_task_group_decorator.py
[2024-11-26T10:58:40.987+0000] {logging_mixin.py:190} INFO - [2024-11-26T10:58:40.986+0000] {override.py:1911} INFO - Created Permission View: can delete on DAG:example_task_group_decorator
[2024-11-26T10:58:40.998+0000] {logging_mixin.py:190} INFO - [2024-11-26T10:58:40.998+0000] {override.py:1911} INFO - Created Permission View: can read on DAG:example_task_group_decorator
[2024-11-26T10:58:41.006+0000] {logging_mixin.py:190} INFO - [2024-11-26T10:58:41.005+0000] {override.py:1911} INFO - Created Permission View: can edit on DAG:example_task_group_decorator
[2024-11-26T10:58:41.014+0000] {logging_mixin.py:190} INFO - [2024-11-26T10:58:41.014+0000] {override.py:1911} INFO - Created Permission View: can create on DAG Run:example_task_group_decorator
[2024-11-26T10:58:41.022+0000] {logging_mixin.py:190} INFO - [2024-11-26T10:58:41.022+0000] {override.py:1911} INFO - Created Permission View: can read on DAG Run:example_task_group_decorator
[2024-11-26T10:58:41.029+0000] {logging_mixin.py:190} INFO - [2024-11-26T10:58:41.029+0000] {override.py:1911} INFO - Created Permission View: menu access on DAG Run:example_task_group_decorator
[2024-11-26T10:58:41.036+0000] {logging_mixin.py:190} INFO - [2024-11-26T10:58:41.036+0000] {override.py:1911} INFO - Created Permission View: can delete on DAG Run:example_task_group_decorator
[2024-11-26T10:58:41.037+0000] {logging_mixin.py:190} INFO - [2024-11-26T10:58:41.036+0000] {dag.py:3239} INFO - Sync 1 DAGs
[2024-11-26T10:58:41.047+0000] {logging_mixin.py:190} INFO - [2024-11-26T10:58:41.046+0000] {dag.py:3262} INFO - Creating ORM DAG for example_task_group_decorator
[2024-11-26T10:58:41.047+0000] {logging_mixin.py:190} INFO - [2024-11-26T10:58:41.047+0000] {dag.py:4180} INFO - Setting next_dagrun for example_task_group_decorator to None, run_after=None
[2024-11-26T10:58:41.064+0000] {processor.py:208} INFO - Processing /home/airflow/.local/lib/python3.12/site-packages/airflow/example_dags/example_task_group_decorator.py took 0.202 seconds
[2024-11-26T10:59:11.899+0000] {processor.py:186} INFO - Started process (PID=146) to work on /home/airflow/.local/lib/python3.12/site-packages/airflow/example_dags/example_task_group_decorator.py
[2024-11-26T10:59:11.900+0000] {processor.py:914} INFO - Processing file /home/airflow/.local/lib/python3.12/site-packages/airflow/example_dags/example_task_group_decorator.py for tasks to queue
[2024-11-26T10:59:11.902+0000] {logging_mixin.py:190} INFO - [2024-11-26T10:59:11.902+0000] {dagbag.py:588} INFO - Filling up the DagBag from /home/airflow/.local/lib/python3.12/site-packages/airflow/example_dags/example_task_group_decorator.py
[2024-11-26T10:59:11.913+0000] {processor.py:925} INFO - DAG(s) 'example_task_group_decorator' retrieved from /home/airflow/.local/lib/python3.12/site-packages/airflow/example_dags/example_task_group_decorator.py
[2024-11-26T10:59:11.933+0000] {logging_mixin.py:190} INFO - [2024-11-26T10:59:11.933+0000] {dag.py:3239} INFO - Sync 1 DAGs
[2024-11-26T10:59:11.944+0000] {logging_mixin.py:190} INFO - [2024-11-26T10:59:11.944+0000] {dag.py:4180} INFO - Setting next_dagrun for example_task_group_decorator to None, run_after=None
[2024-11-26T10:59:11.964+0000] {processor.py:208} INFO - Processing /home/airflow/.local/lib/python3.12/site-packages/airflow/example_dags/example_task_group_decorator.py took 0.069 seconds
[2024-11-26T10:59:42.935+0000] {processor.py:186} INFO - Started process (PID=209) to work on /home/airflow/.local/lib/python3.12/site-packages/airflow/example_dags/example_task_group_decorator.py
[2024-11-26T10:59:42.936+0000] {processor.py:914} INFO - Processing file /home/airflow/.local/lib/python3.12/site-packages/airflow/example_dags/example_task_group_decorator.py for tasks to queue
[2024-11-26T10:59:42.938+0000] {logging_mixin.py:190} INFO - [2024-11-26T10:59:42.938+0000] {dagbag.py:588} INFO - Filling up the DagBag from /home/airflow/.local/lib/python3.12/site-packages/airflow/example_dags/example_task_group_decorator.py
[2024-11-26T10:59:42.949+0000] {processor.py:925} INFO - DAG(s) 'example_task_group_decorator' retrieved from /home/airflow/.local/lib/python3.12/site-packages/airflow/example_dags/example_task_group_decorator.py
[2024-11-26T10:59:42.976+0000] {logging_mixin.py:190} INFO - [2024-11-26T10:59:42.976+0000] {dag.py:3239} INFO - Sync 1 DAGs
[2024-11-26T10:59:42.987+0000] {logging_mixin.py:190} INFO - [2024-11-26T10:59:42.987+0000] {dag.py:4180} INFO - Setting next_dagrun for example_task_group_decorator to None, run_after=None
[2024-11-26T10:59:43.009+0000] {processor.py:208} INFO - Processing /home/airflow/.local/lib/python3.12/site-packages/airflow/example_dags/example_task_group_decorator.py took 0.080 seconds
[2024-11-26T11:00:13.859+0000] {processor.py:186} INFO - Started process (PID=272) to work on /home/airflow/.local/lib/python3.12/site-packages/airflow/example_dags/example_task_group_decorator.py
[2024-11-26T11:00:13.862+0000] {processor.py:914} INFO - Processing file /home/airflow/.local/lib/python3.12/site-packages/airflow/example_dags/example_task_group_decorator.py for tasks to queue
[2024-11-26T11:00:13.865+0000] {logging_mixin.py:190} INFO - [2024-11-26T11:00:13.865+0000] {dagbag.py:588} INFO - Filling up the DagBag from /home/airflow/.local/lib/python3.12/site-packages/airflow/example_dags/example_task_group_decorator.py
[2024-11-26T11:00:13.879+0000] {processor.py:925} INFO - DAG(s) 'example_task_group_decorator' retrieved from /home/airflow/.local/lib/python3.12/site-packages/airflow/example_dags/example_task_group_decorator.py
[2024-11-26T11:00:13.896+0000] {logging_mixin.py:190} INFO - [2024-11-26T11:00:13.896+0000] {dag.py:3239} INFO - Sync 1 DAGs
[2024-11-26T11:00:13.906+0000] {logging_mixin.py:190} INFO - [2024-11-26T11:00:13.906+0000] {dag.py:4180} INFO - Setting next_dagrun for example_task_group_decorator to None, run_after=None
[2024-11-26T11:00:13.923+0000] {processor.py:208} INFO - Processing /home/airflow/.local/lib/python3.12/site-packages/airflow/example_dags/example_task_group_decorator.py took 0.068 seconds
[2024-11-26T11:00:44.190+0000] {processor.py:186} INFO - Started process (PID=333) to work on /home/airflow/.local/lib/python3.12/site-packages/airflow/example_dags/example_task_group_decorator.py
[2024-11-26T11:00:44.191+0000] {processor.py:914} INFO - Processing file /home/airflow/.local/lib/python3.12/site-packages/airflow/example_dags/example_task_group_decorator.py for tasks to queue
[2024-11-26T11:00:44.194+0000] {logging_mixin.py:190} INFO - [2024-11-26T11:00:44.193+0000] {dagbag.py:588} INFO - Filling up the DagBag from /home/airflow/.local/lib/python3.12/site-packages/airflow/example_dags/example_task_group_decorator.py
[2024-11-26T11:00:44.205+0000] {processor.py:925} INFO - DAG(s) 'example_task_group_decorator' retrieved from /home/airflow/.local/lib/python3.12/site-packages/airflow/example_dags/example_task_group_decorator.py
[2024-11-26T11:00:44.226+0000] {logging_mixin.py:190} INFO - [2024-11-26T11:00:44.226+0000] {dag.py:3239} INFO - Sync 1 DAGs
[2024-11-26T11:00:44.239+0000] {logging_mixin.py:190} INFO - [2024-11-26T11:00:44.239+0000] {dag.py:4180} INFO - Setting next_dagrun for example_task_group_decorator to None, run_after=None
[2024-11-26T11:00:44.255+0000] {processor.py:208} INFO - Processing /home/airflow/.local/lib/python3.12/site-packages/airflow/example_dags/example_task_group_decorator.py took 0.068 seconds
[2024-11-26T11:01:15.201+0000] {processor.py:186} INFO - Started process (PID=396) to work on /home/airflow/.local/lib/python3.12/site-packages/airflow/example_dags/example_task_group_decorator.py
[2024-11-26T11:01:15.202+0000] {processor.py:914} INFO - Processing file /home/airflow/.local/lib/python3.12/site-packages/airflow/example_dags/example_task_group_decorator.py for tasks to queue
[2024-11-26T11:01:15.205+0000] {logging_mixin.py:190} INFO - [2024-11-26T11:01:15.204+0000] {dagbag.py:588} INFO - Filling up the DagBag from /home/airflow/.local/lib/python3.12/site-packages/airflow/example_dags/example_task_group_decorator.py
[2024-11-26T11:01:15.215+0000] {processor.py:925} INFO - DAG(s) 'example_task_group_decorator' retrieved from /home/airflow/.local/lib/python3.12/site-packages/airflow/example_dags/example_task_group_decorator.py
[2024-11-26T11:01:15.240+0000] {logging_mixin.py:190} INFO - [2024-11-26T11:01:15.240+0000] {dag.py:3239} INFO - Sync 1 DAGs
[2024-11-26T11:01:15.250+0000] {logging_mixin.py:190} INFO - [2024-11-26T11:01:15.250+0000] {dag.py:4180} INFO - Setting next_dagrun for example_task_group_decorator to None, run_after=None
[2024-11-26T11:01:15.266+0000] {processor.py:208} INFO - Processing /home/airflow/.local/lib/python3.12/site-packages/airflow/example_dags/example_task_group_decorator.py took 0.070 seconds
[2024-11-26T11:01:46.054+0000] {processor.py:186} INFO - Started process (PID=459) to work on /home/airflow/.local/lib/python3.12/site-packages/airflow/example_dags/example_task_group_decorator.py
[2024-11-26T11:01:46.055+0000] {processor.py:914} INFO - Processing file /home/airflow/.local/lib/python3.12/site-packages/airflow/example_dags/example_task_group_decorator.py for tasks to queue
[2024-11-26T11:01:46.058+0000] {logging_mixin.py:190} INFO - [2024-11-26T11:01:46.058+0000] {dagbag.py:588} INFO - Filling up the DagBag from /home/airflow/.local/lib/python3.12/site-packages/airflow/example_dags/example_task_group_decorator.py
[2024-11-26T11:01:46.069+0000] {processor.py:925} INFO - DAG(s) 'example_task_group_decorator' retrieved from /home/airflow/.local/lib/python3.12/site-packages/airflow/example_dags/example_task_group_decorator.py
[2024-11-26T11:01:46.095+0000] {logging_mixin.py:190} INFO - [2024-11-26T11:01:46.095+0000] {dag.py:3239} INFO - Sync 1 DAGs
[2024-11-26T11:01:46.107+0000] {logging_mixin.py:190} INFO - [2024-11-26T11:01:46.106+0000] {dag.py:4180} INFO - Setting next_dagrun for example_task_group_decorator to None, run_after=None
[2024-11-26T11:01:46.121+0000] {processor.py:208} INFO - Processing /home/airflow/.local/lib/python3.12/site-packages/airflow/example_dags/example_task_group_decorator.py took 0.073 seconds
[2024-11-26T11:02:16.841+0000] {processor.py:186} INFO - Started process (PID=522) to work on /home/airflow/.local/lib/python3.12/site-packages/airflow/example_dags/example_task_group_decorator.py
[2024-11-26T11:02:16.842+0000] {processor.py:914} INFO - Processing file /home/airflow/.local/lib/python3.12/site-packages/airflow/example_dags/example_task_group_decorator.py for tasks to queue
[2024-11-26T11:02:16.845+0000] {logging_mixin.py:190} INFO - [2024-11-26T11:02:16.845+0000] {dagbag.py:588} INFO - Filling up the DagBag from /home/airflow/.local/lib/python3.12/site-packages/airflow/example_dags/example_task_group_decorator.py
[2024-11-26T11:02:16.855+0000] {processor.py:925} INFO - DAG(s) 'example_task_group_decorator' retrieved from /home/airflow/.local/lib/python3.12/site-packages/airflow/example_dags/example_task_group_decorator.py
[2024-11-26T11:02:16.876+0000] {logging_mixin.py:190} INFO - [2024-11-26T11:02:16.875+0000] {dag.py:3239} INFO - Sync 1 DAGs
[2024-11-26T11:02:16.886+0000] {logging_mixin.py:190} INFO - [2024-11-26T11:02:16.886+0000] {dag.py:4180} INFO - Setting next_dagrun for example_task_group_decorator to None, run_after=None
[2024-11-26T11:02:16.905+0000] {processor.py:208} INFO - Processing /home/airflow/.local/lib/python3.12/site-packages/airflow/example_dags/example_task_group_decorator.py took 0.067 seconds
[2024-11-26T11:02:47.534+0000] {processor.py:186} INFO - Started process (PID=585) to work on /home/airflow/.local/lib/python3.12/site-packages/airflow/example_dags/example_task_group_decorator.py
[2024-11-26T11:02:47.535+0000] {processor.py:914} INFO - Processing file /home/airflow/.local/lib/python3.12/site-packages/airflow/example_dags/example_task_group_decorator.py for tasks to queue
[2024-11-26T11:02:47.538+0000] {logging_mixin.py:190} INFO - [2024-11-26T11:02:47.538+0000] {dagbag.py:588} INFO - Filling up the DagBag from /home/airflow/.local/lib/python3.12/site-packages/airflow/example_dags/example_task_group_decorator.py
[2024-11-26T11:02:47.548+0000] {processor.py:925} INFO - DAG(s) 'example_task_group_decorator' retrieved from /home/airflow/.local/lib/python3.12/site-packages/airflow/example_dags/example_task_group_decorator.py
[2024-11-26T11:02:47.564+0000] {logging_mixin.py:190} INFO - [2024-11-26T11:02:47.564+0000] {dag.py:3239} INFO - Sync 1 DAGs
[2024-11-26T11:02:47.573+0000] {logging_mixin.py:190} INFO - [2024-11-26T11:02:47.573+0000] {dag.py:4180} INFO - Setting next_dagrun for example_task_group_decorator to None, run_after=None
[2024-11-26T11:02:47.591+0000] {processor.py:208} INFO - Processing /home/airflow/.local/lib/python3.12/site-packages/airflow/example_dags/example_task_group_decorator.py took 0.062 seconds
[2024-11-26T11:03:18.146+0000] {processor.py:186} INFO - Started process (PID=648) to work on /home/airflow/.local/lib/python3.12/site-packages/airflow/example_dags/example_task_group_decorator.py
[2024-11-26T11:03:18.147+0000] {processor.py:914} INFO - Processing file /home/airflow/.local/lib/python3.12/site-packages/airflow/example_dags/example_task_group_decorator.py for tasks to queue
[2024-11-26T11:03:18.149+0000] {logging_mixin.py:190} INFO - [2024-11-26T11:03:18.149+0000] {dagbag.py:588} INFO - Filling up the DagBag from /home/airflow/.local/lib/python3.12/site-packages/airflow/example_dags/example_task_group_decorator.py
[2024-11-26T11:03:18.159+0000] {processor.py:925} INFO - DAG(s) 'example_task_group_decorator' retrieved from /home/airflow/.local/lib/python3.12/site-packages/airflow/example_dags/example_task_group_decorator.py
[2024-11-26T11:03:18.178+0000] {logging_mixin.py:190} INFO - [2024-11-26T11:03:18.178+0000] {dag.py:3239} INFO - Sync 1 DAGs
[2024-11-26T11:03:18.189+0000] {logging_mixin.py:190} INFO - [2024-11-26T11:03:18.188+0000] {dag.py:4180} INFO - Setting next_dagrun for example_task_group_decorator to None, run_after=None
[2024-11-26T11:03:18.207+0000] {processor.py:208} INFO - Processing /home/airflow/.local/lib/python3.12/site-packages/airflow/example_dags/example_task_group_decorator.py took 0.065 seconds
[2024-11-26T11:03:48.798+0000] {processor.py:186} INFO - Started process (PID=711) to work on /home/airflow/.local/lib/python3.12/site-packages/airflow/example_dags/example_task_group_decorator.py
[2024-11-26T11:03:48.799+0000] {processor.py:914} INFO - Processing file /home/airflow/.local/lib/python3.12/site-packages/airflow/example_dags/example_task_group_decorator.py for tasks to queue
[2024-11-26T11:03:48.801+0000] {logging_mixin.py:190} INFO - [2024-11-26T11:03:48.800+0000] {dagbag.py:588} INFO - Filling up the DagBag from /home/airflow/.local/lib/python3.12/site-packages/airflow/example_dags/example_task_group_decorator.py
[2024-11-26T11:03:48.811+0000] {processor.py:925} INFO - DAG(s) 'example_task_group_decorator' retrieved from /home/airflow/.local/lib/python3.12/site-packages/airflow/example_dags/example_task_group_decorator.py
[2024-11-26T11:03:48.826+0000] {logging_mixin.py:190} INFO - [2024-11-26T11:03:48.826+0000] {dag.py:3239} INFO - Sync 1 DAGs
[2024-11-26T11:03:48.835+0000] {logging_mixin.py:190} INFO - [2024-11-26T11:03:48.835+0000] {dag.py:4180} INFO - Setting next_dagrun for example_task_group_decorator to None, run_after=None
[2024-11-26T11:03:48.851+0000] {processor.py:208} INFO - Processing /home/airflow/.local/lib/python3.12/site-packages/airflow/example_dags/example_task_group_decorator.py took 0.058 seconds
[2024-11-26T11:04:19.650+0000] {processor.py:186} INFO - Started process (PID=774) to work on /home/airflow/.local/lib/python3.12/site-packages/airflow/example_dags/example_task_group_decorator.py
[2024-11-26T11:04:19.651+0000] {processor.py:914} INFO - Processing file /home/airflow/.local/lib/python3.12/site-packages/airflow/example_dags/example_task_group_decorator.py for tasks to queue
[2024-11-26T11:04:19.654+0000] {logging_mixin.py:190} INFO - [2024-11-26T11:04:19.653+0000] {dagbag.py:588} INFO - Filling up the DagBag from /home/airflow/.local/lib/python3.12/site-packages/airflow/example_dags/example_task_group_decorator.py
[2024-11-26T11:04:19.665+0000] {processor.py:925} INFO - DAG(s) 'example_task_group_decorator' retrieved from /home/airflow/.local/lib/python3.12/site-packages/airflow/example_dags/example_task_group_decorator.py
[2024-11-26T11:04:19.687+0000] {logging_mixin.py:190} INFO - [2024-11-26T11:04:19.687+0000] {dag.py:3239} INFO - Sync 1 DAGs
[2024-11-26T11:04:19.697+0000] {logging_mixin.py:190} INFO - [2024-11-26T11:04:19.696+0000] {dag.py:4180} INFO - Setting next_dagrun for example_task_group_decorator to None, run_after=None
[2024-11-26T11:04:19.710+0000] {processor.py:208} INFO - Processing /home/airflow/.local/lib/python3.12/site-packages/airflow/example_dags/example_task_group_decorator.py took 0.065 seconds
[2024-11-26T11:04:50.493+0000] {processor.py:186} INFO - Started process (PID=837) to work on /home/airflow/.local/lib/python3.12/site-packages/airflow/example_dags/example_task_group_decorator.py
[2024-11-26T11:04:50.494+0000] {processor.py:914} INFO - Processing file /home/airflow/.local/lib/python3.12/site-packages/airflow/example_dags/example_task_group_decorator.py for tasks to queue
[2024-11-26T11:04:50.496+0000] {logging_mixin.py:190} INFO - [2024-11-26T11:04:50.496+0000] {dagbag.py:588} INFO - Filling up the DagBag from /home/airflow/.local/lib/python3.12/site-packages/airflow/example_dags/example_task_group_decorator.py
[2024-11-26T11:04:50.506+0000] {processor.py:925} INFO - DAG(s) 'example_task_group_decorator' retrieved from /home/airflow/.local/lib/python3.12/site-packages/airflow/example_dags/example_task_group_decorator.py
[2024-11-26T11:04:50.526+0000] {logging_mixin.py:190} INFO - [2024-11-26T11:04:50.526+0000] {dag.py:3239} INFO - Sync 1 DAGs
[2024-11-26T11:04:50.536+0000] {logging_mixin.py:190} INFO - [2024-11-26T11:04:50.536+0000] {dag.py:4180} INFO - Setting next_dagrun for example_task_group_decorator to None, run_after=None
[2024-11-26T11:04:50.671+0000] {processor.py:208} INFO - Processing /home/airflow/.local/lib/python3.12/site-packages/airflow/example_dags/example_task_group_decorator.py took 0.183 seconds
[2024-11-26T11:05:20.956+0000] {processor.py:186} INFO - Started process (PID=898) to work on /home/airflow/.local/lib/python3.12/site-packages/airflow/example_dags/example_task_group_decorator.py
[2024-11-26T11:05:20.957+0000] {processor.py:914} INFO - Processing file /home/airflow/.local/lib/python3.12/site-packages/airflow/example_dags/example_task_group_decorator.py for tasks to queue
[2024-11-26T11:05:20.959+0000] {logging_mixin.py:190} INFO - [2024-11-26T11:05:20.959+0000] {dagbag.py:588} INFO - Filling up the DagBag from /home/airflow/.local/lib/python3.12/site-packages/airflow/example_dags/example_task_group_decorator.py
[2024-11-26T11:05:20.977+0000] {processor.py:925} INFO - DAG(s) 'example_task_group_decorator' retrieved from /home/airflow/.local/lib/python3.12/site-packages/airflow/example_dags/example_task_group_decorator.py
[2024-11-26T11:05:20.994+0000] {logging_mixin.py:190} INFO - [2024-11-26T11:05:20.994+0000] {dag.py:3239} INFO - Sync 1 DAGs
[2024-11-26T11:05:21.003+0000] {logging_mixin.py:190} INFO - [2024-11-26T11:05:21.003+0000] {dag.py:4180} INFO - Setting next_dagrun for example_task_group_decorator to None, run_after=None
[2024-11-26T11:05:21.016+0000] {processor.py:208} INFO - Processing /home/airflow/.local/lib/python3.12/site-packages/airflow/example_dags/example_task_group_decorator.py took 0.064 seconds
[2024-11-26T11:05:51.192+0000] {processor.py:186} INFO - Started process (PID=961) to work on /home/airflow/.local/lib/python3.12/site-packages/airflow/example_dags/example_task_group_decorator.py
[2024-11-26T11:05:51.193+0000] {processor.py:914} INFO - Processing file /home/airflow/.local/lib/python3.12/site-packages/airflow/example_dags/example_task_group_decorator.py for tasks to queue
[2024-11-26T11:05:51.196+0000] {logging_mixin.py:190} INFO - [2024-11-26T11:05:51.196+0000] {dagbag.py:588} INFO - Filling up the DagBag from /home/airflow/.local/lib/python3.12/site-packages/airflow/example_dags/example_task_group_decorator.py
[2024-11-26T11:05:51.208+0000] {processor.py:925} INFO - DAG(s) 'example_task_group_decorator' retrieved from /home/airflow/.local/lib/python3.12/site-packages/airflow/example_dags/example_task_group_decorator.py
[2024-11-26T11:05:51.232+0000] {logging_mixin.py:190} INFO - [2024-11-26T11:05:51.231+0000] {dag.py:3239} INFO - Sync 1 DAGs
[2024-11-26T11:05:51.246+0000] {logging_mixin.py:190} INFO - [2024-11-26T11:05:51.246+0000] {dag.py:4180} INFO - Setting next_dagrun for example_task_group_decorator to None, run_after=None
[2024-11-26T11:05:51.264+0000] {processor.py:208} INFO - Processing /home/airflow/.local/lib/python3.12/site-packages/airflow/example_dags/example_task_group_decorator.py took 0.077 seconds
[2024-11-26T11:06:21.679+0000] {processor.py:186} INFO - Started process (PID=1024) to work on /home/airflow/.local/lib/python3.12/site-packages/airflow/example_dags/example_task_group_decorator.py
[2024-11-26T11:06:21.680+0000] {processor.py:914} INFO - Processing file /home/airflow/.local/lib/python3.12/site-packages/airflow/example_dags/example_task_group_decorator.py for tasks to queue
[2024-11-26T11:06:21.683+0000] {logging_mixin.py:190} INFO - [2024-11-26T11:06:21.683+0000] {dagbag.py:588} INFO - Filling up the DagBag from /home/airflow/.local/lib/python3.12/site-packages/airflow/example_dags/example_task_group_decorator.py
[2024-11-26T11:06:21.696+0000] {processor.py:925} INFO - DAG(s) 'example_task_group_decorator' retrieved from /home/airflow/.local/lib/python3.12/site-packages/airflow/example_dags/example_task_group_decorator.py
[2024-11-26T11:06:21.714+0000] {logging_mixin.py:190} INFO - [2024-11-26T11:06:21.714+0000] {dag.py:3239} INFO - Sync 1 DAGs
[2024-11-26T11:06:21.723+0000] {logging_mixin.py:190} INFO - [2024-11-26T11:06:21.723+0000] {dag.py:4180} INFO - Setting next_dagrun for example_task_group_decorator to None, run_after=None
[2024-11-26T11:06:21.742+0000] {processor.py:208} INFO - Processing /home/airflow/.local/lib/python3.12/site-packages/airflow/example_dags/example_task_group_decorator.py took 0.067 seconds
[2024-11-26T11:06:51.853+0000] {processor.py:186} INFO - Started process (PID=1087) to work on /home/airflow/.local/lib/python3.12/site-packages/airflow/example_dags/example_task_group_decorator.py
[2024-11-26T11:06:51.854+0000] {processor.py:914} INFO - Processing file /home/airflow/.local/lib/python3.12/site-packages/airflow/example_dags/example_task_group_decorator.py for tasks to queue
[2024-11-26T11:06:51.856+0000] {logging_mixin.py:190} INFO - [2024-11-26T11:06:51.855+0000] {dagbag.py:588} INFO - Filling up the DagBag from /home/airflow/.local/lib/python3.12/site-packages/airflow/example_dags/example_task_group_decorator.py
[2024-11-26T11:06:51.873+0000] {processor.py:925} INFO - DAG(s) 'example_task_group_decorator' retrieved from /home/airflow/.local/lib/python3.12/site-packages/airflow/example_dags/example_task_group_decorator.py
[2024-11-26T11:06:51.888+0000] {logging_mixin.py:190} INFO - [2024-11-26T11:06:51.888+0000] {dag.py:3239} INFO - Sync 1 DAGs
[2024-11-26T11:06:51.897+0000] {logging_mixin.py:190} INFO - [2024-11-26T11:06:51.897+0000] {dag.py:4180} INFO - Setting next_dagrun for example_task_group_decorator to None, run_after=None
[2024-11-26T11:06:51.909+0000] {processor.py:208} INFO - Processing /home/airflow/.local/lib/python3.12/site-packages/airflow/example_dags/example_task_group_decorator.py took 0.060 seconds
[2024-11-26T11:07:21.982+0000] {processor.py:186} INFO - Started process (PID=1150) to work on /home/airflow/.local/lib/python3.12/site-packages/airflow/example_dags/example_task_group_decorator.py
[2024-11-26T11:07:21.983+0000] {processor.py:914} INFO - Processing file /home/airflow/.local/lib/python3.12/site-packages/airflow/example_dags/example_task_group_decorator.py for tasks to queue
[2024-11-26T11:07:21.985+0000] {logging_mixin.py:190} INFO - [2024-11-26T11:07:21.985+0000] {dagbag.py:588} INFO - Filling up the DagBag from /home/airflow/.local/lib/python3.12/site-packages/airflow/example_dags/example_task_group_decorator.py
[2024-11-26T11:07:21.999+0000] {processor.py:925} INFO - DAG(s) 'example_task_group_decorator' retrieved from /home/airflow/.local/lib/python3.12/site-packages/airflow/example_dags/example_task_group_decorator.py
[2024-11-26T11:07:22.020+0000] {logging_mixin.py:190} INFO - [2024-11-26T11:07:22.020+0000] {dag.py:3239} INFO - Sync 1 DAGs
[2024-11-26T11:07:22.030+0000] {logging_mixin.py:190} INFO - [2024-11-26T11:07:22.030+0000] {dag.py:4180} INFO - Setting next_dagrun for example_task_group_decorator to None, run_after=None
[2024-11-26T11:07:22.046+0000] {processor.py:208} INFO - Processing /home/airflow/.local/lib/python3.12/site-packages/airflow/example_dags/example_task_group_decorator.py took 0.069 seconds
[2024-11-26T11:07:52.152+0000] {processor.py:186} INFO - Started process (PID=1213) to work on /home/airflow/.local/lib/python3.12/site-packages/airflow/example_dags/example_task_group_decorator.py
[2024-11-26T11:07:52.152+0000] {processor.py:914} INFO - Processing file /home/airflow/.local/lib/python3.12/site-packages/airflow/example_dags/example_task_group_decorator.py for tasks to queue
[2024-11-26T11:07:52.154+0000] {logging_mixin.py:190} INFO - [2024-11-26T11:07:52.154+0000] {dagbag.py:588} INFO - Filling up the DagBag from /home/airflow/.local/lib/python3.12/site-packages/airflow/example_dags/example_task_group_decorator.py
[2024-11-26T11:07:52.165+0000] {processor.py:925} INFO - DAG(s) 'example_task_group_decorator' retrieved from /home/airflow/.local/lib/python3.12/site-packages/airflow/example_dags/example_task_group_decorator.py
[2024-11-26T11:07:52.182+0000] {logging_mixin.py:190} INFO - [2024-11-26T11:07:52.182+0000] {dag.py:3239} INFO - Sync 1 DAGs
[2024-11-26T11:07:52.192+0000] {logging_mixin.py:190} INFO - [2024-11-26T11:07:52.191+0000] {dag.py:4180} INFO - Setting next_dagrun for example_task_group_decorator to None, run_after=None
[2024-11-26T11:07:52.207+0000] {processor.py:208} INFO - Processing /home/airflow/.local/lib/python3.12/site-packages/airflow/example_dags/example_task_group_decorator.py took 0.060 seconds
[2024-11-26T11:08:22.605+0000] {processor.py:186} INFO - Started process (PID=1276) to work on /home/airflow/.local/lib/python3.12/site-packages/airflow/example_dags/example_task_group_decorator.py
[2024-11-26T11:08:22.606+0000] {processor.py:914} INFO - Processing file /home/airflow/.local/lib/python3.12/site-packages/airflow/example_dags/example_task_group_decorator.py for tasks to queue
[2024-11-26T11:08:22.608+0000] {logging_mixin.py:190} INFO - [2024-11-26T11:08:22.608+0000] {dagbag.py:588} INFO - Filling up the DagBag from /home/airflow/.local/lib/python3.12/site-packages/airflow/example_dags/example_task_group_decorator.py
[2024-11-26T11:08:22.619+0000] {processor.py:925} INFO - DAG(s) 'example_task_group_decorator' retrieved from /home/airflow/.local/lib/python3.12/site-packages/airflow/example_dags/example_task_group_decorator.py
[2024-11-26T11:08:22.640+0000] {logging_mixin.py:190} INFO - [2024-11-26T11:08:22.640+0000] {dag.py:3239} INFO - Sync 1 DAGs
[2024-11-26T11:08:22.650+0000] {logging_mixin.py:190} INFO - [2024-11-26T11:08:22.650+0000] {dag.py:4180} INFO - Setting next_dagrun for example_task_group_decorator to None, run_after=None
[2024-11-26T11:08:22.664+0000] {processor.py:208} INFO - Processing /home/airflow/.local/lib/python3.12/site-packages/airflow/example_dags/example_task_group_decorator.py took 0.063 seconds
[2024-11-26T11:08:53.288+0000] {processor.py:186} INFO - Started process (PID=1339) to work on /home/airflow/.local/lib/python3.12/site-packages/airflow/example_dags/example_task_group_decorator.py
[2024-11-26T11:08:53.289+0000] {processor.py:914} INFO - Processing file /home/airflow/.local/lib/python3.12/site-packages/airflow/example_dags/example_task_group_decorator.py for tasks to queue
[2024-11-26T11:08:53.291+0000] {logging_mixin.py:190} INFO - [2024-11-26T11:08:53.291+0000] {dagbag.py:588} INFO - Filling up the DagBag from /home/airflow/.local/lib/python3.12/site-packages/airflow/example_dags/example_task_group_decorator.py
[2024-11-26T11:08:53.305+0000] {processor.py:925} INFO - DAG(s) 'example_task_group_decorator' retrieved from /home/airflow/.local/lib/python3.12/site-packages/airflow/example_dags/example_task_group_decorator.py
[2024-11-26T11:08:53.324+0000] {logging_mixin.py:190} INFO - [2024-11-26T11:08:53.324+0000] {dag.py:3239} INFO - Sync 1 DAGs
[2024-11-26T11:08:53.336+0000] {logging_mixin.py:190} INFO - [2024-11-26T11:08:53.335+0000] {dag.py:4180} INFO - Setting next_dagrun for example_task_group_decorator to None, run_after=None
[2024-11-26T11:08:53.353+0000] {processor.py:208} INFO - Processing /home/airflow/.local/lib/python3.12/site-packages/airflow/example_dags/example_task_group_decorator.py took 0.070 seconds
[2024-11-26T11:09:23.815+0000] {processor.py:186} INFO - Started process (PID=1402) to work on /home/airflow/.local/lib/python3.12/site-packages/airflow/example_dags/example_task_group_decorator.py
[2024-11-26T11:09:23.816+0000] {processor.py:914} INFO - Processing file /home/airflow/.local/lib/python3.12/site-packages/airflow/example_dags/example_task_group_decorator.py for tasks to queue
[2024-11-26T11:09:23.820+0000] {logging_mixin.py:190} INFO - [2024-11-26T11:09:23.819+0000] {dagbag.py:588} INFO - Filling up the DagBag from /home/airflow/.local/lib/python3.12/site-packages/airflow/example_dags/example_task_group_decorator.py
[2024-11-26T11:09:23.836+0000] {processor.py:925} INFO - DAG(s) 'example_task_group_decorator' retrieved from /home/airflow/.local/lib/python3.12/site-packages/airflow/example_dags/example_task_group_decorator.py
[2024-11-26T11:09:23.854+0000] {logging_mixin.py:190} INFO - [2024-11-26T11:09:23.853+0000] {dag.py:3239} INFO - Sync 1 DAGs
[2024-11-26T11:09:23.864+0000] {logging_mixin.py:190} INFO - [2024-11-26T11:09:23.864+0000] {dag.py:4180} INFO - Setting next_dagrun for example_task_group_decorator to None, run_after=None
[2024-11-26T11:09:23.879+0000] {processor.py:208} INFO - Processing /home/airflow/.local/lib/python3.12/site-packages/airflow/example_dags/example_task_group_decorator.py took 0.068 seconds
[2024-11-26T11:09:54.294+0000] {processor.py:186} INFO - Started process (PID=1465) to work on /home/airflow/.local/lib/python3.12/site-packages/airflow/example_dags/example_task_group_decorator.py
[2024-11-26T11:09:54.295+0000] {processor.py:914} INFO - Processing file /home/airflow/.local/lib/python3.12/site-packages/airflow/example_dags/example_task_group_decorator.py for tasks to queue
[2024-11-26T11:09:54.297+0000] {logging_mixin.py:190} INFO - [2024-11-26T11:09:54.296+0000] {dagbag.py:588} INFO - Filling up the DagBag from /home/airflow/.local/lib/python3.12/site-packages/airflow/example_dags/example_task_group_decorator.py
[2024-11-26T11:09:54.310+0000] {processor.py:925} INFO - DAG(s) 'example_task_group_decorator' retrieved from /home/airflow/.local/lib/python3.12/site-packages/airflow/example_dags/example_task_group_decorator.py
[2024-11-26T11:09:54.332+0000] {logging_mixin.py:190} INFO - [2024-11-26T11:09:54.332+0000] {dag.py:3239} INFO - Sync 1 DAGs
[2024-11-26T11:09:54.343+0000] {logging_mixin.py:190} INFO - [2024-11-26T11:09:54.343+0000] {dag.py:4180} INFO - Setting next_dagrun for example_task_group_decorator to None, run_after=None
[2024-11-26T11:09:54.363+0000] {processor.py:208} INFO - Processing /home/airflow/.local/lib/python3.12/site-packages/airflow/example_dags/example_task_group_decorator.py took 0.074 seconds
[2024-11-26T11:10:25.240+0000] {processor.py:186} INFO - Started process (PID=1528) to work on /home/airflow/.local/lib/python3.12/site-packages/airflow/example_dags/example_task_group_decorator.py
[2024-11-26T11:10:25.242+0000] {processor.py:914} INFO - Processing file /home/airflow/.local/lib/python3.12/site-packages/airflow/example_dags/example_task_group_decorator.py for tasks to queue
[2024-11-26T11:10:25.245+0000] {logging_mixin.py:190} INFO - [2024-11-26T11:10:25.244+0000] {dagbag.py:588} INFO - Filling up the DagBag from /home/airflow/.local/lib/python3.12/site-packages/airflow/example_dags/example_task_group_decorator.py
[2024-11-26T11:10:25.257+0000] {processor.py:925} INFO - DAG(s) 'example_task_group_decorator' retrieved from /home/airflow/.local/lib/python3.12/site-packages/airflow/example_dags/example_task_group_decorator.py
[2024-11-26T11:10:25.279+0000] {logging_mixin.py:190} INFO - [2024-11-26T11:10:25.279+0000] {dag.py:3239} INFO - Sync 1 DAGs
[2024-11-26T11:10:25.290+0000] {logging_mixin.py:190} INFO - [2024-11-26T11:10:25.289+0000] {dag.py:4180} INFO - Setting next_dagrun for example_task_group_decorator to None, run_after=None
[2024-11-26T11:10:25.308+0000] {processor.py:208} INFO - Processing /home/airflow/.local/lib/python3.12/site-packages/airflow/example_dags/example_task_group_decorator.py took 0.073 seconds
[2024-11-26T11:10:55.351+0000] {processor.py:186} INFO - Started process (PID=1591) to work on /home/airflow/.local/lib/python3.12/site-packages/airflow/example_dags/example_task_group_decorator.py
[2024-11-26T11:10:55.352+0000] {processor.py:914} INFO - Processing file /home/airflow/.local/lib/python3.12/site-packages/airflow/example_dags/example_task_group_decorator.py for tasks to queue
[2024-11-26T11:10:55.354+0000] {logging_mixin.py:190} INFO - [2024-11-26T11:10:55.353+0000] {dagbag.py:588} INFO - Filling up the DagBag from /home/airflow/.local/lib/python3.12/site-packages/airflow/example_dags/example_task_group_decorator.py
[2024-11-26T11:10:55.365+0000] {processor.py:925} INFO - DAG(s) 'example_task_group_decorator' retrieved from /home/airflow/.local/lib/python3.12/site-packages/airflow/example_dags/example_task_group_decorator.py
[2024-11-26T11:10:55.386+0000] {logging_mixin.py:190} INFO - [2024-11-26T11:10:55.386+0000] {dag.py:3239} INFO - Sync 1 DAGs
[2024-11-26T11:10:55.395+0000] {logging_mixin.py:190} INFO - [2024-11-26T11:10:55.395+0000] {dag.py:4180} INFO - Setting next_dagrun for example_task_group_decorator to None, run_after=None
[2024-11-26T11:10:55.415+0000] {processor.py:208} INFO - Processing /home/airflow/.local/lib/python3.12/site-packages/airflow/example_dags/example_task_group_decorator.py took 0.068 seconds
[2024-11-26T11:11:25.781+0000] {processor.py:186} INFO - Started process (PID=1654) to work on /home/airflow/.local/lib/python3.12/site-packages/airflow/example_dags/example_task_group_decorator.py
[2024-11-26T11:11:25.784+0000] {processor.py:914} INFO - Processing file /home/airflow/.local/lib/python3.12/site-packages/airflow/example_dags/example_task_group_decorator.py for tasks to queue
[2024-11-26T11:11:25.788+0000] {logging_mixin.py:190} INFO - [2024-11-26T11:11:25.787+0000] {dagbag.py:588} INFO - Filling up the DagBag from /home/airflow/.local/lib/python3.12/site-packages/airflow/example_dags/example_task_group_decorator.py
[2024-11-26T11:11:25.801+0000] {processor.py:925} INFO - DAG(s) 'example_task_group_decorator' retrieved from /home/airflow/.local/lib/python3.12/site-packages/airflow/example_dags/example_task_group_decorator.py
[2024-11-26T11:11:25.827+0000] {logging_mixin.py:190} INFO - [2024-11-26T11:11:25.827+0000] {dag.py:3239} INFO - Sync 1 DAGs
[2024-11-26T11:11:25.840+0000] {logging_mixin.py:190} INFO - [2024-11-26T11:11:25.840+0000] {dag.py:4180} INFO - Setting next_dagrun for example_task_group_decorator to None, run_after=None
[2024-11-26T11:11:25.858+0000] {processor.py:208} INFO - Processing /home/airflow/.local/lib/python3.12/site-packages/airflow/example_dags/example_task_group_decorator.py took 0.082 seconds
