[2024-11-26T10:58:46.772+0000] {processor.py:186} INFO - Started process (PID=122) to work on /home/airflow/.local/lib/python3.12/site-packages/airflow/example_dags/example_skip_dag.py
[2024-11-26T10:58:46.773+0000] {processor.py:914} INFO - Processing file /home/airflow/.local/lib/python3.12/site-packages/airflow/example_dags/example_skip_dag.py for tasks to queue
[2024-11-26T10:58:46.774+0000] {logging_mixin.py:190} INFO - [2024-11-26T10:58:46.774+0000] {dagbag.py:588} INFO - Filling up the DagBag from /home/airflow/.local/lib/python3.12/site-packages/airflow/example_dags/example_skip_dag.py
[2024-11-26T10:58:46.780+0000] {processor.py:925} INFO - DAG(s) 'example_skip_dag' retrieved from /home/airflow/.local/lib/python3.12/site-packages/airflow/example_dags/example_skip_dag.py
[2024-11-26T10:58:46.886+0000] {logging_mixin.py:190} INFO - [2024-11-26T10:58:46.886+0000] {override.py:1911} INFO - Created Permission View: can delete on DAG:example_skip_dag
[2024-11-26T10:58:46.896+0000] {logging_mixin.py:190} INFO - [2024-11-26T10:58:46.896+0000] {override.py:1911} INFO - Created Permission View: can read on DAG:example_skip_dag
[2024-11-26T10:58:46.903+0000] {logging_mixin.py:190} INFO - [2024-11-26T10:58:46.903+0000] {override.py:1911} INFO - Created Permission View: can edit on DAG:example_skip_dag
[2024-11-26T10:58:46.911+0000] {logging_mixin.py:190} INFO - [2024-11-26T10:58:46.911+0000] {override.py:1911} INFO - Created Permission View: can create on DAG Run:example_skip_dag
[2024-11-26T10:58:46.916+0000] {logging_mixin.py:190} INFO - [2024-11-26T10:58:46.916+0000] {override.py:1911} INFO - Created Permission View: can read on DAG Run:example_skip_dag
[2024-11-26T10:58:46.924+0000] {logging_mixin.py:190} INFO - [2024-11-26T10:58:46.924+0000] {override.py:1911} INFO - Created Permission View: menu access on DAG Run:example_skip_dag
[2024-11-26T10:58:46.931+0000] {logging_mixin.py:190} INFO - [2024-11-26T10:58:46.931+0000] {override.py:1911} INFO - Created Permission View: can delete on DAG Run:example_skip_dag
[2024-11-26T10:58:46.932+0000] {logging_mixin.py:190} INFO - [2024-11-26T10:58:46.932+0000] {dag.py:3239} INFO - Sync 1 DAGs
[2024-11-26T10:58:46.940+0000] {logging_mixin.py:190} INFO - [2024-11-26T10:58:46.940+0000] {dag.py:3262} INFO - Creating ORM DAG for example_skip_dag
[2024-11-26T10:58:46.946+0000] {logging_mixin.py:190} INFO - [2024-11-26T10:58:46.946+0000] {dag.py:4180} INFO - Setting next_dagrun for example_skip_dag to 2024-11-25 00:00:00+00:00, run_after=2024-11-26 00:00:00+00:00
[2024-11-26T10:58:46.960+0000] {processor.py:208} INFO - Processing /home/airflow/.local/lib/python3.12/site-packages/airflow/example_dags/example_skip_dag.py took 0.192 seconds
[2024-11-26T10:59:17.026+0000] {processor.py:186} INFO - Started process (PID=185) to work on /home/airflow/.local/lib/python3.12/site-packages/airflow/example_dags/example_skip_dag.py
[2024-11-26T10:59:17.027+0000] {processor.py:914} INFO - Processing file /home/airflow/.local/lib/python3.12/site-packages/airflow/example_dags/example_skip_dag.py for tasks to queue
[2024-11-26T10:59:17.030+0000] {logging_mixin.py:190} INFO - [2024-11-26T10:59:17.030+0000] {dagbag.py:588} INFO - Filling up the DagBag from /home/airflow/.local/lib/python3.12/site-packages/airflow/example_dags/example_skip_dag.py
[2024-11-26T10:59:17.037+0000] {processor.py:925} INFO - DAG(s) 'example_skip_dag' retrieved from /home/airflow/.local/lib/python3.12/site-packages/airflow/example_dags/example_skip_dag.py
[2024-11-26T10:59:17.054+0000] {logging_mixin.py:190} INFO - [2024-11-26T10:59:17.053+0000] {dag.py:3239} INFO - Sync 1 DAGs
[2024-11-26T10:59:17.076+0000] {logging_mixin.py:190} INFO - [2024-11-26T10:59:17.076+0000] {dag.py:4180} INFO - Setting next_dagrun for example_skip_dag to 2024-11-25 00:00:00+00:00, run_after=2024-11-26 00:00:00+00:00
[2024-11-26T10:59:17.089+0000] {processor.py:208} INFO - Processing /home/airflow/.local/lib/python3.12/site-packages/airflow/example_dags/example_skip_dag.py took 0.067 seconds
[2024-11-26T10:59:47.843+0000] {processor.py:186} INFO - Started process (PID=248) to work on /home/airflow/.local/lib/python3.12/site-packages/airflow/example_dags/example_skip_dag.py
[2024-11-26T10:59:47.845+0000] {processor.py:914} INFO - Processing file /home/airflow/.local/lib/python3.12/site-packages/airflow/example_dags/example_skip_dag.py for tasks to queue
[2024-11-26T10:59:47.848+0000] {logging_mixin.py:190} INFO - [2024-11-26T10:59:47.848+0000] {dagbag.py:588} INFO - Filling up the DagBag from /home/airflow/.local/lib/python3.12/site-packages/airflow/example_dags/example_skip_dag.py
[2024-11-26T10:59:47.860+0000] {processor.py:925} INFO - DAG(s) 'example_skip_dag' retrieved from /home/airflow/.local/lib/python3.12/site-packages/airflow/example_dags/example_skip_dag.py
[2024-11-26T10:59:47.881+0000] {logging_mixin.py:190} INFO - [2024-11-26T10:59:47.881+0000] {dag.py:3239} INFO - Sync 1 DAGs
[2024-11-26T10:59:47.908+0000] {logging_mixin.py:190} INFO - [2024-11-26T10:59:47.908+0000] {dag.py:4180} INFO - Setting next_dagrun for example_skip_dag to 2024-11-25 00:00:00+00:00, run_after=2024-11-26 00:00:00+00:00
[2024-11-26T10:59:47.927+0000] {processor.py:208} INFO - Processing /home/airflow/.local/lib/python3.12/site-packages/airflow/example_dags/example_skip_dag.py took 0.089 seconds
[2024-11-26T11:00:18.306+0000] {processor.py:186} INFO - Started process (PID=311) to work on /home/airflow/.local/lib/python3.12/site-packages/airflow/example_dags/example_skip_dag.py
[2024-11-26T11:00:18.307+0000] {processor.py:914} INFO - Processing file /home/airflow/.local/lib/python3.12/site-packages/airflow/example_dags/example_skip_dag.py for tasks to queue
[2024-11-26T11:00:18.311+0000] {logging_mixin.py:190} INFO - [2024-11-26T11:00:18.310+0000] {dagbag.py:588} INFO - Filling up the DagBag from /home/airflow/.local/lib/python3.12/site-packages/airflow/example_dags/example_skip_dag.py
[2024-11-26T11:00:18.322+0000] {processor.py:925} INFO - DAG(s) 'example_skip_dag' retrieved from /home/airflow/.local/lib/python3.12/site-packages/airflow/example_dags/example_skip_dag.py
[2024-11-26T11:00:18.339+0000] {logging_mixin.py:190} INFO - [2024-11-26T11:00:18.339+0000] {dag.py:3239} INFO - Sync 1 DAGs
[2024-11-26T11:00:18.357+0000] {logging_mixin.py:190} INFO - [2024-11-26T11:00:18.357+0000] {dag.py:4180} INFO - Setting next_dagrun for example_skip_dag to 2024-11-25 00:00:00+00:00, run_after=2024-11-26 00:00:00+00:00
[2024-11-26T11:00:18.370+0000] {processor.py:208} INFO - Processing /home/airflow/.local/lib/python3.12/site-packages/airflow/example_dags/example_skip_dag.py took 0.068 seconds
[2024-11-26T11:00:49.280+0000] {processor.py:186} INFO - Started process (PID=373) to work on /home/airflow/.local/lib/python3.12/site-packages/airflow/example_dags/example_skip_dag.py
[2024-11-26T11:00:49.281+0000] {processor.py:914} INFO - Processing file /home/airflow/.local/lib/python3.12/site-packages/airflow/example_dags/example_skip_dag.py for tasks to queue
[2024-11-26T11:00:49.283+0000] {logging_mixin.py:190} INFO - [2024-11-26T11:00:49.283+0000] {dagbag.py:588} INFO - Filling up the DagBag from /home/airflow/.local/lib/python3.12/site-packages/airflow/example_dags/example_skip_dag.py
[2024-11-26T11:00:49.291+0000] {processor.py:925} INFO - DAG(s) 'example_skip_dag' retrieved from /home/airflow/.local/lib/python3.12/site-packages/airflow/example_dags/example_skip_dag.py
[2024-11-26T11:00:49.307+0000] {logging_mixin.py:190} INFO - [2024-11-26T11:00:49.307+0000] {dag.py:3239} INFO - Sync 1 DAGs
[2024-11-26T11:00:49.325+0000] {logging_mixin.py:190} INFO - [2024-11-26T11:00:49.325+0000] {dag.py:4180} INFO - Setting next_dagrun for example_skip_dag to 2024-11-25 00:00:00+00:00, run_after=2024-11-26 00:00:00+00:00
[2024-11-26T11:00:49.344+0000] {processor.py:208} INFO - Processing /home/airflow/.local/lib/python3.12/site-packages/airflow/example_dags/example_skip_dag.py took 0.069 seconds
[2024-11-26T11:01:20.132+0000] {processor.py:186} INFO - Started process (PID=435) to work on /home/airflow/.local/lib/python3.12/site-packages/airflow/example_dags/example_skip_dag.py
[2024-11-26T11:01:20.133+0000] {processor.py:914} INFO - Processing file /home/airflow/.local/lib/python3.12/site-packages/airflow/example_dags/example_skip_dag.py for tasks to queue
[2024-11-26T11:01:20.136+0000] {logging_mixin.py:190} INFO - [2024-11-26T11:01:20.136+0000] {dagbag.py:588} INFO - Filling up the DagBag from /home/airflow/.local/lib/python3.12/site-packages/airflow/example_dags/example_skip_dag.py
[2024-11-26T11:01:20.145+0000] {processor.py:925} INFO - DAG(s) 'example_skip_dag' retrieved from /home/airflow/.local/lib/python3.12/site-packages/airflow/example_dags/example_skip_dag.py
[2024-11-26T11:01:20.168+0000] {logging_mixin.py:190} INFO - [2024-11-26T11:01:20.168+0000] {dag.py:3239} INFO - Sync 1 DAGs
[2024-11-26T11:01:20.191+0000] {logging_mixin.py:190} INFO - [2024-11-26T11:01:20.190+0000] {dag.py:4180} INFO - Setting next_dagrun for example_skip_dag to 2024-11-25 00:00:00+00:00, run_after=2024-11-26 00:00:00+00:00
[2024-11-26T11:01:20.213+0000] {processor.py:208} INFO - Processing /home/airflow/.local/lib/python3.12/site-packages/airflow/example_dags/example_skip_dag.py took 0.086 seconds
[2024-11-26T11:01:51.045+0000] {processor.py:186} INFO - Started process (PID=498) to work on /home/airflow/.local/lib/python3.12/site-packages/airflow/example_dags/example_skip_dag.py
[2024-11-26T11:01:51.045+0000] {processor.py:914} INFO - Processing file /home/airflow/.local/lib/python3.12/site-packages/airflow/example_dags/example_skip_dag.py for tasks to queue
[2024-11-26T11:01:51.048+0000] {logging_mixin.py:190} INFO - [2024-11-26T11:01:51.048+0000] {dagbag.py:588} INFO - Filling up the DagBag from /home/airflow/.local/lib/python3.12/site-packages/airflow/example_dags/example_skip_dag.py
[2024-11-26T11:01:51.054+0000] {processor.py:925} INFO - DAG(s) 'example_skip_dag' retrieved from /home/airflow/.local/lib/python3.12/site-packages/airflow/example_dags/example_skip_dag.py
[2024-11-26T11:01:51.075+0000] {logging_mixin.py:190} INFO - [2024-11-26T11:01:51.075+0000] {dag.py:3239} INFO - Sync 1 DAGs
[2024-11-26T11:01:51.093+0000] {logging_mixin.py:190} INFO - [2024-11-26T11:01:51.093+0000] {dag.py:4180} INFO - Setting next_dagrun for example_skip_dag to 2024-11-25 00:00:00+00:00, run_after=2024-11-26 00:00:00+00:00
[2024-11-26T11:01:51.110+0000] {processor.py:208} INFO - Processing /home/airflow/.local/lib/python3.12/site-packages/airflow/example_dags/example_skip_dag.py took 0.071 seconds
[2024-11-26T11:02:21.515+0000] {processor.py:186} INFO - Started process (PID=561) to work on /home/airflow/.local/lib/python3.12/site-packages/airflow/example_dags/example_skip_dag.py
[2024-11-26T11:02:21.516+0000] {processor.py:914} INFO - Processing file /home/airflow/.local/lib/python3.12/site-packages/airflow/example_dags/example_skip_dag.py for tasks to queue
[2024-11-26T11:02:21.518+0000] {logging_mixin.py:190} INFO - [2024-11-26T11:02:21.518+0000] {dagbag.py:588} INFO - Filling up the DagBag from /home/airflow/.local/lib/python3.12/site-packages/airflow/example_dags/example_skip_dag.py
[2024-11-26T11:02:21.525+0000] {processor.py:925} INFO - DAG(s) 'example_skip_dag' retrieved from /home/airflow/.local/lib/python3.12/site-packages/airflow/example_dags/example_skip_dag.py
[2024-11-26T11:02:21.543+0000] {logging_mixin.py:190} INFO - [2024-11-26T11:02:21.543+0000] {dag.py:3239} INFO - Sync 1 DAGs
[2024-11-26T11:02:21.560+0000] {logging_mixin.py:190} INFO - [2024-11-26T11:02:21.560+0000] {dag.py:4180} INFO - Setting next_dagrun for example_skip_dag to 2024-11-25 00:00:00+00:00, run_after=2024-11-26 00:00:00+00:00
[2024-11-26T11:02:21.575+0000] {processor.py:208} INFO - Processing /home/airflow/.local/lib/python3.12/site-packages/airflow/example_dags/example_skip_dag.py took 0.066 seconds
[2024-11-26T11:02:52.110+0000] {processor.py:186} INFO - Started process (PID=623) to work on /home/airflow/.local/lib/python3.12/site-packages/airflow/example_dags/example_skip_dag.py
[2024-11-26T11:02:52.111+0000] {processor.py:914} INFO - Processing file /home/airflow/.local/lib/python3.12/site-packages/airflow/example_dags/example_skip_dag.py for tasks to queue
[2024-11-26T11:02:52.113+0000] {logging_mixin.py:190} INFO - [2024-11-26T11:02:52.112+0000] {dagbag.py:588} INFO - Filling up the DagBag from /home/airflow/.local/lib/python3.12/site-packages/airflow/example_dags/example_skip_dag.py
[2024-11-26T11:02:52.120+0000] {processor.py:925} INFO - DAG(s) 'example_skip_dag' retrieved from /home/airflow/.local/lib/python3.12/site-packages/airflow/example_dags/example_skip_dag.py
[2024-11-26T11:02:52.138+0000] {logging_mixin.py:190} INFO - [2024-11-26T11:02:52.137+0000] {dag.py:3239} INFO - Sync 1 DAGs
[2024-11-26T11:02:52.154+0000] {logging_mixin.py:190} INFO - [2024-11-26T11:02:52.154+0000] {dag.py:4180} INFO - Setting next_dagrun for example_skip_dag to 2024-11-25 00:00:00+00:00, run_after=2024-11-26 00:00:00+00:00
[2024-11-26T11:02:52.172+0000] {processor.py:208} INFO - Processing /home/airflow/.local/lib/python3.12/site-packages/airflow/example_dags/example_skip_dag.py took 0.067 seconds
[2024-11-26T11:03:22.686+0000] {processor.py:186} INFO - Started process (PID=686) to work on /home/airflow/.local/lib/python3.12/site-packages/airflow/example_dags/example_skip_dag.py
[2024-11-26T11:03:22.687+0000] {processor.py:914} INFO - Processing file /home/airflow/.local/lib/python3.12/site-packages/airflow/example_dags/example_skip_dag.py for tasks to queue
[2024-11-26T11:03:22.690+0000] {logging_mixin.py:190} INFO - [2024-11-26T11:03:22.690+0000] {dagbag.py:588} INFO - Filling up the DagBag from /home/airflow/.local/lib/python3.12/site-packages/airflow/example_dags/example_skip_dag.py
[2024-11-26T11:03:22.698+0000] {processor.py:925} INFO - DAG(s) 'example_skip_dag' retrieved from /home/airflow/.local/lib/python3.12/site-packages/airflow/example_dags/example_skip_dag.py
[2024-11-26T11:03:22.715+0000] {logging_mixin.py:190} INFO - [2024-11-26T11:03:22.715+0000] {dag.py:3239} INFO - Sync 1 DAGs
[2024-11-26T11:03:22.736+0000] {logging_mixin.py:190} INFO - [2024-11-26T11:03:22.735+0000] {dag.py:4180} INFO - Setting next_dagrun for example_skip_dag to 2024-11-25 00:00:00+00:00, run_after=2024-11-26 00:00:00+00:00
[2024-11-26T11:03:22.753+0000] {processor.py:208} INFO - Processing /home/airflow/.local/lib/python3.12/site-packages/airflow/example_dags/example_skip_dag.py took 0.072 seconds
[2024-11-26T11:03:53.274+0000] {processor.py:186} INFO - Started process (PID=749) to work on /home/airflow/.local/lib/python3.12/site-packages/airflow/example_dags/example_skip_dag.py
[2024-11-26T11:03:53.275+0000] {processor.py:914} INFO - Processing file /home/airflow/.local/lib/python3.12/site-packages/airflow/example_dags/example_skip_dag.py for tasks to queue
[2024-11-26T11:03:53.276+0000] {logging_mixin.py:190} INFO - [2024-11-26T11:03:53.276+0000] {dagbag.py:588} INFO - Filling up the DagBag from /home/airflow/.local/lib/python3.12/site-packages/airflow/example_dags/example_skip_dag.py
[2024-11-26T11:03:53.282+0000] {processor.py:925} INFO - DAG(s) 'example_skip_dag' retrieved from /home/airflow/.local/lib/python3.12/site-packages/airflow/example_dags/example_skip_dag.py
[2024-11-26T11:03:53.295+0000] {logging_mixin.py:190} INFO - [2024-11-26T11:03:53.295+0000] {dag.py:3239} INFO - Sync 1 DAGs
[2024-11-26T11:03:53.311+0000] {logging_mixin.py:190} INFO - [2024-11-26T11:03:53.311+0000] {dag.py:4180} INFO - Setting next_dagrun for example_skip_dag to 2024-11-25 00:00:00+00:00, run_after=2024-11-26 00:00:00+00:00
[2024-11-26T11:03:53.325+0000] {processor.py:208} INFO - Processing /home/airflow/.local/lib/python3.12/site-packages/airflow/example_dags/example_skip_dag.py took 0.055 seconds
[2024-11-26T11:04:24.464+0000] {processor.py:186} INFO - Started process (PID=813) to work on /home/airflow/.local/lib/python3.12/site-packages/airflow/example_dags/example_skip_dag.py
[2024-11-26T11:04:24.465+0000] {processor.py:914} INFO - Processing file /home/airflow/.local/lib/python3.12/site-packages/airflow/example_dags/example_skip_dag.py for tasks to queue
[2024-11-26T11:04:24.467+0000] {logging_mixin.py:190} INFO - [2024-11-26T11:04:24.467+0000] {dagbag.py:588} INFO - Filling up the DagBag from /home/airflow/.local/lib/python3.12/site-packages/airflow/example_dags/example_skip_dag.py
[2024-11-26T11:04:24.475+0000] {processor.py:925} INFO - DAG(s) 'example_skip_dag' retrieved from /home/airflow/.local/lib/python3.12/site-packages/airflow/example_dags/example_skip_dag.py
[2024-11-26T11:04:24.498+0000] {logging_mixin.py:190} INFO - [2024-11-26T11:04:24.497+0000] {dag.py:3239} INFO - Sync 1 DAGs
[2024-11-26T11:04:24.516+0000] {logging_mixin.py:190} INFO - [2024-11-26T11:04:24.515+0000] {dag.py:4180} INFO - Setting next_dagrun for example_skip_dag to 2024-11-25 00:00:00+00:00, run_after=2024-11-26 00:00:00+00:00
[2024-11-26T11:04:24.536+0000] {processor.py:208} INFO - Processing /home/airflow/.local/lib/python3.12/site-packages/airflow/example_dags/example_skip_dag.py took 0.076 seconds
[2024-11-26T11:04:54.970+0000] {processor.py:186} INFO - Started process (PID=875) to work on /home/airflow/.local/lib/python3.12/site-packages/airflow/example_dags/example_skip_dag.py
[2024-11-26T11:04:54.970+0000] {processor.py:914} INFO - Processing file /home/airflow/.local/lib/python3.12/site-packages/airflow/example_dags/example_skip_dag.py for tasks to queue
[2024-11-26T11:04:54.972+0000] {logging_mixin.py:190} INFO - [2024-11-26T11:04:54.972+0000] {dagbag.py:588} INFO - Filling up the DagBag from /home/airflow/.local/lib/python3.12/site-packages/airflow/example_dags/example_skip_dag.py
[2024-11-26T11:04:54.979+0000] {processor.py:925} INFO - DAG(s) 'example_skip_dag' retrieved from /home/airflow/.local/lib/python3.12/site-packages/airflow/example_dags/example_skip_dag.py
[2024-11-26T11:04:54.998+0000] {logging_mixin.py:190} INFO - [2024-11-26T11:04:54.998+0000] {dag.py:3239} INFO - Sync 1 DAGs
[2024-11-26T11:04:55.018+0000] {logging_mixin.py:190} INFO - [2024-11-26T11:04:55.018+0000] {dag.py:4180} INFO - Setting next_dagrun for example_skip_dag to 2024-11-25 00:00:00+00:00, run_after=2024-11-26 00:00:00+00:00
[2024-11-26T11:04:55.034+0000] {processor.py:208} INFO - Processing /home/airflow/.local/lib/python3.12/site-packages/airflow/example_dags/example_skip_dag.py took 0.068 seconds
[2024-11-26T11:05:26.290+0000] {processor.py:186} INFO - Started process (PID=937) to work on /home/airflow/.local/lib/python3.12/site-packages/airflow/example_dags/example_skip_dag.py
[2024-11-26T11:05:26.290+0000] {processor.py:914} INFO - Processing file /home/airflow/.local/lib/python3.12/site-packages/airflow/example_dags/example_skip_dag.py for tasks to queue
[2024-11-26T11:05:26.293+0000] {logging_mixin.py:190} INFO - [2024-11-26T11:05:26.293+0000] {dagbag.py:588} INFO - Filling up the DagBag from /home/airflow/.local/lib/python3.12/site-packages/airflow/example_dags/example_skip_dag.py
[2024-11-26T11:05:26.299+0000] {processor.py:925} INFO - DAG(s) 'example_skip_dag' retrieved from /home/airflow/.local/lib/python3.12/site-packages/airflow/example_dags/example_skip_dag.py
[2024-11-26T11:05:26.315+0000] {logging_mixin.py:190} INFO - [2024-11-26T11:05:26.314+0000] {dag.py:3239} INFO - Sync 1 DAGs
[2024-11-26T11:05:26.336+0000] {logging_mixin.py:190} INFO - [2024-11-26T11:05:26.336+0000] {dag.py:4180} INFO - Setting next_dagrun for example_skip_dag to 2024-11-25 00:00:00+00:00, run_after=2024-11-26 00:00:00+00:00
[2024-11-26T11:05:26.352+0000] {processor.py:208} INFO - Processing /home/airflow/.local/lib/python3.12/site-packages/airflow/example_dags/example_skip_dag.py took 0.066 seconds
[2024-11-26T11:05:56.791+0000] {processor.py:186} INFO - Started process (PID=1000) to work on /home/airflow/.local/lib/python3.12/site-packages/airflow/example_dags/example_skip_dag.py
[2024-11-26T11:05:56.792+0000] {processor.py:914} INFO - Processing file /home/airflow/.local/lib/python3.12/site-packages/airflow/example_dags/example_skip_dag.py for tasks to queue
[2024-11-26T11:05:56.794+0000] {logging_mixin.py:190} INFO - [2024-11-26T11:05:56.794+0000] {dagbag.py:588} INFO - Filling up the DagBag from /home/airflow/.local/lib/python3.12/site-packages/airflow/example_dags/example_skip_dag.py
[2024-11-26T11:05:56.800+0000] {processor.py:925} INFO - DAG(s) 'example_skip_dag' retrieved from /home/airflow/.local/lib/python3.12/site-packages/airflow/example_dags/example_skip_dag.py
[2024-11-26T11:05:56.817+0000] {logging_mixin.py:190} INFO - [2024-11-26T11:05:56.817+0000] {dag.py:3239} INFO - Sync 1 DAGs
[2024-11-26T11:05:56.838+0000] {logging_mixin.py:190} INFO - [2024-11-26T11:05:56.838+0000] {dag.py:4180} INFO - Setting next_dagrun for example_skip_dag to 2024-11-25 00:00:00+00:00, run_after=2024-11-26 00:00:00+00:00
[2024-11-26T11:05:56.855+0000] {processor.py:208} INFO - Processing /home/airflow/.local/lib/python3.12/site-packages/airflow/example_dags/example_skip_dag.py took 0.068 seconds
[2024-11-26T11:06:27.659+0000] {processor.py:186} INFO - Started process (PID=1063) to work on /home/airflow/.local/lib/python3.12/site-packages/airflow/example_dags/example_skip_dag.py
[2024-11-26T11:06:27.660+0000] {processor.py:914} INFO - Processing file /home/airflow/.local/lib/python3.12/site-packages/airflow/example_dags/example_skip_dag.py for tasks to queue
[2024-11-26T11:06:27.662+0000] {logging_mixin.py:190} INFO - [2024-11-26T11:06:27.662+0000] {dagbag.py:588} INFO - Filling up the DagBag from /home/airflow/.local/lib/python3.12/site-packages/airflow/example_dags/example_skip_dag.py
[2024-11-26T11:06:27.672+0000] {processor.py:925} INFO - DAG(s) 'example_skip_dag' retrieved from /home/airflow/.local/lib/python3.12/site-packages/airflow/example_dags/example_skip_dag.py
[2024-11-26T11:06:27.688+0000] {logging_mixin.py:190} INFO - [2024-11-26T11:06:27.688+0000] {dag.py:3239} INFO - Sync 1 DAGs
[2024-11-26T11:06:27.705+0000] {logging_mixin.py:190} INFO - [2024-11-26T11:06:27.705+0000] {dag.py:4180} INFO - Setting next_dagrun for example_skip_dag to 2024-11-25 00:00:00+00:00, run_after=2024-11-26 00:00:00+00:00
[2024-11-26T11:06:27.719+0000] {processor.py:208} INFO - Processing /home/airflow/.local/lib/python3.12/site-packages/airflow/example_dags/example_skip_dag.py took 0.064 seconds
[2024-11-26T11:06:58.137+0000] {processor.py:186} INFO - Started process (PID=1126) to work on /home/airflow/.local/lib/python3.12/site-packages/airflow/example_dags/example_skip_dag.py
[2024-11-26T11:06:58.137+0000] {processor.py:914} INFO - Processing file /home/airflow/.local/lib/python3.12/site-packages/airflow/example_dags/example_skip_dag.py for tasks to queue
[2024-11-26T11:06:58.140+0000] {logging_mixin.py:190} INFO - [2024-11-26T11:06:58.140+0000] {dagbag.py:588} INFO - Filling up the DagBag from /home/airflow/.local/lib/python3.12/site-packages/airflow/example_dags/example_skip_dag.py
[2024-11-26T11:06:58.147+0000] {processor.py:925} INFO - DAG(s) 'example_skip_dag' retrieved from /home/airflow/.local/lib/python3.12/site-packages/airflow/example_dags/example_skip_dag.py
[2024-11-26T11:06:58.165+0000] {logging_mixin.py:190} INFO - [2024-11-26T11:06:58.165+0000] {dag.py:3239} INFO - Sync 1 DAGs
[2024-11-26T11:06:58.182+0000] {logging_mixin.py:190} INFO - [2024-11-26T11:06:58.182+0000] {dag.py:4180} INFO - Setting next_dagrun for example_skip_dag to 2024-11-25 00:00:00+00:00, run_after=2024-11-26 00:00:00+00:00
[2024-11-26T11:06:58.198+0000] {processor.py:208} INFO - Processing /home/airflow/.local/lib/python3.12/site-packages/airflow/example_dags/example_skip_dag.py took 0.066 seconds
[2024-11-26T11:07:29.318+0000] {processor.py:186} INFO - Started process (PID=1190) to work on /home/airflow/.local/lib/python3.12/site-packages/airflow/example_dags/example_skip_dag.py
[2024-11-26T11:07:29.320+0000] {processor.py:914} INFO - Processing file /home/airflow/.local/lib/python3.12/site-packages/airflow/example_dags/example_skip_dag.py for tasks to queue
[2024-11-26T11:07:29.323+0000] {logging_mixin.py:190} INFO - [2024-11-26T11:07:29.323+0000] {dagbag.py:588} INFO - Filling up the DagBag from /home/airflow/.local/lib/python3.12/site-packages/airflow/example_dags/example_skip_dag.py
[2024-11-26T11:07:29.332+0000] {processor.py:925} INFO - DAG(s) 'example_skip_dag' retrieved from /home/airflow/.local/lib/python3.12/site-packages/airflow/example_dags/example_skip_dag.py
[2024-11-26T11:07:29.351+0000] {logging_mixin.py:190} INFO - [2024-11-26T11:07:29.351+0000] {dag.py:3239} INFO - Sync 1 DAGs
[2024-11-26T11:07:29.372+0000] {logging_mixin.py:190} INFO - [2024-11-26T11:07:29.372+0000] {dag.py:4180} INFO - Setting next_dagrun for example_skip_dag to 2024-11-25 00:00:00+00:00, run_after=2024-11-26 00:00:00+00:00
[2024-11-26T11:07:29.387+0000] {processor.py:208} INFO - Processing /home/airflow/.local/lib/python3.12/site-packages/airflow/example_dags/example_skip_dag.py took 0.074 seconds
[2024-11-26T11:07:59.784+0000] {processor.py:186} INFO - Started process (PID=1253) to work on /home/airflow/.local/lib/python3.12/site-packages/airflow/example_dags/example_skip_dag.py
[2024-11-26T11:07:59.785+0000] {processor.py:914} INFO - Processing file /home/airflow/.local/lib/python3.12/site-packages/airflow/example_dags/example_skip_dag.py for tasks to queue
[2024-11-26T11:07:59.787+0000] {logging_mixin.py:190} INFO - [2024-11-26T11:07:59.787+0000] {dagbag.py:588} INFO - Filling up the DagBag from /home/airflow/.local/lib/python3.12/site-packages/airflow/example_dags/example_skip_dag.py
[2024-11-26T11:07:59.793+0000] {processor.py:925} INFO - DAG(s) 'example_skip_dag' retrieved from /home/airflow/.local/lib/python3.12/site-packages/airflow/example_dags/example_skip_dag.py
[2024-11-26T11:07:59.811+0000] {logging_mixin.py:190} INFO - [2024-11-26T11:07:59.811+0000] {dag.py:3239} INFO - Sync 1 DAGs
[2024-11-26T11:07:59.833+0000] {logging_mixin.py:190} INFO - [2024-11-26T11:07:59.833+0000] {dag.py:4180} INFO - Setting next_dagrun for example_skip_dag to 2024-11-25 00:00:00+00:00, run_after=2024-11-26 00:00:00+00:00
[2024-11-26T11:07:59.848+0000] {processor.py:208} INFO - Processing /home/airflow/.local/lib/python3.12/site-packages/airflow/example_dags/example_skip_dag.py took 0.071 seconds
[2024-11-26T11:08:30.264+0000] {processor.py:186} INFO - Started process (PID=1316) to work on /home/airflow/.local/lib/python3.12/site-packages/airflow/example_dags/example_skip_dag.py
[2024-11-26T11:08:30.265+0000] {processor.py:914} INFO - Processing file /home/airflow/.local/lib/python3.12/site-packages/airflow/example_dags/example_skip_dag.py for tasks to queue
[2024-11-26T11:08:30.269+0000] {logging_mixin.py:190} INFO - [2024-11-26T11:08:30.268+0000] {dagbag.py:588} INFO - Filling up the DagBag from /home/airflow/.local/lib/python3.12/site-packages/airflow/example_dags/example_skip_dag.py
[2024-11-26T11:08:30.279+0000] {processor.py:925} INFO - DAG(s) 'example_skip_dag' retrieved from /home/airflow/.local/lib/python3.12/site-packages/airflow/example_dags/example_skip_dag.py
[2024-11-26T11:08:30.294+0000] {logging_mixin.py:190} INFO - [2024-11-26T11:08:30.294+0000] {dag.py:3239} INFO - Sync 1 DAGs
[2024-11-26T11:08:30.311+0000] {logging_mixin.py:190} INFO - [2024-11-26T11:08:30.311+0000] {dag.py:4180} INFO - Setting next_dagrun for example_skip_dag to 2024-11-25 00:00:00+00:00, run_after=2024-11-26 00:00:00+00:00
[2024-11-26T11:08:30.328+0000] {processor.py:208} INFO - Processing /home/airflow/.local/lib/python3.12/site-packages/airflow/example_dags/example_skip_dag.py took 0.069 seconds
[2024-11-26T11:09:00.852+0000] {processor.py:186} INFO - Started process (PID=1379) to work on /home/airflow/.local/lib/python3.12/site-packages/airflow/example_dags/example_skip_dag.py
[2024-11-26T11:09:00.853+0000] {processor.py:914} INFO - Processing file /home/airflow/.local/lib/python3.12/site-packages/airflow/example_dags/example_skip_dag.py for tasks to queue
[2024-11-26T11:09:00.855+0000] {logging_mixin.py:190} INFO - [2024-11-26T11:09:00.855+0000] {dagbag.py:588} INFO - Filling up the DagBag from /home/airflow/.local/lib/python3.12/site-packages/airflow/example_dags/example_skip_dag.py
[2024-11-26T11:09:00.862+0000] {processor.py:925} INFO - DAG(s) 'example_skip_dag' retrieved from /home/airflow/.local/lib/python3.12/site-packages/airflow/example_dags/example_skip_dag.py
[2024-11-26T11:09:00.878+0000] {logging_mixin.py:190} INFO - [2024-11-26T11:09:00.877+0000] {dag.py:3239} INFO - Sync 1 DAGs
[2024-11-26T11:09:00.895+0000] {logging_mixin.py:190} INFO - [2024-11-26T11:09:00.895+0000] {dag.py:4180} INFO - Setting next_dagrun for example_skip_dag to 2024-11-25 00:00:00+00:00, run_after=2024-11-26 00:00:00+00:00
[2024-11-26T11:09:00.912+0000] {processor.py:208} INFO - Processing /home/airflow/.local/lib/python3.12/site-packages/airflow/example_dags/example_skip_dag.py took 0.064 seconds
[2024-11-26T11:09:31.276+0000] {processor.py:186} INFO - Started process (PID=1441) to work on /home/airflow/.local/lib/python3.12/site-packages/airflow/example_dags/example_skip_dag.py
[2024-11-26T11:09:31.277+0000] {processor.py:914} INFO - Processing file /home/airflow/.local/lib/python3.12/site-packages/airflow/example_dags/example_skip_dag.py for tasks to queue
[2024-11-26T11:09:31.281+0000] {logging_mixin.py:190} INFO - [2024-11-26T11:09:31.280+0000] {dagbag.py:588} INFO - Filling up the DagBag from /home/airflow/.local/lib/python3.12/site-packages/airflow/example_dags/example_skip_dag.py
[2024-11-26T11:09:31.290+0000] {processor.py:925} INFO - DAG(s) 'example_skip_dag' retrieved from /home/airflow/.local/lib/python3.12/site-packages/airflow/example_dags/example_skip_dag.py
[2024-11-26T11:09:31.309+0000] {logging_mixin.py:190} INFO - [2024-11-26T11:09:31.308+0000] {dag.py:3239} INFO - Sync 1 DAGs
[2024-11-26T11:09:31.331+0000] {logging_mixin.py:190} INFO - [2024-11-26T11:09:31.331+0000] {dag.py:4180} INFO - Setting next_dagrun for example_skip_dag to 2024-11-25 00:00:00+00:00, run_after=2024-11-26 00:00:00+00:00
[2024-11-26T11:09:31.357+0000] {processor.py:208} INFO - Processing /home/airflow/.local/lib/python3.12/site-packages/airflow/example_dags/example_skip_dag.py took 0.088 seconds
[2024-11-26T11:10:01.923+0000] {processor.py:186} INFO - Started process (PID=1505) to work on /home/airflow/.local/lib/python3.12/site-packages/airflow/example_dags/example_skip_dag.py
[2024-11-26T11:10:01.924+0000] {processor.py:914} INFO - Processing file /home/airflow/.local/lib/python3.12/site-packages/airflow/example_dags/example_skip_dag.py for tasks to queue
[2024-11-26T11:10:01.926+0000] {logging_mixin.py:190} INFO - [2024-11-26T11:10:01.926+0000] {dagbag.py:588} INFO - Filling up the DagBag from /home/airflow/.local/lib/python3.12/site-packages/airflow/example_dags/example_skip_dag.py
[2024-11-26T11:10:01.932+0000] {processor.py:925} INFO - DAG(s) 'example_skip_dag' retrieved from /home/airflow/.local/lib/python3.12/site-packages/airflow/example_dags/example_skip_dag.py
[2024-11-26T11:10:01.948+0000] {logging_mixin.py:190} INFO - [2024-11-26T11:10:01.948+0000] {dag.py:3239} INFO - Sync 1 DAGs
[2024-11-26T11:10:01.963+0000] {logging_mixin.py:190} INFO - [2024-11-26T11:10:01.963+0000] {dag.py:4180} INFO - Setting next_dagrun for example_skip_dag to 2024-11-25 00:00:00+00:00, run_after=2024-11-26 00:00:00+00:00
[2024-11-26T11:10:01.989+0000] {processor.py:208} INFO - Processing /home/airflow/.local/lib/python3.12/site-packages/airflow/example_dags/example_skip_dag.py took 0.069 seconds
[2024-11-26T11:10:33.535+0000] {processor.py:186} INFO - Started process (PID=1568) to work on /home/airflow/.local/lib/python3.12/site-packages/airflow/example_dags/example_skip_dag.py
[2024-11-26T11:10:33.536+0000] {processor.py:914} INFO - Processing file /home/airflow/.local/lib/python3.12/site-packages/airflow/example_dags/example_skip_dag.py for tasks to queue
[2024-11-26T11:10:33.539+0000] {logging_mixin.py:190} INFO - [2024-11-26T11:10:33.538+0000] {dagbag.py:588} INFO - Filling up the DagBag from /home/airflow/.local/lib/python3.12/site-packages/airflow/example_dags/example_skip_dag.py
[2024-11-26T11:10:33.548+0000] {processor.py:925} INFO - DAG(s) 'example_skip_dag' retrieved from /home/airflow/.local/lib/python3.12/site-packages/airflow/example_dags/example_skip_dag.py
[2024-11-26T11:10:33.571+0000] {logging_mixin.py:190} INFO - [2024-11-26T11:10:33.571+0000] {dag.py:3239} INFO - Sync 1 DAGs
[2024-11-26T11:10:33.594+0000] {logging_mixin.py:190} INFO - [2024-11-26T11:10:33.594+0000] {dag.py:4180} INFO - Setting next_dagrun for example_skip_dag to 2024-11-25 00:00:00+00:00, run_after=2024-11-26 00:00:00+00:00
[2024-11-26T11:10:33.616+0000] {processor.py:208} INFO - Processing /home/airflow/.local/lib/python3.12/site-packages/airflow/example_dags/example_skip_dag.py took 0.086 seconds
[2024-11-26T11:11:03.966+0000] {processor.py:186} INFO - Started process (PID=1631) to work on /home/airflow/.local/lib/python3.12/site-packages/airflow/example_dags/example_skip_dag.py
[2024-11-26T11:11:03.967+0000] {processor.py:914} INFO - Processing file /home/airflow/.local/lib/python3.12/site-packages/airflow/example_dags/example_skip_dag.py for tasks to queue
[2024-11-26T11:11:03.971+0000] {logging_mixin.py:190} INFO - [2024-11-26T11:11:03.971+0000] {dagbag.py:588} INFO - Filling up the DagBag from /home/airflow/.local/lib/python3.12/site-packages/airflow/example_dags/example_skip_dag.py
[2024-11-26T11:11:03.978+0000] {processor.py:925} INFO - DAG(s) 'example_skip_dag' retrieved from /home/airflow/.local/lib/python3.12/site-packages/airflow/example_dags/example_skip_dag.py
[2024-11-26T11:11:03.998+0000] {logging_mixin.py:190} INFO - [2024-11-26T11:11:03.998+0000] {dag.py:3239} INFO - Sync 1 DAGs
[2024-11-26T11:11:04.014+0000] {logging_mixin.py:190} INFO - [2024-11-26T11:11:04.013+0000] {dag.py:4180} INFO - Setting next_dagrun for example_skip_dag to 2024-11-25 00:00:00+00:00, run_after=2024-11-26 00:00:00+00:00
[2024-11-26T11:11:04.034+0000] {processor.py:208} INFO - Processing /home/airflow/.local/lib/python3.12/site-packages/airflow/example_dags/example_skip_dag.py took 0.074 seconds
[2024-11-26T11:11:34.570+0000] {processor.py:186} INFO - Started process (PID=1694) to work on /home/airflow/.local/lib/python3.12/site-packages/airflow/example_dags/example_skip_dag.py
[2024-11-26T11:11:34.572+0000] {processor.py:914} INFO - Processing file /home/airflow/.local/lib/python3.12/site-packages/airflow/example_dags/example_skip_dag.py for tasks to queue
[2024-11-26T11:11:34.574+0000] {logging_mixin.py:190} INFO - [2024-11-26T11:11:34.574+0000] {dagbag.py:588} INFO - Filling up the DagBag from /home/airflow/.local/lib/python3.12/site-packages/airflow/example_dags/example_skip_dag.py
[2024-11-26T11:11:34.581+0000] {processor.py:925} INFO - DAG(s) 'example_skip_dag' retrieved from /home/airflow/.local/lib/python3.12/site-packages/airflow/example_dags/example_skip_dag.py
[2024-11-26T11:11:34.600+0000] {logging_mixin.py:190} INFO - [2024-11-26T11:11:34.600+0000] {dag.py:3239} INFO - Sync 1 DAGs
[2024-11-26T11:11:34.619+0000] {logging_mixin.py:190} INFO - [2024-11-26T11:11:34.619+0000] {dag.py:4180} INFO - Setting next_dagrun for example_skip_dag to 2024-11-25 00:00:00+00:00, run_after=2024-11-26 00:00:00+00:00
[2024-11-26T11:11:34.635+0000] {processor.py:208} INFO - Processing /home/airflow/.local/lib/python3.12/site-packages/airflow/example_dags/example_skip_dag.py took 0.070 seconds
