[2024-11-26T10:58:44.627+0000] {processor.py:186} INFO - Started process (PID=109) to work on /home/airflow/.local/lib/python3.12/site-packages/airflow/example_dags/example_inlet_event_extra.py
[2024-11-26T10:58:44.628+0000] {processor.py:914} INFO - Processing file /home/airflow/.local/lib/python3.12/site-packages/airflow/example_dags/example_inlet_event_extra.py for tasks to queue
[2024-11-26T10:58:44.630+0000] {logging_mixin.py:190} INFO - [2024-11-26T10:58:44.630+0000] {dagbag.py:588} INFO - Filling up the DagBag from /home/airflow/.local/lib/python3.12/site-packages/airflow/example_dags/example_inlet_event_extra.py
[2024-11-26T10:58:45.099+0000] {processor.py:925} INFO - DAG(s) 'read_dataset_event_from_classic', 'read_dataset_event' retrieved from /home/airflow/.local/lib/python3.12/site-packages/airflow/example_dags/example_inlet_event_extra.py
[2024-11-26T10:58:45.181+0000] {logging_mixin.py:190} INFO - [2024-11-26T10:58:45.180+0000] {override.py:1911} INFO - Created Permission View: can delete on DAG:read_dataset_event_from_classic
[2024-11-26T10:58:45.192+0000] {logging_mixin.py:190} INFO - [2024-11-26T10:58:45.191+0000] {override.py:1911} INFO - Created Permission View: can read on DAG:read_dataset_event_from_classic
[2024-11-26T10:58:45.200+0000] {logging_mixin.py:190} INFO - [2024-11-26T10:58:45.199+0000] {override.py:1911} INFO - Created Permission View: can edit on DAG:read_dataset_event_from_classic
[2024-11-26T10:58:45.211+0000] {logging_mixin.py:190} INFO - [2024-11-26T10:58:45.210+0000] {override.py:1911} INFO - Created Permission View: can create on DAG Run:read_dataset_event_from_classic
[2024-11-26T10:58:45.220+0000] {logging_mixin.py:190} INFO - [2024-11-26T10:58:45.220+0000] {override.py:1911} INFO - Created Permission View: can read on DAG Run:read_dataset_event_from_classic
[2024-11-26T10:58:45.228+0000] {logging_mixin.py:190} INFO - [2024-11-26T10:58:45.228+0000] {override.py:1911} INFO - Created Permission View: menu access on DAG Run:read_dataset_event_from_classic
[2024-11-26T10:58:45.237+0000] {logging_mixin.py:190} INFO - [2024-11-26T10:58:45.237+0000] {override.py:1911} INFO - Created Permission View: can delete on DAG Run:read_dataset_event_from_classic
[2024-11-26T10:58:45.253+0000] {logging_mixin.py:190} INFO - [2024-11-26T10:58:45.253+0000] {override.py:1911} INFO - Created Permission View: can delete on DAG:read_dataset_event
[2024-11-26T10:58:45.262+0000] {logging_mixin.py:190} INFO - [2024-11-26T10:58:45.262+0000] {override.py:1911} INFO - Created Permission View: can read on DAG:read_dataset_event
[2024-11-26T10:58:45.269+0000] {logging_mixin.py:190} INFO - [2024-11-26T10:58:45.269+0000] {override.py:1911} INFO - Created Permission View: can edit on DAG:read_dataset_event
[2024-11-26T10:58:45.277+0000] {logging_mixin.py:190} INFO - [2024-11-26T10:58:45.276+0000] {override.py:1911} INFO - Created Permission View: can create on DAG Run:read_dataset_event
[2024-11-26T10:58:45.284+0000] {logging_mixin.py:190} INFO - [2024-11-26T10:58:45.284+0000] {override.py:1911} INFO - Created Permission View: can read on DAG Run:read_dataset_event
[2024-11-26T10:58:45.291+0000] {logging_mixin.py:190} INFO - [2024-11-26T10:58:45.291+0000] {override.py:1911} INFO - Created Permission View: menu access on DAG Run:read_dataset_event
[2024-11-26T10:58:45.297+0000] {logging_mixin.py:190} INFO - [2024-11-26T10:58:45.297+0000] {override.py:1911} INFO - Created Permission View: can delete on DAG Run:read_dataset_event
[2024-11-26T10:58:45.298+0000] {logging_mixin.py:190} INFO - [2024-11-26T10:58:45.297+0000] {dag.py:3239} INFO - Sync 2 DAGs
[2024-11-26T10:58:45.308+0000] {logging_mixin.py:190} INFO - [2024-11-26T10:58:45.307+0000] {dag.py:3262} INFO - Creating ORM DAG for read_dataset_event
[2024-11-26T10:58:45.308+0000] {logging_mixin.py:190} INFO - [2024-11-26T10:58:45.308+0000] {dag.py:3262} INFO - Creating ORM DAG for read_dataset_event_from_classic
[2024-11-26T10:58:45.316+0000] {logging_mixin.py:190} INFO - [2024-11-26T10:58:45.316+0000] {dag.py:4180} INFO - Setting next_dagrun for read_dataset_event to 2024-11-25 00:00:00+00:00, run_after=2024-11-26 00:00:00+00:00
[2024-11-26T10:58:45.318+0000] {logging_mixin.py:190} INFO - [2024-11-26T10:58:45.318+0000] {dag.py:4180} INFO - Setting next_dagrun for read_dataset_event_from_classic to 2024-11-25 00:00:00+00:00, run_after=2024-11-26 00:00:00+00:00
[2024-11-26T10:58:45.334+0000] {processor.py:208} INFO - Processing /home/airflow/.local/lib/python3.12/site-packages/airflow/example_dags/example_inlet_event_extra.py took 0.712 seconds
[2024-11-26T10:59:15.952+0000] {processor.py:186} INFO - Started process (PID=172) to work on /home/airflow/.local/lib/python3.12/site-packages/airflow/example_dags/example_inlet_event_extra.py
[2024-11-26T10:59:15.954+0000] {processor.py:914} INFO - Processing file /home/airflow/.local/lib/python3.12/site-packages/airflow/example_dags/example_inlet_event_extra.py for tasks to queue
[2024-11-26T10:59:15.956+0000] {logging_mixin.py:190} INFO - [2024-11-26T10:59:15.956+0000] {dagbag.py:588} INFO - Filling up the DagBag from /home/airflow/.local/lib/python3.12/site-packages/airflow/example_dags/example_inlet_event_extra.py
[2024-11-26T10:59:16.326+0000] {processor.py:925} INFO - DAG(s) 'read_dataset_event', 'read_dataset_event_from_classic' retrieved from /home/airflow/.local/lib/python3.12/site-packages/airflow/example_dags/example_inlet_event_extra.py
[2024-11-26T10:59:16.343+0000] {logging_mixin.py:190} INFO - [2024-11-26T10:59:16.343+0000] {dag.py:3239} INFO - Sync 2 DAGs
[2024-11-26T10:59:16.362+0000] {logging_mixin.py:190} INFO - [2024-11-26T10:59:16.361+0000] {dag.py:4180} INFO - Setting next_dagrun for read_dataset_event to 2024-11-25 00:00:00+00:00, run_after=2024-11-26 00:00:00+00:00
[2024-11-26T10:59:16.366+0000] {logging_mixin.py:190} INFO - [2024-11-26T10:59:16.366+0000] {dag.py:4180} INFO - Setting next_dagrun for read_dataset_event_from_classic to 2024-11-25 00:00:00+00:00, run_after=2024-11-26 00:00:00+00:00
[2024-11-26T10:59:16.384+0000] {processor.py:208} INFO - Processing /home/airflow/.local/lib/python3.12/site-packages/airflow/example_dags/example_inlet_event_extra.py took 0.438 seconds
[2024-11-26T10:59:46.599+0000] {processor.py:186} INFO - Started process (PID=235) to work on /home/airflow/.local/lib/python3.12/site-packages/airflow/example_dags/example_inlet_event_extra.py
[2024-11-26T10:59:46.600+0000] {processor.py:914} INFO - Processing file /home/airflow/.local/lib/python3.12/site-packages/airflow/example_dags/example_inlet_event_extra.py for tasks to queue
[2024-11-26T10:59:46.602+0000] {logging_mixin.py:190} INFO - [2024-11-26T10:59:46.601+0000] {dagbag.py:588} INFO - Filling up the DagBag from /home/airflow/.local/lib/python3.12/site-packages/airflow/example_dags/example_inlet_event_extra.py
[2024-11-26T10:59:46.959+0000] {processor.py:925} INFO - DAG(s) 'read_dataset_event_from_classic', 'read_dataset_event' retrieved from /home/airflow/.local/lib/python3.12/site-packages/airflow/example_dags/example_inlet_event_extra.py
[2024-11-26T10:59:46.981+0000] {logging_mixin.py:190} INFO - [2024-11-26T10:59:46.981+0000] {dag.py:3239} INFO - Sync 2 DAGs
[2024-11-26T10:59:47.001+0000] {logging_mixin.py:190} INFO - [2024-11-26T10:59:47.000+0000] {dag.py:4180} INFO - Setting next_dagrun for read_dataset_event to 2024-11-25 00:00:00+00:00, run_after=2024-11-26 00:00:00+00:00
[2024-11-26T10:59:47.007+0000] {logging_mixin.py:190} INFO - [2024-11-26T10:59:47.006+0000] {dag.py:4180} INFO - Setting next_dagrun for read_dataset_event_from_classic to 2024-11-25 00:00:00+00:00, run_after=2024-11-26 00:00:00+00:00
[2024-11-26T10:59:47.025+0000] {processor.py:208} INFO - Processing /home/airflow/.local/lib/python3.12/site-packages/airflow/example_dags/example_inlet_event_extra.py took 0.433 seconds
[2024-11-26T11:00:17.071+0000] {processor.py:186} INFO - Started process (PID=297) to work on /home/airflow/.local/lib/python3.12/site-packages/airflow/example_dags/example_inlet_event_extra.py
[2024-11-26T11:00:17.073+0000] {processor.py:914} INFO - Processing file /home/airflow/.local/lib/python3.12/site-packages/airflow/example_dags/example_inlet_event_extra.py for tasks to queue
[2024-11-26T11:00:17.075+0000] {logging_mixin.py:190} INFO - [2024-11-26T11:00:17.075+0000] {dagbag.py:588} INFO - Filling up the DagBag from /home/airflow/.local/lib/python3.12/site-packages/airflow/example_dags/example_inlet_event_extra.py
[2024-11-26T11:00:17.462+0000] {processor.py:925} INFO - DAG(s) 'read_dataset_event_from_classic', 'read_dataset_event' retrieved from /home/airflow/.local/lib/python3.12/site-packages/airflow/example_dags/example_inlet_event_extra.py
[2024-11-26T11:00:17.476+0000] {logging_mixin.py:190} INFO - [2024-11-26T11:00:17.475+0000] {dag.py:3239} INFO - Sync 2 DAGs
[2024-11-26T11:00:17.490+0000] {logging_mixin.py:190} INFO - [2024-11-26T11:00:17.490+0000] {dag.py:4180} INFO - Setting next_dagrun for read_dataset_event to 2024-11-25 00:00:00+00:00, run_after=2024-11-26 00:00:00+00:00
[2024-11-26T11:00:17.493+0000] {logging_mixin.py:190} INFO - [2024-11-26T11:00:17.493+0000] {dag.py:4180} INFO - Setting next_dagrun for read_dataset_event_from_classic to 2024-11-25 00:00:00+00:00, run_after=2024-11-26 00:00:00+00:00
[2024-11-26T11:00:17.504+0000] {processor.py:208} INFO - Processing /home/airflow/.local/lib/python3.12/site-packages/airflow/example_dags/example_inlet_event_extra.py took 0.436 seconds
[2024-11-26T11:00:47.963+0000] {processor.py:186} INFO - Started process (PID=359) to work on /home/airflow/.local/lib/python3.12/site-packages/airflow/example_dags/example_inlet_event_extra.py
[2024-11-26T11:00:47.964+0000] {processor.py:914} INFO - Processing file /home/airflow/.local/lib/python3.12/site-packages/airflow/example_dags/example_inlet_event_extra.py for tasks to queue
[2024-11-26T11:00:47.966+0000] {logging_mixin.py:190} INFO - [2024-11-26T11:00:47.966+0000] {dagbag.py:588} INFO - Filling up the DagBag from /home/airflow/.local/lib/python3.12/site-packages/airflow/example_dags/example_inlet_event_extra.py
[2024-11-26T11:00:48.405+0000] {processor.py:925} INFO - DAG(s) 'read_dataset_event', 'read_dataset_event_from_classic' retrieved from /home/airflow/.local/lib/python3.12/site-packages/airflow/example_dags/example_inlet_event_extra.py
[2024-11-26T11:00:48.429+0000] {logging_mixin.py:190} INFO - [2024-11-26T11:00:48.429+0000] {dag.py:3239} INFO - Sync 2 DAGs
[2024-11-26T11:00:48.450+0000] {logging_mixin.py:190} INFO - [2024-11-26T11:00:48.449+0000] {dag.py:4180} INFO - Setting next_dagrun for read_dataset_event to 2024-11-25 00:00:00+00:00, run_after=2024-11-26 00:00:00+00:00
[2024-11-26T11:00:48.454+0000] {logging_mixin.py:190} INFO - [2024-11-26T11:00:48.454+0000] {dag.py:4180} INFO - Setting next_dagrun for read_dataset_event_from_classic to 2024-11-25 00:00:00+00:00, run_after=2024-11-26 00:00:00+00:00
[2024-11-26T11:00:48.469+0000] {processor.py:208} INFO - Processing /home/airflow/.local/lib/python3.12/site-packages/airflow/example_dags/example_inlet_event_extra.py took 0.513 seconds
[2024-11-26T11:01:18.834+0000] {processor.py:186} INFO - Started process (PID=421) to work on /home/airflow/.local/lib/python3.12/site-packages/airflow/example_dags/example_inlet_event_extra.py
[2024-11-26T11:01:18.834+0000] {processor.py:914} INFO - Processing file /home/airflow/.local/lib/python3.12/site-packages/airflow/example_dags/example_inlet_event_extra.py for tasks to queue
[2024-11-26T11:01:18.837+0000] {logging_mixin.py:190} INFO - [2024-11-26T11:01:18.836+0000] {dagbag.py:588} INFO - Filling up the DagBag from /home/airflow/.local/lib/python3.12/site-packages/airflow/example_dags/example_inlet_event_extra.py
[2024-11-26T11:01:19.210+0000] {processor.py:925} INFO - DAG(s) 'read_dataset_event_from_classic', 'read_dataset_event' retrieved from /home/airflow/.local/lib/python3.12/site-packages/airflow/example_dags/example_inlet_event_extra.py
[2024-11-26T11:01:19.227+0000] {logging_mixin.py:190} INFO - [2024-11-26T11:01:19.227+0000] {dag.py:3239} INFO - Sync 2 DAGs
[2024-11-26T11:01:19.243+0000] {logging_mixin.py:190} INFO - [2024-11-26T11:01:19.243+0000] {dag.py:4180} INFO - Setting next_dagrun for read_dataset_event to 2024-11-25 00:00:00+00:00, run_after=2024-11-26 00:00:00+00:00
[2024-11-26T11:01:19.249+0000] {logging_mixin.py:190} INFO - [2024-11-26T11:01:19.248+0000] {dag.py:4180} INFO - Setting next_dagrun for read_dataset_event_from_classic to 2024-11-25 00:00:00+00:00, run_after=2024-11-26 00:00:00+00:00
[2024-11-26T11:01:19.266+0000] {processor.py:208} INFO - Processing /home/airflow/.local/lib/python3.12/site-packages/airflow/example_dags/example_inlet_event_extra.py took 0.437 seconds
[2024-11-26T11:01:49.732+0000] {processor.py:186} INFO - Started process (PID=484) to work on /home/airflow/.local/lib/python3.12/site-packages/airflow/example_dags/example_inlet_event_extra.py
[2024-11-26T11:01:49.733+0000] {processor.py:914} INFO - Processing file /home/airflow/.local/lib/python3.12/site-packages/airflow/example_dags/example_inlet_event_extra.py for tasks to queue
[2024-11-26T11:01:49.736+0000] {logging_mixin.py:190} INFO - [2024-11-26T11:01:49.735+0000] {dagbag.py:588} INFO - Filling up the DagBag from /home/airflow/.local/lib/python3.12/site-packages/airflow/example_dags/example_inlet_event_extra.py
[2024-11-26T11:01:50.103+0000] {processor.py:925} INFO - DAG(s) 'read_dataset_event_from_classic', 'read_dataset_event' retrieved from /home/airflow/.local/lib/python3.12/site-packages/airflow/example_dags/example_inlet_event_extra.py
[2024-11-26T11:01:50.122+0000] {logging_mixin.py:190} INFO - [2024-11-26T11:01:50.122+0000] {dag.py:3239} INFO - Sync 2 DAGs
[2024-11-26T11:01:50.138+0000] {logging_mixin.py:190} INFO - [2024-11-26T11:01:50.138+0000] {dag.py:4180} INFO - Setting next_dagrun for read_dataset_event to 2024-11-25 00:00:00+00:00, run_after=2024-11-26 00:00:00+00:00
[2024-11-26T11:01:50.141+0000] {logging_mixin.py:190} INFO - [2024-11-26T11:01:50.141+0000] {dag.py:4180} INFO - Setting next_dagrun for read_dataset_event_from_classic to 2024-11-25 00:00:00+00:00, run_after=2024-11-26 00:00:00+00:00
[2024-11-26T11:01:50.225+0000] {processor.py:208} INFO - Processing /home/airflow/.local/lib/python3.12/site-packages/airflow/example_dags/example_inlet_event_extra.py took 0.501 seconds
[2024-11-26T11:02:20.375+0000] {processor.py:186} INFO - Started process (PID=547) to work on /home/airflow/.local/lib/python3.12/site-packages/airflow/example_dags/example_inlet_event_extra.py
[2024-11-26T11:02:20.376+0000] {processor.py:914} INFO - Processing file /home/airflow/.local/lib/python3.12/site-packages/airflow/example_dags/example_inlet_event_extra.py for tasks to queue
[2024-11-26T11:02:20.378+0000] {logging_mixin.py:190} INFO - [2024-11-26T11:02:20.378+0000] {dagbag.py:588} INFO - Filling up the DagBag from /home/airflow/.local/lib/python3.12/site-packages/airflow/example_dags/example_inlet_event_extra.py
[2024-11-26T11:02:20.790+0000] {processor.py:925} INFO - DAG(s) 'read_dataset_event_from_classic', 'read_dataset_event' retrieved from /home/airflow/.local/lib/python3.12/site-packages/airflow/example_dags/example_inlet_event_extra.py
[2024-11-26T11:02:20.809+0000] {logging_mixin.py:190} INFO - [2024-11-26T11:02:20.809+0000] {dag.py:3239} INFO - Sync 2 DAGs
[2024-11-26T11:02:20.827+0000] {logging_mixin.py:190} INFO - [2024-11-26T11:02:20.827+0000] {dag.py:4180} INFO - Setting next_dagrun for read_dataset_event to 2024-11-25 00:00:00+00:00, run_after=2024-11-26 00:00:00+00:00
[2024-11-26T11:02:20.831+0000] {logging_mixin.py:190} INFO - [2024-11-26T11:02:20.831+0000] {dag.py:4180} INFO - Setting next_dagrun for read_dataset_event_from_classic to 2024-11-25 00:00:00+00:00, run_after=2024-11-26 00:00:00+00:00
[2024-11-26T11:02:20.847+0000] {processor.py:208} INFO - Processing /home/airflow/.local/lib/python3.12/site-packages/airflow/example_dags/example_inlet_event_extra.py took 0.476 seconds
[2024-11-26T11:02:51.024+0000] {processor.py:186} INFO - Started process (PID=610) to work on /home/airflow/.local/lib/python3.12/site-packages/airflow/example_dags/example_inlet_event_extra.py
[2024-11-26T11:02:51.025+0000] {processor.py:914} INFO - Processing file /home/airflow/.local/lib/python3.12/site-packages/airflow/example_dags/example_inlet_event_extra.py for tasks to queue
[2024-11-26T11:02:51.028+0000] {logging_mixin.py:190} INFO - [2024-11-26T11:02:51.028+0000] {dagbag.py:588} INFO - Filling up the DagBag from /home/airflow/.local/lib/python3.12/site-packages/airflow/example_dags/example_inlet_event_extra.py
[2024-11-26T11:02:51.435+0000] {processor.py:925} INFO - DAG(s) 'read_dataset_event_from_classic', 'read_dataset_event' retrieved from /home/airflow/.local/lib/python3.12/site-packages/airflow/example_dags/example_inlet_event_extra.py
[2024-11-26T11:02:51.458+0000] {logging_mixin.py:190} INFO - [2024-11-26T11:02:51.457+0000] {dag.py:3239} INFO - Sync 2 DAGs
[2024-11-26T11:02:51.477+0000] {logging_mixin.py:190} INFO - [2024-11-26T11:02:51.477+0000] {dag.py:4180} INFO - Setting next_dagrun for read_dataset_event to 2024-11-25 00:00:00+00:00, run_after=2024-11-26 00:00:00+00:00
[2024-11-26T11:02:51.481+0000] {logging_mixin.py:190} INFO - [2024-11-26T11:02:51.481+0000] {dag.py:4180} INFO - Setting next_dagrun for read_dataset_event_from_classic to 2024-11-25 00:00:00+00:00, run_after=2024-11-26 00:00:00+00:00
[2024-11-26T11:02:51.507+0000] {processor.py:208} INFO - Processing /home/airflow/.local/lib/python3.12/site-packages/airflow/example_dags/example_inlet_event_extra.py took 0.489 seconds
[2024-11-26T11:03:21.700+0000] {processor.py:186} INFO - Started process (PID=673) to work on /home/airflow/.local/lib/python3.12/site-packages/airflow/example_dags/example_inlet_event_extra.py
[2024-11-26T11:03:21.701+0000] {processor.py:914} INFO - Processing file /home/airflow/.local/lib/python3.12/site-packages/airflow/example_dags/example_inlet_event_extra.py for tasks to queue
[2024-11-26T11:03:21.704+0000] {logging_mixin.py:190} INFO - [2024-11-26T11:03:21.704+0000] {dagbag.py:588} INFO - Filling up the DagBag from /home/airflow/.local/lib/python3.12/site-packages/airflow/example_dags/example_inlet_event_extra.py
[2024-11-26T11:03:22.054+0000] {processor.py:925} INFO - DAG(s) 'read_dataset_event', 'read_dataset_event_from_classic' retrieved from /home/airflow/.local/lib/python3.12/site-packages/airflow/example_dags/example_inlet_event_extra.py
[2024-11-26T11:03:22.070+0000] {logging_mixin.py:190} INFO - [2024-11-26T11:03:22.070+0000] {dag.py:3239} INFO - Sync 2 DAGs
[2024-11-26T11:03:22.085+0000] {logging_mixin.py:190} INFO - [2024-11-26T11:03:22.085+0000] {dag.py:4180} INFO - Setting next_dagrun for read_dataset_event to 2024-11-25 00:00:00+00:00, run_after=2024-11-26 00:00:00+00:00
[2024-11-26T11:03:22.089+0000] {logging_mixin.py:190} INFO - [2024-11-26T11:03:22.089+0000] {dag.py:4180} INFO - Setting next_dagrun for read_dataset_event_from_classic to 2024-11-25 00:00:00+00:00, run_after=2024-11-26 00:00:00+00:00
[2024-11-26T11:03:22.107+0000] {processor.py:208} INFO - Processing /home/airflow/.local/lib/python3.12/site-packages/airflow/example_dags/example_inlet_event_extra.py took 0.413 seconds
[2024-11-26T11:03:52.272+0000] {processor.py:186} INFO - Started process (PID=736) to work on /home/airflow/.local/lib/python3.12/site-packages/airflow/example_dags/example_inlet_event_extra.py
[2024-11-26T11:03:52.273+0000] {processor.py:914} INFO - Processing file /home/airflow/.local/lib/python3.12/site-packages/airflow/example_dags/example_inlet_event_extra.py for tasks to queue
[2024-11-26T11:03:52.275+0000] {logging_mixin.py:190} INFO - [2024-11-26T11:03:52.275+0000] {dagbag.py:588} INFO - Filling up the DagBag from /home/airflow/.local/lib/python3.12/site-packages/airflow/example_dags/example_inlet_event_extra.py
[2024-11-26T11:03:52.621+0000] {processor.py:925} INFO - DAG(s) 'read_dataset_event', 'read_dataset_event_from_classic' retrieved from /home/airflow/.local/lib/python3.12/site-packages/airflow/example_dags/example_inlet_event_extra.py
[2024-11-26T11:03:52.637+0000] {logging_mixin.py:190} INFO - [2024-11-26T11:03:52.637+0000] {dag.py:3239} INFO - Sync 2 DAGs
[2024-11-26T11:03:52.651+0000] {logging_mixin.py:190} INFO - [2024-11-26T11:03:52.651+0000] {dag.py:4180} INFO - Setting next_dagrun for read_dataset_event to 2024-11-25 00:00:00+00:00, run_after=2024-11-26 00:00:00+00:00
[2024-11-26T11:03:52.655+0000] {logging_mixin.py:190} INFO - [2024-11-26T11:03:52.655+0000] {dag.py:4180} INFO - Setting next_dagrun for read_dataset_event_from_classic to 2024-11-25 00:00:00+00:00, run_after=2024-11-26 00:00:00+00:00
[2024-11-26T11:03:52.670+0000] {processor.py:208} INFO - Processing /home/airflow/.local/lib/python3.12/site-packages/airflow/example_dags/example_inlet_event_extra.py took 0.404 seconds
[2024-11-26T11:04:23.244+0000] {processor.py:186} INFO - Started process (PID=799) to work on /home/airflow/.local/lib/python3.12/site-packages/airflow/example_dags/example_inlet_event_extra.py
[2024-11-26T11:04:23.245+0000] {processor.py:914} INFO - Processing file /home/airflow/.local/lib/python3.12/site-packages/airflow/example_dags/example_inlet_event_extra.py for tasks to queue
[2024-11-26T11:04:23.247+0000] {logging_mixin.py:190} INFO - [2024-11-26T11:04:23.247+0000] {dagbag.py:588} INFO - Filling up the DagBag from /home/airflow/.local/lib/python3.12/site-packages/airflow/example_dags/example_inlet_event_extra.py
[2024-11-26T11:04:23.678+0000] {processor.py:925} INFO - DAG(s) 'read_dataset_event', 'read_dataset_event_from_classic' retrieved from /home/airflow/.local/lib/python3.12/site-packages/airflow/example_dags/example_inlet_event_extra.py
[2024-11-26T11:04:23.695+0000] {logging_mixin.py:190} INFO - [2024-11-26T11:04:23.695+0000] {dag.py:3239} INFO - Sync 2 DAGs
[2024-11-26T11:04:23.713+0000] {logging_mixin.py:190} INFO - [2024-11-26T11:04:23.712+0000] {dag.py:4180} INFO - Setting next_dagrun for read_dataset_event to 2024-11-25 00:00:00+00:00, run_after=2024-11-26 00:00:00+00:00
[2024-11-26T11:04:23.717+0000] {logging_mixin.py:190} INFO - [2024-11-26T11:04:23.717+0000] {dag.py:4180} INFO - Setting next_dagrun for read_dataset_event_from_classic to 2024-11-25 00:00:00+00:00, run_after=2024-11-26 00:00:00+00:00
[2024-11-26T11:04:23.736+0000] {processor.py:208} INFO - Processing /home/airflow/.local/lib/python3.12/site-packages/airflow/example_dags/example_inlet_event_extra.py took 0.497 seconds
[2024-11-26T11:04:54.041+0000] {processor.py:186} INFO - Started process (PID=862) to work on /home/airflow/.local/lib/python3.12/site-packages/airflow/example_dags/example_inlet_event_extra.py
[2024-11-26T11:04:54.041+0000] {processor.py:914} INFO - Processing file /home/airflow/.local/lib/python3.12/site-packages/airflow/example_dags/example_inlet_event_extra.py for tasks to queue
[2024-11-26T11:04:54.044+0000] {logging_mixin.py:190} INFO - [2024-11-26T11:04:54.043+0000] {dagbag.py:588} INFO - Filling up the DagBag from /home/airflow/.local/lib/python3.12/site-packages/airflow/example_dags/example_inlet_event_extra.py
[2024-11-26T11:04:54.408+0000] {processor.py:925} INFO - DAG(s) 'read_dataset_event_from_classic', 'read_dataset_event' retrieved from /home/airflow/.local/lib/python3.12/site-packages/airflow/example_dags/example_inlet_event_extra.py
[2024-11-26T11:04:54.427+0000] {logging_mixin.py:190} INFO - [2024-11-26T11:04:54.427+0000] {dag.py:3239} INFO - Sync 2 DAGs
[2024-11-26T11:04:54.441+0000] {logging_mixin.py:190} INFO - [2024-11-26T11:04:54.441+0000] {dag.py:4180} INFO - Setting next_dagrun for read_dataset_event to 2024-11-25 00:00:00+00:00, run_after=2024-11-26 00:00:00+00:00
[2024-11-26T11:04:54.445+0000] {logging_mixin.py:190} INFO - [2024-11-26T11:04:54.445+0000] {dag.py:4180} INFO - Setting next_dagrun for read_dataset_event_from_classic to 2024-11-25 00:00:00+00:00, run_after=2024-11-26 00:00:00+00:00
[2024-11-26T11:04:54.457+0000] {processor.py:208} INFO - Processing /home/airflow/.local/lib/python3.12/site-packages/airflow/example_dags/example_inlet_event_extra.py took 0.420 seconds
[2024-11-26T11:05:25.399+0000] {processor.py:186} INFO - Started process (PID=924) to work on /home/airflow/.local/lib/python3.12/site-packages/airflow/example_dags/example_inlet_event_extra.py
[2024-11-26T11:05:25.400+0000] {processor.py:914} INFO - Processing file /home/airflow/.local/lib/python3.12/site-packages/airflow/example_dags/example_inlet_event_extra.py for tasks to queue
[2024-11-26T11:05:25.402+0000] {logging_mixin.py:190} INFO - [2024-11-26T11:05:25.402+0000] {dagbag.py:588} INFO - Filling up the DagBag from /home/airflow/.local/lib/python3.12/site-packages/airflow/example_dags/example_inlet_event_extra.py
[2024-11-26T11:05:25.751+0000] {processor.py:925} INFO - DAG(s) 'read_dataset_event', 'read_dataset_event_from_classic' retrieved from /home/airflow/.local/lib/python3.12/site-packages/airflow/example_dags/example_inlet_event_extra.py
[2024-11-26T11:05:25.767+0000] {logging_mixin.py:190} INFO - [2024-11-26T11:05:25.767+0000] {dag.py:3239} INFO - Sync 2 DAGs
[2024-11-26T11:05:25.781+0000] {logging_mixin.py:190} INFO - [2024-11-26T11:05:25.781+0000] {dag.py:4180} INFO - Setting next_dagrun for read_dataset_event to 2024-11-25 00:00:00+00:00, run_after=2024-11-26 00:00:00+00:00
[2024-11-26T11:05:25.785+0000] {logging_mixin.py:190} INFO - [2024-11-26T11:05:25.784+0000] {dag.py:4180} INFO - Setting next_dagrun for read_dataset_event_from_classic to 2024-11-25 00:00:00+00:00, run_after=2024-11-26 00:00:00+00:00
[2024-11-26T11:05:25.800+0000] {processor.py:208} INFO - Processing /home/airflow/.local/lib/python3.12/site-packages/airflow/example_dags/example_inlet_event_extra.py took 0.406 seconds
[2024-11-26T11:05:55.902+0000] {processor.py:186} INFO - Started process (PID=987) to work on /home/airflow/.local/lib/python3.12/site-packages/airflow/example_dags/example_inlet_event_extra.py
[2024-11-26T11:05:55.903+0000] {processor.py:914} INFO - Processing file /home/airflow/.local/lib/python3.12/site-packages/airflow/example_dags/example_inlet_event_extra.py for tasks to queue
[2024-11-26T11:05:55.905+0000] {logging_mixin.py:190} INFO - [2024-11-26T11:05:55.905+0000] {dagbag.py:588} INFO - Filling up the DagBag from /home/airflow/.local/lib/python3.12/site-packages/airflow/example_dags/example_inlet_event_extra.py
[2024-11-26T11:05:56.245+0000] {processor.py:925} INFO - DAG(s) 'read_dataset_event_from_classic', 'read_dataset_event' retrieved from /home/airflow/.local/lib/python3.12/site-packages/airflow/example_dags/example_inlet_event_extra.py
[2024-11-26T11:05:56.257+0000] {logging_mixin.py:190} INFO - [2024-11-26T11:05:56.257+0000] {dag.py:3239} INFO - Sync 2 DAGs
[2024-11-26T11:05:56.271+0000] {logging_mixin.py:190} INFO - [2024-11-26T11:05:56.271+0000] {dag.py:4180} INFO - Setting next_dagrun for read_dataset_event to 2024-11-25 00:00:00+00:00, run_after=2024-11-26 00:00:00+00:00
[2024-11-26T11:05:56.274+0000] {logging_mixin.py:190} INFO - [2024-11-26T11:05:56.274+0000] {dag.py:4180} INFO - Setting next_dagrun for read_dataset_event_from_classic to 2024-11-25 00:00:00+00:00, run_after=2024-11-26 00:00:00+00:00
[2024-11-26T11:05:56.287+0000] {processor.py:208} INFO - Processing /home/airflow/.local/lib/python3.12/site-packages/airflow/example_dags/example_inlet_event_extra.py took 0.390 seconds
[2024-11-26T11:06:26.415+0000] {processor.py:186} INFO - Started process (PID=1050) to work on /home/airflow/.local/lib/python3.12/site-packages/airflow/example_dags/example_inlet_event_extra.py
[2024-11-26T11:06:26.417+0000] {processor.py:914} INFO - Processing file /home/airflow/.local/lib/python3.12/site-packages/airflow/example_dags/example_inlet_event_extra.py for tasks to queue
[2024-11-26T11:06:26.419+0000] {logging_mixin.py:190} INFO - [2024-11-26T11:06:26.419+0000] {dagbag.py:588} INFO - Filling up the DagBag from /home/airflow/.local/lib/python3.12/site-packages/airflow/example_dags/example_inlet_event_extra.py
[2024-11-26T11:06:26.764+0000] {processor.py:925} INFO - DAG(s) 'read_dataset_event_from_classic', 'read_dataset_event' retrieved from /home/airflow/.local/lib/python3.12/site-packages/airflow/example_dags/example_inlet_event_extra.py
[2024-11-26T11:06:26.778+0000] {logging_mixin.py:190} INFO - [2024-11-26T11:06:26.777+0000] {dag.py:3239} INFO - Sync 2 DAGs
[2024-11-26T11:06:26.792+0000] {logging_mixin.py:190} INFO - [2024-11-26T11:06:26.792+0000] {dag.py:4180} INFO - Setting next_dagrun for read_dataset_event to 2024-11-25 00:00:00+00:00, run_after=2024-11-26 00:00:00+00:00
[2024-11-26T11:06:26.796+0000] {logging_mixin.py:190} INFO - [2024-11-26T11:06:26.795+0000] {dag.py:4180} INFO - Setting next_dagrun for read_dataset_event_from_classic to 2024-11-25 00:00:00+00:00, run_after=2024-11-26 00:00:00+00:00
[2024-11-26T11:06:26.939+0000] {processor.py:208} INFO - Processing /home/airflow/.local/lib/python3.12/site-packages/airflow/example_dags/example_inlet_event_extra.py took 0.529 seconds
[2024-11-26T11:06:57.229+0000] {processor.py:186} INFO - Started process (PID=1113) to work on /home/airflow/.local/lib/python3.12/site-packages/airflow/example_dags/example_inlet_event_extra.py
[2024-11-26T11:06:57.231+0000] {processor.py:914} INFO - Processing file /home/airflow/.local/lib/python3.12/site-packages/airflow/example_dags/example_inlet_event_extra.py for tasks to queue
[2024-11-26T11:06:57.233+0000] {logging_mixin.py:190} INFO - [2024-11-26T11:06:57.233+0000] {dagbag.py:588} INFO - Filling up the DagBag from /home/airflow/.local/lib/python3.12/site-packages/airflow/example_dags/example_inlet_event_extra.py
[2024-11-26T11:06:57.580+0000] {processor.py:925} INFO - DAG(s) 'read_dataset_event_from_classic', 'read_dataset_event' retrieved from /home/airflow/.local/lib/python3.12/site-packages/airflow/example_dags/example_inlet_event_extra.py
[2024-11-26T11:06:57.595+0000] {logging_mixin.py:190} INFO - [2024-11-26T11:06:57.595+0000] {dag.py:3239} INFO - Sync 2 DAGs
[2024-11-26T11:06:57.613+0000] {logging_mixin.py:190} INFO - [2024-11-26T11:06:57.613+0000] {dag.py:4180} INFO - Setting next_dagrun for read_dataset_event to 2024-11-25 00:00:00+00:00, run_after=2024-11-26 00:00:00+00:00
[2024-11-26T11:06:57.616+0000] {logging_mixin.py:190} INFO - [2024-11-26T11:06:57.616+0000] {dag.py:4180} INFO - Setting next_dagrun for read_dataset_event_from_classic to 2024-11-25 00:00:00+00:00, run_after=2024-11-26 00:00:00+00:00
[2024-11-26T11:06:57.629+0000] {processor.py:208} INFO - Processing /home/airflow/.local/lib/python3.12/site-packages/airflow/example_dags/example_inlet_event_extra.py took 0.404 seconds
[2024-11-26T11:07:28.024+0000] {processor.py:186} INFO - Started process (PID=1176) to work on /home/airflow/.local/lib/python3.12/site-packages/airflow/example_dags/example_inlet_event_extra.py
[2024-11-26T11:07:28.025+0000] {processor.py:914} INFO - Processing file /home/airflow/.local/lib/python3.12/site-packages/airflow/example_dags/example_inlet_event_extra.py for tasks to queue
[2024-11-26T11:07:28.028+0000] {logging_mixin.py:190} INFO - [2024-11-26T11:07:28.028+0000] {dagbag.py:588} INFO - Filling up the DagBag from /home/airflow/.local/lib/python3.12/site-packages/airflow/example_dags/example_inlet_event_extra.py
[2024-11-26T11:07:28.386+0000] {processor.py:925} INFO - DAG(s) 'read_dataset_event', 'read_dataset_event_from_classic' retrieved from /home/airflow/.local/lib/python3.12/site-packages/airflow/example_dags/example_inlet_event_extra.py
[2024-11-26T11:07:28.404+0000] {logging_mixin.py:190} INFO - [2024-11-26T11:07:28.404+0000] {dag.py:3239} INFO - Sync 2 DAGs
[2024-11-26T11:07:28.423+0000] {logging_mixin.py:190} INFO - [2024-11-26T11:07:28.422+0000] {dag.py:4180} INFO - Setting next_dagrun for read_dataset_event to 2024-11-25 00:00:00+00:00, run_after=2024-11-26 00:00:00+00:00
[2024-11-26T11:07:28.426+0000] {logging_mixin.py:190} INFO - [2024-11-26T11:07:28.426+0000] {dag.py:4180} INFO - Setting next_dagrun for read_dataset_event_from_classic to 2024-11-25 00:00:00+00:00, run_after=2024-11-26 00:00:00+00:00
[2024-11-26T11:07:28.443+0000] {processor.py:208} INFO - Processing /home/airflow/.local/lib/python3.12/site-packages/airflow/example_dags/example_inlet_event_extra.py took 0.425 seconds
[2024-11-26T11:07:58.619+0000] {processor.py:186} INFO - Started process (PID=1239) to work on /home/airflow/.local/lib/python3.12/site-packages/airflow/example_dags/example_inlet_event_extra.py
[2024-11-26T11:07:58.621+0000] {processor.py:914} INFO - Processing file /home/airflow/.local/lib/python3.12/site-packages/airflow/example_dags/example_inlet_event_extra.py for tasks to queue
[2024-11-26T11:07:58.627+0000] {logging_mixin.py:190} INFO - [2024-11-26T11:07:58.626+0000] {dagbag.py:588} INFO - Filling up the DagBag from /home/airflow/.local/lib/python3.12/site-packages/airflow/example_dags/example_inlet_event_extra.py
[2024-11-26T11:07:59.007+0000] {processor.py:925} INFO - DAG(s) 'read_dataset_event_from_classic', 'read_dataset_event' retrieved from /home/airflow/.local/lib/python3.12/site-packages/airflow/example_dags/example_inlet_event_extra.py
[2024-11-26T11:07:59.022+0000] {logging_mixin.py:190} INFO - [2024-11-26T11:07:59.022+0000] {dag.py:3239} INFO - Sync 2 DAGs
[2024-11-26T11:07:59.037+0000] {logging_mixin.py:190} INFO - [2024-11-26T11:07:59.037+0000] {dag.py:4180} INFO - Setting next_dagrun for read_dataset_event to 2024-11-25 00:00:00+00:00, run_after=2024-11-26 00:00:00+00:00
[2024-11-26T11:07:59.041+0000] {logging_mixin.py:190} INFO - [2024-11-26T11:07:59.041+0000] {dag.py:4180} INFO - Setting next_dagrun for read_dataset_event_from_classic to 2024-11-25 00:00:00+00:00, run_after=2024-11-26 00:00:00+00:00
[2024-11-26T11:07:59.057+0000] {processor.py:208} INFO - Processing /home/airflow/.local/lib/python3.12/site-packages/airflow/example_dags/example_inlet_event_extra.py took 0.447 seconds
[2024-11-26T11:08:29.201+0000] {processor.py:186} INFO - Started process (PID=1302) to work on /home/airflow/.local/lib/python3.12/site-packages/airflow/example_dags/example_inlet_event_extra.py
[2024-11-26T11:08:29.202+0000] {processor.py:914} INFO - Processing file /home/airflow/.local/lib/python3.12/site-packages/airflow/example_dags/example_inlet_event_extra.py for tasks to queue
[2024-11-26T11:08:29.204+0000] {logging_mixin.py:190} INFO - [2024-11-26T11:08:29.204+0000] {dagbag.py:588} INFO - Filling up the DagBag from /home/airflow/.local/lib/python3.12/site-packages/airflow/example_dags/example_inlet_event_extra.py
[2024-11-26T11:08:29.572+0000] {processor.py:925} INFO - DAG(s) 'read_dataset_event', 'read_dataset_event_from_classic' retrieved from /home/airflow/.local/lib/python3.12/site-packages/airflow/example_dags/example_inlet_event_extra.py
[2024-11-26T11:08:29.586+0000] {logging_mixin.py:190} INFO - [2024-11-26T11:08:29.586+0000] {dag.py:3239} INFO - Sync 2 DAGs
[2024-11-26T11:08:29.601+0000] {logging_mixin.py:190} INFO - [2024-11-26T11:08:29.600+0000] {dag.py:4180} INFO - Setting next_dagrun for read_dataset_event to 2024-11-25 00:00:00+00:00, run_after=2024-11-26 00:00:00+00:00
[2024-11-26T11:08:29.604+0000] {logging_mixin.py:190} INFO - [2024-11-26T11:08:29.604+0000] {dag.py:4180} INFO - Setting next_dagrun for read_dataset_event_from_classic to 2024-11-25 00:00:00+00:00, run_after=2024-11-26 00:00:00+00:00
[2024-11-26T11:08:29.616+0000] {processor.py:208} INFO - Processing /home/airflow/.local/lib/python3.12/site-packages/airflow/example_dags/example_inlet_event_extra.py took 0.421 seconds
[2024-11-26T11:08:59.767+0000] {processor.py:186} INFO - Started process (PID=1365) to work on /home/airflow/.local/lib/python3.12/site-packages/airflow/example_dags/example_inlet_event_extra.py
[2024-11-26T11:08:59.768+0000] {processor.py:914} INFO - Processing file /home/airflow/.local/lib/python3.12/site-packages/airflow/example_dags/example_inlet_event_extra.py for tasks to queue
[2024-11-26T11:08:59.771+0000] {logging_mixin.py:190} INFO - [2024-11-26T11:08:59.771+0000] {dagbag.py:588} INFO - Filling up the DagBag from /home/airflow/.local/lib/python3.12/site-packages/airflow/example_dags/example_inlet_event_extra.py
[2024-11-26T11:09:00.132+0000] {processor.py:925} INFO - DAG(s) 'read_dataset_event_from_classic', 'read_dataset_event' retrieved from /home/airflow/.local/lib/python3.12/site-packages/airflow/example_dags/example_inlet_event_extra.py
[2024-11-26T11:09:00.149+0000] {logging_mixin.py:190} INFO - [2024-11-26T11:09:00.148+0000] {dag.py:3239} INFO - Sync 2 DAGs
[2024-11-26T11:09:00.168+0000] {logging_mixin.py:190} INFO - [2024-11-26T11:09:00.168+0000] {dag.py:4180} INFO - Setting next_dagrun for read_dataset_event to 2024-11-25 00:00:00+00:00, run_after=2024-11-26 00:00:00+00:00
[2024-11-26T11:09:00.171+0000] {logging_mixin.py:190} INFO - [2024-11-26T11:09:00.171+0000] {dag.py:4180} INFO - Setting next_dagrun for read_dataset_event_from_classic to 2024-11-25 00:00:00+00:00, run_after=2024-11-26 00:00:00+00:00
[2024-11-26T11:09:00.185+0000] {processor.py:208} INFO - Processing /home/airflow/.local/lib/python3.12/site-packages/airflow/example_dags/example_inlet_event_extra.py took 0.424 seconds
[2024-11-26T11:09:30.276+0000] {processor.py:186} INFO - Started process (PID=1428) to work on /home/airflow/.local/lib/python3.12/site-packages/airflow/example_dags/example_inlet_event_extra.py
[2024-11-26T11:09:30.277+0000] {processor.py:914} INFO - Processing file /home/airflow/.local/lib/python3.12/site-packages/airflow/example_dags/example_inlet_event_extra.py for tasks to queue
[2024-11-26T11:09:30.280+0000] {logging_mixin.py:190} INFO - [2024-11-26T11:09:30.280+0000] {dagbag.py:588} INFO - Filling up the DagBag from /home/airflow/.local/lib/python3.12/site-packages/airflow/example_dags/example_inlet_event_extra.py
[2024-11-26T11:09:30.642+0000] {processor.py:925} INFO - DAG(s) 'read_dataset_event', 'read_dataset_event_from_classic' retrieved from /home/airflow/.local/lib/python3.12/site-packages/airflow/example_dags/example_inlet_event_extra.py
[2024-11-26T11:09:30.664+0000] {logging_mixin.py:190} INFO - [2024-11-26T11:09:30.663+0000] {dag.py:3239} INFO - Sync 2 DAGs
[2024-11-26T11:09:30.687+0000] {logging_mixin.py:190} INFO - [2024-11-26T11:09:30.687+0000] {dag.py:4180} INFO - Setting next_dagrun for read_dataset_event to 2024-11-25 00:00:00+00:00, run_after=2024-11-26 00:00:00+00:00
[2024-11-26T11:09:30.692+0000] {logging_mixin.py:190} INFO - [2024-11-26T11:09:30.692+0000] {dag.py:4180} INFO - Setting next_dagrun for read_dataset_event_from_classic to 2024-11-25 00:00:00+00:00, run_after=2024-11-26 00:00:00+00:00
[2024-11-26T11:09:30.704+0000] {processor.py:208} INFO - Processing /home/airflow/.local/lib/python3.12/site-packages/airflow/example_dags/example_inlet_event_extra.py took 0.433 seconds
[2024-11-26T11:10:00.846+0000] {processor.py:186} INFO - Started process (PID=1491) to work on /home/airflow/.local/lib/python3.12/site-packages/airflow/example_dags/example_inlet_event_extra.py
[2024-11-26T11:10:00.851+0000] {processor.py:914} INFO - Processing file /home/airflow/.local/lib/python3.12/site-packages/airflow/example_dags/example_inlet_event_extra.py for tasks to queue
[2024-11-26T11:10:00.852+0000] {logging_mixin.py:190} INFO - [2024-11-26T11:10:00.852+0000] {dagbag.py:588} INFO - Filling up the DagBag from /home/airflow/.local/lib/python3.12/site-packages/airflow/example_dags/example_inlet_event_extra.py
[2024-11-26T11:10:01.204+0000] {processor.py:925} INFO - DAG(s) 'read_dataset_event_from_classic', 'read_dataset_event' retrieved from /home/airflow/.local/lib/python3.12/site-packages/airflow/example_dags/example_inlet_event_extra.py
[2024-11-26T11:10:01.231+0000] {logging_mixin.py:190} INFO - [2024-11-26T11:10:01.230+0000] {dag.py:3239} INFO - Sync 2 DAGs
[2024-11-26T11:10:01.252+0000] {logging_mixin.py:190} INFO - [2024-11-26T11:10:01.252+0000] {dag.py:4180} INFO - Setting next_dagrun for read_dataset_event to 2024-11-25 00:00:00+00:00, run_after=2024-11-26 00:00:00+00:00
[2024-11-26T11:10:01.256+0000] {logging_mixin.py:190} INFO - [2024-11-26T11:10:01.256+0000] {dag.py:4180} INFO - Setting next_dagrun for read_dataset_event_from_classic to 2024-11-25 00:00:00+00:00, run_after=2024-11-26 00:00:00+00:00
[2024-11-26T11:10:01.283+0000] {processor.py:208} INFO - Processing /home/airflow/.local/lib/python3.12/site-packages/airflow/example_dags/example_inlet_event_extra.py took 0.442 seconds
[2024-11-26T11:10:31.665+0000] {processor.py:186} INFO - Started process (PID=1554) to work on /home/airflow/.local/lib/python3.12/site-packages/airflow/example_dags/example_inlet_event_extra.py
[2024-11-26T11:10:31.666+0000] {processor.py:914} INFO - Processing file /home/airflow/.local/lib/python3.12/site-packages/airflow/example_dags/example_inlet_event_extra.py for tasks to queue
[2024-11-26T11:10:31.669+0000] {logging_mixin.py:190} INFO - [2024-11-26T11:10:31.668+0000] {dagbag.py:588} INFO - Filling up the DagBag from /home/airflow/.local/lib/python3.12/site-packages/airflow/example_dags/example_inlet_event_extra.py
[2024-11-26T11:10:32.065+0000] {processor.py:925} INFO - DAG(s) 'read_dataset_event', 'read_dataset_event_from_classic' retrieved from /home/airflow/.local/lib/python3.12/site-packages/airflow/example_dags/example_inlet_event_extra.py
[2024-11-26T11:10:32.089+0000] {logging_mixin.py:190} INFO - [2024-11-26T11:10:32.088+0000] {dag.py:3239} INFO - Sync 2 DAGs
[2024-11-26T11:10:32.121+0000] {logging_mixin.py:190} INFO - [2024-11-26T11:10:32.121+0000] {dag.py:4180} INFO - Setting next_dagrun for read_dataset_event to 2024-11-25 00:00:00+00:00, run_after=2024-11-26 00:00:00+00:00
[2024-11-26T11:10:32.127+0000] {logging_mixin.py:190} INFO - [2024-11-26T11:10:32.126+0000] {dag.py:4180} INFO - Setting next_dagrun for read_dataset_event_from_classic to 2024-11-25 00:00:00+00:00, run_after=2024-11-26 00:00:00+00:00
[2024-11-26T11:10:32.150+0000] {processor.py:208} INFO - Processing /home/airflow/.local/lib/python3.12/site-packages/airflow/example_dags/example_inlet_event_extra.py took 0.491 seconds
[2024-11-26T11:11:02.288+0000] {processor.py:186} INFO - Started process (PID=1617) to work on /home/airflow/.local/lib/python3.12/site-packages/airflow/example_dags/example_inlet_event_extra.py
[2024-11-26T11:11:02.289+0000] {processor.py:914} INFO - Processing file /home/airflow/.local/lib/python3.12/site-packages/airflow/example_dags/example_inlet_event_extra.py for tasks to queue
[2024-11-26T11:11:02.292+0000] {logging_mixin.py:190} INFO - [2024-11-26T11:11:02.292+0000] {dagbag.py:588} INFO - Filling up the DagBag from /home/airflow/.local/lib/python3.12/site-packages/airflow/example_dags/example_inlet_event_extra.py
[2024-11-26T11:11:02.725+0000] {processor.py:925} INFO - DAG(s) 'read_dataset_event', 'read_dataset_event_from_classic' retrieved from /home/airflow/.local/lib/python3.12/site-packages/airflow/example_dags/example_inlet_event_extra.py
[2024-11-26T11:11:02.747+0000] {logging_mixin.py:190} INFO - [2024-11-26T11:11:02.747+0000] {dag.py:3239} INFO - Sync 2 DAGs
[2024-11-26T11:11:02.769+0000] {logging_mixin.py:190} INFO - [2024-11-26T11:11:02.769+0000] {dag.py:4180} INFO - Setting next_dagrun for read_dataset_event to 2024-11-25 00:00:00+00:00, run_after=2024-11-26 00:00:00+00:00
[2024-11-26T11:11:02.774+0000] {logging_mixin.py:190} INFO - [2024-11-26T11:11:02.774+0000] {dag.py:4180} INFO - Setting next_dagrun for read_dataset_event_from_classic to 2024-11-25 00:00:00+00:00, run_after=2024-11-26 00:00:00+00:00
[2024-11-26T11:11:02.792+0000] {processor.py:208} INFO - Processing /home/airflow/.local/lib/python3.12/site-packages/airflow/example_dags/example_inlet_event_extra.py took 0.513 seconds
[2024-11-26T11:11:33.287+0000] {processor.py:186} INFO - Started process (PID=1680) to work on /home/airflow/.local/lib/python3.12/site-packages/airflow/example_dags/example_inlet_event_extra.py
[2024-11-26T11:11:33.289+0000] {processor.py:914} INFO - Processing file /home/airflow/.local/lib/python3.12/site-packages/airflow/example_dags/example_inlet_event_extra.py for tasks to queue
[2024-11-26T11:11:33.291+0000] {logging_mixin.py:190} INFO - [2024-11-26T11:11:33.291+0000] {dagbag.py:588} INFO - Filling up the DagBag from /home/airflow/.local/lib/python3.12/site-packages/airflow/example_dags/example_inlet_event_extra.py
[2024-11-26T11:11:33.663+0000] {processor.py:925} INFO - DAG(s) 'read_dataset_event_from_classic', 'read_dataset_event' retrieved from /home/airflow/.local/lib/python3.12/site-packages/airflow/example_dags/example_inlet_event_extra.py
[2024-11-26T11:11:33.682+0000] {logging_mixin.py:190} INFO - [2024-11-26T11:11:33.682+0000] {dag.py:3239} INFO - Sync 2 DAGs
[2024-11-26T11:11:33.707+0000] {logging_mixin.py:190} INFO - [2024-11-26T11:11:33.707+0000] {dag.py:4180} INFO - Setting next_dagrun for read_dataset_event to 2024-11-25 00:00:00+00:00, run_after=2024-11-26 00:00:00+00:00
[2024-11-26T11:11:33.713+0000] {logging_mixin.py:190} INFO - [2024-11-26T11:11:33.712+0000] {dag.py:4180} INFO - Setting next_dagrun for read_dataset_event_from_classic to 2024-11-25 00:00:00+00:00, run_after=2024-11-26 00:00:00+00:00
[2024-11-26T11:11:33.730+0000] {processor.py:208} INFO - Processing /home/airflow/.local/lib/python3.12/site-packages/airflow/example_dags/example_inlet_event_extra.py took 0.447 seconds
