[2024-11-26T10:58:45.815+0000] {processor.py:186} INFO - Started process (PID=116) to work on /home/airflow/.local/lib/python3.12/site-packages/airflow/example_dags/example_nested_branch_dag.py
[2024-11-26T10:58:45.816+0000] {processor.py:914} INFO - Processing file /home/airflow/.local/lib/python3.12/site-packages/airflow/example_dags/example_nested_branch_dag.py for tasks to queue
[2024-11-26T10:58:45.819+0000] {logging_mixin.py:190} INFO - [2024-11-26T10:58:45.818+0000] {dagbag.py:588} INFO - Filling up the DagBag from /home/airflow/.local/lib/python3.12/site-packages/airflow/example_dags/example_nested_branch_dag.py
[2024-11-26T10:58:45.829+0000] {processor.py:925} INFO - DAG(s) 'example_nested_branch_dag' retrieved from /home/airflow/.local/lib/python3.12/site-packages/airflow/example_dags/example_nested_branch_dag.py
[2024-11-26T10:58:45.918+0000] {logging_mixin.py:190} INFO - [2024-11-26T10:58:45.916+0000] {override.py:1911} INFO - Created Permission View: can delete on DAG:example_nested_branch_dag
[2024-11-26T10:58:45.930+0000] {logging_mixin.py:190} INFO - [2024-11-26T10:58:45.930+0000] {override.py:1911} INFO - Created Permission View: can read on DAG:example_nested_branch_dag
[2024-11-26T10:58:45.939+0000] {logging_mixin.py:190} INFO - [2024-11-26T10:58:45.938+0000] {override.py:1911} INFO - Created Permission View: can edit on DAG:example_nested_branch_dag
[2024-11-26T10:58:45.950+0000] {logging_mixin.py:190} INFO - [2024-11-26T10:58:45.949+0000] {override.py:1911} INFO - Created Permission View: can create on DAG Run:example_nested_branch_dag
[2024-11-26T10:58:45.958+0000] {logging_mixin.py:190} INFO - [2024-11-26T10:58:45.958+0000] {override.py:1911} INFO - Created Permission View: can read on DAG Run:example_nested_branch_dag
[2024-11-26T10:58:45.968+0000] {logging_mixin.py:190} INFO - [2024-11-26T10:58:45.966+0000] {override.py:1911} INFO - Created Permission View: menu access on DAG Run:example_nested_branch_dag
[2024-11-26T10:58:45.983+0000] {logging_mixin.py:190} INFO - [2024-11-26T10:58:45.982+0000] {override.py:1911} INFO - Created Permission View: can delete on DAG Run:example_nested_branch_dag
[2024-11-26T10:58:45.984+0000] {logging_mixin.py:190} INFO - [2024-11-26T10:58:45.984+0000] {dag.py:3239} INFO - Sync 1 DAGs
[2024-11-26T10:58:46.002+0000] {logging_mixin.py:190} INFO - [2024-11-26T10:58:46.002+0000] {dag.py:3262} INFO - Creating ORM DAG for example_nested_branch_dag
[2024-11-26T10:58:46.015+0000] {logging_mixin.py:190} INFO - [2024-11-26T10:58:46.015+0000] {dag.py:4180} INFO - Setting next_dagrun for example_nested_branch_dag to 2024-11-25 00:00:00+00:00, run_after=2024-11-26 00:00:00+00:00
[2024-11-26T10:58:46.039+0000] {processor.py:208} INFO - Processing /home/airflow/.local/lib/python3.12/site-packages/airflow/example_dags/example_nested_branch_dag.py took 0.228 seconds
[2024-11-26T10:59:16.710+0000] {processor.py:186} INFO - Started process (PID=179) to work on /home/airflow/.local/lib/python3.12/site-packages/airflow/example_dags/example_nested_branch_dag.py
[2024-11-26T10:59:16.712+0000] {processor.py:914} INFO - Processing file /home/airflow/.local/lib/python3.12/site-packages/airflow/example_dags/example_nested_branch_dag.py for tasks to queue
[2024-11-26T10:59:16.715+0000] {logging_mixin.py:190} INFO - [2024-11-26T10:59:16.715+0000] {dagbag.py:588} INFO - Filling up the DagBag from /home/airflow/.local/lib/python3.12/site-packages/airflow/example_dags/example_nested_branch_dag.py
[2024-11-26T10:59:16.725+0000] {processor.py:925} INFO - DAG(s) 'example_nested_branch_dag' retrieved from /home/airflow/.local/lib/python3.12/site-packages/airflow/example_dags/example_nested_branch_dag.py
[2024-11-26T10:59:16.745+0000] {logging_mixin.py:190} INFO - [2024-11-26T10:59:16.745+0000] {dag.py:3239} INFO - Sync 1 DAGs
[2024-11-26T10:59:16.772+0000] {logging_mixin.py:190} INFO - [2024-11-26T10:59:16.772+0000] {dag.py:4180} INFO - Setting next_dagrun for example_nested_branch_dag to 2024-11-25 00:00:00+00:00, run_after=2024-11-26 00:00:00+00:00
[2024-11-26T10:59:16.791+0000] {processor.py:208} INFO - Processing /home/airflow/.local/lib/python3.12/site-packages/airflow/example_dags/example_nested_branch_dag.py took 0.086 seconds
[2024-11-26T10:59:47.432+0000] {processor.py:186} INFO - Started process (PID=242) to work on /home/airflow/.local/lib/python3.12/site-packages/airflow/example_dags/example_nested_branch_dag.py
[2024-11-26T10:59:47.433+0000] {processor.py:914} INFO - Processing file /home/airflow/.local/lib/python3.12/site-packages/airflow/example_dags/example_nested_branch_dag.py for tasks to queue
[2024-11-26T10:59:47.436+0000] {logging_mixin.py:190} INFO - [2024-11-26T10:59:47.435+0000] {dagbag.py:588} INFO - Filling up the DagBag from /home/airflow/.local/lib/python3.12/site-packages/airflow/example_dags/example_nested_branch_dag.py
[2024-11-26T10:59:47.446+0000] {processor.py:925} INFO - DAG(s) 'example_nested_branch_dag' retrieved from /home/airflow/.local/lib/python3.12/site-packages/airflow/example_dags/example_nested_branch_dag.py
[2024-11-26T10:59:47.469+0000] {logging_mixin.py:190} INFO - [2024-11-26T10:59:47.469+0000] {dag.py:3239} INFO - Sync 1 DAGs
[2024-11-26T10:59:47.490+0000] {logging_mixin.py:190} INFO - [2024-11-26T10:59:47.490+0000] {dag.py:4180} INFO - Setting next_dagrun for example_nested_branch_dag to 2024-11-25 00:00:00+00:00, run_after=2024-11-26 00:00:00+00:00
[2024-11-26T10:59:47.507+0000] {processor.py:208} INFO - Processing /home/airflow/.local/lib/python3.12/site-packages/airflow/example_dags/example_nested_branch_dag.py took 0.079 seconds
[2024-11-26T11:00:18.041+0000] {processor.py:186} INFO - Started process (PID=305) to work on /home/airflow/.local/lib/python3.12/site-packages/airflow/example_dags/example_nested_branch_dag.py
[2024-11-26T11:00:18.042+0000] {processor.py:914} INFO - Processing file /home/airflow/.local/lib/python3.12/site-packages/airflow/example_dags/example_nested_branch_dag.py for tasks to queue
[2024-11-26T11:00:18.047+0000] {logging_mixin.py:190} INFO - [2024-11-26T11:00:18.046+0000] {dagbag.py:588} INFO - Filling up the DagBag from /home/airflow/.local/lib/python3.12/site-packages/airflow/example_dags/example_nested_branch_dag.py
[2024-11-26T11:00:18.057+0000] {processor.py:925} INFO - DAG(s) 'example_nested_branch_dag' retrieved from /home/airflow/.local/lib/python3.12/site-packages/airflow/example_dags/example_nested_branch_dag.py
[2024-11-26T11:00:18.081+0000] {logging_mixin.py:190} INFO - [2024-11-26T11:00:18.081+0000] {dag.py:3239} INFO - Sync 1 DAGs
[2024-11-26T11:00:18.100+0000] {logging_mixin.py:190} INFO - [2024-11-26T11:00:18.100+0000] {dag.py:4180} INFO - Setting next_dagrun for example_nested_branch_dag to 2024-11-25 00:00:00+00:00, run_after=2024-11-26 00:00:00+00:00
[2024-11-26T11:00:18.117+0000] {processor.py:208} INFO - Processing /home/airflow/.local/lib/python3.12/site-packages/airflow/example_dags/example_nested_branch_dag.py took 0.081 seconds
[2024-11-26T11:00:48.914+0000] {processor.py:186} INFO - Started process (PID=367) to work on /home/airflow/.local/lib/python3.12/site-packages/airflow/example_dags/example_nested_branch_dag.py
[2024-11-26T11:00:48.915+0000] {processor.py:914} INFO - Processing file /home/airflow/.local/lib/python3.12/site-packages/airflow/example_dags/example_nested_branch_dag.py for tasks to queue
[2024-11-26T11:00:48.917+0000] {logging_mixin.py:190} INFO - [2024-11-26T11:00:48.917+0000] {dagbag.py:588} INFO - Filling up the DagBag from /home/airflow/.local/lib/python3.12/site-packages/airflow/example_dags/example_nested_branch_dag.py
[2024-11-26T11:00:48.927+0000] {processor.py:925} INFO - DAG(s) 'example_nested_branch_dag' retrieved from /home/airflow/.local/lib/python3.12/site-packages/airflow/example_dags/example_nested_branch_dag.py
[2024-11-26T11:00:48.943+0000] {logging_mixin.py:190} INFO - [2024-11-26T11:00:48.943+0000] {dag.py:3239} INFO - Sync 1 DAGs
[2024-11-26T11:00:48.960+0000] {logging_mixin.py:190} INFO - [2024-11-26T11:00:48.960+0000] {dag.py:4180} INFO - Setting next_dagrun for example_nested_branch_dag to 2024-11-25 00:00:00+00:00, run_after=2024-11-26 00:00:00+00:00
[2024-11-26T11:00:48.976+0000] {processor.py:208} INFO - Processing /home/airflow/.local/lib/python3.12/site-packages/airflow/example_dags/example_nested_branch_dag.py took 0.067 seconds
[2024-11-26T11:01:19.698+0000] {processor.py:186} INFO - Started process (PID=429) to work on /home/airflow/.local/lib/python3.12/site-packages/airflow/example_dags/example_nested_branch_dag.py
[2024-11-26T11:01:19.699+0000] {processor.py:914} INFO - Processing file /home/airflow/.local/lib/python3.12/site-packages/airflow/example_dags/example_nested_branch_dag.py for tasks to queue
[2024-11-26T11:01:19.702+0000] {logging_mixin.py:190} INFO - [2024-11-26T11:01:19.701+0000] {dagbag.py:588} INFO - Filling up the DagBag from /home/airflow/.local/lib/python3.12/site-packages/airflow/example_dags/example_nested_branch_dag.py
[2024-11-26T11:01:19.713+0000] {processor.py:925} INFO - DAG(s) 'example_nested_branch_dag' retrieved from /home/airflow/.local/lib/python3.12/site-packages/airflow/example_dags/example_nested_branch_dag.py
[2024-11-26T11:01:19.731+0000] {logging_mixin.py:190} INFO - [2024-11-26T11:01:19.731+0000] {dag.py:3239} INFO - Sync 1 DAGs
[2024-11-26T11:01:19.750+0000] {logging_mixin.py:190} INFO - [2024-11-26T11:01:19.750+0000] {dag.py:4180} INFO - Setting next_dagrun for example_nested_branch_dag to 2024-11-25 00:00:00+00:00, run_after=2024-11-26 00:00:00+00:00
[2024-11-26T11:01:19.766+0000] {processor.py:208} INFO - Processing /home/airflow/.local/lib/python3.12/site-packages/airflow/example_dags/example_nested_branch_dag.py took 0.073 seconds
[2024-11-26T11:01:50.514+0000] {processor.py:186} INFO - Started process (PID=492) to work on /home/airflow/.local/lib/python3.12/site-packages/airflow/example_dags/example_nested_branch_dag.py
[2024-11-26T11:01:50.515+0000] {processor.py:914} INFO - Processing file /home/airflow/.local/lib/python3.12/site-packages/airflow/example_dags/example_nested_branch_dag.py for tasks to queue
[2024-11-26T11:01:50.518+0000] {logging_mixin.py:190} INFO - [2024-11-26T11:01:50.518+0000] {dagbag.py:588} INFO - Filling up the DagBag from /home/airflow/.local/lib/python3.12/site-packages/airflow/example_dags/example_nested_branch_dag.py
[2024-11-26T11:01:50.526+0000] {processor.py:925} INFO - DAG(s) 'example_nested_branch_dag' retrieved from /home/airflow/.local/lib/python3.12/site-packages/airflow/example_dags/example_nested_branch_dag.py
[2024-11-26T11:01:50.540+0000] {logging_mixin.py:190} INFO - [2024-11-26T11:01:50.540+0000] {dag.py:3239} INFO - Sync 1 DAGs
[2024-11-26T11:01:50.556+0000] {logging_mixin.py:190} INFO - [2024-11-26T11:01:50.555+0000] {dag.py:4180} INFO - Setting next_dagrun for example_nested_branch_dag to 2024-11-25 00:00:00+00:00, run_after=2024-11-26 00:00:00+00:00
[2024-11-26T11:01:50.573+0000] {processor.py:208} INFO - Processing /home/airflow/.local/lib/python3.12/site-packages/airflow/example_dags/example_nested_branch_dag.py took 0.065 seconds
[2024-11-26T11:02:21.150+0000] {processor.py:186} INFO - Started process (PID=554) to work on /home/airflow/.local/lib/python3.12/site-packages/airflow/example_dags/example_nested_branch_dag.py
[2024-11-26T11:02:21.151+0000] {processor.py:914} INFO - Processing file /home/airflow/.local/lib/python3.12/site-packages/airflow/example_dags/example_nested_branch_dag.py for tasks to queue
[2024-11-26T11:02:21.154+0000] {logging_mixin.py:190} INFO - [2024-11-26T11:02:21.154+0000] {dagbag.py:588} INFO - Filling up the DagBag from /home/airflow/.local/lib/python3.12/site-packages/airflow/example_dags/example_nested_branch_dag.py
[2024-11-26T11:02:21.166+0000] {processor.py:925} INFO - DAG(s) 'example_nested_branch_dag' retrieved from /home/airflow/.local/lib/python3.12/site-packages/airflow/example_dags/example_nested_branch_dag.py
[2024-11-26T11:02:21.186+0000] {logging_mixin.py:190} INFO - [2024-11-26T11:02:21.186+0000] {dag.py:3239} INFO - Sync 1 DAGs
[2024-11-26T11:02:21.208+0000] {logging_mixin.py:190} INFO - [2024-11-26T11:02:21.207+0000] {dag.py:4180} INFO - Setting next_dagrun for example_nested_branch_dag to 2024-11-25 00:00:00+00:00, run_after=2024-11-26 00:00:00+00:00
[2024-11-26T11:02:21.224+0000] {processor.py:208} INFO - Processing /home/airflow/.local/lib/python3.12/site-packages/airflow/example_dags/example_nested_branch_dag.py took 0.081 seconds
[2024-11-26T11:02:51.834+0000] {processor.py:186} INFO - Started process (PID=617) to work on /home/airflow/.local/lib/python3.12/site-packages/airflow/example_dags/example_nested_branch_dag.py
[2024-11-26T11:02:51.835+0000] {processor.py:914} INFO - Processing file /home/airflow/.local/lib/python3.12/site-packages/airflow/example_dags/example_nested_branch_dag.py for tasks to queue
[2024-11-26T11:02:51.837+0000] {logging_mixin.py:190} INFO - [2024-11-26T11:02:51.837+0000] {dagbag.py:588} INFO - Filling up the DagBag from /home/airflow/.local/lib/python3.12/site-packages/airflow/example_dags/example_nested_branch_dag.py
[2024-11-26T11:02:51.847+0000] {processor.py:925} INFO - DAG(s) 'example_nested_branch_dag' retrieved from /home/airflow/.local/lib/python3.12/site-packages/airflow/example_dags/example_nested_branch_dag.py
[2024-11-26T11:02:51.867+0000] {logging_mixin.py:190} INFO - [2024-11-26T11:02:51.866+0000] {dag.py:3239} INFO - Sync 1 DAGs
[2024-11-26T11:02:51.885+0000] {logging_mixin.py:190} INFO - [2024-11-26T11:02:51.884+0000] {dag.py:4180} INFO - Setting next_dagrun for example_nested_branch_dag to 2024-11-25 00:00:00+00:00, run_after=2024-11-26 00:00:00+00:00
[2024-11-26T11:02:51.910+0000] {processor.py:208} INFO - Processing /home/airflow/.local/lib/python3.12/site-packages/airflow/example_dags/example_nested_branch_dag.py took 0.081 seconds
[2024-11-26T11:03:22.415+0000] {processor.py:186} INFO - Started process (PID=680) to work on /home/airflow/.local/lib/python3.12/site-packages/airflow/example_dags/example_nested_branch_dag.py
[2024-11-26T11:03:22.416+0000] {processor.py:914} INFO - Processing file /home/airflow/.local/lib/python3.12/site-packages/airflow/example_dags/example_nested_branch_dag.py for tasks to queue
[2024-11-26T11:03:22.420+0000] {logging_mixin.py:190} INFO - [2024-11-26T11:03:22.420+0000] {dagbag.py:588} INFO - Filling up the DagBag from /home/airflow/.local/lib/python3.12/site-packages/airflow/example_dags/example_nested_branch_dag.py
[2024-11-26T11:03:22.428+0000] {processor.py:925} INFO - DAG(s) 'example_nested_branch_dag' retrieved from /home/airflow/.local/lib/python3.12/site-packages/airflow/example_dags/example_nested_branch_dag.py
[2024-11-26T11:03:22.447+0000] {logging_mixin.py:190} INFO - [2024-11-26T11:03:22.447+0000] {dag.py:3239} INFO - Sync 1 DAGs
[2024-11-26T11:03:22.471+0000] {logging_mixin.py:190} INFO - [2024-11-26T11:03:22.471+0000] {dag.py:4180} INFO - Setting next_dagrun for example_nested_branch_dag to 2024-11-25 00:00:00+00:00, run_after=2024-11-26 00:00:00+00:00
[2024-11-26T11:03:22.485+0000] {processor.py:208} INFO - Processing /home/airflow/.local/lib/python3.12/site-packages/airflow/example_dags/example_nested_branch_dag.py took 0.075 seconds
[2024-11-26T11:03:52.954+0000] {processor.py:186} INFO - Started process (PID=743) to work on /home/airflow/.local/lib/python3.12/site-packages/airflow/example_dags/example_nested_branch_dag.py
[2024-11-26T11:03:52.955+0000] {processor.py:914} INFO - Processing file /home/airflow/.local/lib/python3.12/site-packages/airflow/example_dags/example_nested_branch_dag.py for tasks to queue
[2024-11-26T11:03:52.958+0000] {logging_mixin.py:190} INFO - [2024-11-26T11:03:52.957+0000] {dagbag.py:588} INFO - Filling up the DagBag from /home/airflow/.local/lib/python3.12/site-packages/airflow/example_dags/example_nested_branch_dag.py
[2024-11-26T11:03:52.967+0000] {processor.py:925} INFO - DAG(s) 'example_nested_branch_dag' retrieved from /home/airflow/.local/lib/python3.12/site-packages/airflow/example_dags/example_nested_branch_dag.py
[2024-11-26T11:03:52.984+0000] {logging_mixin.py:190} INFO - [2024-11-26T11:03:52.984+0000] {dag.py:3239} INFO - Sync 1 DAGs
[2024-11-26T11:03:53.005+0000] {logging_mixin.py:190} INFO - [2024-11-26T11:03:53.005+0000] {dag.py:4180} INFO - Setting next_dagrun for example_nested_branch_dag to 2024-11-25 00:00:00+00:00, run_after=2024-11-26 00:00:00+00:00
[2024-11-26T11:03:53.023+0000] {processor.py:208} INFO - Processing /home/airflow/.local/lib/python3.12/site-packages/airflow/example_dags/example_nested_branch_dag.py took 0.072 seconds
[2024-11-26T11:04:24.095+0000] {processor.py:186} INFO - Started process (PID=806) to work on /home/airflow/.local/lib/python3.12/site-packages/airflow/example_dags/example_nested_branch_dag.py
[2024-11-26T11:04:24.096+0000] {processor.py:914} INFO - Processing file /home/airflow/.local/lib/python3.12/site-packages/airflow/example_dags/example_nested_branch_dag.py for tasks to queue
[2024-11-26T11:04:24.099+0000] {logging_mixin.py:190} INFO - [2024-11-26T11:04:24.099+0000] {dagbag.py:588} INFO - Filling up the DagBag from /home/airflow/.local/lib/python3.12/site-packages/airflow/example_dags/example_nested_branch_dag.py
[2024-11-26T11:04:24.109+0000] {processor.py:925} INFO - DAG(s) 'example_nested_branch_dag' retrieved from /home/airflow/.local/lib/python3.12/site-packages/airflow/example_dags/example_nested_branch_dag.py
[2024-11-26T11:04:24.133+0000] {logging_mixin.py:190} INFO - [2024-11-26T11:04:24.133+0000] {dag.py:3239} INFO - Sync 1 DAGs
[2024-11-26T11:04:24.158+0000] {logging_mixin.py:190} INFO - [2024-11-26T11:04:24.158+0000] {dag.py:4180} INFO - Setting next_dagrun for example_nested_branch_dag to 2024-11-25 00:00:00+00:00, run_after=2024-11-26 00:00:00+00:00
[2024-11-26T11:04:24.172+0000] {processor.py:208} INFO - Processing /home/airflow/.local/lib/python3.12/site-packages/airflow/example_dags/example_nested_branch_dag.py took 0.084 seconds
[2024-11-26T11:04:54.730+0000] {processor.py:186} INFO - Started process (PID=869) to work on /home/airflow/.local/lib/python3.12/site-packages/airflow/example_dags/example_nested_branch_dag.py
[2024-11-26T11:04:54.731+0000] {processor.py:914} INFO - Processing file /home/airflow/.local/lib/python3.12/site-packages/airflow/example_dags/example_nested_branch_dag.py for tasks to queue
[2024-11-26T11:04:54.733+0000] {logging_mixin.py:190} INFO - [2024-11-26T11:04:54.733+0000] {dagbag.py:588} INFO - Filling up the DagBag from /home/airflow/.local/lib/python3.12/site-packages/airflow/example_dags/example_nested_branch_dag.py
[2024-11-26T11:04:54.742+0000] {processor.py:925} INFO - DAG(s) 'example_nested_branch_dag' retrieved from /home/airflow/.local/lib/python3.12/site-packages/airflow/example_dags/example_nested_branch_dag.py
[2024-11-26T11:04:54.760+0000] {logging_mixin.py:190} INFO - [2024-11-26T11:04:54.760+0000] {dag.py:3239} INFO - Sync 1 DAGs
[2024-11-26T11:04:54.776+0000] {logging_mixin.py:190} INFO - [2024-11-26T11:04:54.776+0000] {dag.py:4180} INFO - Setting next_dagrun for example_nested_branch_dag to 2024-11-25 00:00:00+00:00, run_after=2024-11-26 00:00:00+00:00
[2024-11-26T11:04:54.793+0000] {processor.py:208} INFO - Processing /home/airflow/.local/lib/python3.12/site-packages/airflow/example_dags/example_nested_branch_dag.py took 0.067 seconds
[2024-11-26T11:05:26.054+0000] {processor.py:186} INFO - Started process (PID=931) to work on /home/airflow/.local/lib/python3.12/site-packages/airflow/example_dags/example_nested_branch_dag.py
[2024-11-26T11:05:26.055+0000] {processor.py:914} INFO - Processing file /home/airflow/.local/lib/python3.12/site-packages/airflow/example_dags/example_nested_branch_dag.py for tasks to queue
[2024-11-26T11:05:26.057+0000] {logging_mixin.py:190} INFO - [2024-11-26T11:05:26.057+0000] {dagbag.py:588} INFO - Filling up the DagBag from /home/airflow/.local/lib/python3.12/site-packages/airflow/example_dags/example_nested_branch_dag.py
[2024-11-26T11:05:26.065+0000] {processor.py:925} INFO - DAG(s) 'example_nested_branch_dag' retrieved from /home/airflow/.local/lib/python3.12/site-packages/airflow/example_dags/example_nested_branch_dag.py
[2024-11-26T11:05:26.080+0000] {logging_mixin.py:190} INFO - [2024-11-26T11:05:26.079+0000] {dag.py:3239} INFO - Sync 1 DAGs
[2024-11-26T11:05:26.098+0000] {logging_mixin.py:190} INFO - [2024-11-26T11:05:26.098+0000] {dag.py:4180} INFO - Setting next_dagrun for example_nested_branch_dag to 2024-11-25 00:00:00+00:00, run_after=2024-11-26 00:00:00+00:00
[2024-11-26T11:05:26.117+0000] {processor.py:208} INFO - Processing /home/airflow/.local/lib/python3.12/site-packages/airflow/example_dags/example_nested_branch_dag.py took 0.067 seconds
[2024-11-26T11:05:56.550+0000] {processor.py:186} INFO - Started process (PID=994) to work on /home/airflow/.local/lib/python3.12/site-packages/airflow/example_dags/example_nested_branch_dag.py
[2024-11-26T11:05:56.551+0000] {processor.py:914} INFO - Processing file /home/airflow/.local/lib/python3.12/site-packages/airflow/example_dags/example_nested_branch_dag.py for tasks to queue
[2024-11-26T11:05:56.554+0000] {logging_mixin.py:190} INFO - [2024-11-26T11:05:56.553+0000] {dagbag.py:588} INFO - Filling up the DagBag from /home/airflow/.local/lib/python3.12/site-packages/airflow/example_dags/example_nested_branch_dag.py
[2024-11-26T11:05:56.562+0000] {processor.py:925} INFO - DAG(s) 'example_nested_branch_dag' retrieved from /home/airflow/.local/lib/python3.12/site-packages/airflow/example_dags/example_nested_branch_dag.py
[2024-11-26T11:05:56.577+0000] {logging_mixin.py:190} INFO - [2024-11-26T11:05:56.577+0000] {dag.py:3239} INFO - Sync 1 DAGs
[2024-11-26T11:05:56.600+0000] {logging_mixin.py:190} INFO - [2024-11-26T11:05:56.599+0000] {dag.py:4180} INFO - Setting next_dagrun for example_nested_branch_dag to 2024-11-25 00:00:00+00:00, run_after=2024-11-26 00:00:00+00:00
[2024-11-26T11:05:56.619+0000] {processor.py:208} INFO - Processing /home/airflow/.local/lib/python3.12/site-packages/airflow/example_dags/example_nested_branch_dag.py took 0.072 seconds
[2024-11-26T11:06:27.368+0000] {processor.py:186} INFO - Started process (PID=1057) to work on /home/airflow/.local/lib/python3.12/site-packages/airflow/example_dags/example_nested_branch_dag.py
[2024-11-26T11:06:27.368+0000] {processor.py:914} INFO - Processing file /home/airflow/.local/lib/python3.12/site-packages/airflow/example_dags/example_nested_branch_dag.py for tasks to queue
[2024-11-26T11:06:27.371+0000] {logging_mixin.py:190} INFO - [2024-11-26T11:06:27.371+0000] {dagbag.py:588} INFO - Filling up the DagBag from /home/airflow/.local/lib/python3.12/site-packages/airflow/example_dags/example_nested_branch_dag.py
[2024-11-26T11:06:27.379+0000] {processor.py:925} INFO - DAG(s) 'example_nested_branch_dag' retrieved from /home/airflow/.local/lib/python3.12/site-packages/airflow/example_dags/example_nested_branch_dag.py
[2024-11-26T11:06:27.396+0000] {logging_mixin.py:190} INFO - [2024-11-26T11:06:27.396+0000] {dag.py:3239} INFO - Sync 1 DAGs
[2024-11-26T11:06:27.413+0000] {logging_mixin.py:190} INFO - [2024-11-26T11:06:27.413+0000] {dag.py:4180} INFO - Setting next_dagrun for example_nested_branch_dag to 2024-11-25 00:00:00+00:00, run_after=2024-11-26 00:00:00+00:00
[2024-11-26T11:06:27.426+0000] {processor.py:208} INFO - Processing /home/airflow/.local/lib/python3.12/site-packages/airflow/example_dags/example_nested_branch_dag.py took 0.063 seconds
[2024-11-26T11:06:57.898+0000] {processor.py:186} INFO - Started process (PID=1120) to work on /home/airflow/.local/lib/python3.12/site-packages/airflow/example_dags/example_nested_branch_dag.py
[2024-11-26T11:06:57.899+0000] {processor.py:914} INFO - Processing file /home/airflow/.local/lib/python3.12/site-packages/airflow/example_dags/example_nested_branch_dag.py for tasks to queue
[2024-11-26T11:06:57.903+0000] {logging_mixin.py:190} INFO - [2024-11-26T11:06:57.903+0000] {dagbag.py:588} INFO - Filling up the DagBag from /home/airflow/.local/lib/python3.12/site-packages/airflow/example_dags/example_nested_branch_dag.py
[2024-11-26T11:06:57.914+0000] {processor.py:925} INFO - DAG(s) 'example_nested_branch_dag' retrieved from /home/airflow/.local/lib/python3.12/site-packages/airflow/example_dags/example_nested_branch_dag.py
[2024-11-26T11:06:57.932+0000] {logging_mixin.py:190} INFO - [2024-11-26T11:06:57.932+0000] {dag.py:3239} INFO - Sync 1 DAGs
[2024-11-26T11:06:57.950+0000] {logging_mixin.py:190} INFO - [2024-11-26T11:06:57.949+0000] {dag.py:4180} INFO - Setting next_dagrun for example_nested_branch_dag to 2024-11-25 00:00:00+00:00, run_after=2024-11-26 00:00:00+00:00
[2024-11-26T11:06:57.966+0000] {processor.py:208} INFO - Processing /home/airflow/.local/lib/python3.12/site-packages/airflow/example_dags/example_nested_branch_dag.py took 0.075 seconds
[2024-11-26T11:07:28.827+0000] {processor.py:186} INFO - Started process (PID=1183) to work on /home/airflow/.local/lib/python3.12/site-packages/airflow/example_dags/example_nested_branch_dag.py
[2024-11-26T11:07:28.828+0000] {processor.py:914} INFO - Processing file /home/airflow/.local/lib/python3.12/site-packages/airflow/example_dags/example_nested_branch_dag.py for tasks to queue
[2024-11-26T11:07:28.831+0000] {logging_mixin.py:190} INFO - [2024-11-26T11:07:28.830+0000] {dagbag.py:588} INFO - Filling up the DagBag from /home/airflow/.local/lib/python3.12/site-packages/airflow/example_dags/example_nested_branch_dag.py
[2024-11-26T11:07:28.846+0000] {processor.py:925} INFO - DAG(s) 'example_nested_branch_dag' retrieved from /home/airflow/.local/lib/python3.12/site-packages/airflow/example_dags/example_nested_branch_dag.py
[2024-11-26T11:07:28.866+0000] {logging_mixin.py:190} INFO - [2024-11-26T11:07:28.866+0000] {dag.py:3239} INFO - Sync 1 DAGs
[2024-11-26T11:07:28.892+0000] {logging_mixin.py:190} INFO - [2024-11-26T11:07:28.891+0000] {dag.py:4180} INFO - Setting next_dagrun for example_nested_branch_dag to 2024-11-25 00:00:00+00:00, run_after=2024-11-26 00:00:00+00:00
[2024-11-26T11:07:28.911+0000] {processor.py:208} INFO - Processing /home/airflow/.local/lib/python3.12/site-packages/airflow/example_dags/example_nested_branch_dag.py took 0.088 seconds
[2024-11-26T11:07:59.358+0000] {processor.py:186} INFO - Started process (PID=1246) to work on /home/airflow/.local/lib/python3.12/site-packages/airflow/example_dags/example_nested_branch_dag.py
[2024-11-26T11:07:59.358+0000] {processor.py:914} INFO - Processing file /home/airflow/.local/lib/python3.12/site-packages/airflow/example_dags/example_nested_branch_dag.py for tasks to queue
[2024-11-26T11:07:59.361+0000] {logging_mixin.py:190} INFO - [2024-11-26T11:07:59.360+0000] {dagbag.py:588} INFO - Filling up the DagBag from /home/airflow/.local/lib/python3.12/site-packages/airflow/example_dags/example_nested_branch_dag.py
[2024-11-26T11:07:59.370+0000] {processor.py:925} INFO - DAG(s) 'example_nested_branch_dag' retrieved from /home/airflow/.local/lib/python3.12/site-packages/airflow/example_dags/example_nested_branch_dag.py
[2024-11-26T11:07:59.388+0000] {logging_mixin.py:190} INFO - [2024-11-26T11:07:59.388+0000] {dag.py:3239} INFO - Sync 1 DAGs
[2024-11-26T11:07:59.409+0000] {logging_mixin.py:190} INFO - [2024-11-26T11:07:59.409+0000] {dag.py:4180} INFO - Setting next_dagrun for example_nested_branch_dag to 2024-11-25 00:00:00+00:00, run_after=2024-11-26 00:00:00+00:00
[2024-11-26T11:07:59.424+0000] {processor.py:208} INFO - Processing /home/airflow/.local/lib/python3.12/site-packages/airflow/example_dags/example_nested_branch_dag.py took 0.072 seconds
[2024-11-26T11:08:29.915+0000] {processor.py:186} INFO - Started process (PID=1309) to work on /home/airflow/.local/lib/python3.12/site-packages/airflow/example_dags/example_nested_branch_dag.py
[2024-11-26T11:08:29.916+0000] {processor.py:914} INFO - Processing file /home/airflow/.local/lib/python3.12/site-packages/airflow/example_dags/example_nested_branch_dag.py for tasks to queue
[2024-11-26T11:08:29.918+0000] {logging_mixin.py:190} INFO - [2024-11-26T11:08:29.918+0000] {dagbag.py:588} INFO - Filling up the DagBag from /home/airflow/.local/lib/python3.12/site-packages/airflow/example_dags/example_nested_branch_dag.py
[2024-11-26T11:08:29.927+0000] {processor.py:925} INFO - DAG(s) 'example_nested_branch_dag' retrieved from /home/airflow/.local/lib/python3.12/site-packages/airflow/example_dags/example_nested_branch_dag.py
[2024-11-26T11:08:29.947+0000] {logging_mixin.py:190} INFO - [2024-11-26T11:08:29.947+0000] {dag.py:3239} INFO - Sync 1 DAGs
[2024-11-26T11:08:29.964+0000] {logging_mixin.py:190} INFO - [2024-11-26T11:08:29.964+0000] {dag.py:4180} INFO - Setting next_dagrun for example_nested_branch_dag to 2024-11-25 00:00:00+00:00, run_after=2024-11-26 00:00:00+00:00
[2024-11-26T11:08:29.981+0000] {processor.py:208} INFO - Processing /home/airflow/.local/lib/python3.12/site-packages/airflow/example_dags/example_nested_branch_dag.py took 0.070 seconds
[2024-11-26T11:09:00.478+0000] {processor.py:186} INFO - Started process (PID=1372) to work on /home/airflow/.local/lib/python3.12/site-packages/airflow/example_dags/example_nested_branch_dag.py
[2024-11-26T11:09:00.479+0000] {processor.py:914} INFO - Processing file /home/airflow/.local/lib/python3.12/site-packages/airflow/example_dags/example_nested_branch_dag.py for tasks to queue
[2024-11-26T11:09:00.481+0000] {logging_mixin.py:190} INFO - [2024-11-26T11:09:00.481+0000] {dagbag.py:588} INFO - Filling up the DagBag from /home/airflow/.local/lib/python3.12/site-packages/airflow/example_dags/example_nested_branch_dag.py
[2024-11-26T11:09:00.491+0000] {processor.py:925} INFO - DAG(s) 'example_nested_branch_dag' retrieved from /home/airflow/.local/lib/python3.12/site-packages/airflow/example_dags/example_nested_branch_dag.py
[2024-11-26T11:09:00.511+0000] {logging_mixin.py:190} INFO - [2024-11-26T11:09:00.511+0000] {dag.py:3239} INFO - Sync 1 DAGs
[2024-11-26T11:09:00.533+0000] {logging_mixin.py:190} INFO - [2024-11-26T11:09:00.533+0000] {dag.py:4180} INFO - Setting next_dagrun for example_nested_branch_dag to 2024-11-25 00:00:00+00:00, run_after=2024-11-26 00:00:00+00:00
[2024-11-26T11:09:00.556+0000] {processor.py:208} INFO - Processing /home/airflow/.local/lib/python3.12/site-packages/airflow/example_dags/example_nested_branch_dag.py took 0.083 seconds
[2024-11-26T11:09:31.011+0000] {processor.py:186} INFO - Started process (PID=1435) to work on /home/airflow/.local/lib/python3.12/site-packages/airflow/example_dags/example_nested_branch_dag.py
[2024-11-26T11:09:31.012+0000] {processor.py:914} INFO - Processing file /home/airflow/.local/lib/python3.12/site-packages/airflow/example_dags/example_nested_branch_dag.py for tasks to queue
[2024-11-26T11:09:31.014+0000] {logging_mixin.py:190} INFO - [2024-11-26T11:09:31.014+0000] {dagbag.py:588} INFO - Filling up the DagBag from /home/airflow/.local/lib/python3.12/site-packages/airflow/example_dags/example_nested_branch_dag.py
[2024-11-26T11:09:31.023+0000] {processor.py:925} INFO - DAG(s) 'example_nested_branch_dag' retrieved from /home/airflow/.local/lib/python3.12/site-packages/airflow/example_dags/example_nested_branch_dag.py
[2024-11-26T11:09:31.044+0000] {logging_mixin.py:190} INFO - [2024-11-26T11:09:31.043+0000] {dag.py:3239} INFO - Sync 1 DAGs
[2024-11-26T11:09:31.063+0000] {logging_mixin.py:190} INFO - [2024-11-26T11:09:31.063+0000] {dag.py:4180} INFO - Setting next_dagrun for example_nested_branch_dag to 2024-11-25 00:00:00+00:00, run_after=2024-11-26 00:00:00+00:00
[2024-11-26T11:09:31.078+0000] {processor.py:208} INFO - Processing /home/airflow/.local/lib/python3.12/site-packages/airflow/example_dags/example_nested_branch_dag.py took 0.072 seconds
[2024-11-26T11:10:01.620+0000] {processor.py:186} INFO - Started process (PID=1498) to work on /home/airflow/.local/lib/python3.12/site-packages/airflow/example_dags/example_nested_branch_dag.py
[2024-11-26T11:10:01.622+0000] {processor.py:914} INFO - Processing file /home/airflow/.local/lib/python3.12/site-packages/airflow/example_dags/example_nested_branch_dag.py for tasks to queue
[2024-11-26T11:10:01.624+0000] {logging_mixin.py:190} INFO - [2024-11-26T11:10:01.624+0000] {dagbag.py:588} INFO - Filling up the DagBag from /home/airflow/.local/lib/python3.12/site-packages/airflow/example_dags/example_nested_branch_dag.py
[2024-11-26T11:10:01.636+0000] {processor.py:925} INFO - DAG(s) 'example_nested_branch_dag' retrieved from /home/airflow/.local/lib/python3.12/site-packages/airflow/example_dags/example_nested_branch_dag.py
[2024-11-26T11:10:01.651+0000] {logging_mixin.py:190} INFO - [2024-11-26T11:10:01.651+0000] {dag.py:3239} INFO - Sync 1 DAGs
[2024-11-26T11:10:01.667+0000] {logging_mixin.py:190} INFO - [2024-11-26T11:10:01.667+0000] {dag.py:4180} INFO - Setting next_dagrun for example_nested_branch_dag to 2024-11-25 00:00:00+00:00, run_after=2024-11-26 00:00:00+00:00
[2024-11-26T11:10:01.688+0000] {processor.py:208} INFO - Processing /home/airflow/.local/lib/python3.12/site-packages/airflow/example_dags/example_nested_branch_dag.py took 0.073 seconds
[2024-11-26T11:10:33.123+0000] {processor.py:186} INFO - Started process (PID=1562) to work on /home/airflow/.local/lib/python3.12/site-packages/airflow/example_dags/example_nested_branch_dag.py
[2024-11-26T11:10:33.124+0000] {processor.py:914} INFO - Processing file /home/airflow/.local/lib/python3.12/site-packages/airflow/example_dags/example_nested_branch_dag.py for tasks to queue
[2024-11-26T11:10:33.128+0000] {logging_mixin.py:190} INFO - [2024-11-26T11:10:33.127+0000] {dagbag.py:588} INFO - Filling up the DagBag from /home/airflow/.local/lib/python3.12/site-packages/airflow/example_dags/example_nested_branch_dag.py
[2024-11-26T11:10:33.140+0000] {processor.py:925} INFO - DAG(s) 'example_nested_branch_dag' retrieved from /home/airflow/.local/lib/python3.12/site-packages/airflow/example_dags/example_nested_branch_dag.py
[2024-11-26T11:10:33.166+0000] {logging_mixin.py:190} INFO - [2024-11-26T11:10:33.166+0000] {dag.py:3239} INFO - Sync 1 DAGs
[2024-11-26T11:10:33.189+0000] {logging_mixin.py:190} INFO - [2024-11-26T11:10:33.189+0000] {dag.py:4180} INFO - Setting next_dagrun for example_nested_branch_dag to 2024-11-25 00:00:00+00:00, run_after=2024-11-26 00:00:00+00:00
[2024-11-26T11:10:33.214+0000] {processor.py:208} INFO - Processing /home/airflow/.local/lib/python3.12/site-packages/airflow/example_dags/example_nested_branch_dag.py took 0.096 seconds
[2024-11-26T11:11:03.618+0000] {processor.py:186} INFO - Started process (PID=1625) to work on /home/airflow/.local/lib/python3.12/site-packages/airflow/example_dags/example_nested_branch_dag.py
[2024-11-26T11:11:03.619+0000] {processor.py:914} INFO - Processing file /home/airflow/.local/lib/python3.12/site-packages/airflow/example_dags/example_nested_branch_dag.py for tasks to queue
[2024-11-26T11:11:03.621+0000] {logging_mixin.py:190} INFO - [2024-11-26T11:11:03.621+0000] {dagbag.py:588} INFO - Filling up the DagBag from /home/airflow/.local/lib/python3.12/site-packages/airflow/example_dags/example_nested_branch_dag.py
[2024-11-26T11:11:03.632+0000] {processor.py:925} INFO - DAG(s) 'example_nested_branch_dag' retrieved from /home/airflow/.local/lib/python3.12/site-packages/airflow/example_dags/example_nested_branch_dag.py
[2024-11-26T11:11:03.655+0000] {logging_mixin.py:190} INFO - [2024-11-26T11:11:03.655+0000] {dag.py:3239} INFO - Sync 1 DAGs
[2024-11-26T11:11:03.674+0000] {logging_mixin.py:190} INFO - [2024-11-26T11:11:03.674+0000] {dag.py:4180} INFO - Setting next_dagrun for example_nested_branch_dag to 2024-11-25 00:00:00+00:00, run_after=2024-11-26 00:00:00+00:00
[2024-11-26T11:11:03.689+0000] {processor.py:208} INFO - Processing /home/airflow/.local/lib/python3.12/site-packages/airflow/example_dags/example_nested_branch_dag.py took 0.074 seconds
[2024-11-26T11:11:34.090+0000] {processor.py:186} INFO - Started process (PID=1688) to work on /home/airflow/.local/lib/python3.12/site-packages/airflow/example_dags/example_nested_branch_dag.py
[2024-11-26T11:11:34.091+0000] {processor.py:914} INFO - Processing file /home/airflow/.local/lib/python3.12/site-packages/airflow/example_dags/example_nested_branch_dag.py for tasks to queue
[2024-11-26T11:11:34.093+0000] {logging_mixin.py:190} INFO - [2024-11-26T11:11:34.093+0000] {dagbag.py:588} INFO - Filling up the DagBag from /home/airflow/.local/lib/python3.12/site-packages/airflow/example_dags/example_nested_branch_dag.py
[2024-11-26T11:11:34.102+0000] {processor.py:925} INFO - DAG(s) 'example_nested_branch_dag' retrieved from /home/airflow/.local/lib/python3.12/site-packages/airflow/example_dags/example_nested_branch_dag.py
[2024-11-26T11:11:34.122+0000] {logging_mixin.py:190} INFO - [2024-11-26T11:11:34.122+0000] {dag.py:3239} INFO - Sync 1 DAGs
[2024-11-26T11:11:34.139+0000] {logging_mixin.py:190} INFO - [2024-11-26T11:11:34.139+0000] {dag.py:4180} INFO - Setting next_dagrun for example_nested_branch_dag to 2024-11-25 00:00:00+00:00, run_after=2024-11-26 00:00:00+00:00
[2024-11-26T11:11:34.157+0000] {processor.py:208} INFO - Processing /home/airflow/.local/lib/python3.12/site-packages/airflow/example_dags/example_nested_branch_dag.py took 0.072 seconds
