[2024-11-26T10:58:42.352+0000] {processor.py:186} INFO - Started process (PID=93) to work on /home/airflow/.local/lib/python3.12/site-packages/airflow/example_dags/example_subdag_operator.py
[2024-11-26T10:58:42.354+0000] {processor.py:914} INFO - Processing file /home/airflow/.local/lib/python3.12/site-packages/airflow/example_dags/example_subdag_operator.py for tasks to queue
[2024-11-26T10:58:42.357+0000] {logging_mixin.py:190} INFO - [2024-11-26T10:58:42.356+0000] {dagbag.py:588} INFO - Filling up the DagBag from /home/airflow/.local/lib/python3.12/site-packages/airflow/example_dags/example_subdag_operator.py
[2024-11-26T10:58:42.388+0000] {processor.py:925} INFO - DAG(s) 'example_subdag_operator.section-1', 'example_subdag_operator.section-2', 'example_subdag_operator' retrieved from /home/airflow/.local/lib/python3.12/site-packages/airflow/example_dags/example_subdag_operator.py
[2024-11-26T10:58:42.478+0000] {logging_mixin.py:190} INFO - [2024-11-26T10:58:42.477+0000] {override.py:1911} INFO - Created Permission View: can delete on DAG:example_subdag_operator
[2024-11-26T10:58:42.486+0000] {logging_mixin.py:190} INFO - [2024-11-26T10:58:42.486+0000] {override.py:1911} INFO - Created Permission View: can read on DAG:example_subdag_operator
[2024-11-26T10:58:42.496+0000] {logging_mixin.py:190} INFO - [2024-11-26T10:58:42.495+0000] {override.py:1911} INFO - Created Permission View: can edit on DAG:example_subdag_operator
[2024-11-26T10:58:42.504+0000] {logging_mixin.py:190} INFO - [2024-11-26T10:58:42.504+0000] {override.py:1911} INFO - Created Permission View: can create on DAG Run:example_subdag_operator
[2024-11-26T10:58:42.509+0000] {logging_mixin.py:190} INFO - [2024-11-26T10:58:42.509+0000] {override.py:1911} INFO - Created Permission View: can read on DAG Run:example_subdag_operator
[2024-11-26T10:58:42.515+0000] {logging_mixin.py:190} INFO - [2024-11-26T10:58:42.515+0000] {override.py:1911} INFO - Created Permission View: menu access on DAG Run:example_subdag_operator
[2024-11-26T10:58:42.520+0000] {logging_mixin.py:190} INFO - [2024-11-26T10:58:42.520+0000] {override.py:1911} INFO - Created Permission View: can delete on DAG Run:example_subdag_operator
[2024-11-26T10:58:42.521+0000] {logging_mixin.py:190} INFO - [2024-11-26T10:58:42.521+0000] {dag.py:3239} INFO - Sync 3 DAGs
[2024-11-26T10:58:42.531+0000] {logging_mixin.py:190} INFO - [2024-11-26T10:58:42.530+0000] {dag.py:3262} INFO - Creating ORM DAG for example_subdag_operator.section-1
[2024-11-26T10:58:42.531+0000] {logging_mixin.py:190} INFO - [2024-11-26T10:58:42.531+0000] {dag.py:3262} INFO - Creating ORM DAG for example_subdag_operator
[2024-11-26T10:58:42.532+0000] {logging_mixin.py:190} INFO - [2024-11-26T10:58:42.532+0000] {dag.py:3262} INFO - Creating ORM DAG for example_subdag_operator.section-2
[2024-11-26T10:58:42.540+0000] {logging_mixin.py:190} INFO - [2024-11-26T10:58:42.540+0000] {dag.py:4180} INFO - Setting next_dagrun for example_subdag_operator to 2022-01-01 00:00:00+00:00, run_after=2022-01-01 00:00:00+00:00
[2024-11-26T10:58:42.541+0000] {logging_mixin.py:190} INFO - [2024-11-26T10:58:42.541+0000] {dag.py:4180} INFO - Setting next_dagrun for example_subdag_operator.section-1 to None, run_after=None
[2024-11-26T10:58:42.542+0000] {logging_mixin.py:190} INFO - [2024-11-26T10:58:42.542+0000] {dag.py:4180} INFO - Setting next_dagrun for example_subdag_operator.section-2 to None, run_after=None
[2024-11-26T10:58:42.549+0000] {logging_mixin.py:190} INFO - [2024-11-26T10:58:42.549+0000] {dag.py:3239} INFO - Sync 2 DAGs
[2024-11-26T10:58:42.554+0000] {logging_mixin.py:190} INFO - [2024-11-26T10:58:42.554+0000] {dag.py:4180} INFO - Setting next_dagrun for example_subdag_operator.section-1 to None, run_after=None
[2024-11-26T10:58:42.558+0000] {logging_mixin.py:190} INFO - [2024-11-26T10:58:42.558+0000] {dag.py:4180} INFO - Setting next_dagrun for example_subdag_operator.section-2 to None, run_after=None
[2024-11-26T10:58:42.569+0000] {processor.py:208} INFO - Processing /home/airflow/.local/lib/python3.12/site-packages/airflow/example_dags/example_subdag_operator.py took 0.222 seconds
[2024-11-26T10:59:12.736+0000] {processor.py:186} INFO - Started process (PID=156) to work on /home/airflow/.local/lib/python3.12/site-packages/airflow/example_dags/example_subdag_operator.py
[2024-11-26T10:59:12.736+0000] {processor.py:914} INFO - Processing file /home/airflow/.local/lib/python3.12/site-packages/airflow/example_dags/example_subdag_operator.py for tasks to queue
[2024-11-26T10:59:12.739+0000] {logging_mixin.py:190} INFO - [2024-11-26T10:59:12.738+0000] {dagbag.py:588} INFO - Filling up the DagBag from /home/airflow/.local/lib/python3.12/site-packages/airflow/example_dags/example_subdag_operator.py
[2024-11-26T10:59:12.760+0000] {processor.py:925} INFO - DAG(s) 'example_subdag_operator.section-1', 'example_subdag_operator.section-2', 'example_subdag_operator' retrieved from /home/airflow/.local/lib/python3.12/site-packages/airflow/example_dags/example_subdag_operator.py
[2024-11-26T10:59:12.771+0000] {logging_mixin.py:190} INFO - [2024-11-26T10:59:12.771+0000] {dag.py:3239} INFO - Sync 3 DAGs
[2024-11-26T10:59:12.790+0000] {logging_mixin.py:190} INFO - [2024-11-26T10:59:12.789+0000] {dag.py:4180} INFO - Setting next_dagrun for example_subdag_operator to 2022-01-01 00:00:00+00:00, run_after=2022-01-01 00:00:00+00:00
[2024-11-26T10:59:12.794+0000] {logging_mixin.py:190} INFO - [2024-11-26T10:59:12.794+0000] {dag.py:4180} INFO - Setting next_dagrun for example_subdag_operator.section-1 to None, run_after=None
[2024-11-26T10:59:12.795+0000] {logging_mixin.py:190} INFO - [2024-11-26T10:59:12.795+0000] {dag.py:4180} INFO - Setting next_dagrun for example_subdag_operator.section-2 to None, run_after=None
[2024-11-26T10:59:12.801+0000] {logging_mixin.py:190} INFO - [2024-11-26T10:59:12.801+0000] {dag.py:3239} INFO - Sync 2 DAGs
[2024-11-26T10:59:12.806+0000] {logging_mixin.py:190} INFO - [2024-11-26T10:59:12.806+0000] {dag.py:4180} INFO - Setting next_dagrun for example_subdag_operator.section-1 to None, run_after=None
[2024-11-26T10:59:12.806+0000] {logging_mixin.py:190} INFO - [2024-11-26T10:59:12.806+0000] {dag.py:4180} INFO - Setting next_dagrun for example_subdag_operator.section-2 to None, run_after=None
[2024-11-26T10:59:12.815+0000] {processor.py:208} INFO - Processing /home/airflow/.local/lib/python3.12/site-packages/airflow/example_dags/example_subdag_operator.py took 0.084 seconds
[2024-11-26T10:59:43.840+0000] {processor.py:186} INFO - Started process (PID=219) to work on /home/airflow/.local/lib/python3.12/site-packages/airflow/example_dags/example_subdag_operator.py
[2024-11-26T10:59:43.842+0000] {processor.py:914} INFO - Processing file /home/airflow/.local/lib/python3.12/site-packages/airflow/example_dags/example_subdag_operator.py for tasks to queue
[2024-11-26T10:59:43.844+0000] {logging_mixin.py:190} INFO - [2024-11-26T10:59:43.844+0000] {dagbag.py:588} INFO - Filling up the DagBag from /home/airflow/.local/lib/python3.12/site-packages/airflow/example_dags/example_subdag_operator.py
[2024-11-26T10:59:43.868+0000] {processor.py:925} INFO - DAG(s) 'example_subdag_operator.section-1', 'example_subdag_operator.section-2', 'example_subdag_operator' retrieved from /home/airflow/.local/lib/python3.12/site-packages/airflow/example_dags/example_subdag_operator.py
[2024-11-26T10:59:43.879+0000] {logging_mixin.py:190} INFO - [2024-11-26T10:59:43.879+0000] {dag.py:3239} INFO - Sync 3 DAGs
[2024-11-26T10:59:43.895+0000] {logging_mixin.py:190} INFO - [2024-11-26T10:59:43.895+0000] {dag.py:4180} INFO - Setting next_dagrun for example_subdag_operator to 2022-01-01 00:00:00+00:00, run_after=2022-01-01 00:00:00+00:00
[2024-11-26T10:59:43.898+0000] {logging_mixin.py:190} INFO - [2024-11-26T10:59:43.898+0000] {dag.py:4180} INFO - Setting next_dagrun for example_subdag_operator.section-1 to None, run_after=None
[2024-11-26T10:59:43.900+0000] {logging_mixin.py:190} INFO - [2024-11-26T10:59:43.900+0000] {dag.py:4180} INFO - Setting next_dagrun for example_subdag_operator.section-2 to None, run_after=None
[2024-11-26T10:59:43.906+0000] {logging_mixin.py:190} INFO - [2024-11-26T10:59:43.906+0000] {dag.py:3239} INFO - Sync 2 DAGs
[2024-11-26T10:59:43.912+0000] {logging_mixin.py:190} INFO - [2024-11-26T10:59:43.912+0000] {dag.py:4180} INFO - Setting next_dagrun for example_subdag_operator.section-1 to None, run_after=None
[2024-11-26T10:59:43.912+0000] {logging_mixin.py:190} INFO - [2024-11-26T10:59:43.912+0000] {dag.py:4180} INFO - Setting next_dagrun for example_subdag_operator.section-2 to None, run_after=None
[2024-11-26T10:59:43.922+0000] {processor.py:208} INFO - Processing /home/airflow/.local/lib/python3.12/site-packages/airflow/example_dags/example_subdag_operator.py took 0.086 seconds
[2024-11-26T11:00:14.601+0000] {processor.py:186} INFO - Started process (PID=282) to work on /home/airflow/.local/lib/python3.12/site-packages/airflow/example_dags/example_subdag_operator.py
[2024-11-26T11:00:14.602+0000] {processor.py:914} INFO - Processing file /home/airflow/.local/lib/python3.12/site-packages/airflow/example_dags/example_subdag_operator.py for tasks to queue
[2024-11-26T11:00:14.605+0000] {logging_mixin.py:190} INFO - [2024-11-26T11:00:14.605+0000] {dagbag.py:588} INFO - Filling up the DagBag from /home/airflow/.local/lib/python3.12/site-packages/airflow/example_dags/example_subdag_operator.py
[2024-11-26T11:00:14.629+0000] {processor.py:925} INFO - DAG(s) 'example_subdag_operator.section-1', 'example_subdag_operator.section-2', 'example_subdag_operator' retrieved from /home/airflow/.local/lib/python3.12/site-packages/airflow/example_dags/example_subdag_operator.py
[2024-11-26T11:00:14.645+0000] {logging_mixin.py:190} INFO - [2024-11-26T11:00:14.645+0000] {dag.py:3239} INFO - Sync 3 DAGs
[2024-11-26T11:00:14.667+0000] {logging_mixin.py:190} INFO - [2024-11-26T11:00:14.667+0000] {dag.py:4180} INFO - Setting next_dagrun for example_subdag_operator to 2022-01-01 00:00:00+00:00, run_after=2022-01-01 00:00:00+00:00
[2024-11-26T11:00:14.671+0000] {logging_mixin.py:190} INFO - [2024-11-26T11:00:14.670+0000] {dag.py:4180} INFO - Setting next_dagrun for example_subdag_operator.section-1 to None, run_after=None
[2024-11-26T11:00:14.672+0000] {logging_mixin.py:190} INFO - [2024-11-26T11:00:14.672+0000] {dag.py:4180} INFO - Setting next_dagrun for example_subdag_operator.section-2 to None, run_after=None
[2024-11-26T11:00:14.680+0000] {logging_mixin.py:190} INFO - [2024-11-26T11:00:14.679+0000] {dag.py:3239} INFO - Sync 2 DAGs
[2024-11-26T11:00:14.685+0000] {logging_mixin.py:190} INFO - [2024-11-26T11:00:14.685+0000] {dag.py:4180} INFO - Setting next_dagrun for example_subdag_operator.section-1 to None, run_after=None
[2024-11-26T11:00:14.686+0000] {logging_mixin.py:190} INFO - [2024-11-26T11:00:14.686+0000] {dag.py:4180} INFO - Setting next_dagrun for example_subdag_operator.section-2 to None, run_after=None
[2024-11-26T11:00:14.696+0000] {processor.py:208} INFO - Processing /home/airflow/.local/lib/python3.12/site-packages/airflow/example_dags/example_subdag_operator.py took 0.100 seconds
[2024-11-26T11:00:45.060+0000] {processor.py:186} INFO - Started process (PID=343) to work on /home/airflow/.local/lib/python3.12/site-packages/airflow/example_dags/example_subdag_operator.py
[2024-11-26T11:00:45.062+0000] {processor.py:914} INFO - Processing file /home/airflow/.local/lib/python3.12/site-packages/airflow/example_dags/example_subdag_operator.py for tasks to queue
[2024-11-26T11:00:45.064+0000] {logging_mixin.py:190} INFO - [2024-11-26T11:00:45.064+0000] {dagbag.py:588} INFO - Filling up the DagBag from /home/airflow/.local/lib/python3.12/site-packages/airflow/example_dags/example_subdag_operator.py
[2024-11-26T11:00:45.086+0000] {processor.py:925} INFO - DAG(s) 'example_subdag_operator.section-1', 'example_subdag_operator.section-2', 'example_subdag_operator' retrieved from /home/airflow/.local/lib/python3.12/site-packages/airflow/example_dags/example_subdag_operator.py
[2024-11-26T11:00:45.098+0000] {logging_mixin.py:190} INFO - [2024-11-26T11:00:45.097+0000] {dag.py:3239} INFO - Sync 3 DAGs
[2024-11-26T11:00:45.119+0000] {logging_mixin.py:190} INFO - [2024-11-26T11:00:45.118+0000] {dag.py:4180} INFO - Setting next_dagrun for example_subdag_operator to 2022-01-01 00:00:00+00:00, run_after=2022-01-01 00:00:00+00:00
[2024-11-26T11:00:45.124+0000] {logging_mixin.py:190} INFO - [2024-11-26T11:00:45.123+0000] {dag.py:4180} INFO - Setting next_dagrun for example_subdag_operator.section-1 to None, run_after=None
[2024-11-26T11:00:45.126+0000] {logging_mixin.py:190} INFO - [2024-11-26T11:00:45.126+0000] {dag.py:4180} INFO - Setting next_dagrun for example_subdag_operator.section-2 to None, run_after=None
[2024-11-26T11:00:45.133+0000] {logging_mixin.py:190} INFO - [2024-11-26T11:00:45.132+0000] {dag.py:3239} INFO - Sync 2 DAGs
[2024-11-26T11:00:45.139+0000] {logging_mixin.py:190} INFO - [2024-11-26T11:00:45.139+0000] {dag.py:4180} INFO - Setting next_dagrun for example_subdag_operator.section-1 to None, run_after=None
[2024-11-26T11:00:45.140+0000] {logging_mixin.py:190} INFO - [2024-11-26T11:00:45.140+0000] {dag.py:4180} INFO - Setting next_dagrun for example_subdag_operator.section-2 to None, run_after=None
[2024-11-26T11:00:45.152+0000] {processor.py:208} INFO - Processing /home/airflow/.local/lib/python3.12/site-packages/airflow/example_dags/example_subdag_operator.py took 0.096 seconds
[2024-11-26T11:01:15.902+0000] {processor.py:186} INFO - Started process (PID=405) to work on /home/airflow/.local/lib/python3.12/site-packages/airflow/example_dags/example_subdag_operator.py
[2024-11-26T11:01:15.903+0000] {processor.py:914} INFO - Processing file /home/airflow/.local/lib/python3.12/site-packages/airflow/example_dags/example_subdag_operator.py for tasks to queue
[2024-11-26T11:01:15.905+0000] {logging_mixin.py:190} INFO - [2024-11-26T11:01:15.905+0000] {dagbag.py:588} INFO - Filling up the DagBag from /home/airflow/.local/lib/python3.12/site-packages/airflow/example_dags/example_subdag_operator.py
[2024-11-26T11:01:15.926+0000] {processor.py:925} INFO - DAG(s) 'example_subdag_operator.section-1', 'example_subdag_operator.section-2', 'example_subdag_operator' retrieved from /home/airflow/.local/lib/python3.12/site-packages/airflow/example_dags/example_subdag_operator.py
[2024-11-26T11:01:15.936+0000] {logging_mixin.py:190} INFO - [2024-11-26T11:01:15.936+0000] {dag.py:3239} INFO - Sync 3 DAGs
[2024-11-26T11:01:15.956+0000] {logging_mixin.py:190} INFO - [2024-11-26T11:01:15.955+0000] {dag.py:4180} INFO - Setting next_dagrun for example_subdag_operator to 2022-01-01 00:00:00+00:00, run_after=2022-01-01 00:00:00+00:00
[2024-11-26T11:01:15.959+0000] {logging_mixin.py:190} INFO - [2024-11-26T11:01:15.959+0000] {dag.py:4180} INFO - Setting next_dagrun for example_subdag_operator.section-1 to None, run_after=None
[2024-11-26T11:01:15.960+0000] {logging_mixin.py:190} INFO - [2024-11-26T11:01:15.960+0000] {dag.py:4180} INFO - Setting next_dagrun for example_subdag_operator.section-2 to None, run_after=None
[2024-11-26T11:01:15.966+0000] {logging_mixin.py:190} INFO - [2024-11-26T11:01:15.966+0000] {dag.py:3239} INFO - Sync 2 DAGs
[2024-11-26T11:01:15.972+0000] {logging_mixin.py:190} INFO - [2024-11-26T11:01:15.971+0000] {dag.py:4180} INFO - Setting next_dagrun for example_subdag_operator.section-1 to None, run_after=None
[2024-11-26T11:01:15.972+0000] {logging_mixin.py:190} INFO - [2024-11-26T11:01:15.972+0000] {dag.py:4180} INFO - Setting next_dagrun for example_subdag_operator.section-2 to None, run_after=None
[2024-11-26T11:01:15.984+0000] {processor.py:208} INFO - Processing /home/airflow/.local/lib/python3.12/site-packages/airflow/example_dags/example_subdag_operator.py took 0.086 seconds
[2024-11-26T11:01:46.782+0000] {processor.py:186} INFO - Started process (PID=468) to work on /home/airflow/.local/lib/python3.12/site-packages/airflow/example_dags/example_subdag_operator.py
[2024-11-26T11:01:46.784+0000] {processor.py:914} INFO - Processing file /home/airflow/.local/lib/python3.12/site-packages/airflow/example_dags/example_subdag_operator.py for tasks to queue
[2024-11-26T11:01:46.786+0000] {logging_mixin.py:190} INFO - [2024-11-26T11:01:46.786+0000] {dagbag.py:588} INFO - Filling up the DagBag from /home/airflow/.local/lib/python3.12/site-packages/airflow/example_dags/example_subdag_operator.py
[2024-11-26T11:01:46.810+0000] {processor.py:925} INFO - DAG(s) 'example_subdag_operator.section-1', 'example_subdag_operator.section-2', 'example_subdag_operator' retrieved from /home/airflow/.local/lib/python3.12/site-packages/airflow/example_dags/example_subdag_operator.py
[2024-11-26T11:01:46.822+0000] {logging_mixin.py:190} INFO - [2024-11-26T11:01:46.822+0000] {dag.py:3239} INFO - Sync 3 DAGs
[2024-11-26T11:01:46.840+0000] {logging_mixin.py:190} INFO - [2024-11-26T11:01:46.840+0000] {dag.py:4180} INFO - Setting next_dagrun for example_subdag_operator to 2022-01-01 00:00:00+00:00, run_after=2022-01-01 00:00:00+00:00
[2024-11-26T11:01:46.843+0000] {logging_mixin.py:190} INFO - [2024-11-26T11:01:46.843+0000] {dag.py:4180} INFO - Setting next_dagrun for example_subdag_operator.section-1 to None, run_after=None
[2024-11-26T11:01:46.845+0000] {logging_mixin.py:190} INFO - [2024-11-26T11:01:46.845+0000] {dag.py:4180} INFO - Setting next_dagrun for example_subdag_operator.section-2 to None, run_after=None
[2024-11-26T11:01:46.851+0000] {logging_mixin.py:190} INFO - [2024-11-26T11:01:46.850+0000] {dag.py:3239} INFO - Sync 2 DAGs
[2024-11-26T11:01:46.855+0000] {logging_mixin.py:190} INFO - [2024-11-26T11:01:46.855+0000] {dag.py:4180} INFO - Setting next_dagrun for example_subdag_operator.section-1 to None, run_after=None
[2024-11-26T11:01:46.856+0000] {logging_mixin.py:190} INFO - [2024-11-26T11:01:46.856+0000] {dag.py:4180} INFO - Setting next_dagrun for example_subdag_operator.section-2 to None, run_after=None
[2024-11-26T11:01:46.866+0000] {processor.py:208} INFO - Processing /home/airflow/.local/lib/python3.12/site-packages/airflow/example_dags/example_subdag_operator.py took 0.091 seconds
[2024-11-26T11:02:17.526+0000] {processor.py:186} INFO - Started process (PID=532) to work on /home/airflow/.local/lib/python3.12/site-packages/airflow/example_dags/example_subdag_operator.py
[2024-11-26T11:02:17.527+0000] {processor.py:914} INFO - Processing file /home/airflow/.local/lib/python3.12/site-packages/airflow/example_dags/example_subdag_operator.py for tasks to queue
[2024-11-26T11:02:17.530+0000] {logging_mixin.py:190} INFO - [2024-11-26T11:02:17.529+0000] {dagbag.py:588} INFO - Filling up the DagBag from /home/airflow/.local/lib/python3.12/site-packages/airflow/example_dags/example_subdag_operator.py
[2024-11-26T11:02:17.559+0000] {processor.py:925} INFO - DAG(s) 'example_subdag_operator.section-1', 'example_subdag_operator.section-2', 'example_subdag_operator' retrieved from /home/airflow/.local/lib/python3.12/site-packages/airflow/example_dags/example_subdag_operator.py
[2024-11-26T11:02:17.570+0000] {logging_mixin.py:190} INFO - [2024-11-26T11:02:17.570+0000] {dag.py:3239} INFO - Sync 3 DAGs
[2024-11-26T11:02:17.588+0000] {logging_mixin.py:190} INFO - [2024-11-26T11:02:17.588+0000] {dag.py:4180} INFO - Setting next_dagrun for example_subdag_operator to 2022-01-01 00:00:00+00:00, run_after=2022-01-01 00:00:00+00:00
[2024-11-26T11:02:17.591+0000] {logging_mixin.py:190} INFO - [2024-11-26T11:02:17.591+0000] {dag.py:4180} INFO - Setting next_dagrun for example_subdag_operator.section-1 to None, run_after=None
[2024-11-26T11:02:17.593+0000] {logging_mixin.py:190} INFO - [2024-11-26T11:02:17.592+0000] {dag.py:4180} INFO - Setting next_dagrun for example_subdag_operator.section-2 to None, run_after=None
[2024-11-26T11:02:17.598+0000] {logging_mixin.py:190} INFO - [2024-11-26T11:02:17.598+0000] {dag.py:3239} INFO - Sync 2 DAGs
[2024-11-26T11:02:17.603+0000] {logging_mixin.py:190} INFO - [2024-11-26T11:02:17.603+0000] {dag.py:4180} INFO - Setting next_dagrun for example_subdag_operator.section-1 to None, run_after=None
[2024-11-26T11:02:17.604+0000] {logging_mixin.py:190} INFO - [2024-11-26T11:02:17.604+0000] {dag.py:4180} INFO - Setting next_dagrun for example_subdag_operator.section-2 to None, run_after=None
[2024-11-26T11:02:17.614+0000] {processor.py:208} INFO - Processing /home/airflow/.local/lib/python3.12/site-packages/airflow/example_dags/example_subdag_operator.py took 0.095 seconds
[2024-11-26T11:02:48.189+0000] {processor.py:186} INFO - Started process (PID=595) to work on /home/airflow/.local/lib/python3.12/site-packages/airflow/example_dags/example_subdag_operator.py
[2024-11-26T11:02:48.189+0000] {processor.py:914} INFO - Processing file /home/airflow/.local/lib/python3.12/site-packages/airflow/example_dags/example_subdag_operator.py for tasks to queue
[2024-11-26T11:02:48.191+0000] {logging_mixin.py:190} INFO - [2024-11-26T11:02:48.191+0000] {dagbag.py:588} INFO - Filling up the DagBag from /home/airflow/.local/lib/python3.12/site-packages/airflow/example_dags/example_subdag_operator.py
[2024-11-26T11:02:48.210+0000] {processor.py:925} INFO - DAG(s) 'example_subdag_operator.section-1', 'example_subdag_operator.section-2', 'example_subdag_operator' retrieved from /home/airflow/.local/lib/python3.12/site-packages/airflow/example_dags/example_subdag_operator.py
[2024-11-26T11:02:48.219+0000] {logging_mixin.py:190} INFO - [2024-11-26T11:02:48.219+0000] {dag.py:3239} INFO - Sync 3 DAGs
[2024-11-26T11:02:48.236+0000] {logging_mixin.py:190} INFO - [2024-11-26T11:02:48.235+0000] {dag.py:4180} INFO - Setting next_dagrun for example_subdag_operator to 2022-01-01 00:00:00+00:00, run_after=2022-01-01 00:00:00+00:00
[2024-11-26T11:02:48.238+0000] {logging_mixin.py:190} INFO - [2024-11-26T11:02:48.238+0000] {dag.py:4180} INFO - Setting next_dagrun for example_subdag_operator.section-1 to None, run_after=None
[2024-11-26T11:02:48.239+0000] {logging_mixin.py:190} INFO - [2024-11-26T11:02:48.239+0000] {dag.py:4180} INFO - Setting next_dagrun for example_subdag_operator.section-2 to None, run_after=None
[2024-11-26T11:02:48.244+0000] {logging_mixin.py:190} INFO - [2024-11-26T11:02:48.244+0000] {dag.py:3239} INFO - Sync 2 DAGs
[2024-11-26T11:02:48.249+0000] {logging_mixin.py:190} INFO - [2024-11-26T11:02:48.248+0000] {dag.py:4180} INFO - Setting next_dagrun for example_subdag_operator.section-1 to None, run_after=None
[2024-11-26T11:02:48.249+0000] {logging_mixin.py:190} INFO - [2024-11-26T11:02:48.249+0000] {dag.py:4180} INFO - Setting next_dagrun for example_subdag_operator.section-2 to None, run_after=None
[2024-11-26T11:02:48.259+0000] {processor.py:208} INFO - Processing /home/airflow/.local/lib/python3.12/site-packages/airflow/example_dags/example_subdag_operator.py took 0.074 seconds
[2024-11-26T11:03:18.898+0000] {processor.py:186} INFO - Started process (PID=658) to work on /home/airflow/.local/lib/python3.12/site-packages/airflow/example_dags/example_subdag_operator.py
[2024-11-26T11:03:18.898+0000] {processor.py:914} INFO - Processing file /home/airflow/.local/lib/python3.12/site-packages/airflow/example_dags/example_subdag_operator.py for tasks to queue
[2024-11-26T11:03:18.901+0000] {logging_mixin.py:190} INFO - [2024-11-26T11:03:18.901+0000] {dagbag.py:588} INFO - Filling up the DagBag from /home/airflow/.local/lib/python3.12/site-packages/airflow/example_dags/example_subdag_operator.py
[2024-11-26T11:03:18.923+0000] {processor.py:925} INFO - DAG(s) 'example_subdag_operator.section-1', 'example_subdag_operator.section-2', 'example_subdag_operator' retrieved from /home/airflow/.local/lib/python3.12/site-packages/airflow/example_dags/example_subdag_operator.py
[2024-11-26T11:03:18.933+0000] {logging_mixin.py:190} INFO - [2024-11-26T11:03:18.933+0000] {dag.py:3239} INFO - Sync 3 DAGs
[2024-11-26T11:03:18.950+0000] {logging_mixin.py:190} INFO - [2024-11-26T11:03:18.950+0000] {dag.py:4180} INFO - Setting next_dagrun for example_subdag_operator to 2022-01-01 00:00:00+00:00, run_after=2022-01-01 00:00:00+00:00
[2024-11-26T11:03:18.953+0000] {logging_mixin.py:190} INFO - [2024-11-26T11:03:18.952+0000] {dag.py:4180} INFO - Setting next_dagrun for example_subdag_operator.section-1 to None, run_after=None
[2024-11-26T11:03:18.955+0000] {logging_mixin.py:190} INFO - [2024-11-26T11:03:18.954+0000] {dag.py:4180} INFO - Setting next_dagrun for example_subdag_operator.section-2 to None, run_after=None
[2024-11-26T11:03:18.960+0000] {logging_mixin.py:190} INFO - [2024-11-26T11:03:18.959+0000] {dag.py:3239} INFO - Sync 2 DAGs
[2024-11-26T11:03:18.964+0000] {logging_mixin.py:190} INFO - [2024-11-26T11:03:18.964+0000] {dag.py:4180} INFO - Setting next_dagrun for example_subdag_operator.section-1 to None, run_after=None
[2024-11-26T11:03:18.965+0000] {logging_mixin.py:190} INFO - [2024-11-26T11:03:18.965+0000] {dag.py:4180} INFO - Setting next_dagrun for example_subdag_operator.section-2 to None, run_after=None
[2024-11-26T11:03:18.979+0000] {processor.py:208} INFO - Processing /home/airflow/.local/lib/python3.12/site-packages/airflow/example_dags/example_subdag_operator.py took 0.086 seconds
[2024-11-26T11:03:49.536+0000] {processor.py:186} INFO - Started process (PID=721) to work on /home/airflow/.local/lib/python3.12/site-packages/airflow/example_dags/example_subdag_operator.py
[2024-11-26T11:03:49.538+0000] {processor.py:914} INFO - Processing file /home/airflow/.local/lib/python3.12/site-packages/airflow/example_dags/example_subdag_operator.py for tasks to queue
[2024-11-26T11:03:49.540+0000] {logging_mixin.py:190} INFO - [2024-11-26T11:03:49.539+0000] {dagbag.py:588} INFO - Filling up the DagBag from /home/airflow/.local/lib/python3.12/site-packages/airflow/example_dags/example_subdag_operator.py
[2024-11-26T11:03:49.562+0000] {processor.py:925} INFO - DAG(s) 'example_subdag_operator.section-1', 'example_subdag_operator.section-2', 'example_subdag_operator' retrieved from /home/airflow/.local/lib/python3.12/site-packages/airflow/example_dags/example_subdag_operator.py
[2024-11-26T11:03:49.572+0000] {logging_mixin.py:190} INFO - [2024-11-26T11:03:49.572+0000] {dag.py:3239} INFO - Sync 3 DAGs
[2024-11-26T11:03:49.589+0000] {logging_mixin.py:190} INFO - [2024-11-26T11:03:49.589+0000] {dag.py:4180} INFO - Setting next_dagrun for example_subdag_operator to 2022-01-01 00:00:00+00:00, run_after=2022-01-01 00:00:00+00:00
[2024-11-26T11:03:49.593+0000] {logging_mixin.py:190} INFO - [2024-11-26T11:03:49.592+0000] {dag.py:4180} INFO - Setting next_dagrun for example_subdag_operator.section-1 to None, run_after=None
[2024-11-26T11:03:49.595+0000] {logging_mixin.py:190} INFO - [2024-11-26T11:03:49.595+0000] {dag.py:4180} INFO - Setting next_dagrun for example_subdag_operator.section-2 to None, run_after=None
[2024-11-26T11:03:49.601+0000] {logging_mixin.py:190} INFO - [2024-11-26T11:03:49.601+0000] {dag.py:3239} INFO - Sync 2 DAGs
[2024-11-26T11:03:49.606+0000] {logging_mixin.py:190} INFO - [2024-11-26T11:03:49.606+0000] {dag.py:4180} INFO - Setting next_dagrun for example_subdag_operator.section-1 to None, run_after=None
[2024-11-26T11:03:49.606+0000] {logging_mixin.py:190} INFO - [2024-11-26T11:03:49.606+0000] {dag.py:4180} INFO - Setting next_dagrun for example_subdag_operator.section-2 to None, run_after=None
[2024-11-26T11:03:49.616+0000] {processor.py:208} INFO - Processing /home/airflow/.local/lib/python3.12/site-packages/airflow/example_dags/example_subdag_operator.py took 0.084 seconds
[2024-11-26T11:04:20.244+0000] {processor.py:186} INFO - Started process (PID=783) to work on /home/airflow/.local/lib/python3.12/site-packages/airflow/example_dags/example_subdag_operator.py
[2024-11-26T11:04:20.245+0000] {processor.py:914} INFO - Processing file /home/airflow/.local/lib/python3.12/site-packages/airflow/example_dags/example_subdag_operator.py for tasks to queue
[2024-11-26T11:04:20.248+0000] {logging_mixin.py:190} INFO - [2024-11-26T11:04:20.247+0000] {dagbag.py:588} INFO - Filling up the DagBag from /home/airflow/.local/lib/python3.12/site-packages/airflow/example_dags/example_subdag_operator.py
[2024-11-26T11:04:20.268+0000] {processor.py:925} INFO - DAG(s) 'example_subdag_operator.section-1', 'example_subdag_operator.section-2', 'example_subdag_operator' retrieved from /home/airflow/.local/lib/python3.12/site-packages/airflow/example_dags/example_subdag_operator.py
[2024-11-26T11:04:20.280+0000] {logging_mixin.py:190} INFO - [2024-11-26T11:04:20.280+0000] {dag.py:3239} INFO - Sync 3 DAGs
[2024-11-26T11:04:20.301+0000] {logging_mixin.py:190} INFO - [2024-11-26T11:04:20.301+0000] {dag.py:4180} INFO - Setting next_dagrun for example_subdag_operator to 2022-01-01 00:00:00+00:00, run_after=2022-01-01 00:00:00+00:00
[2024-11-26T11:04:20.305+0000] {logging_mixin.py:190} INFO - [2024-11-26T11:04:20.305+0000] {dag.py:4180} INFO - Setting next_dagrun for example_subdag_operator.section-1 to None, run_after=None
[2024-11-26T11:04:20.307+0000] {logging_mixin.py:190} INFO - [2024-11-26T11:04:20.306+0000] {dag.py:4180} INFO - Setting next_dagrun for example_subdag_operator.section-2 to None, run_after=None
[2024-11-26T11:04:20.313+0000] {logging_mixin.py:190} INFO - [2024-11-26T11:04:20.313+0000] {dag.py:3239} INFO - Sync 2 DAGs
[2024-11-26T11:04:20.318+0000] {logging_mixin.py:190} INFO - [2024-11-26T11:04:20.318+0000] {dag.py:4180} INFO - Setting next_dagrun for example_subdag_operator.section-1 to None, run_after=None
[2024-11-26T11:04:20.319+0000] {logging_mixin.py:190} INFO - [2024-11-26T11:04:20.318+0000] {dag.py:4180} INFO - Setting next_dagrun for example_subdag_operator.section-2 to None, run_after=None
[2024-11-26T11:04:20.329+0000] {processor.py:208} INFO - Processing /home/airflow/.local/lib/python3.12/site-packages/airflow/example_dags/example_subdag_operator.py took 0.092 seconds
[2024-11-26T11:04:51.152+0000] {processor.py:186} INFO - Started process (PID=846) to work on /home/airflow/.local/lib/python3.12/site-packages/airflow/example_dags/example_subdag_operator.py
[2024-11-26T11:04:51.153+0000] {processor.py:914} INFO - Processing file /home/airflow/.local/lib/python3.12/site-packages/airflow/example_dags/example_subdag_operator.py for tasks to queue
[2024-11-26T11:04:51.155+0000] {logging_mixin.py:190} INFO - [2024-11-26T11:04:51.155+0000] {dagbag.py:588} INFO - Filling up the DagBag from /home/airflow/.local/lib/python3.12/site-packages/airflow/example_dags/example_subdag_operator.py
[2024-11-26T11:04:51.179+0000] {processor.py:925} INFO - DAG(s) 'example_subdag_operator.section-1', 'example_subdag_operator.section-2', 'example_subdag_operator' retrieved from /home/airflow/.local/lib/python3.12/site-packages/airflow/example_dags/example_subdag_operator.py
[2024-11-26T11:04:51.192+0000] {logging_mixin.py:190} INFO - [2024-11-26T11:04:51.191+0000] {dag.py:3239} INFO - Sync 3 DAGs
[2024-11-26T11:04:51.221+0000] {logging_mixin.py:190} INFO - [2024-11-26T11:04:51.220+0000] {dag.py:4180} INFO - Setting next_dagrun for example_subdag_operator to 2022-01-01 00:00:00+00:00, run_after=2022-01-01 00:00:00+00:00
[2024-11-26T11:04:51.226+0000] {logging_mixin.py:190} INFO - [2024-11-26T11:04:51.226+0000] {dag.py:4180} INFO - Setting next_dagrun for example_subdag_operator.section-1 to None, run_after=None
[2024-11-26T11:04:51.229+0000] {logging_mixin.py:190} INFO - [2024-11-26T11:04:51.228+0000] {dag.py:4180} INFO - Setting next_dagrun for example_subdag_operator.section-2 to None, run_after=None
[2024-11-26T11:04:51.238+0000] {logging_mixin.py:190} INFO - [2024-11-26T11:04:51.238+0000] {dag.py:3239} INFO - Sync 2 DAGs
[2024-11-26T11:04:51.246+0000] {logging_mixin.py:190} INFO - [2024-11-26T11:04:51.246+0000] {dag.py:4180} INFO - Setting next_dagrun for example_subdag_operator.section-1 to None, run_after=None
[2024-11-26T11:04:51.247+0000] {logging_mixin.py:190} INFO - [2024-11-26T11:04:51.247+0000] {dag.py:4180} INFO - Setting next_dagrun for example_subdag_operator.section-2 to None, run_after=None
[2024-11-26T11:04:51.259+0000] {processor.py:208} INFO - Processing /home/airflow/.local/lib/python3.12/site-packages/airflow/example_dags/example_subdag_operator.py took 0.111 seconds
[2024-11-26T11:05:21.559+0000] {processor.py:186} INFO - Started process (PID=908) to work on /home/airflow/.local/lib/python3.12/site-packages/airflow/example_dags/example_subdag_operator.py
[2024-11-26T11:05:21.560+0000] {processor.py:914} INFO - Processing file /home/airflow/.local/lib/python3.12/site-packages/airflow/example_dags/example_subdag_operator.py for tasks to queue
[2024-11-26T11:05:21.562+0000] {logging_mixin.py:190} INFO - [2024-11-26T11:05:21.562+0000] {dagbag.py:588} INFO - Filling up the DagBag from /home/airflow/.local/lib/python3.12/site-packages/airflow/example_dags/example_subdag_operator.py
[2024-11-26T11:05:21.584+0000] {processor.py:925} INFO - DAG(s) 'example_subdag_operator.section-1', 'example_subdag_operator.section-2', 'example_subdag_operator' retrieved from /home/airflow/.local/lib/python3.12/site-packages/airflow/example_dags/example_subdag_operator.py
[2024-11-26T11:05:21.597+0000] {logging_mixin.py:190} INFO - [2024-11-26T11:05:21.597+0000] {dag.py:3239} INFO - Sync 3 DAGs
[2024-11-26T11:05:21.614+0000] {logging_mixin.py:190} INFO - [2024-11-26T11:05:21.614+0000] {dag.py:4180} INFO - Setting next_dagrun for example_subdag_operator to 2022-01-01 00:00:00+00:00, run_after=2022-01-01 00:00:00+00:00
[2024-11-26T11:05:21.617+0000] {logging_mixin.py:190} INFO - [2024-11-26T11:05:21.617+0000] {dag.py:4180} INFO - Setting next_dagrun for example_subdag_operator.section-1 to None, run_after=None
[2024-11-26T11:05:21.618+0000] {logging_mixin.py:190} INFO - [2024-11-26T11:05:21.618+0000] {dag.py:4180} INFO - Setting next_dagrun for example_subdag_operator.section-2 to None, run_after=None
[2024-11-26T11:05:21.624+0000] {logging_mixin.py:190} INFO - [2024-11-26T11:05:21.624+0000] {dag.py:3239} INFO - Sync 2 DAGs
[2024-11-26T11:05:21.630+0000] {logging_mixin.py:190} INFO - [2024-11-26T11:05:21.630+0000] {dag.py:4180} INFO - Setting next_dagrun for example_subdag_operator.section-1 to None, run_after=None
[2024-11-26T11:05:21.630+0000] {logging_mixin.py:190} INFO - [2024-11-26T11:05:21.630+0000] {dag.py:4180} INFO - Setting next_dagrun for example_subdag_operator.section-2 to None, run_after=None
[2024-11-26T11:05:21.643+0000] {processor.py:208} INFO - Processing /home/airflow/.local/lib/python3.12/site-packages/airflow/example_dags/example_subdag_operator.py took 0.089 seconds
[2024-11-26T11:05:52.088+0000] {processor.py:186} INFO - Started process (PID=971) to work on /home/airflow/.local/lib/python3.12/site-packages/airflow/example_dags/example_subdag_operator.py
[2024-11-26T11:05:52.089+0000] {processor.py:914} INFO - Processing file /home/airflow/.local/lib/python3.12/site-packages/airflow/example_dags/example_subdag_operator.py for tasks to queue
[2024-11-26T11:05:52.091+0000] {logging_mixin.py:190} INFO - [2024-11-26T11:05:52.091+0000] {dagbag.py:588} INFO - Filling up the DagBag from /home/airflow/.local/lib/python3.12/site-packages/airflow/example_dags/example_subdag_operator.py
[2024-11-26T11:05:52.113+0000] {processor.py:925} INFO - DAG(s) 'example_subdag_operator.section-1', 'example_subdag_operator.section-2', 'example_subdag_operator' retrieved from /home/airflow/.local/lib/python3.12/site-packages/airflow/example_dags/example_subdag_operator.py
[2024-11-26T11:05:52.123+0000] {logging_mixin.py:190} INFO - [2024-11-26T11:05:52.123+0000] {dag.py:3239} INFO - Sync 3 DAGs
[2024-11-26T11:05:52.138+0000] {logging_mixin.py:190} INFO - [2024-11-26T11:05:52.138+0000] {dag.py:4180} INFO - Setting next_dagrun for example_subdag_operator to 2022-01-01 00:00:00+00:00, run_after=2022-01-01 00:00:00+00:00
[2024-11-26T11:05:52.142+0000] {logging_mixin.py:190} INFO - [2024-11-26T11:05:52.141+0000] {dag.py:4180} INFO - Setting next_dagrun for example_subdag_operator.section-1 to None, run_after=None
[2024-11-26T11:05:52.143+0000] {logging_mixin.py:190} INFO - [2024-11-26T11:05:52.143+0000] {dag.py:4180} INFO - Setting next_dagrun for example_subdag_operator.section-2 to None, run_after=None
[2024-11-26T11:05:52.148+0000] {logging_mixin.py:190} INFO - [2024-11-26T11:05:52.148+0000] {dag.py:3239} INFO - Sync 2 DAGs
[2024-11-26T11:05:52.153+0000] {logging_mixin.py:190} INFO - [2024-11-26T11:05:52.153+0000] {dag.py:4180} INFO - Setting next_dagrun for example_subdag_operator.section-1 to None, run_after=None
[2024-11-26T11:05:52.154+0000] {logging_mixin.py:190} INFO - [2024-11-26T11:05:52.154+0000] {dag.py:4180} INFO - Setting next_dagrun for example_subdag_operator.section-2 to None, run_after=None
[2024-11-26T11:05:52.165+0000] {processor.py:208} INFO - Processing /home/airflow/.local/lib/python3.12/site-packages/airflow/example_dags/example_subdag_operator.py took 0.083 seconds
[2024-11-26T11:06:22.588+0000] {processor.py:186} INFO - Started process (PID=1034) to work on /home/airflow/.local/lib/python3.12/site-packages/airflow/example_dags/example_subdag_operator.py
[2024-11-26T11:06:22.588+0000] {processor.py:914} INFO - Processing file /home/airflow/.local/lib/python3.12/site-packages/airflow/example_dags/example_subdag_operator.py for tasks to queue
[2024-11-26T11:06:22.590+0000] {logging_mixin.py:190} INFO - [2024-11-26T11:06:22.590+0000] {dagbag.py:588} INFO - Filling up the DagBag from /home/airflow/.local/lib/python3.12/site-packages/airflow/example_dags/example_subdag_operator.py
[2024-11-26T11:06:22.608+0000] {processor.py:925} INFO - DAG(s) 'example_subdag_operator.section-1', 'example_subdag_operator.section-2', 'example_subdag_operator' retrieved from /home/airflow/.local/lib/python3.12/site-packages/airflow/example_dags/example_subdag_operator.py
[2024-11-26T11:06:22.617+0000] {logging_mixin.py:190} INFO - [2024-11-26T11:06:22.617+0000] {dag.py:3239} INFO - Sync 3 DAGs
[2024-11-26T11:06:22.632+0000] {logging_mixin.py:190} INFO - [2024-11-26T11:06:22.632+0000] {dag.py:4180} INFO - Setting next_dagrun for example_subdag_operator to 2022-01-01 00:00:00+00:00, run_after=2022-01-01 00:00:00+00:00
[2024-11-26T11:06:22.635+0000] {logging_mixin.py:190} INFO - [2024-11-26T11:06:22.635+0000] {dag.py:4180} INFO - Setting next_dagrun for example_subdag_operator.section-1 to None, run_after=None
[2024-11-26T11:06:22.637+0000] {logging_mixin.py:190} INFO - [2024-11-26T11:06:22.637+0000] {dag.py:4180} INFO - Setting next_dagrun for example_subdag_operator.section-2 to None, run_after=None
[2024-11-26T11:06:22.642+0000] {logging_mixin.py:190} INFO - [2024-11-26T11:06:22.642+0000] {dag.py:3239} INFO - Sync 2 DAGs
[2024-11-26T11:06:22.647+0000] {logging_mixin.py:190} INFO - [2024-11-26T11:06:22.647+0000] {dag.py:4180} INFO - Setting next_dagrun for example_subdag_operator.section-1 to None, run_after=None
[2024-11-26T11:06:22.648+0000] {logging_mixin.py:190} INFO - [2024-11-26T11:06:22.648+0000] {dag.py:4180} INFO - Setting next_dagrun for example_subdag_operator.section-2 to None, run_after=None
[2024-11-26T11:06:22.658+0000] {processor.py:208} INFO - Processing /home/airflow/.local/lib/python3.12/site-packages/airflow/example_dags/example_subdag_operator.py took 0.074 seconds
[2024-11-26T11:06:53.340+0000] {processor.py:186} INFO - Started process (PID=1097) to work on /home/airflow/.local/lib/python3.12/site-packages/airflow/example_dags/example_subdag_operator.py
[2024-11-26T11:06:53.341+0000] {processor.py:914} INFO - Processing file /home/airflow/.local/lib/python3.12/site-packages/airflow/example_dags/example_subdag_operator.py for tasks to queue
[2024-11-26T11:06:53.344+0000] {logging_mixin.py:190} INFO - [2024-11-26T11:06:53.343+0000] {dagbag.py:588} INFO - Filling up the DagBag from /home/airflow/.local/lib/python3.12/site-packages/airflow/example_dags/example_subdag_operator.py
[2024-11-26T11:06:53.364+0000] {processor.py:925} INFO - DAG(s) 'example_subdag_operator.section-1', 'example_subdag_operator.section-2', 'example_subdag_operator' retrieved from /home/airflow/.local/lib/python3.12/site-packages/airflow/example_dags/example_subdag_operator.py
[2024-11-26T11:06:53.375+0000] {logging_mixin.py:190} INFO - [2024-11-26T11:06:53.374+0000] {dag.py:3239} INFO - Sync 3 DAGs
[2024-11-26T11:06:53.391+0000] {logging_mixin.py:190} INFO - [2024-11-26T11:06:53.391+0000] {dag.py:4180} INFO - Setting next_dagrun for example_subdag_operator to 2022-01-01 00:00:00+00:00, run_after=2022-01-01 00:00:00+00:00
[2024-11-26T11:06:53.394+0000] {logging_mixin.py:190} INFO - [2024-11-26T11:06:53.394+0000] {dag.py:4180} INFO - Setting next_dagrun for example_subdag_operator.section-1 to None, run_after=None
[2024-11-26T11:06:53.395+0000] {logging_mixin.py:190} INFO - [2024-11-26T11:06:53.395+0000] {dag.py:4180} INFO - Setting next_dagrun for example_subdag_operator.section-2 to None, run_after=None
[2024-11-26T11:06:53.399+0000] {logging_mixin.py:190} INFO - [2024-11-26T11:06:53.399+0000] {dag.py:3239} INFO - Sync 2 DAGs
[2024-11-26T11:06:53.404+0000] {logging_mixin.py:190} INFO - [2024-11-26T11:06:53.404+0000] {dag.py:4180} INFO - Setting next_dagrun for example_subdag_operator.section-1 to None, run_after=None
[2024-11-26T11:06:53.404+0000] {logging_mixin.py:190} INFO - [2024-11-26T11:06:53.404+0000] {dag.py:4180} INFO - Setting next_dagrun for example_subdag_operator.section-2 to None, run_after=None
[2024-11-26T11:06:53.416+0000] {processor.py:208} INFO - Processing /home/airflow/.local/lib/python3.12/site-packages/airflow/example_dags/example_subdag_operator.py took 0.079 seconds
[2024-11-26T11:07:23.535+0000] {processor.py:186} INFO - Started process (PID=1159) to work on /home/airflow/.local/lib/python3.12/site-packages/airflow/example_dags/example_subdag_operator.py
[2024-11-26T11:07:23.536+0000] {processor.py:914} INFO - Processing file /home/airflow/.local/lib/python3.12/site-packages/airflow/example_dags/example_subdag_operator.py for tasks to queue
[2024-11-26T11:07:23.539+0000] {logging_mixin.py:190} INFO - [2024-11-26T11:07:23.538+0000] {dagbag.py:588} INFO - Filling up the DagBag from /home/airflow/.local/lib/python3.12/site-packages/airflow/example_dags/example_subdag_operator.py
[2024-11-26T11:07:23.561+0000] {processor.py:925} INFO - DAG(s) 'example_subdag_operator.section-1', 'example_subdag_operator.section-2', 'example_subdag_operator' retrieved from /home/airflow/.local/lib/python3.12/site-packages/airflow/example_dags/example_subdag_operator.py
[2024-11-26T11:07:23.571+0000] {logging_mixin.py:190} INFO - [2024-11-26T11:07:23.570+0000] {dag.py:3239} INFO - Sync 3 DAGs
[2024-11-26T11:07:23.586+0000] {logging_mixin.py:190} INFO - [2024-11-26T11:07:23.585+0000] {dag.py:4180} INFO - Setting next_dagrun for example_subdag_operator to 2022-01-01 00:00:00+00:00, run_after=2022-01-01 00:00:00+00:00
[2024-11-26T11:07:23.589+0000] {logging_mixin.py:190} INFO - [2024-11-26T11:07:23.589+0000] {dag.py:4180} INFO - Setting next_dagrun for example_subdag_operator.section-1 to None, run_after=None
[2024-11-26T11:07:23.590+0000] {logging_mixin.py:190} INFO - [2024-11-26T11:07:23.590+0000] {dag.py:4180} INFO - Setting next_dagrun for example_subdag_operator.section-2 to None, run_after=None
[2024-11-26T11:07:23.596+0000] {logging_mixin.py:190} INFO - [2024-11-26T11:07:23.595+0000] {dag.py:3239} INFO - Sync 2 DAGs
[2024-11-26T11:07:23.600+0000] {logging_mixin.py:190} INFO - [2024-11-26T11:07:23.600+0000] {dag.py:4180} INFO - Setting next_dagrun for example_subdag_operator.section-1 to None, run_after=None
[2024-11-26T11:07:23.601+0000] {logging_mixin.py:190} INFO - [2024-11-26T11:07:23.601+0000] {dag.py:4180} INFO - Setting next_dagrun for example_subdag_operator.section-2 to None, run_after=None
[2024-11-26T11:07:23.611+0000] {processor.py:208} INFO - Processing /home/airflow/.local/lib/python3.12/site-packages/airflow/example_dags/example_subdag_operator.py took 0.082 seconds
[2024-11-26T11:07:53.693+0000] {processor.py:186} INFO - Started process (PID=1222) to work on /home/airflow/.local/lib/python3.12/site-packages/airflow/example_dags/example_subdag_operator.py
[2024-11-26T11:07:53.694+0000] {processor.py:914} INFO - Processing file /home/airflow/.local/lib/python3.12/site-packages/airflow/example_dags/example_subdag_operator.py for tasks to queue
[2024-11-26T11:07:53.698+0000] {logging_mixin.py:190} INFO - [2024-11-26T11:07:53.697+0000] {dagbag.py:588} INFO - Filling up the DagBag from /home/airflow/.local/lib/python3.12/site-packages/airflow/example_dags/example_subdag_operator.py
[2024-11-26T11:07:53.721+0000] {processor.py:925} INFO - DAG(s) 'example_subdag_operator.section-1', 'example_subdag_operator.section-2', 'example_subdag_operator' retrieved from /home/airflow/.local/lib/python3.12/site-packages/airflow/example_dags/example_subdag_operator.py
[2024-11-26T11:07:53.731+0000] {logging_mixin.py:190} INFO - [2024-11-26T11:07:53.730+0000] {dag.py:3239} INFO - Sync 3 DAGs
[2024-11-26T11:07:53.749+0000] {logging_mixin.py:190} INFO - [2024-11-26T11:07:53.749+0000] {dag.py:4180} INFO - Setting next_dagrun for example_subdag_operator to 2022-01-01 00:00:00+00:00, run_after=2022-01-01 00:00:00+00:00
[2024-11-26T11:07:53.753+0000] {logging_mixin.py:190} INFO - [2024-11-26T11:07:53.753+0000] {dag.py:4180} INFO - Setting next_dagrun for example_subdag_operator.section-1 to None, run_after=None
[2024-11-26T11:07:53.755+0000] {logging_mixin.py:190} INFO - [2024-11-26T11:07:53.755+0000] {dag.py:4180} INFO - Setting next_dagrun for example_subdag_operator.section-2 to None, run_after=None
[2024-11-26T11:07:53.760+0000] {logging_mixin.py:190} INFO - [2024-11-26T11:07:53.760+0000] {dag.py:3239} INFO - Sync 2 DAGs
[2024-11-26T11:07:53.764+0000] {logging_mixin.py:190} INFO - [2024-11-26T11:07:53.764+0000] {dag.py:4180} INFO - Setting next_dagrun for example_subdag_operator.section-1 to None, run_after=None
[2024-11-26T11:07:53.765+0000] {logging_mixin.py:190} INFO - [2024-11-26T11:07:53.765+0000] {dag.py:4180} INFO - Setting next_dagrun for example_subdag_operator.section-2 to None, run_after=None
[2024-11-26T11:07:53.775+0000] {processor.py:208} INFO - Processing /home/airflow/.local/lib/python3.12/site-packages/airflow/example_dags/example_subdag_operator.py took 0.088 seconds
[2024-11-26T11:08:24.013+0000] {processor.py:186} INFO - Started process (PID=1285) to work on /home/airflow/.local/lib/python3.12/site-packages/airflow/example_dags/example_subdag_operator.py
[2024-11-26T11:08:24.014+0000] {processor.py:914} INFO - Processing file /home/airflow/.local/lib/python3.12/site-packages/airflow/example_dags/example_subdag_operator.py for tasks to queue
[2024-11-26T11:08:24.016+0000] {logging_mixin.py:190} INFO - [2024-11-26T11:08:24.016+0000] {dagbag.py:588} INFO - Filling up the DagBag from /home/airflow/.local/lib/python3.12/site-packages/airflow/example_dags/example_subdag_operator.py
[2024-11-26T11:08:24.039+0000] {processor.py:925} INFO - DAG(s) 'example_subdag_operator.section-1', 'example_subdag_operator.section-2', 'example_subdag_operator' retrieved from /home/airflow/.local/lib/python3.12/site-packages/airflow/example_dags/example_subdag_operator.py
[2024-11-26T11:08:24.048+0000] {logging_mixin.py:190} INFO - [2024-11-26T11:08:24.048+0000] {dag.py:3239} INFO - Sync 3 DAGs
[2024-11-26T11:08:24.062+0000] {logging_mixin.py:190} INFO - [2024-11-26T11:08:24.062+0000] {dag.py:4180} INFO - Setting next_dagrun for example_subdag_operator to 2022-01-01 00:00:00+00:00, run_after=2022-01-01 00:00:00+00:00
[2024-11-26T11:08:24.065+0000] {logging_mixin.py:190} INFO - [2024-11-26T11:08:24.065+0000] {dag.py:4180} INFO - Setting next_dagrun for example_subdag_operator.section-1 to None, run_after=None
[2024-11-26T11:08:24.066+0000] {logging_mixin.py:190} INFO - [2024-11-26T11:08:24.066+0000] {dag.py:4180} INFO - Setting next_dagrun for example_subdag_operator.section-2 to None, run_after=None
[2024-11-26T11:08:24.072+0000] {logging_mixin.py:190} INFO - [2024-11-26T11:08:24.071+0000] {dag.py:3239} INFO - Sync 2 DAGs
[2024-11-26T11:08:24.076+0000] {logging_mixin.py:190} INFO - [2024-11-26T11:08:24.076+0000] {dag.py:4180} INFO - Setting next_dagrun for example_subdag_operator.section-1 to None, run_after=None
[2024-11-26T11:08:24.077+0000] {logging_mixin.py:190} INFO - [2024-11-26T11:08:24.077+0000] {dag.py:4180} INFO - Setting next_dagrun for example_subdag_operator.section-2 to None, run_after=None
[2024-11-26T11:08:24.086+0000] {processor.py:208} INFO - Processing /home/airflow/.local/lib/python3.12/site-packages/airflow/example_dags/example_subdag_operator.py took 0.078 seconds
[2024-11-26T11:08:54.768+0000] {processor.py:186} INFO - Started process (PID=1348) to work on /home/airflow/.local/lib/python3.12/site-packages/airflow/example_dags/example_subdag_operator.py
[2024-11-26T11:08:54.769+0000] {processor.py:914} INFO - Processing file /home/airflow/.local/lib/python3.12/site-packages/airflow/example_dags/example_subdag_operator.py for tasks to queue
[2024-11-26T11:08:54.771+0000] {logging_mixin.py:190} INFO - [2024-11-26T11:08:54.771+0000] {dagbag.py:588} INFO - Filling up the DagBag from /home/airflow/.local/lib/python3.12/site-packages/airflow/example_dags/example_subdag_operator.py
[2024-11-26T11:08:54.794+0000] {processor.py:925} INFO - DAG(s) 'example_subdag_operator.section-1', 'example_subdag_operator.section-2', 'example_subdag_operator' retrieved from /home/airflow/.local/lib/python3.12/site-packages/airflow/example_dags/example_subdag_operator.py
[2024-11-26T11:08:54.806+0000] {logging_mixin.py:190} INFO - [2024-11-26T11:08:54.806+0000] {dag.py:3239} INFO - Sync 3 DAGs
[2024-11-26T11:08:54.825+0000] {logging_mixin.py:190} INFO - [2024-11-26T11:08:54.825+0000] {dag.py:4180} INFO - Setting next_dagrun for example_subdag_operator to 2022-01-01 00:00:00+00:00, run_after=2022-01-01 00:00:00+00:00
[2024-11-26T11:08:54.828+0000] {logging_mixin.py:190} INFO - [2024-11-26T11:08:54.828+0000] {dag.py:4180} INFO - Setting next_dagrun for example_subdag_operator.section-1 to None, run_after=None
[2024-11-26T11:08:54.830+0000] {logging_mixin.py:190} INFO - [2024-11-26T11:08:54.830+0000] {dag.py:4180} INFO - Setting next_dagrun for example_subdag_operator.section-2 to None, run_after=None
[2024-11-26T11:08:54.837+0000] {logging_mixin.py:190} INFO - [2024-11-26T11:08:54.837+0000] {dag.py:3239} INFO - Sync 2 DAGs
[2024-11-26T11:08:54.841+0000] {logging_mixin.py:190} INFO - [2024-11-26T11:08:54.841+0000] {dag.py:4180} INFO - Setting next_dagrun for example_subdag_operator.section-1 to None, run_after=None
[2024-11-26T11:08:54.842+0000] {logging_mixin.py:190} INFO - [2024-11-26T11:08:54.842+0000] {dag.py:4180} INFO - Setting next_dagrun for example_subdag_operator.section-2 to None, run_after=None
[2024-11-26T11:08:54.854+0000] {processor.py:208} INFO - Processing /home/airflow/.local/lib/python3.12/site-packages/airflow/example_dags/example_subdag_operator.py took 0.091 seconds
[2024-11-26T11:09:25.273+0000] {processor.py:186} INFO - Started process (PID=1411) to work on /home/airflow/.local/lib/python3.12/site-packages/airflow/example_dags/example_subdag_operator.py
[2024-11-26T11:09:25.274+0000] {processor.py:914} INFO - Processing file /home/airflow/.local/lib/python3.12/site-packages/airflow/example_dags/example_subdag_operator.py for tasks to queue
[2024-11-26T11:09:25.276+0000] {logging_mixin.py:190} INFO - [2024-11-26T11:09:25.276+0000] {dagbag.py:588} INFO - Filling up the DagBag from /home/airflow/.local/lib/python3.12/site-packages/airflow/example_dags/example_subdag_operator.py
[2024-11-26T11:09:25.300+0000] {processor.py:925} INFO - DAG(s) 'example_subdag_operator.section-1', 'example_subdag_operator.section-2', 'example_subdag_operator' retrieved from /home/airflow/.local/lib/python3.12/site-packages/airflow/example_dags/example_subdag_operator.py
[2024-11-26T11:09:25.310+0000] {logging_mixin.py:190} INFO - [2024-11-26T11:09:25.310+0000] {dag.py:3239} INFO - Sync 3 DAGs
[2024-11-26T11:09:25.326+0000] {logging_mixin.py:190} INFO - [2024-11-26T11:09:25.325+0000] {dag.py:4180} INFO - Setting next_dagrun for example_subdag_operator to 2022-01-01 00:00:00+00:00, run_after=2022-01-01 00:00:00+00:00
[2024-11-26T11:09:25.328+0000] {logging_mixin.py:190} INFO - [2024-11-26T11:09:25.328+0000] {dag.py:4180} INFO - Setting next_dagrun for example_subdag_operator.section-1 to None, run_after=None
[2024-11-26T11:09:25.330+0000] {logging_mixin.py:190} INFO - [2024-11-26T11:09:25.330+0000] {dag.py:4180} INFO - Setting next_dagrun for example_subdag_operator.section-2 to None, run_after=None
[2024-11-26T11:09:25.336+0000] {logging_mixin.py:190} INFO - [2024-11-26T11:09:25.336+0000] {dag.py:3239} INFO - Sync 2 DAGs
[2024-11-26T11:09:25.341+0000] {logging_mixin.py:190} INFO - [2024-11-26T11:09:25.341+0000] {dag.py:4180} INFO - Setting next_dagrun for example_subdag_operator.section-1 to None, run_after=None
[2024-11-26T11:09:25.342+0000] {logging_mixin.py:190} INFO - [2024-11-26T11:09:25.342+0000] {dag.py:4180} INFO - Setting next_dagrun for example_subdag_operator.section-2 to None, run_after=None
[2024-11-26T11:09:25.352+0000] {processor.py:208} INFO - Processing /home/airflow/.local/lib/python3.12/site-packages/airflow/example_dags/example_subdag_operator.py took 0.083 seconds
[2024-11-26T11:09:55.746+0000] {processor.py:186} INFO - Started process (PID=1474) to work on /home/airflow/.local/lib/python3.12/site-packages/airflow/example_dags/example_subdag_operator.py
[2024-11-26T11:09:55.748+0000] {processor.py:914} INFO - Processing file /home/airflow/.local/lib/python3.12/site-packages/airflow/example_dags/example_subdag_operator.py for tasks to queue
[2024-11-26T11:09:55.751+0000] {logging_mixin.py:190} INFO - [2024-11-26T11:09:55.750+0000] {dagbag.py:588} INFO - Filling up the DagBag from /home/airflow/.local/lib/python3.12/site-packages/airflow/example_dags/example_subdag_operator.py
[2024-11-26T11:09:55.774+0000] {processor.py:925} INFO - DAG(s) 'example_subdag_operator.section-1', 'example_subdag_operator.section-2', 'example_subdag_operator' retrieved from /home/airflow/.local/lib/python3.12/site-packages/airflow/example_dags/example_subdag_operator.py
[2024-11-26T11:09:55.785+0000] {logging_mixin.py:190} INFO - [2024-11-26T11:09:55.785+0000] {dag.py:3239} INFO - Sync 3 DAGs
[2024-11-26T11:09:55.807+0000] {logging_mixin.py:190} INFO - [2024-11-26T11:09:55.806+0000] {dag.py:4180} INFO - Setting next_dagrun for example_subdag_operator to 2022-01-01 00:00:00+00:00, run_after=2022-01-01 00:00:00+00:00
[2024-11-26T11:09:55.810+0000] {logging_mixin.py:190} INFO - [2024-11-26T11:09:55.809+0000] {dag.py:4180} INFO - Setting next_dagrun for example_subdag_operator.section-1 to None, run_after=None
[2024-11-26T11:09:55.811+0000] {logging_mixin.py:190} INFO - [2024-11-26T11:09:55.811+0000] {dag.py:4180} INFO - Setting next_dagrun for example_subdag_operator.section-2 to None, run_after=None
[2024-11-26T11:09:55.817+0000] {logging_mixin.py:190} INFO - [2024-11-26T11:09:55.817+0000] {dag.py:3239} INFO - Sync 2 DAGs
[2024-11-26T11:09:55.821+0000] {logging_mixin.py:190} INFO - [2024-11-26T11:09:55.821+0000] {dag.py:4180} INFO - Setting next_dagrun for example_subdag_operator.section-1 to None, run_after=None
[2024-11-26T11:09:55.822+0000] {logging_mixin.py:190} INFO - [2024-11-26T11:09:55.822+0000] {dag.py:4180} INFO - Setting next_dagrun for example_subdag_operator.section-2 to None, run_after=None
[2024-11-26T11:09:55.833+0000] {processor.py:208} INFO - Processing /home/airflow/.local/lib/python3.12/site-packages/airflow/example_dags/example_subdag_operator.py took 0.095 seconds
[2024-11-26T11:10:26.699+0000] {processor.py:186} INFO - Started process (PID=1537) to work on /home/airflow/.local/lib/python3.12/site-packages/airflow/example_dags/example_subdag_operator.py
[2024-11-26T11:10:26.701+0000] {processor.py:914} INFO - Processing file /home/airflow/.local/lib/python3.12/site-packages/airflow/example_dags/example_subdag_operator.py for tasks to queue
[2024-11-26T11:10:26.707+0000] {logging_mixin.py:190} INFO - [2024-11-26T11:10:26.707+0000] {dagbag.py:588} INFO - Filling up the DagBag from /home/airflow/.local/lib/python3.12/site-packages/airflow/example_dags/example_subdag_operator.py
[2024-11-26T11:10:26.736+0000] {processor.py:925} INFO - DAG(s) 'example_subdag_operator.section-1', 'example_subdag_operator.section-2', 'example_subdag_operator' retrieved from /home/airflow/.local/lib/python3.12/site-packages/airflow/example_dags/example_subdag_operator.py
[2024-11-26T11:10:26.749+0000] {logging_mixin.py:190} INFO - [2024-11-26T11:10:26.749+0000] {dag.py:3239} INFO - Sync 3 DAGs
[2024-11-26T11:10:26.771+0000] {logging_mixin.py:190} INFO - [2024-11-26T11:10:26.771+0000] {dag.py:4180} INFO - Setting next_dagrun for example_subdag_operator to 2022-01-01 00:00:00+00:00, run_after=2022-01-01 00:00:00+00:00
[2024-11-26T11:10:26.776+0000] {logging_mixin.py:190} INFO - [2024-11-26T11:10:26.775+0000] {dag.py:4180} INFO - Setting next_dagrun for example_subdag_operator.section-1 to None, run_after=None
[2024-11-26T11:10:26.777+0000] {logging_mixin.py:190} INFO - [2024-11-26T11:10:26.777+0000] {dag.py:4180} INFO - Setting next_dagrun for example_subdag_operator.section-2 to None, run_after=None
[2024-11-26T11:10:26.783+0000] {logging_mixin.py:190} INFO - [2024-11-26T11:10:26.783+0000] {dag.py:3239} INFO - Sync 2 DAGs
[2024-11-26T11:10:26.791+0000] {logging_mixin.py:190} INFO - [2024-11-26T11:10:26.791+0000] {dag.py:4180} INFO - Setting next_dagrun for example_subdag_operator.section-1 to None, run_after=None
[2024-11-26T11:10:26.792+0000] {logging_mixin.py:190} INFO - [2024-11-26T11:10:26.791+0000] {dag.py:4180} INFO - Setting next_dagrun for example_subdag_operator.section-2 to None, run_after=None
[2024-11-26T11:10:26.804+0000] {processor.py:208} INFO - Processing /home/airflow/.local/lib/python3.12/site-packages/airflow/example_dags/example_subdag_operator.py took 0.111 seconds
[2024-11-26T11:10:56.832+0000] {processor.py:186} INFO - Started process (PID=1600) to work on /home/airflow/.local/lib/python3.12/site-packages/airflow/example_dags/example_subdag_operator.py
[2024-11-26T11:10:56.833+0000] {processor.py:914} INFO - Processing file /home/airflow/.local/lib/python3.12/site-packages/airflow/example_dags/example_subdag_operator.py for tasks to queue
[2024-11-26T11:10:56.837+0000] {logging_mixin.py:190} INFO - [2024-11-26T11:10:56.836+0000] {dagbag.py:588} INFO - Filling up the DagBag from /home/airflow/.local/lib/python3.12/site-packages/airflow/example_dags/example_subdag_operator.py
[2024-11-26T11:10:56.875+0000] {processor.py:925} INFO - DAG(s) 'example_subdag_operator.section-1', 'example_subdag_operator.section-2', 'example_subdag_operator' retrieved from /home/airflow/.local/lib/python3.12/site-packages/airflow/example_dags/example_subdag_operator.py
[2024-11-26T11:10:56.890+0000] {logging_mixin.py:190} INFO - [2024-11-26T11:10:56.890+0000] {dag.py:3239} INFO - Sync 3 DAGs
[2024-11-26T11:10:56.918+0000] {logging_mixin.py:190} INFO - [2024-11-26T11:10:56.918+0000] {dag.py:4180} INFO - Setting next_dagrun for example_subdag_operator to 2022-01-01 00:00:00+00:00, run_after=2022-01-01 00:00:00+00:00
[2024-11-26T11:10:56.921+0000] {logging_mixin.py:190} INFO - [2024-11-26T11:10:56.921+0000] {dag.py:4180} INFO - Setting next_dagrun for example_subdag_operator.section-1 to None, run_after=None
[2024-11-26T11:10:56.923+0000] {logging_mixin.py:190} INFO - [2024-11-26T11:10:56.923+0000] {dag.py:4180} INFO - Setting next_dagrun for example_subdag_operator.section-2 to None, run_after=None
[2024-11-26T11:10:56.930+0000] {logging_mixin.py:190} INFO - [2024-11-26T11:10:56.930+0000] {dag.py:3239} INFO - Sync 2 DAGs
[2024-11-26T11:10:56.936+0000] {logging_mixin.py:190} INFO - [2024-11-26T11:10:56.936+0000] {dag.py:4180} INFO - Setting next_dagrun for example_subdag_operator.section-1 to None, run_after=None
[2024-11-26T11:10:56.936+0000] {logging_mixin.py:190} INFO - [2024-11-26T11:10:56.936+0000] {dag.py:4180} INFO - Setting next_dagrun for example_subdag_operator.section-2 to None, run_after=None
[2024-11-26T11:10:56.950+0000] {processor.py:208} INFO - Processing /home/airflow/.local/lib/python3.12/site-packages/airflow/example_dags/example_subdag_operator.py took 0.125 seconds
[2024-11-26T11:11:27.217+0000] {processor.py:186} INFO - Started process (PID=1663) to work on /home/airflow/.local/lib/python3.12/site-packages/airflow/example_dags/example_subdag_operator.py
[2024-11-26T11:11:27.219+0000] {processor.py:914} INFO - Processing file /home/airflow/.local/lib/python3.12/site-packages/airflow/example_dags/example_subdag_operator.py for tasks to queue
[2024-11-26T11:11:27.222+0000] {logging_mixin.py:190} INFO - [2024-11-26T11:11:27.222+0000] {dagbag.py:588} INFO - Filling up the DagBag from /home/airflow/.local/lib/python3.12/site-packages/airflow/example_dags/example_subdag_operator.py
[2024-11-26T11:11:27.243+0000] {processor.py:925} INFO - DAG(s) 'example_subdag_operator.section-1', 'example_subdag_operator.section-2', 'example_subdag_operator' retrieved from /home/airflow/.local/lib/python3.12/site-packages/airflow/example_dags/example_subdag_operator.py
[2024-11-26T11:11:27.256+0000] {logging_mixin.py:190} INFO - [2024-11-26T11:11:27.256+0000] {dag.py:3239} INFO - Sync 3 DAGs
[2024-11-26T11:11:27.274+0000] {logging_mixin.py:190} INFO - [2024-11-26T11:11:27.274+0000] {dag.py:4180} INFO - Setting next_dagrun for example_subdag_operator to 2022-01-01 00:00:00+00:00, run_after=2022-01-01 00:00:00+00:00
[2024-11-26T11:11:27.278+0000] {logging_mixin.py:190} INFO - [2024-11-26T11:11:27.278+0000] {dag.py:4180} INFO - Setting next_dagrun for example_subdag_operator.section-1 to None, run_after=None
[2024-11-26T11:11:27.280+0000] {logging_mixin.py:190} INFO - [2024-11-26T11:11:27.280+0000] {dag.py:4180} INFO - Setting next_dagrun for example_subdag_operator.section-2 to None, run_after=None
[2024-11-26T11:11:27.289+0000] {logging_mixin.py:190} INFO - [2024-11-26T11:11:27.289+0000] {dag.py:3239} INFO - Sync 2 DAGs
[2024-11-26T11:11:27.294+0000] {logging_mixin.py:190} INFO - [2024-11-26T11:11:27.294+0000] {dag.py:4180} INFO - Setting next_dagrun for example_subdag_operator.section-1 to None, run_after=None
[2024-11-26T11:11:27.294+0000] {logging_mixin.py:190} INFO - [2024-11-26T11:11:27.294+0000] {dag.py:4180} INFO - Setting next_dagrun for example_subdag_operator.section-2 to None, run_after=None
[2024-11-26T11:11:27.306+0000] {processor.py:208} INFO - Processing /home/airflow/.local/lib/python3.12/site-packages/airflow/example_dags/example_subdag_operator.py took 0.094 seconds
