[2024-11-26T10:58:40.091+0000] {processor.py:186} INFO - Started process (PID=73) to work on /home/airflow/.local/lib/python3.12/site-packages/airflow/example_dags/example_xcom.py
[2024-11-26T10:58:40.092+0000] {processor.py:914} INFO - Processing file /home/airflow/.local/lib/python3.12/site-packages/airflow/example_dags/example_xcom.py for tasks to queue
[2024-11-26T10:58:40.094+0000] {logging_mixin.py:190} INFO - [2024-11-26T10:58:40.094+0000] {dagbag.py:588} INFO - Filling up the DagBag from /home/airflow/.local/lib/python3.12/site-packages/airflow/example_dags/example_xcom.py
[2024-11-26T10:58:40.103+0000] {processor.py:925} INFO - DAG(s) 'example_xcom' retrieved from /home/airflow/.local/lib/python3.12/site-packages/airflow/example_dags/example_xcom.py
[2024-11-26T10:58:40.199+0000] {logging_mixin.py:190} INFO - [2024-11-26T10:58:40.199+0000] {override.py:1911} INFO - Created Permission View: can delete on DAG:example_xcom
[2024-11-26T10:58:40.208+0000] {logging_mixin.py:190} INFO - [2024-11-26T10:58:40.207+0000] {override.py:1911} INFO - Created Permission View: can read on DAG:example_xcom
[2024-11-26T10:58:40.213+0000] {logging_mixin.py:190} INFO - [2024-11-26T10:58:40.212+0000] {override.py:1911} INFO - Created Permission View: can edit on DAG:example_xcom
[2024-11-26T10:58:40.221+0000] {logging_mixin.py:190} INFO - [2024-11-26T10:58:40.221+0000] {override.py:1911} INFO - Created Permission View: can create on DAG Run:example_xcom
[2024-11-26T10:58:40.229+0000] {logging_mixin.py:190} INFO - [2024-11-26T10:58:40.229+0000] {override.py:1911} INFO - Created Permission View: can read on DAG Run:example_xcom
[2024-11-26T10:58:40.237+0000] {logging_mixin.py:190} INFO - [2024-11-26T10:58:40.237+0000] {override.py:1911} INFO - Created Permission View: menu access on DAG Run:example_xcom
[2024-11-26T10:58:40.244+0000] {logging_mixin.py:190} INFO - [2024-11-26T10:58:40.244+0000] {override.py:1911} INFO - Created Permission View: can delete on DAG Run:example_xcom
[2024-11-26T10:58:40.245+0000] {logging_mixin.py:190} INFO - [2024-11-26T10:58:40.245+0000] {dag.py:3239} INFO - Sync 1 DAGs
[2024-11-26T10:58:40.256+0000] {logging_mixin.py:190} INFO - [2024-11-26T10:58:40.255+0000] {dag.py:3262} INFO - Creating ORM DAG for example_xcom
[2024-11-26T10:58:40.264+0000] {logging_mixin.py:190} INFO - [2024-11-26T10:58:40.264+0000] {dag.py:4180} INFO - Setting next_dagrun for example_xcom to 2021-01-01 00:00:00+00:00, run_after=2021-01-01 00:00:00+00:00
[2024-11-26T10:58:40.283+0000] {processor.py:208} INFO - Processing /home/airflow/.local/lib/python3.12/site-packages/airflow/example_dags/example_xcom.py took 0.198 seconds
[2024-11-26T10:59:10.613+0000] {processor.py:186} INFO - Started process (PID=135) to work on /home/airflow/.local/lib/python3.12/site-packages/airflow/example_dags/example_xcom.py
[2024-11-26T10:59:10.614+0000] {processor.py:914} INFO - Processing file /home/airflow/.local/lib/python3.12/site-packages/airflow/example_dags/example_xcom.py for tasks to queue
[2024-11-26T10:59:10.617+0000] {logging_mixin.py:190} INFO - [2024-11-26T10:59:10.617+0000] {dagbag.py:588} INFO - Filling up the DagBag from /home/airflow/.local/lib/python3.12/site-packages/airflow/example_dags/example_xcom.py
[2024-11-26T10:59:10.628+0000] {processor.py:925} INFO - DAG(s) 'example_xcom' retrieved from /home/airflow/.local/lib/python3.12/site-packages/airflow/example_dags/example_xcom.py
[2024-11-26T10:59:10.649+0000] {logging_mixin.py:190} INFO - [2024-11-26T10:59:10.649+0000] {dag.py:3239} INFO - Sync 1 DAGs
[2024-11-26T10:59:10.677+0000] {logging_mixin.py:190} INFO - [2024-11-26T10:59:10.677+0000] {dag.py:4180} INFO - Setting next_dagrun for example_xcom to 2021-01-01 00:00:00+00:00, run_after=2021-01-01 00:00:00+00:00
[2024-11-26T10:59:10.695+0000] {processor.py:208} INFO - Processing /home/airflow/.local/lib/python3.12/site-packages/airflow/example_dags/example_xcom.py took 0.086 seconds
[2024-11-26T10:59:40.750+0000] {processor.py:186} INFO - Started process (PID=198) to work on /home/airflow/.local/lib/python3.12/site-packages/airflow/example_dags/example_xcom.py
[2024-11-26T10:59:40.752+0000] {processor.py:914} INFO - Processing file /home/airflow/.local/lib/python3.12/site-packages/airflow/example_dags/example_xcom.py for tasks to queue
[2024-11-26T10:59:40.754+0000] {logging_mixin.py:190} INFO - [2024-11-26T10:59:40.753+0000] {dagbag.py:588} INFO - Filling up the DagBag from /home/airflow/.local/lib/python3.12/site-packages/airflow/example_dags/example_xcom.py
[2024-11-26T10:59:40.760+0000] {processor.py:925} INFO - DAG(s) 'example_xcom' retrieved from /home/airflow/.local/lib/python3.12/site-packages/airflow/example_dags/example_xcom.py
[2024-11-26T10:59:40.774+0000] {logging_mixin.py:190} INFO - [2024-11-26T10:59:40.774+0000] {dag.py:3239} INFO - Sync 1 DAGs
[2024-11-26T10:59:40.788+0000] {logging_mixin.py:190} INFO - [2024-11-26T10:59:40.788+0000] {dag.py:4180} INFO - Setting next_dagrun for example_xcom to 2021-01-01 00:00:00+00:00, run_after=2021-01-01 00:00:00+00:00
[2024-11-26T10:59:40.801+0000] {processor.py:208} INFO - Processing /home/airflow/.local/lib/python3.12/site-packages/airflow/example_dags/example_xcom.py took 0.055 seconds
[2024-11-26T11:00:11.596+0000] {processor.py:186} INFO - Started process (PID=267) to work on /home/airflow/.local/lib/python3.12/site-packages/airflow/example_dags/example_xcom.py
[2024-11-26T11:00:11.598+0000] {processor.py:914} INFO - Processing file /home/airflow/.local/lib/python3.12/site-packages/airflow/example_dags/example_xcom.py for tasks to queue
[2024-11-26T11:00:11.601+0000] {logging_mixin.py:190} INFO - [2024-11-26T11:00:11.601+0000] {dagbag.py:588} INFO - Filling up the DagBag from /home/airflow/.local/lib/python3.12/site-packages/airflow/example_dags/example_xcom.py
[2024-11-26T11:00:11.613+0000] {processor.py:925} INFO - DAG(s) 'example_xcom' retrieved from /home/airflow/.local/lib/python3.12/site-packages/airflow/example_dags/example_xcom.py
[2024-11-26T11:00:11.637+0000] {logging_mixin.py:190} INFO - [2024-11-26T11:00:11.637+0000] {dag.py:3239} INFO - Sync 1 DAGs
[2024-11-26T11:00:11.665+0000] {logging_mixin.py:190} INFO - [2024-11-26T11:00:11.665+0000] {dag.py:4180} INFO - Setting next_dagrun for example_xcom to 2021-01-01 00:00:00+00:00, run_after=2021-01-01 00:00:00+00:00
[2024-11-26T11:00:11.696+0000] {processor.py:208} INFO - Processing /home/airflow/.local/lib/python3.12/site-packages/airflow/example_dags/example_xcom.py took 0.109 seconds
[2024-11-26T11:00:42.061+0000] {processor.py:186} INFO - Started process (PID=329) to work on /home/airflow/.local/lib/python3.12/site-packages/airflow/example_dags/example_xcom.py
[2024-11-26T11:00:42.062+0000] {processor.py:914} INFO - Processing file /home/airflow/.local/lib/python3.12/site-packages/airflow/example_dags/example_xcom.py for tasks to queue
[2024-11-26T11:00:42.065+0000] {logging_mixin.py:190} INFO - [2024-11-26T11:00:42.065+0000] {dagbag.py:588} INFO - Filling up the DagBag from /home/airflow/.local/lib/python3.12/site-packages/airflow/example_dags/example_xcom.py
[2024-11-26T11:00:42.072+0000] {processor.py:925} INFO - DAG(s) 'example_xcom' retrieved from /home/airflow/.local/lib/python3.12/site-packages/airflow/example_dags/example_xcom.py
[2024-11-26T11:00:42.091+0000] {logging_mixin.py:190} INFO - [2024-11-26T11:00:42.091+0000] {dag.py:3239} INFO - Sync 1 DAGs
[2024-11-26T11:00:42.111+0000] {logging_mixin.py:190} INFO - [2024-11-26T11:00:42.111+0000] {dag.py:4180} INFO - Setting next_dagrun for example_xcom to 2021-01-01 00:00:00+00:00, run_after=2021-01-01 00:00:00+00:00
[2024-11-26T11:00:42.130+0000] {processor.py:208} INFO - Processing /home/airflow/.local/lib/python3.12/site-packages/airflow/example_dags/example_xcom.py took 0.073 seconds
[2024-11-26T11:01:13.007+0000] {processor.py:186} INFO - Started process (PID=391) to work on /home/airflow/.local/lib/python3.12/site-packages/airflow/example_dags/example_xcom.py
[2024-11-26T11:01:13.008+0000] {processor.py:914} INFO - Processing file /home/airflow/.local/lib/python3.12/site-packages/airflow/example_dags/example_xcom.py for tasks to queue
[2024-11-26T11:01:13.011+0000] {logging_mixin.py:190} INFO - [2024-11-26T11:01:13.010+0000] {dagbag.py:588} INFO - Filling up the DagBag from /home/airflow/.local/lib/python3.12/site-packages/airflow/example_dags/example_xcom.py
[2024-11-26T11:01:13.017+0000] {processor.py:925} INFO - DAG(s) 'example_xcom' retrieved from /home/airflow/.local/lib/python3.12/site-packages/airflow/example_dags/example_xcom.py
[2024-11-26T11:01:13.031+0000] {logging_mixin.py:190} INFO - [2024-11-26T11:01:13.031+0000] {dag.py:3239} INFO - Sync 1 DAGs
[2024-11-26T11:01:13.045+0000] {logging_mixin.py:190} INFO - [2024-11-26T11:01:13.045+0000] {dag.py:4180} INFO - Setting next_dagrun for example_xcom to 2021-01-01 00:00:00+00:00, run_after=2021-01-01 00:00:00+00:00
[2024-11-26T11:01:13.059+0000] {processor.py:208} INFO - Processing /home/airflow/.local/lib/python3.12/site-packages/airflow/example_dags/example_xcom.py took 0.055 seconds
[2024-11-26T11:01:43.908+0000] {processor.py:186} INFO - Started process (PID=454) to work on /home/airflow/.local/lib/python3.12/site-packages/airflow/example_dags/example_xcom.py
[2024-11-26T11:01:43.909+0000] {processor.py:914} INFO - Processing file /home/airflow/.local/lib/python3.12/site-packages/airflow/example_dags/example_xcom.py for tasks to queue
[2024-11-26T11:01:43.911+0000] {logging_mixin.py:190} INFO - [2024-11-26T11:01:43.911+0000] {dagbag.py:588} INFO - Filling up the DagBag from /home/airflow/.local/lib/python3.12/site-packages/airflow/example_dags/example_xcom.py
[2024-11-26T11:01:43.920+0000] {processor.py:925} INFO - DAG(s) 'example_xcom' retrieved from /home/airflow/.local/lib/python3.12/site-packages/airflow/example_dags/example_xcom.py
[2024-11-26T11:01:43.939+0000] {logging_mixin.py:190} INFO - [2024-11-26T11:01:43.939+0000] {dag.py:3239} INFO - Sync 1 DAGs
[2024-11-26T11:01:43.960+0000] {logging_mixin.py:190} INFO - [2024-11-26T11:01:43.960+0000] {dag.py:4180} INFO - Setting next_dagrun for example_xcom to 2021-01-01 00:00:00+00:00, run_after=2021-01-01 00:00:00+00:00
[2024-11-26T11:01:43.978+0000] {processor.py:208} INFO - Processing /home/airflow/.local/lib/python3.12/site-packages/airflow/example_dags/example_xcom.py took 0.074 seconds
[2024-11-26T11:02:14.718+0000] {processor.py:186} INFO - Started process (PID=517) to work on /home/airflow/.local/lib/python3.12/site-packages/airflow/example_dags/example_xcom.py
[2024-11-26T11:02:14.719+0000] {processor.py:914} INFO - Processing file /home/airflow/.local/lib/python3.12/site-packages/airflow/example_dags/example_xcom.py for tasks to queue
[2024-11-26T11:02:14.721+0000] {logging_mixin.py:190} INFO - [2024-11-26T11:02:14.721+0000] {dagbag.py:588} INFO - Filling up the DagBag from /home/airflow/.local/lib/python3.12/site-packages/airflow/example_dags/example_xcom.py
[2024-11-26T11:02:14.728+0000] {processor.py:925} INFO - DAG(s) 'example_xcom' retrieved from /home/airflow/.local/lib/python3.12/site-packages/airflow/example_dags/example_xcom.py
[2024-11-26T11:02:14.747+0000] {logging_mixin.py:190} INFO - [2024-11-26T11:02:14.746+0000] {dag.py:3239} INFO - Sync 1 DAGs
[2024-11-26T11:02:14.773+0000] {logging_mixin.py:190} INFO - [2024-11-26T11:02:14.773+0000] {dag.py:4180} INFO - Setting next_dagrun for example_xcom to 2021-01-01 00:00:00+00:00, run_after=2021-01-01 00:00:00+00:00
[2024-11-26T11:02:14.795+0000] {processor.py:208} INFO - Processing /home/airflow/.local/lib/python3.12/site-packages/airflow/example_dags/example_xcom.py took 0.083 seconds
[2024-11-26T11:02:45.366+0000] {processor.py:186} INFO - Started process (PID=580) to work on /home/airflow/.local/lib/python3.12/site-packages/airflow/example_dags/example_xcom.py
[2024-11-26T11:02:45.368+0000] {processor.py:914} INFO - Processing file /home/airflow/.local/lib/python3.12/site-packages/airflow/example_dags/example_xcom.py for tasks to queue
[2024-11-26T11:02:45.369+0000] {logging_mixin.py:190} INFO - [2024-11-26T11:02:45.369+0000] {dagbag.py:588} INFO - Filling up the DagBag from /home/airflow/.local/lib/python3.12/site-packages/airflow/example_dags/example_xcom.py
[2024-11-26T11:02:45.376+0000] {processor.py:925} INFO - DAG(s) 'example_xcom' retrieved from /home/airflow/.local/lib/python3.12/site-packages/airflow/example_dags/example_xcom.py
[2024-11-26T11:02:45.392+0000] {logging_mixin.py:190} INFO - [2024-11-26T11:02:45.392+0000] {dag.py:3239} INFO - Sync 1 DAGs
[2024-11-26T11:02:45.407+0000] {logging_mixin.py:190} INFO - [2024-11-26T11:02:45.407+0000] {dag.py:4180} INFO - Setting next_dagrun for example_xcom to 2021-01-01 00:00:00+00:00, run_after=2021-01-01 00:00:00+00:00
[2024-11-26T11:02:45.421+0000] {processor.py:208} INFO - Processing /home/airflow/.local/lib/python3.12/site-packages/airflow/example_dags/example_xcom.py took 0.058 seconds
[2024-11-26T11:03:16.036+0000] {processor.py:186} INFO - Started process (PID=643) to work on /home/airflow/.local/lib/python3.12/site-packages/airflow/example_dags/example_xcom.py
[2024-11-26T11:03:16.036+0000] {processor.py:914} INFO - Processing file /home/airflow/.local/lib/python3.12/site-packages/airflow/example_dags/example_xcom.py for tasks to queue
[2024-11-26T11:03:16.038+0000] {logging_mixin.py:190} INFO - [2024-11-26T11:03:16.038+0000] {dagbag.py:588} INFO - Filling up the DagBag from /home/airflow/.local/lib/python3.12/site-packages/airflow/example_dags/example_xcom.py
[2024-11-26T11:03:16.046+0000] {processor.py:925} INFO - DAG(s) 'example_xcom' retrieved from /home/airflow/.local/lib/python3.12/site-packages/airflow/example_dags/example_xcom.py
[2024-11-26T11:03:16.059+0000] {logging_mixin.py:190} INFO - [2024-11-26T11:03:16.059+0000] {dag.py:3239} INFO - Sync 1 DAGs
[2024-11-26T11:03:16.074+0000] {logging_mixin.py:190} INFO - [2024-11-26T11:03:16.074+0000] {dag.py:4180} INFO - Setting next_dagrun for example_xcom to 2021-01-01 00:00:00+00:00, run_after=2021-01-01 00:00:00+00:00
[2024-11-26T11:03:16.089+0000] {processor.py:208} INFO - Processing /home/airflow/.local/lib/python3.12/site-packages/airflow/example_dags/example_xcom.py took 0.057 seconds
[2024-11-26T11:03:46.659+0000] {processor.py:186} INFO - Started process (PID=706) to work on /home/airflow/.local/lib/python3.12/site-packages/airflow/example_dags/example_xcom.py
[2024-11-26T11:03:46.660+0000] {processor.py:914} INFO - Processing file /home/airflow/.local/lib/python3.12/site-packages/airflow/example_dags/example_xcom.py for tasks to queue
[2024-11-26T11:03:46.662+0000] {logging_mixin.py:190} INFO - [2024-11-26T11:03:46.662+0000] {dagbag.py:588} INFO - Filling up the DagBag from /home/airflow/.local/lib/python3.12/site-packages/airflow/example_dags/example_xcom.py
[2024-11-26T11:03:46.670+0000] {processor.py:925} INFO - DAG(s) 'example_xcom' retrieved from /home/airflow/.local/lib/python3.12/site-packages/airflow/example_dags/example_xcom.py
[2024-11-26T11:03:46.691+0000] {logging_mixin.py:190} INFO - [2024-11-26T11:03:46.691+0000] {dag.py:3239} INFO - Sync 1 DAGs
[2024-11-26T11:03:46.712+0000] {logging_mixin.py:190} INFO - [2024-11-26T11:03:46.711+0000] {dag.py:4180} INFO - Setting next_dagrun for example_xcom to 2021-01-01 00:00:00+00:00, run_after=2021-01-01 00:00:00+00:00
[2024-11-26T11:03:46.728+0000] {processor.py:208} INFO - Processing /home/airflow/.local/lib/python3.12/site-packages/airflow/example_dags/example_xcom.py took 0.074 seconds
[2024-11-26T11:04:17.434+0000] {processor.py:186} INFO - Started process (PID=769) to work on /home/airflow/.local/lib/python3.12/site-packages/airflow/example_dags/example_xcom.py
[2024-11-26T11:04:17.435+0000] {processor.py:914} INFO - Processing file /home/airflow/.local/lib/python3.12/site-packages/airflow/example_dags/example_xcom.py for tasks to queue
[2024-11-26T11:04:17.436+0000] {logging_mixin.py:190} INFO - [2024-11-26T11:04:17.436+0000] {dagbag.py:588} INFO - Filling up the DagBag from /home/airflow/.local/lib/python3.12/site-packages/airflow/example_dags/example_xcom.py
[2024-11-26T11:04:17.446+0000] {processor.py:925} INFO - DAG(s) 'example_xcom' retrieved from /home/airflow/.local/lib/python3.12/site-packages/airflow/example_dags/example_xcom.py
[2024-11-26T11:04:17.465+0000] {logging_mixin.py:190} INFO - [2024-11-26T11:04:17.465+0000] {dag.py:3239} INFO - Sync 1 DAGs
[2024-11-26T11:04:17.484+0000] {logging_mixin.py:190} INFO - [2024-11-26T11:04:17.484+0000] {dag.py:4180} INFO - Setting next_dagrun for example_xcom to 2021-01-01 00:00:00+00:00, run_after=2021-01-01 00:00:00+00:00
[2024-11-26T11:04:17.499+0000] {processor.py:208} INFO - Processing /home/airflow/.local/lib/python3.12/site-packages/airflow/example_dags/example_xcom.py took 0.070 seconds
[2024-11-26T11:04:48.352+0000] {processor.py:186} INFO - Started process (PID=832) to work on /home/airflow/.local/lib/python3.12/site-packages/airflow/example_dags/example_xcom.py
[2024-11-26T11:04:48.353+0000] {processor.py:914} INFO - Processing file /home/airflow/.local/lib/python3.12/site-packages/airflow/example_dags/example_xcom.py for tasks to queue
[2024-11-26T11:04:48.354+0000] {logging_mixin.py:190} INFO - [2024-11-26T11:04:48.354+0000] {dagbag.py:588} INFO - Filling up the DagBag from /home/airflow/.local/lib/python3.12/site-packages/airflow/example_dags/example_xcom.py
[2024-11-26T11:04:48.361+0000] {processor.py:925} INFO - DAG(s) 'example_xcom' retrieved from /home/airflow/.local/lib/python3.12/site-packages/airflow/example_dags/example_xcom.py
[2024-11-26T11:04:48.378+0000] {logging_mixin.py:190} INFO - [2024-11-26T11:04:48.378+0000] {dag.py:3239} INFO - Sync 1 DAGs
[2024-11-26T11:04:48.394+0000] {logging_mixin.py:190} INFO - [2024-11-26T11:04:48.394+0000] {dag.py:4180} INFO - Setting next_dagrun for example_xcom to 2021-01-01 00:00:00+00:00, run_after=2021-01-01 00:00:00+00:00
[2024-11-26T11:04:48.409+0000] {processor.py:208} INFO - Processing /home/airflow/.local/lib/python3.12/site-packages/airflow/example_dags/example_xcom.py took 0.061 seconds
[2024-11-26T11:05:18.794+0000] {processor.py:186} INFO - Started process (PID=894) to work on /home/airflow/.local/lib/python3.12/site-packages/airflow/example_dags/example_xcom.py
[2024-11-26T11:05:18.795+0000] {processor.py:914} INFO - Processing file /home/airflow/.local/lib/python3.12/site-packages/airflow/example_dags/example_xcom.py for tasks to queue
[2024-11-26T11:05:18.797+0000] {logging_mixin.py:190} INFO - [2024-11-26T11:05:18.797+0000] {dagbag.py:588} INFO - Filling up the DagBag from /home/airflow/.local/lib/python3.12/site-packages/airflow/example_dags/example_xcom.py
[2024-11-26T11:05:18.803+0000] {processor.py:925} INFO - DAG(s) 'example_xcom' retrieved from /home/airflow/.local/lib/python3.12/site-packages/airflow/example_dags/example_xcom.py
[2024-11-26T11:05:18.817+0000] {logging_mixin.py:190} INFO - [2024-11-26T11:05:18.817+0000] {dag.py:3239} INFO - Sync 1 DAGs
[2024-11-26T11:05:18.831+0000] {logging_mixin.py:190} INFO - [2024-11-26T11:05:18.831+0000] {dag.py:4180} INFO - Setting next_dagrun for example_xcom to 2021-01-01 00:00:00+00:00, run_after=2021-01-01 00:00:00+00:00
[2024-11-26T11:05:18.847+0000] {processor.py:208} INFO - Processing /home/airflow/.local/lib/python3.12/site-packages/airflow/example_dags/example_xcom.py took 0.059 seconds
[2024-11-26T11:05:49.003+0000] {processor.py:186} INFO - Started process (PID=957) to work on /home/airflow/.local/lib/python3.12/site-packages/airflow/example_dags/example_xcom.py
[2024-11-26T11:05:49.003+0000] {processor.py:914} INFO - Processing file /home/airflow/.local/lib/python3.12/site-packages/airflow/example_dags/example_xcom.py for tasks to queue
[2024-11-26T11:05:49.005+0000] {logging_mixin.py:190} INFO - [2024-11-26T11:05:49.005+0000] {dagbag.py:588} INFO - Filling up the DagBag from /home/airflow/.local/lib/python3.12/site-packages/airflow/example_dags/example_xcom.py
[2024-11-26T11:05:49.012+0000] {processor.py:925} INFO - DAG(s) 'example_xcom' retrieved from /home/airflow/.local/lib/python3.12/site-packages/airflow/example_dags/example_xcom.py
[2024-11-26T11:05:49.026+0000] {logging_mixin.py:190} INFO - [2024-11-26T11:05:49.025+0000] {dag.py:3239} INFO - Sync 1 DAGs
[2024-11-26T11:05:49.040+0000] {logging_mixin.py:190} INFO - [2024-11-26T11:05:49.040+0000] {dag.py:4180} INFO - Setting next_dagrun for example_xcom to 2021-01-01 00:00:00+00:00, run_after=2021-01-01 00:00:00+00:00
[2024-11-26T11:05:49.054+0000] {processor.py:208} INFO - Processing /home/airflow/.local/lib/python3.12/site-packages/airflow/example_dags/example_xcom.py took 0.055 seconds
[2024-11-26T11:06:19.511+0000] {processor.py:186} INFO - Started process (PID=1020) to work on /home/airflow/.local/lib/python3.12/site-packages/airflow/example_dags/example_xcom.py
[2024-11-26T11:06:19.512+0000] {processor.py:914} INFO - Processing file /home/airflow/.local/lib/python3.12/site-packages/airflow/example_dags/example_xcom.py for tasks to queue
[2024-11-26T11:06:19.514+0000] {logging_mixin.py:190} INFO - [2024-11-26T11:06:19.514+0000] {dagbag.py:588} INFO - Filling up the DagBag from /home/airflow/.local/lib/python3.12/site-packages/airflow/example_dags/example_xcom.py
[2024-11-26T11:06:19.521+0000] {processor.py:925} INFO - DAG(s) 'example_xcom' retrieved from /home/airflow/.local/lib/python3.12/site-packages/airflow/example_dags/example_xcom.py
[2024-11-26T11:06:19.537+0000] {logging_mixin.py:190} INFO - [2024-11-26T11:06:19.537+0000] {dag.py:3239} INFO - Sync 1 DAGs
[2024-11-26T11:06:19.553+0000] {logging_mixin.py:190} INFO - [2024-11-26T11:06:19.553+0000] {dag.py:4180} INFO - Setting next_dagrun for example_xcom to 2021-01-01 00:00:00+00:00, run_after=2021-01-01 00:00:00+00:00
[2024-11-26T11:06:19.566+0000] {processor.py:208} INFO - Processing /home/airflow/.local/lib/python3.12/site-packages/airflow/example_dags/example_xcom.py took 0.059 seconds
[2024-11-26T11:06:49.729+0000] {processor.py:186} INFO - Started process (PID=1083) to work on /home/airflow/.local/lib/python3.12/site-packages/airflow/example_dags/example_xcom.py
[2024-11-26T11:06:49.730+0000] {processor.py:914} INFO - Processing file /home/airflow/.local/lib/python3.12/site-packages/airflow/example_dags/example_xcom.py for tasks to queue
[2024-11-26T11:06:49.732+0000] {logging_mixin.py:190} INFO - [2024-11-26T11:06:49.732+0000] {dagbag.py:588} INFO - Filling up the DagBag from /home/airflow/.local/lib/python3.12/site-packages/airflow/example_dags/example_xcom.py
[2024-11-26T11:06:49.739+0000] {processor.py:925} INFO - DAG(s) 'example_xcom' retrieved from /home/airflow/.local/lib/python3.12/site-packages/airflow/example_dags/example_xcom.py
[2024-11-26T11:06:49.754+0000] {logging_mixin.py:190} INFO - [2024-11-26T11:06:49.754+0000] {dag.py:3239} INFO - Sync 1 DAGs
[2024-11-26T11:06:49.771+0000] {logging_mixin.py:190} INFO - [2024-11-26T11:06:49.770+0000] {dag.py:4180} INFO - Setting next_dagrun for example_xcom to 2021-01-01 00:00:00+00:00, run_after=2021-01-01 00:00:00+00:00
[2024-11-26T11:06:49.786+0000] {processor.py:208} INFO - Processing /home/airflow/.local/lib/python3.12/site-packages/airflow/example_dags/example_xcom.py took 0.061 seconds
[2024-11-26T11:07:19.847+0000] {processor.py:186} INFO - Started process (PID=1146) to work on /home/airflow/.local/lib/python3.12/site-packages/airflow/example_dags/example_xcom.py
[2024-11-26T11:07:19.848+0000] {processor.py:914} INFO - Processing file /home/airflow/.local/lib/python3.12/site-packages/airflow/example_dags/example_xcom.py for tasks to queue
[2024-11-26T11:07:19.851+0000] {logging_mixin.py:190} INFO - [2024-11-26T11:07:19.851+0000] {dagbag.py:588} INFO - Filling up the DagBag from /home/airflow/.local/lib/python3.12/site-packages/airflow/example_dags/example_xcom.py
[2024-11-26T11:07:19.859+0000] {processor.py:925} INFO - DAG(s) 'example_xcom' retrieved from /home/airflow/.local/lib/python3.12/site-packages/airflow/example_dags/example_xcom.py
[2024-11-26T11:07:19.882+0000] {logging_mixin.py:190} INFO - [2024-11-26T11:07:19.881+0000] {dag.py:3239} INFO - Sync 1 DAGs
[2024-11-26T11:07:19.902+0000] {logging_mixin.py:190} INFO - [2024-11-26T11:07:19.902+0000] {dag.py:4180} INFO - Setting next_dagrun for example_xcom to 2021-01-01 00:00:00+00:00, run_after=2021-01-01 00:00:00+00:00
[2024-11-26T11:07:19.922+0000] {processor.py:208} INFO - Processing /home/airflow/.local/lib/python3.12/site-packages/airflow/example_dags/example_xcom.py took 0.079 seconds
[2024-11-26T11:07:50.013+0000] {processor.py:186} INFO - Started process (PID=1209) to work on /home/airflow/.local/lib/python3.12/site-packages/airflow/example_dags/example_xcom.py
[2024-11-26T11:07:50.015+0000] {processor.py:914} INFO - Processing file /home/airflow/.local/lib/python3.12/site-packages/airflow/example_dags/example_xcom.py for tasks to queue
[2024-11-26T11:07:50.017+0000] {logging_mixin.py:190} INFO - [2024-11-26T11:07:50.017+0000] {dagbag.py:588} INFO - Filling up the DagBag from /home/airflow/.local/lib/python3.12/site-packages/airflow/example_dags/example_xcom.py
[2024-11-26T11:07:50.024+0000] {processor.py:925} INFO - DAG(s) 'example_xcom' retrieved from /home/airflow/.local/lib/python3.12/site-packages/airflow/example_dags/example_xcom.py
[2024-11-26T11:07:50.041+0000] {logging_mixin.py:190} INFO - [2024-11-26T11:07:50.041+0000] {dag.py:3239} INFO - Sync 1 DAGs
[2024-11-26T11:07:50.057+0000] {logging_mixin.py:190} INFO - [2024-11-26T11:07:50.057+0000] {dag.py:4180} INFO - Setting next_dagrun for example_xcom to 2021-01-01 00:00:00+00:00, run_after=2021-01-01 00:00:00+00:00
[2024-11-26T11:07:50.072+0000] {processor.py:208} INFO - Processing /home/airflow/.local/lib/python3.12/site-packages/airflow/example_dags/example_xcom.py took 0.063 seconds
[2024-11-26T11:08:20.494+0000] {processor.py:186} INFO - Started process (PID=1272) to work on /home/airflow/.local/lib/python3.12/site-packages/airflow/example_dags/example_xcom.py
[2024-11-26T11:08:20.495+0000] {processor.py:914} INFO - Processing file /home/airflow/.local/lib/python3.12/site-packages/airflow/example_dags/example_xcom.py for tasks to queue
[2024-11-26T11:08:20.497+0000] {logging_mixin.py:190} INFO - [2024-11-26T11:08:20.497+0000] {dagbag.py:588} INFO - Filling up the DagBag from /home/airflow/.local/lib/python3.12/site-packages/airflow/example_dags/example_xcom.py
[2024-11-26T11:08:20.505+0000] {processor.py:925} INFO - DAG(s) 'example_xcom' retrieved from /home/airflow/.local/lib/python3.12/site-packages/airflow/example_dags/example_xcom.py
[2024-11-26T11:08:20.519+0000] {logging_mixin.py:190} INFO - [2024-11-26T11:08:20.519+0000] {dag.py:3239} INFO - Sync 1 DAGs
[2024-11-26T11:08:20.536+0000] {logging_mixin.py:190} INFO - [2024-11-26T11:08:20.536+0000] {dag.py:4180} INFO - Setting next_dagrun for example_xcom to 2021-01-01 00:00:00+00:00, run_after=2021-01-01 00:00:00+00:00
[2024-11-26T11:08:20.550+0000] {processor.py:208} INFO - Processing /home/airflow/.local/lib/python3.12/site-packages/airflow/example_dags/example_xcom.py took 0.060 seconds
[2024-11-26T11:08:51.153+0000] {processor.py:186} INFO - Started process (PID=1335) to work on /home/airflow/.local/lib/python3.12/site-packages/airflow/example_dags/example_xcom.py
[2024-11-26T11:08:51.155+0000] {processor.py:914} INFO - Processing file /home/airflow/.local/lib/python3.12/site-packages/airflow/example_dags/example_xcom.py for tasks to queue
[2024-11-26T11:08:51.157+0000] {logging_mixin.py:190} INFO - [2024-11-26T11:08:51.156+0000] {dagbag.py:588} INFO - Filling up the DagBag from /home/airflow/.local/lib/python3.12/site-packages/airflow/example_dags/example_xcom.py
[2024-11-26T11:08:51.164+0000] {processor.py:925} INFO - DAG(s) 'example_xcom' retrieved from /home/airflow/.local/lib/python3.12/site-packages/airflow/example_dags/example_xcom.py
[2024-11-26T11:08:51.183+0000] {logging_mixin.py:190} INFO - [2024-11-26T11:08:51.183+0000] {dag.py:3239} INFO - Sync 1 DAGs
[2024-11-26T11:08:51.203+0000] {logging_mixin.py:190} INFO - [2024-11-26T11:08:51.202+0000] {dag.py:4180} INFO - Setting next_dagrun for example_xcom to 2021-01-01 00:00:00+00:00, run_after=2021-01-01 00:00:00+00:00
[2024-11-26T11:08:51.218+0000] {processor.py:208} INFO - Processing /home/airflow/.local/lib/python3.12/site-packages/airflow/example_dags/example_xcom.py took 0.069 seconds
[2024-11-26T11:09:21.630+0000] {processor.py:186} INFO - Started process (PID=1398) to work on /home/airflow/.local/lib/python3.12/site-packages/airflow/example_dags/example_xcom.py
[2024-11-26T11:09:21.630+0000] {processor.py:914} INFO - Processing file /home/airflow/.local/lib/python3.12/site-packages/airflow/example_dags/example_xcom.py for tasks to queue
[2024-11-26T11:09:21.632+0000] {logging_mixin.py:190} INFO - [2024-11-26T11:09:21.632+0000] {dagbag.py:588} INFO - Filling up the DagBag from /home/airflow/.local/lib/python3.12/site-packages/airflow/example_dags/example_xcom.py
[2024-11-26T11:09:21.639+0000] {processor.py:925} INFO - DAG(s) 'example_xcom' retrieved from /home/airflow/.local/lib/python3.12/site-packages/airflow/example_dags/example_xcom.py
[2024-11-26T11:09:21.653+0000] {logging_mixin.py:190} INFO - [2024-11-26T11:09:21.653+0000] {dag.py:3239} INFO - Sync 1 DAGs
[2024-11-26T11:09:21.667+0000] {logging_mixin.py:190} INFO - [2024-11-26T11:09:21.667+0000] {dag.py:4180} INFO - Setting next_dagrun for example_xcom to 2021-01-01 00:00:00+00:00, run_after=2021-01-01 00:00:00+00:00
[2024-11-26T11:09:21.681+0000] {processor.py:208} INFO - Processing /home/airflow/.local/lib/python3.12/site-packages/airflow/example_dags/example_xcom.py took 0.055 seconds
[2024-11-26T11:09:52.107+0000] {processor.py:186} INFO - Started process (PID=1461) to work on /home/airflow/.local/lib/python3.12/site-packages/airflow/example_dags/example_xcom.py
[2024-11-26T11:09:52.108+0000] {processor.py:914} INFO - Processing file /home/airflow/.local/lib/python3.12/site-packages/airflow/example_dags/example_xcom.py for tasks to queue
[2024-11-26T11:09:52.110+0000] {logging_mixin.py:190} INFO - [2024-11-26T11:09:52.110+0000] {dagbag.py:588} INFO - Filling up the DagBag from /home/airflow/.local/lib/python3.12/site-packages/airflow/example_dags/example_xcom.py
[2024-11-26T11:09:52.116+0000] {processor.py:925} INFO - DAG(s) 'example_xcom' retrieved from /home/airflow/.local/lib/python3.12/site-packages/airflow/example_dags/example_xcom.py
[2024-11-26T11:09:52.132+0000] {logging_mixin.py:190} INFO - [2024-11-26T11:09:52.132+0000] {dag.py:3239} INFO - Sync 1 DAGs
[2024-11-26T11:09:52.149+0000] {logging_mixin.py:190} INFO - [2024-11-26T11:09:52.149+0000] {dag.py:4180} INFO - Setting next_dagrun for example_xcom to 2021-01-01 00:00:00+00:00, run_after=2021-01-01 00:00:00+00:00
[2024-11-26T11:09:52.164+0000] {processor.py:208} INFO - Processing /home/airflow/.local/lib/python3.12/site-packages/airflow/example_dags/example_xcom.py took 0.063 seconds
[2024-11-26T11:10:22.953+0000] {processor.py:186} INFO - Started process (PID=1524) to work on /home/airflow/.local/lib/python3.12/site-packages/airflow/example_dags/example_xcom.py
[2024-11-26T11:10:22.954+0000] {processor.py:914} INFO - Processing file /home/airflow/.local/lib/python3.12/site-packages/airflow/example_dags/example_xcom.py for tasks to queue
[2024-11-26T11:10:22.956+0000] {logging_mixin.py:190} INFO - [2024-11-26T11:10:22.955+0000] {dagbag.py:588} INFO - Filling up the DagBag from /home/airflow/.local/lib/python3.12/site-packages/airflow/example_dags/example_xcom.py
[2024-11-26T11:10:22.963+0000] {processor.py:925} INFO - DAG(s) 'example_xcom' retrieved from /home/airflow/.local/lib/python3.12/site-packages/airflow/example_dags/example_xcom.py
[2024-11-26T11:10:22.981+0000] {logging_mixin.py:190} INFO - [2024-11-26T11:10:22.980+0000] {dag.py:3239} INFO - Sync 1 DAGs
[2024-11-26T11:10:22.999+0000] {logging_mixin.py:190} INFO - [2024-11-26T11:10:22.999+0000] {dag.py:4180} INFO - Setting next_dagrun for example_xcom to 2021-01-01 00:00:00+00:00, run_after=2021-01-01 00:00:00+00:00
[2024-11-26T11:10:23.095+0000] {processor.py:208} INFO - Processing /home/airflow/.local/lib/python3.12/site-packages/airflow/example_dags/example_xcom.py took 0.149 seconds
[2024-11-26T11:10:53.128+0000] {processor.py:186} INFO - Started process (PID=1587) to work on /home/airflow/.local/lib/python3.12/site-packages/airflow/example_dags/example_xcom.py
[2024-11-26T11:10:53.129+0000] {processor.py:914} INFO - Processing file /home/airflow/.local/lib/python3.12/site-packages/airflow/example_dags/example_xcom.py for tasks to queue
[2024-11-26T11:10:53.131+0000] {logging_mixin.py:190} INFO - [2024-11-26T11:10:53.131+0000] {dagbag.py:588} INFO - Filling up the DagBag from /home/airflow/.local/lib/python3.12/site-packages/airflow/example_dags/example_xcom.py
[2024-11-26T11:10:53.140+0000] {processor.py:925} INFO - DAG(s) 'example_xcom' retrieved from /home/airflow/.local/lib/python3.12/site-packages/airflow/example_dags/example_xcom.py
[2024-11-26T11:10:53.161+0000] {logging_mixin.py:190} INFO - [2024-11-26T11:10:53.160+0000] {dag.py:3239} INFO - Sync 1 DAGs
[2024-11-26T11:10:53.183+0000] {logging_mixin.py:190} INFO - [2024-11-26T11:10:53.182+0000] {dag.py:4180} INFO - Setting next_dagrun for example_xcom to 2021-01-01 00:00:00+00:00, run_after=2021-01-01 00:00:00+00:00
[2024-11-26T11:10:53.206+0000] {processor.py:208} INFO - Processing /home/airflow/.local/lib/python3.12/site-packages/airflow/example_dags/example_xcom.py took 0.082 seconds
[2024-11-26T11:11:23.631+0000] {processor.py:186} INFO - Started process (PID=1650) to work on /home/airflow/.local/lib/python3.12/site-packages/airflow/example_dags/example_xcom.py
[2024-11-26T11:11:23.632+0000] {processor.py:914} INFO - Processing file /home/airflow/.local/lib/python3.12/site-packages/airflow/example_dags/example_xcom.py for tasks to queue
[2024-11-26T11:11:23.635+0000] {logging_mixin.py:190} INFO - [2024-11-26T11:11:23.635+0000] {dagbag.py:588} INFO - Filling up the DagBag from /home/airflow/.local/lib/python3.12/site-packages/airflow/example_dags/example_xcom.py
[2024-11-26T11:11:23.647+0000] {processor.py:925} INFO - DAG(s) 'example_xcom' retrieved from /home/airflow/.local/lib/python3.12/site-packages/airflow/example_dags/example_xcom.py
[2024-11-26T11:11:23.674+0000] {logging_mixin.py:190} INFO - [2024-11-26T11:11:23.674+0000] {dag.py:3239} INFO - Sync 1 DAGs
[2024-11-26T11:11:23.695+0000] {logging_mixin.py:190} INFO - [2024-11-26T11:11:23.695+0000] {dag.py:4180} INFO - Setting next_dagrun for example_xcom to 2021-01-01 00:00:00+00:00, run_after=2021-01-01 00:00:00+00:00
[2024-11-26T11:11:23.712+0000] {processor.py:208} INFO - Processing /home/airflow/.local/lib/python3.12/site-packages/airflow/example_dags/example_xcom.py took 0.088 seconds
