[2024-11-26T10:58:45.586+0000] {processor.py:186} INFO - Started process (PID=113) to work on /home/airflow/.local/lib/python3.12/site-packages/airflow/example_dags/example_display_name.py
[2024-11-26T10:58:45.587+0000] {processor.py:914} INFO - Processing file /home/airflow/.local/lib/python3.12/site-packages/airflow/example_dags/example_display_name.py for tasks to queue
[2024-11-26T10:58:45.589+0000] {logging_mixin.py:190} INFO - [2024-11-26T10:58:45.589+0000] {dagbag.py:588} INFO - Filling up the DagBag from /home/airflow/.local/lib/python3.12/site-packages/airflow/example_dags/example_display_name.py
[2024-11-26T10:58:45.595+0000] {processor.py:925} INFO - DAG(s) 'example_display_name' retrieved from /home/airflow/.local/lib/python3.12/site-packages/airflow/example_dags/example_display_name.py
[2024-11-26T10:58:45.686+0000] {logging_mixin.py:190} INFO - [2024-11-26T10:58:45.686+0000] {override.py:1911} INFO - Created Permission View: can delete on DAG:example_display_name
[2024-11-26T10:58:45.697+0000] {logging_mixin.py:190} INFO - [2024-11-26T10:58:45.697+0000] {override.py:1911} INFO - Created Permission View: can read on DAG:example_display_name
[2024-11-26T10:58:45.705+0000] {logging_mixin.py:190} INFO - [2024-11-26T10:58:45.705+0000] {override.py:1911} INFO - Created Permission View: can edit on DAG:example_display_name
[2024-11-26T10:58:45.716+0000] {logging_mixin.py:190} INFO - [2024-11-26T10:58:45.716+0000] {override.py:1911} INFO - Created Permission View: can create on DAG Run:example_display_name
[2024-11-26T10:58:45.724+0000] {logging_mixin.py:190} INFO - [2024-11-26T10:58:45.724+0000] {override.py:1911} INFO - Created Permission View: can read on DAG Run:example_display_name
[2024-11-26T10:58:45.730+0000] {logging_mixin.py:190} INFO - [2024-11-26T10:58:45.729+0000] {override.py:1911} INFO - Created Permission View: menu access on DAG Run:example_display_name
[2024-11-26T10:58:45.735+0000] {logging_mixin.py:190} INFO - [2024-11-26T10:58:45.734+0000] {override.py:1911} INFO - Created Permission View: can delete on DAG Run:example_display_name
[2024-11-26T10:58:45.735+0000] {logging_mixin.py:190} INFO - [2024-11-26T10:58:45.735+0000] {dag.py:3239} INFO - Sync 1 DAGs
[2024-11-26T10:58:45.746+0000] {logging_mixin.py:190} INFO - [2024-11-26T10:58:45.746+0000] {dag.py:3262} INFO - Creating ORM DAG for example_display_name
[2024-11-26T10:58:45.746+0000] {logging_mixin.py:190} INFO - [2024-11-26T10:58:45.746+0000] {dag.py:4180} INFO - Setting next_dagrun for example_display_name to None, run_after=None
[2024-11-26T10:58:45.763+0000] {processor.py:208} INFO - Processing /home/airflow/.local/lib/python3.12/site-packages/airflow/example_dags/example_display_name.py took 0.182 seconds
[2024-11-26T10:59:16.542+0000] {processor.py:186} INFO - Started process (PID=176) to work on /home/airflow/.local/lib/python3.12/site-packages/airflow/example_dags/example_display_name.py
[2024-11-26T10:59:16.544+0000] {processor.py:914} INFO - Processing file /home/airflow/.local/lib/python3.12/site-packages/airflow/example_dags/example_display_name.py for tasks to queue
[2024-11-26T10:59:16.548+0000] {logging_mixin.py:190} INFO - [2024-11-26T10:59:16.547+0000] {dagbag.py:588} INFO - Filling up the DagBag from /home/airflow/.local/lib/python3.12/site-packages/airflow/example_dags/example_display_name.py
[2024-11-26T10:59:16.557+0000] {processor.py:925} INFO - DAG(s) 'example_display_name' retrieved from /home/airflow/.local/lib/python3.12/site-packages/airflow/example_dags/example_display_name.py
[2024-11-26T10:59:16.579+0000] {logging_mixin.py:190} INFO - [2024-11-26T10:59:16.579+0000] {dag.py:3239} INFO - Sync 1 DAGs
[2024-11-26T10:59:16.599+0000] {logging_mixin.py:190} INFO - [2024-11-26T10:59:16.599+0000] {dag.py:4180} INFO - Setting next_dagrun for example_display_name to None, run_after=None
[2024-11-26T10:59:16.616+0000] {processor.py:208} INFO - Processing /home/airflow/.local/lib/python3.12/site-packages/airflow/example_dags/example_display_name.py took 0.079 seconds
[2024-11-26T10:59:47.227+0000] {processor.py:186} INFO - Started process (PID=239) to work on /home/airflow/.local/lib/python3.12/site-packages/airflow/example_dags/example_display_name.py
[2024-11-26T10:59:47.228+0000] {processor.py:914} INFO - Processing file /home/airflow/.local/lib/python3.12/site-packages/airflow/example_dags/example_display_name.py for tasks to queue
[2024-11-26T10:59:47.231+0000] {logging_mixin.py:190} INFO - [2024-11-26T10:59:47.231+0000] {dagbag.py:588} INFO - Filling up the DagBag from /home/airflow/.local/lib/python3.12/site-packages/airflow/example_dags/example_display_name.py
[2024-11-26T10:59:47.238+0000] {processor.py:925} INFO - DAG(s) 'example_display_name' retrieved from /home/airflow/.local/lib/python3.12/site-packages/airflow/example_dags/example_display_name.py
[2024-11-26T10:59:47.259+0000] {logging_mixin.py:190} INFO - [2024-11-26T10:59:47.258+0000] {dag.py:3239} INFO - Sync 1 DAGs
[2024-11-26T10:59:47.275+0000] {logging_mixin.py:190} INFO - [2024-11-26T10:59:47.275+0000] {dag.py:4180} INFO - Setting next_dagrun for example_display_name to None, run_after=None
[2024-11-26T10:59:47.295+0000] {processor.py:208} INFO - Processing /home/airflow/.local/lib/python3.12/site-packages/airflow/example_dags/example_display_name.py took 0.074 seconds
[2024-11-26T11:00:17.823+0000] {processor.py:186} INFO - Started process (PID=302) to work on /home/airflow/.local/lib/python3.12/site-packages/airflow/example_dags/example_display_name.py
[2024-11-26T11:00:17.824+0000] {processor.py:914} INFO - Processing file /home/airflow/.local/lib/python3.12/site-packages/airflow/example_dags/example_display_name.py for tasks to queue
[2024-11-26T11:00:17.827+0000] {logging_mixin.py:190} INFO - [2024-11-26T11:00:17.827+0000] {dagbag.py:588} INFO - Filling up the DagBag from /home/airflow/.local/lib/python3.12/site-packages/airflow/example_dags/example_display_name.py
[2024-11-26T11:00:17.835+0000] {processor.py:925} INFO - DAG(s) 'example_display_name' retrieved from /home/airflow/.local/lib/python3.12/site-packages/airflow/example_dags/example_display_name.py
[2024-11-26T11:00:17.852+0000] {logging_mixin.py:190} INFO - [2024-11-26T11:00:17.852+0000] {dag.py:3239} INFO - Sync 1 DAGs
[2024-11-26T11:00:17.866+0000] {logging_mixin.py:190} INFO - [2024-11-26T11:00:17.865+0000] {dag.py:4180} INFO - Setting next_dagrun for example_display_name to None, run_after=None
[2024-11-26T11:00:17.885+0000] {processor.py:208} INFO - Processing /home/airflow/.local/lib/python3.12/site-packages/airflow/example_dags/example_display_name.py took 0.067 seconds
[2024-11-26T11:00:48.655+0000] {processor.py:186} INFO - Started process (PID=363) to work on /home/airflow/.local/lib/python3.12/site-packages/airflow/example_dags/example_display_name.py
[2024-11-26T11:00:48.657+0000] {processor.py:914} INFO - Processing file /home/airflow/.local/lib/python3.12/site-packages/airflow/example_dags/example_display_name.py for tasks to queue
[2024-11-26T11:00:48.659+0000] {logging_mixin.py:190} INFO - [2024-11-26T11:00:48.659+0000] {dagbag.py:588} INFO - Filling up the DagBag from /home/airflow/.local/lib/python3.12/site-packages/airflow/example_dags/example_display_name.py
[2024-11-26T11:00:48.665+0000] {processor.py:925} INFO - DAG(s) 'example_display_name' retrieved from /home/airflow/.local/lib/python3.12/site-packages/airflow/example_dags/example_display_name.py
[2024-11-26T11:00:48.683+0000] {logging_mixin.py:190} INFO - [2024-11-26T11:00:48.683+0000] {dag.py:3239} INFO - Sync 1 DAGs
[2024-11-26T11:00:48.700+0000] {logging_mixin.py:190} INFO - [2024-11-26T11:00:48.700+0000] {dag.py:4180} INFO - Setting next_dagrun for example_display_name to None, run_after=None
[2024-11-26T11:00:48.720+0000] {processor.py:208} INFO - Processing /home/airflow/.local/lib/python3.12/site-packages/airflow/example_dags/example_display_name.py took 0.070 seconds
[2024-11-26T11:01:19.441+0000] {processor.py:186} INFO - Started process (PID=425) to work on /home/airflow/.local/lib/python3.12/site-packages/airflow/example_dags/example_display_name.py
[2024-11-26T11:01:19.442+0000] {processor.py:914} INFO - Processing file /home/airflow/.local/lib/python3.12/site-packages/airflow/example_dags/example_display_name.py for tasks to queue
[2024-11-26T11:01:19.444+0000] {logging_mixin.py:190} INFO - [2024-11-26T11:01:19.443+0000] {dagbag.py:588} INFO - Filling up the DagBag from /home/airflow/.local/lib/python3.12/site-packages/airflow/example_dags/example_display_name.py
[2024-11-26T11:01:19.451+0000] {processor.py:925} INFO - DAG(s) 'example_display_name' retrieved from /home/airflow/.local/lib/python3.12/site-packages/airflow/example_dags/example_display_name.py
[2024-11-26T11:01:19.470+0000] {logging_mixin.py:190} INFO - [2024-11-26T11:01:19.470+0000] {dag.py:3239} INFO - Sync 1 DAGs
[2024-11-26T11:01:19.482+0000] {logging_mixin.py:190} INFO - [2024-11-26T11:01:19.481+0000] {dag.py:4180} INFO - Setting next_dagrun for example_display_name to None, run_after=None
[2024-11-26T11:01:19.499+0000] {processor.py:208} INFO - Processing /home/airflow/.local/lib/python3.12/site-packages/airflow/example_dags/example_display_name.py took 0.063 seconds
[2024-11-26T11:01:50.352+0000] {processor.py:186} INFO - Started process (PID=488) to work on /home/airflow/.local/lib/python3.12/site-packages/airflow/example_dags/example_display_name.py
[2024-11-26T11:01:50.353+0000] {processor.py:914} INFO - Processing file /home/airflow/.local/lib/python3.12/site-packages/airflow/example_dags/example_display_name.py for tasks to queue
[2024-11-26T11:01:50.355+0000] {logging_mixin.py:190} INFO - [2024-11-26T11:01:50.355+0000] {dagbag.py:588} INFO - Filling up the DagBag from /home/airflow/.local/lib/python3.12/site-packages/airflow/example_dags/example_display_name.py
[2024-11-26T11:01:50.360+0000] {processor.py:925} INFO - DAG(s) 'example_display_name' retrieved from /home/airflow/.local/lib/python3.12/site-packages/airflow/example_dags/example_display_name.py
[2024-11-26T11:01:50.375+0000] {logging_mixin.py:190} INFO - [2024-11-26T11:01:50.375+0000] {dag.py:3239} INFO - Sync 1 DAGs
[2024-11-26T11:01:50.386+0000] {logging_mixin.py:190} INFO - [2024-11-26T11:01:50.386+0000] {dag.py:4180} INFO - Setting next_dagrun for example_display_name to None, run_after=None
[2024-11-26T11:01:50.406+0000] {processor.py:208} INFO - Processing /home/airflow/.local/lib/python3.12/site-packages/airflow/example_dags/example_display_name.py took 0.058 seconds
[2024-11-26T11:02:20.997+0000] {processor.py:186} INFO - Started process (PID=551) to work on /home/airflow/.local/lib/python3.12/site-packages/airflow/example_dags/example_display_name.py
[2024-11-26T11:02:20.998+0000] {processor.py:914} INFO - Processing file /home/airflow/.local/lib/python3.12/site-packages/airflow/example_dags/example_display_name.py for tasks to queue
[2024-11-26T11:02:21.001+0000] {logging_mixin.py:190} INFO - [2024-11-26T11:02:21.001+0000] {dagbag.py:588} INFO - Filling up the DagBag from /home/airflow/.local/lib/python3.12/site-packages/airflow/example_dags/example_display_name.py
[2024-11-26T11:02:21.011+0000] {processor.py:925} INFO - DAG(s) 'example_display_name' retrieved from /home/airflow/.local/lib/python3.12/site-packages/airflow/example_dags/example_display_name.py
[2024-11-26T11:02:21.031+0000] {logging_mixin.py:190} INFO - [2024-11-26T11:02:21.030+0000] {dag.py:3239} INFO - Sync 1 DAGs
[2024-11-26T11:02:21.044+0000] {logging_mixin.py:190} INFO - [2024-11-26T11:02:21.044+0000] {dag.py:4180} INFO - Setting next_dagrun for example_display_name to None, run_after=None
[2024-11-26T11:02:21.061+0000] {processor.py:208} INFO - Processing /home/airflow/.local/lib/python3.12/site-packages/airflow/example_dags/example_display_name.py took 0.071 seconds
[2024-11-26T11:02:51.674+0000] {processor.py:186} INFO - Started process (PID=614) to work on /home/airflow/.local/lib/python3.12/site-packages/airflow/example_dags/example_display_name.py
[2024-11-26T11:02:51.675+0000] {processor.py:914} INFO - Processing file /home/airflow/.local/lib/python3.12/site-packages/airflow/example_dags/example_display_name.py for tasks to queue
[2024-11-26T11:02:51.677+0000] {logging_mixin.py:190} INFO - [2024-11-26T11:02:51.677+0000] {dagbag.py:588} INFO - Filling up the DagBag from /home/airflow/.local/lib/python3.12/site-packages/airflow/example_dags/example_display_name.py
[2024-11-26T11:02:51.684+0000] {processor.py:925} INFO - DAG(s) 'example_display_name' retrieved from /home/airflow/.local/lib/python3.12/site-packages/airflow/example_dags/example_display_name.py
[2024-11-26T11:02:51.704+0000] {logging_mixin.py:190} INFO - [2024-11-26T11:02:51.703+0000] {dag.py:3239} INFO - Sync 1 DAGs
[2024-11-26T11:02:51.720+0000] {logging_mixin.py:190} INFO - [2024-11-26T11:02:51.720+0000] {dag.py:4180} INFO - Setting next_dagrun for example_display_name to None, run_after=None
[2024-11-26T11:02:51.750+0000] {processor.py:208} INFO - Processing /home/airflow/.local/lib/python3.12/site-packages/airflow/example_dags/example_display_name.py took 0.080 seconds
[2024-11-26T11:03:22.257+0000] {processor.py:186} INFO - Started process (PID=677) to work on /home/airflow/.local/lib/python3.12/site-packages/airflow/example_dags/example_display_name.py
[2024-11-26T11:03:22.258+0000] {processor.py:914} INFO - Processing file /home/airflow/.local/lib/python3.12/site-packages/airflow/example_dags/example_display_name.py for tasks to queue
[2024-11-26T11:03:22.260+0000] {logging_mixin.py:190} INFO - [2024-11-26T11:03:22.260+0000] {dagbag.py:588} INFO - Filling up the DagBag from /home/airflow/.local/lib/python3.12/site-packages/airflow/example_dags/example_display_name.py
[2024-11-26T11:03:22.266+0000] {processor.py:925} INFO - DAG(s) 'example_display_name' retrieved from /home/airflow/.local/lib/python3.12/site-packages/airflow/example_dags/example_display_name.py
[2024-11-26T11:03:22.284+0000] {logging_mixin.py:190} INFO - [2024-11-26T11:03:22.284+0000] {dag.py:3239} INFO - Sync 1 DAGs
[2024-11-26T11:03:22.295+0000] {logging_mixin.py:190} INFO - [2024-11-26T11:03:22.295+0000] {dag.py:4180} INFO - Setting next_dagrun for example_display_name to None, run_after=None
[2024-11-26T11:03:22.311+0000] {processor.py:208} INFO - Processing /home/airflow/.local/lib/python3.12/site-packages/airflow/example_dags/example_display_name.py took 0.062 seconds
[2024-11-26T11:03:52.807+0000] {processor.py:186} INFO - Started process (PID=740) to work on /home/airflow/.local/lib/python3.12/site-packages/airflow/example_dags/example_display_name.py
[2024-11-26T11:03:52.808+0000] {processor.py:914} INFO - Processing file /home/airflow/.local/lib/python3.12/site-packages/airflow/example_dags/example_display_name.py for tasks to queue
[2024-11-26T11:03:52.810+0000] {logging_mixin.py:190} INFO - [2024-11-26T11:03:52.810+0000] {dagbag.py:588} INFO - Filling up the DagBag from /home/airflow/.local/lib/python3.12/site-packages/airflow/example_dags/example_display_name.py
[2024-11-26T11:03:52.817+0000] {processor.py:925} INFO - DAG(s) 'example_display_name' retrieved from /home/airflow/.local/lib/python3.12/site-packages/airflow/example_dags/example_display_name.py
[2024-11-26T11:03:52.835+0000] {logging_mixin.py:190} INFO - [2024-11-26T11:03:52.835+0000] {dag.py:3239} INFO - Sync 1 DAGs
[2024-11-26T11:03:52.846+0000] {logging_mixin.py:190} INFO - [2024-11-26T11:03:52.846+0000] {dag.py:4180} INFO - Setting next_dagrun for example_display_name to None, run_after=None
[2024-11-26T11:03:52.861+0000] {processor.py:208} INFO - Processing /home/airflow/.local/lib/python3.12/site-packages/airflow/example_dags/example_display_name.py took 0.058 seconds
[2024-11-26T11:04:23.939+0000] {processor.py:186} INFO - Started process (PID=803) to work on /home/airflow/.local/lib/python3.12/site-packages/airflow/example_dags/example_display_name.py
[2024-11-26T11:04:23.940+0000] {processor.py:914} INFO - Processing file /home/airflow/.local/lib/python3.12/site-packages/airflow/example_dags/example_display_name.py for tasks to queue
[2024-11-26T11:04:23.945+0000] {logging_mixin.py:190} INFO - [2024-11-26T11:04:23.944+0000] {dagbag.py:588} INFO - Filling up the DagBag from /home/airflow/.local/lib/python3.12/site-packages/airflow/example_dags/example_display_name.py
[2024-11-26T11:04:23.957+0000] {processor.py:925} INFO - DAG(s) 'example_display_name' retrieved from /home/airflow/.local/lib/python3.12/site-packages/airflow/example_dags/example_display_name.py
[2024-11-26T11:04:23.980+0000] {logging_mixin.py:190} INFO - [2024-11-26T11:04:23.979+0000] {dag.py:3239} INFO - Sync 1 DAGs
[2024-11-26T11:04:23.993+0000] {logging_mixin.py:190} INFO - [2024-11-26T11:04:23.992+0000] {dag.py:4180} INFO - Setting next_dagrun for example_display_name to None, run_after=None
[2024-11-26T11:04:24.013+0000] {processor.py:208} INFO - Processing /home/airflow/.local/lib/python3.12/site-packages/airflow/example_dags/example_display_name.py took 0.080 seconds
[2024-11-26T11:04:54.577+0000] {processor.py:186} INFO - Started process (PID=866) to work on /home/airflow/.local/lib/python3.12/site-packages/airflow/example_dags/example_display_name.py
[2024-11-26T11:04:54.579+0000] {processor.py:914} INFO - Processing file /home/airflow/.local/lib/python3.12/site-packages/airflow/example_dags/example_display_name.py for tasks to queue
[2024-11-26T11:04:54.584+0000] {logging_mixin.py:190} INFO - [2024-11-26T11:04:54.583+0000] {dagbag.py:588} INFO - Filling up the DagBag from /home/airflow/.local/lib/python3.12/site-packages/airflow/example_dags/example_display_name.py
[2024-11-26T11:04:54.596+0000] {processor.py:925} INFO - DAG(s) 'example_display_name' retrieved from /home/airflow/.local/lib/python3.12/site-packages/airflow/example_dags/example_display_name.py
[2024-11-26T11:04:54.619+0000] {logging_mixin.py:190} INFO - [2024-11-26T11:04:54.619+0000] {dag.py:3239} INFO - Sync 1 DAGs
[2024-11-26T11:04:54.636+0000] {logging_mixin.py:190} INFO - [2024-11-26T11:04:54.636+0000] {dag.py:4180} INFO - Setting next_dagrun for example_display_name to None, run_after=None
[2024-11-26T11:04:54.652+0000] {processor.py:208} INFO - Processing /home/airflow/.local/lib/python3.12/site-packages/airflow/example_dags/example_display_name.py took 0.079 seconds
[2024-11-26T11:05:25.926+0000] {processor.py:186} INFO - Started process (PID=928) to work on /home/airflow/.local/lib/python3.12/site-packages/airflow/example_dags/example_display_name.py
[2024-11-26T11:05:25.927+0000] {processor.py:914} INFO - Processing file /home/airflow/.local/lib/python3.12/site-packages/airflow/example_dags/example_display_name.py for tasks to queue
[2024-11-26T11:05:25.929+0000] {logging_mixin.py:190} INFO - [2024-11-26T11:05:25.929+0000] {dagbag.py:588} INFO - Filling up the DagBag from /home/airflow/.local/lib/python3.12/site-packages/airflow/example_dags/example_display_name.py
[2024-11-26T11:05:25.935+0000] {processor.py:925} INFO - DAG(s) 'example_display_name' retrieved from /home/airflow/.local/lib/python3.12/site-packages/airflow/example_dags/example_display_name.py
[2024-11-26T11:05:25.951+0000] {logging_mixin.py:190} INFO - [2024-11-26T11:05:25.951+0000] {dag.py:3239} INFO - Sync 1 DAGs
[2024-11-26T11:05:25.962+0000] {logging_mixin.py:190} INFO - [2024-11-26T11:05:25.962+0000] {dag.py:4180} INFO - Setting next_dagrun for example_display_name to None, run_after=None
[2024-11-26T11:05:25.978+0000] {processor.py:208} INFO - Processing /home/airflow/.local/lib/python3.12/site-packages/airflow/example_dags/example_display_name.py took 0.057 seconds
[2024-11-26T11:05:56.435+0000] {processor.py:186} INFO - Started process (PID=991) to work on /home/airflow/.local/lib/python3.12/site-packages/airflow/example_dags/example_display_name.py
[2024-11-26T11:05:56.436+0000] {processor.py:914} INFO - Processing file /home/airflow/.local/lib/python3.12/site-packages/airflow/example_dags/example_display_name.py for tasks to queue
[2024-11-26T11:05:56.439+0000] {logging_mixin.py:190} INFO - [2024-11-26T11:05:56.439+0000] {dagbag.py:588} INFO - Filling up the DagBag from /home/airflow/.local/lib/python3.12/site-packages/airflow/example_dags/example_display_name.py
[2024-11-26T11:05:56.445+0000] {processor.py:925} INFO - DAG(s) 'example_display_name' retrieved from /home/airflow/.local/lib/python3.12/site-packages/airflow/example_dags/example_display_name.py
[2024-11-26T11:05:56.458+0000] {logging_mixin.py:190} INFO - [2024-11-26T11:05:56.458+0000] {dag.py:3239} INFO - Sync 1 DAGs
[2024-11-26T11:05:56.468+0000] {logging_mixin.py:190} INFO - [2024-11-26T11:05:56.468+0000] {dag.py:4180} INFO - Setting next_dagrun for example_display_name to None, run_after=None
[2024-11-26T11:05:56.484+0000] {processor.py:208} INFO - Processing /home/airflow/.local/lib/python3.12/site-packages/airflow/example_dags/example_display_name.py took 0.053 seconds
[2024-11-26T11:06:27.235+0000] {processor.py:186} INFO - Started process (PID=1054) to work on /home/airflow/.local/lib/python3.12/site-packages/airflow/example_dags/example_display_name.py
[2024-11-26T11:06:27.236+0000] {processor.py:914} INFO - Processing file /home/airflow/.local/lib/python3.12/site-packages/airflow/example_dags/example_display_name.py for tasks to queue
[2024-11-26T11:06:27.238+0000] {logging_mixin.py:190} INFO - [2024-11-26T11:06:27.238+0000] {dagbag.py:588} INFO - Filling up the DagBag from /home/airflow/.local/lib/python3.12/site-packages/airflow/example_dags/example_display_name.py
[2024-11-26T11:06:27.243+0000] {processor.py:925} INFO - DAG(s) 'example_display_name' retrieved from /home/airflow/.local/lib/python3.12/site-packages/airflow/example_dags/example_display_name.py
[2024-11-26T11:06:27.256+0000] {logging_mixin.py:190} INFO - [2024-11-26T11:06:27.256+0000] {dag.py:3239} INFO - Sync 1 DAGs
[2024-11-26T11:06:27.265+0000] {logging_mixin.py:190} INFO - [2024-11-26T11:06:27.264+0000] {dag.py:4180} INFO - Setting next_dagrun for example_display_name to None, run_after=None
[2024-11-26T11:06:27.276+0000] {processor.py:208} INFO - Processing /home/airflow/.local/lib/python3.12/site-packages/airflow/example_dags/example_display_name.py took 0.048 seconds
[2024-11-26T11:06:57.766+0000] {processor.py:186} INFO - Started process (PID=1117) to work on /home/airflow/.local/lib/python3.12/site-packages/airflow/example_dags/example_display_name.py
[2024-11-26T11:06:57.767+0000] {processor.py:914} INFO - Processing file /home/airflow/.local/lib/python3.12/site-packages/airflow/example_dags/example_display_name.py for tasks to queue
[2024-11-26T11:06:57.769+0000] {logging_mixin.py:190} INFO - [2024-11-26T11:06:57.769+0000] {dagbag.py:588} INFO - Filling up the DagBag from /home/airflow/.local/lib/python3.12/site-packages/airflow/example_dags/example_display_name.py
[2024-11-26T11:06:57.775+0000] {processor.py:925} INFO - DAG(s) 'example_display_name' retrieved from /home/airflow/.local/lib/python3.12/site-packages/airflow/example_dags/example_display_name.py
[2024-11-26T11:06:57.792+0000] {logging_mixin.py:190} INFO - [2024-11-26T11:06:57.792+0000] {dag.py:3239} INFO - Sync 1 DAGs
[2024-11-26T11:06:57.802+0000] {logging_mixin.py:190} INFO - [2024-11-26T11:06:57.802+0000] {dag.py:4180} INFO - Setting next_dagrun for example_display_name to None, run_after=None
[2024-11-26T11:06:57.820+0000] {processor.py:208} INFO - Processing /home/airflow/.local/lib/python3.12/site-packages/airflow/example_dags/example_display_name.py took 0.058 seconds
[2024-11-26T11:07:28.660+0000] {processor.py:186} INFO - Started process (PID=1180) to work on /home/airflow/.local/lib/python3.12/site-packages/airflow/example_dags/example_display_name.py
[2024-11-26T11:07:28.661+0000] {processor.py:914} INFO - Processing file /home/airflow/.local/lib/python3.12/site-packages/airflow/example_dags/example_display_name.py for tasks to queue
[2024-11-26T11:07:28.665+0000] {logging_mixin.py:190} INFO - [2024-11-26T11:07:28.664+0000] {dagbag.py:588} INFO - Filling up the DagBag from /home/airflow/.local/lib/python3.12/site-packages/airflow/example_dags/example_display_name.py
[2024-11-26T11:07:28.673+0000] {processor.py:925} INFO - DAG(s) 'example_display_name' retrieved from /home/airflow/.local/lib/python3.12/site-packages/airflow/example_dags/example_display_name.py
[2024-11-26T11:07:28.692+0000] {logging_mixin.py:190} INFO - [2024-11-26T11:07:28.692+0000] {dag.py:3239} INFO - Sync 1 DAGs
[2024-11-26T11:07:28.705+0000] {logging_mixin.py:190} INFO - [2024-11-26T11:07:28.704+0000] {dag.py:4180} INFO - Setting next_dagrun for example_display_name to None, run_after=None
[2024-11-26T11:07:28.727+0000] {processor.py:208} INFO - Processing /home/airflow/.local/lib/python3.12/site-packages/airflow/example_dags/example_display_name.py took 0.076 seconds
[2024-11-26T11:07:59.208+0000] {processor.py:186} INFO - Started process (PID=1243) to work on /home/airflow/.local/lib/python3.12/site-packages/airflow/example_dags/example_display_name.py
[2024-11-26T11:07:59.209+0000] {processor.py:914} INFO - Processing file /home/airflow/.local/lib/python3.12/site-packages/airflow/example_dags/example_display_name.py for tasks to queue
[2024-11-26T11:07:59.211+0000] {logging_mixin.py:190} INFO - [2024-11-26T11:07:59.211+0000] {dagbag.py:588} INFO - Filling up the DagBag from /home/airflow/.local/lib/python3.12/site-packages/airflow/example_dags/example_display_name.py
[2024-11-26T11:07:59.218+0000] {processor.py:925} INFO - DAG(s) 'example_display_name' retrieved from /home/airflow/.local/lib/python3.12/site-packages/airflow/example_dags/example_display_name.py
[2024-11-26T11:07:59.236+0000] {logging_mixin.py:190} INFO - [2024-11-26T11:07:59.236+0000] {dag.py:3239} INFO - Sync 1 DAGs
[2024-11-26T11:07:59.249+0000] {logging_mixin.py:190} INFO - [2024-11-26T11:07:59.249+0000] {dag.py:4180} INFO - Setting next_dagrun for example_display_name to None, run_after=None
[2024-11-26T11:07:59.264+0000] {processor.py:208} INFO - Processing /home/airflow/.local/lib/python3.12/site-packages/airflow/example_dags/example_display_name.py took 0.062 seconds
[2024-11-26T11:08:29.815+0000] {processor.py:186} INFO - Started process (PID=1306) to work on /home/airflow/.local/lib/python3.12/site-packages/airflow/example_dags/example_display_name.py
[2024-11-26T11:08:29.816+0000] {processor.py:914} INFO - Processing file /home/airflow/.local/lib/python3.12/site-packages/airflow/example_dags/example_display_name.py for tasks to queue
[2024-11-26T11:08:29.820+0000] {logging_mixin.py:190} INFO - [2024-11-26T11:08:29.820+0000] {dagbag.py:588} INFO - Filling up the DagBag from /home/airflow/.local/lib/python3.12/site-packages/airflow/example_dags/example_display_name.py
[2024-11-26T11:08:29.830+0000] {processor.py:925} INFO - DAG(s) 'example_display_name' retrieved from /home/airflow/.local/lib/python3.12/site-packages/airflow/example_dags/example_display_name.py
[2024-11-26T11:08:29.848+0000] {logging_mixin.py:190} INFO - [2024-11-26T11:08:29.848+0000] {dag.py:3239} INFO - Sync 1 DAGs
[2024-11-26T11:08:29.858+0000] {logging_mixin.py:190} INFO - [2024-11-26T11:08:29.857+0000] {dag.py:4180} INFO - Setting next_dagrun for example_display_name to None, run_after=None
[2024-11-26T11:08:29.872+0000] {processor.py:208} INFO - Processing /home/airflow/.local/lib/python3.12/site-packages/airflow/example_dags/example_display_name.py took 0.063 seconds
[2024-11-26T11:09:00.334+0000] {processor.py:186} INFO - Started process (PID=1369) to work on /home/airflow/.local/lib/python3.12/site-packages/airflow/example_dags/example_display_name.py
[2024-11-26T11:09:00.335+0000] {processor.py:914} INFO - Processing file /home/airflow/.local/lib/python3.12/site-packages/airflow/example_dags/example_display_name.py for tasks to queue
[2024-11-26T11:09:00.338+0000] {logging_mixin.py:190} INFO - [2024-11-26T11:09:00.337+0000] {dagbag.py:588} INFO - Filling up the DagBag from /home/airflow/.local/lib/python3.12/site-packages/airflow/example_dags/example_display_name.py
[2024-11-26T11:09:00.344+0000] {processor.py:925} INFO - DAG(s) 'example_display_name' retrieved from /home/airflow/.local/lib/python3.12/site-packages/airflow/example_dags/example_display_name.py
[2024-11-26T11:09:00.361+0000] {logging_mixin.py:190} INFO - [2024-11-26T11:09:00.361+0000] {dag.py:3239} INFO - Sync 1 DAGs
[2024-11-26T11:09:00.373+0000] {logging_mixin.py:190} INFO - [2024-11-26T11:09:00.373+0000] {dag.py:4180} INFO - Setting next_dagrun for example_display_name to None, run_after=None
[2024-11-26T11:09:00.389+0000] {processor.py:208} INFO - Processing /home/airflow/.local/lib/python3.12/site-packages/airflow/example_dags/example_display_name.py took 0.060 seconds
[2024-11-26T11:09:30.857+0000] {processor.py:186} INFO - Started process (PID=1432) to work on /home/airflow/.local/lib/python3.12/site-packages/airflow/example_dags/example_display_name.py
[2024-11-26T11:09:30.858+0000] {processor.py:914} INFO - Processing file /home/airflow/.local/lib/python3.12/site-packages/airflow/example_dags/example_display_name.py for tasks to queue
[2024-11-26T11:09:30.860+0000] {logging_mixin.py:190} INFO - [2024-11-26T11:09:30.860+0000] {dagbag.py:588} INFO - Filling up the DagBag from /home/airflow/.local/lib/python3.12/site-packages/airflow/example_dags/example_display_name.py
[2024-11-26T11:09:30.866+0000] {processor.py:925} INFO - DAG(s) 'example_display_name' retrieved from /home/airflow/.local/lib/python3.12/site-packages/airflow/example_dags/example_display_name.py
[2024-11-26T11:09:30.885+0000] {logging_mixin.py:190} INFO - [2024-11-26T11:09:30.884+0000] {dag.py:3239} INFO - Sync 1 DAGs
[2024-11-26T11:09:30.895+0000] {logging_mixin.py:190} INFO - [2024-11-26T11:09:30.895+0000] {dag.py:4180} INFO - Setting next_dagrun for example_display_name to None, run_after=None
[2024-11-26T11:09:30.911+0000] {processor.py:208} INFO - Processing /home/airflow/.local/lib/python3.12/site-packages/airflow/example_dags/example_display_name.py took 0.058 seconds
[2024-11-26T11:10:01.465+0000] {processor.py:186} INFO - Started process (PID=1495) to work on /home/airflow/.local/lib/python3.12/site-packages/airflow/example_dags/example_display_name.py
[2024-11-26T11:10:01.466+0000] {processor.py:914} INFO - Processing file /home/airflow/.local/lib/python3.12/site-packages/airflow/example_dags/example_display_name.py for tasks to queue
[2024-11-26T11:10:01.468+0000] {logging_mixin.py:190} INFO - [2024-11-26T11:10:01.468+0000] {dagbag.py:588} INFO - Filling up the DagBag from /home/airflow/.local/lib/python3.12/site-packages/airflow/example_dags/example_display_name.py
[2024-11-26T11:10:01.473+0000] {processor.py:925} INFO - DAG(s) 'example_display_name' retrieved from /home/airflow/.local/lib/python3.12/site-packages/airflow/example_dags/example_display_name.py
[2024-11-26T11:10:01.490+0000] {logging_mixin.py:190} INFO - [2024-11-26T11:10:01.490+0000] {dag.py:3239} INFO - Sync 1 DAGs
[2024-11-26T11:10:01.503+0000] {logging_mixin.py:190} INFO - [2024-11-26T11:10:01.503+0000] {dag.py:4180} INFO - Setting next_dagrun for example_display_name to None, run_after=None
[2024-11-26T11:10:01.530+0000] {processor.py:208} INFO - Processing /home/airflow/.local/lib/python3.12/site-packages/airflow/example_dags/example_display_name.py took 0.069 seconds
[2024-11-26T11:10:32.394+0000] {processor.py:186} INFO - Started process (PID=1558) to work on /home/airflow/.local/lib/python3.12/site-packages/airflow/example_dags/example_display_name.py
[2024-11-26T11:10:32.396+0000] {processor.py:914} INFO - Processing file /home/airflow/.local/lib/python3.12/site-packages/airflow/example_dags/example_display_name.py for tasks to queue
[2024-11-26T11:10:32.399+0000] {logging_mixin.py:190} INFO - [2024-11-26T11:10:32.399+0000] {dagbag.py:588} INFO - Filling up the DagBag from /home/airflow/.local/lib/python3.12/site-packages/airflow/example_dags/example_display_name.py
[2024-11-26T11:10:32.406+0000] {processor.py:925} INFO - DAG(s) 'example_display_name' retrieved from /home/airflow/.local/lib/python3.12/site-packages/airflow/example_dags/example_display_name.py
[2024-11-26T11:10:32.423+0000] {logging_mixin.py:190} INFO - [2024-11-26T11:10:32.423+0000] {dag.py:3239} INFO - Sync 1 DAGs
[2024-11-26T11:10:32.435+0000] {logging_mixin.py:190} INFO - [2024-11-26T11:10:32.435+0000] {dag.py:4180} INFO - Setting next_dagrun for example_display_name to None, run_after=None
[2024-11-26T11:10:32.456+0000] {processor.py:208} INFO - Processing /home/airflow/.local/lib/python3.12/site-packages/airflow/example_dags/example_display_name.py took 0.069 seconds
[2024-11-26T11:11:03.017+0000] {processor.py:186} INFO - Started process (PID=1621) to work on /home/airflow/.local/lib/python3.12/site-packages/airflow/example_dags/example_display_name.py
[2024-11-26T11:11:03.018+0000] {processor.py:914} INFO - Processing file /home/airflow/.local/lib/python3.12/site-packages/airflow/example_dags/example_display_name.py for tasks to queue
[2024-11-26T11:11:03.023+0000] {logging_mixin.py:190} INFO - [2024-11-26T11:11:03.022+0000] {dagbag.py:588} INFO - Filling up the DagBag from /home/airflow/.local/lib/python3.12/site-packages/airflow/example_dags/example_display_name.py
[2024-11-26T11:11:03.029+0000] {processor.py:925} INFO - DAG(s) 'example_display_name' retrieved from /home/airflow/.local/lib/python3.12/site-packages/airflow/example_dags/example_display_name.py
[2024-11-26T11:11:03.057+0000] {logging_mixin.py:190} INFO - [2024-11-26T11:11:03.057+0000] {dag.py:3239} INFO - Sync 1 DAGs
[2024-11-26T11:11:03.075+0000] {logging_mixin.py:190} INFO - [2024-11-26T11:11:03.075+0000] {dag.py:4180} INFO - Setting next_dagrun for example_display_name to None, run_after=None
[2024-11-26T11:11:03.094+0000] {processor.py:208} INFO - Processing /home/airflow/.local/lib/python3.12/site-packages/airflow/example_dags/example_display_name.py took 0.083 seconds
[2024-11-26T11:11:33.917+0000] {processor.py:186} INFO - Started process (PID=1684) to work on /home/airflow/.local/lib/python3.12/site-packages/airflow/example_dags/example_display_name.py
[2024-11-26T11:11:33.919+0000] {processor.py:914} INFO - Processing file /home/airflow/.local/lib/python3.12/site-packages/airflow/example_dags/example_display_name.py for tasks to queue
[2024-11-26T11:11:33.922+0000] {logging_mixin.py:190} INFO - [2024-11-26T11:11:33.921+0000] {dagbag.py:588} INFO - Filling up the DagBag from /home/airflow/.local/lib/python3.12/site-packages/airflow/example_dags/example_display_name.py
[2024-11-26T11:11:33.929+0000] {processor.py:925} INFO - DAG(s) 'example_display_name' retrieved from /home/airflow/.local/lib/python3.12/site-packages/airflow/example_dags/example_display_name.py
[2024-11-26T11:11:33.945+0000] {logging_mixin.py:190} INFO - [2024-11-26T11:11:33.944+0000] {dag.py:3239} INFO - Sync 1 DAGs
[2024-11-26T11:11:33.956+0000] {logging_mixin.py:190} INFO - [2024-11-26T11:11:33.956+0000] {dag.py:4180} INFO - Setting next_dagrun for example_display_name to None, run_after=None
[2024-11-26T11:11:33.970+0000] {processor.py:208} INFO - Processing /home/airflow/.local/lib/python3.12/site-packages/airflow/example_dags/example_display_name.py took 0.059 seconds
