[2024-11-26T10:58:44.088+0000] {processor.py:186} INFO - Started process (PID=106) to work on /home/airflow/.local/lib/python3.12/site-packages/airflow/example_dags/example_sla_dag.py
[2024-11-26T10:58:44.089+0000] {processor.py:914} INFO - Processing file /home/airflow/.local/lib/python3.12/site-packages/airflow/example_dags/example_sla_dag.py for tasks to queue
[2024-11-26T10:58:44.093+0000] {logging_mixin.py:190} INFO - [2024-11-26T10:58:44.093+0000] {dagbag.py:588} INFO - Filling up the DagBag from /home/airflow/.local/lib/python3.12/site-packages/airflow/example_dags/example_sla_dag.py
[2024-11-26T10:58:44.102+0000] {processor.py:925} INFO - DAG(s) 'example_sla_dag' retrieved from /home/airflow/.local/lib/python3.12/site-packages/airflow/example_dags/example_sla_dag.py
[2024-11-26T10:58:44.194+0000] {logging_mixin.py:190} INFO - [2024-11-26T10:58:44.193+0000] {override.py:1911} INFO - Created Permission View: can delete on DAG:example_sla_dag
[2024-11-26T10:58:44.202+0000] {logging_mixin.py:190} INFO - [2024-11-26T10:58:44.201+0000] {override.py:1911} INFO - Created Permission View: can read on DAG:example_sla_dag
[2024-11-26T10:58:44.208+0000] {logging_mixin.py:190} INFO - [2024-11-26T10:58:44.207+0000] {override.py:1911} INFO - Created Permission View: can edit on DAG:example_sla_dag
[2024-11-26T10:58:44.214+0000] {logging_mixin.py:190} INFO - [2024-11-26T10:58:44.214+0000] {override.py:1911} INFO - Created Permission View: can create on DAG Run:example_sla_dag
[2024-11-26T10:58:44.221+0000] {logging_mixin.py:190} INFO - [2024-11-26T10:58:44.221+0000] {override.py:1911} INFO - Created Permission View: can read on DAG Run:example_sla_dag
[2024-11-26T10:58:44.228+0000] {logging_mixin.py:190} INFO - [2024-11-26T10:58:44.228+0000] {override.py:1911} INFO - Created Permission View: menu access on DAG Run:example_sla_dag
[2024-11-26T10:58:44.233+0000] {logging_mixin.py:190} INFO - [2024-11-26T10:58:44.233+0000] {override.py:1911} INFO - Created Permission View: can delete on DAG Run:example_sla_dag
[2024-11-26T10:58:44.234+0000] {logging_mixin.py:190} INFO - [2024-11-26T10:58:44.234+0000] {dag.py:3239} INFO - Sync 1 DAGs
[2024-11-26T10:58:44.249+0000] {logging_mixin.py:190} INFO - [2024-11-26T10:58:44.249+0000] {dag.py:3262} INFO - Creating ORM DAG for example_sla_dag
[2024-11-26T10:58:44.258+0000] {logging_mixin.py:190} INFO - [2024-11-26T10:58:44.258+0000] {dag.py:4180} INFO - Setting next_dagrun for example_sla_dag to 2024-11-26 10:56:00+00:00, run_after=2024-11-26 10:58:00+00:00
[2024-11-26T10:58:44.272+0000] {processor.py:208} INFO - Processing /home/airflow/.local/lib/python3.12/site-packages/airflow/example_dags/example_sla_dag.py took 0.192 seconds
[2024-11-26T10:59:14.361+0000] {processor.py:186} INFO - Started process (PID=168) to work on /home/airflow/.local/lib/python3.12/site-packages/airflow/example_dags/example_sla_dag.py
[2024-11-26T10:59:14.365+0000] {processor.py:914} INFO - Processing file /home/airflow/.local/lib/python3.12/site-packages/airflow/example_dags/example_sla_dag.py for tasks to queue
[2024-11-26T10:59:14.367+0000] {logging_mixin.py:190} INFO - [2024-11-26T10:59:14.367+0000] {dagbag.py:588} INFO - Filling up the DagBag from /home/airflow/.local/lib/python3.12/site-packages/airflow/example_dags/example_sla_dag.py
[2024-11-26T10:59:14.376+0000] {processor.py:925} INFO - DAG(s) 'example_sla_dag' retrieved from /home/airflow/.local/lib/python3.12/site-packages/airflow/example_dags/example_sla_dag.py
[2024-11-26T10:59:14.398+0000] {logging_mixin.py:190} INFO - [2024-11-26T10:59:14.398+0000] {dag.py:3239} INFO - Sync 1 DAGs
[2024-11-26T10:59:14.418+0000] {logging_mixin.py:190} INFO - [2024-11-26T10:59:14.417+0000] {dag.py:4180} INFO - Setting next_dagrun for example_sla_dag to 2024-11-26 10:56:00+00:00, run_after=2024-11-26 10:58:00+00:00
[2024-11-26T10:59:14.438+0000] {processor.py:208} INFO - Processing /home/airflow/.local/lib/python3.12/site-packages/airflow/example_dags/example_sla_dag.py took 0.081 seconds
[2024-11-26T10:59:44.467+0000] {processor.py:186} INFO - Started process (PID=231) to work on /home/airflow/.local/lib/python3.12/site-packages/airflow/example_dags/example_sla_dag.py
[2024-11-26T10:59:44.469+0000] {processor.py:914} INFO - Processing file /home/airflow/.local/lib/python3.12/site-packages/airflow/example_dags/example_sla_dag.py for tasks to queue
[2024-11-26T10:59:44.471+0000] {logging_mixin.py:190} INFO - [2024-11-26T10:59:44.471+0000] {dagbag.py:588} INFO - Filling up the DagBag from /home/airflow/.local/lib/python3.12/site-packages/airflow/example_dags/example_sla_dag.py
[2024-11-26T10:59:44.482+0000] {processor.py:925} INFO - DAG(s) 'example_sla_dag' retrieved from /home/airflow/.local/lib/python3.12/site-packages/airflow/example_dags/example_sla_dag.py
[2024-11-26T10:59:44.502+0000] {logging_mixin.py:190} INFO - [2024-11-26T10:59:44.501+0000] {dag.py:3239} INFO - Sync 1 DAGs
[2024-11-26T10:59:44.523+0000] {logging_mixin.py:190} INFO - [2024-11-26T10:59:44.523+0000] {dag.py:4180} INFO - Setting next_dagrun for example_sla_dag to 2024-11-26 10:56:00+00:00, run_after=2024-11-26 10:58:00+00:00
[2024-11-26T10:59:44.548+0000] {processor.py:208} INFO - Processing /home/airflow/.local/lib/python3.12/site-packages/airflow/example_dags/example_sla_dag.py took 0.085 seconds
[2024-11-26T11:00:15.505+0000] {processor.py:186} INFO - Started process (PID=294) to work on /home/airflow/.local/lib/python3.12/site-packages/airflow/example_dags/example_sla_dag.py
[2024-11-26T11:00:15.506+0000] {processor.py:914} INFO - Processing file /home/airflow/.local/lib/python3.12/site-packages/airflow/example_dags/example_sla_dag.py for tasks to queue
[2024-11-26T11:00:15.509+0000] {logging_mixin.py:190} INFO - [2024-11-26T11:00:15.509+0000] {dagbag.py:588} INFO - Filling up the DagBag from /home/airflow/.local/lib/python3.12/site-packages/airflow/example_dags/example_sla_dag.py
[2024-11-26T11:00:15.519+0000] {processor.py:925} INFO - DAG(s) 'example_sla_dag' retrieved from /home/airflow/.local/lib/python3.12/site-packages/airflow/example_dags/example_sla_dag.py
[2024-11-26T11:00:15.539+0000] {logging_mixin.py:190} INFO - [2024-11-26T11:00:15.539+0000] {dag.py:3239} INFO - Sync 1 DAGs
[2024-11-26T11:00:15.559+0000] {logging_mixin.py:190} INFO - [2024-11-26T11:00:15.559+0000] {dag.py:4180} INFO - Setting next_dagrun for example_sla_dag to 2024-11-26 10:58:00+00:00, run_after=2024-11-26 11:00:00+00:00
[2024-11-26T11:00:15.575+0000] {processor.py:208} INFO - Processing /home/airflow/.local/lib/python3.12/site-packages/airflow/example_dags/example_sla_dag.py took 0.075 seconds
[2024-11-26T11:00:45.858+0000] {processor.py:186} INFO - Started process (PID=356) to work on /home/airflow/.local/lib/python3.12/site-packages/airflow/example_dags/example_sla_dag.py
[2024-11-26T11:00:45.860+0000] {processor.py:914} INFO - Processing file /home/airflow/.local/lib/python3.12/site-packages/airflow/example_dags/example_sla_dag.py for tasks to queue
[2024-11-26T11:00:45.863+0000] {logging_mixin.py:190} INFO - [2024-11-26T11:00:45.862+0000] {dagbag.py:588} INFO - Filling up the DagBag from /home/airflow/.local/lib/python3.12/site-packages/airflow/example_dags/example_sla_dag.py
[2024-11-26T11:00:45.872+0000] {processor.py:925} INFO - DAG(s) 'example_sla_dag' retrieved from /home/airflow/.local/lib/python3.12/site-packages/airflow/example_dags/example_sla_dag.py
[2024-11-26T11:00:45.891+0000] {logging_mixin.py:190} INFO - [2024-11-26T11:00:45.890+0000] {dag.py:3239} INFO - Sync 1 DAGs
[2024-11-26T11:00:45.910+0000] {logging_mixin.py:190} INFO - [2024-11-26T11:00:45.910+0000] {dag.py:4180} INFO - Setting next_dagrun for example_sla_dag to 2024-11-26 10:58:00+00:00, run_after=2024-11-26 11:00:00+00:00
[2024-11-26T11:00:45.924+0000] {processor.py:208} INFO - Processing /home/airflow/.local/lib/python3.12/site-packages/airflow/example_dags/example_sla_dag.py took 0.072 seconds
[2024-11-26T11:01:16.727+0000] {processor.py:186} INFO - Started process (PID=418) to work on /home/airflow/.local/lib/python3.12/site-packages/airflow/example_dags/example_sla_dag.py
[2024-11-26T11:01:16.728+0000] {processor.py:914} INFO - Processing file /home/airflow/.local/lib/python3.12/site-packages/airflow/example_dags/example_sla_dag.py for tasks to queue
[2024-11-26T11:01:16.730+0000] {logging_mixin.py:190} INFO - [2024-11-26T11:01:16.730+0000] {dagbag.py:588} INFO - Filling up the DagBag from /home/airflow/.local/lib/python3.12/site-packages/airflow/example_dags/example_sla_dag.py
[2024-11-26T11:01:16.738+0000] {processor.py:925} INFO - DAG(s) 'example_sla_dag' retrieved from /home/airflow/.local/lib/python3.12/site-packages/airflow/example_dags/example_sla_dag.py
[2024-11-26T11:01:16.753+0000] {logging_mixin.py:190} INFO - [2024-11-26T11:01:16.753+0000] {dag.py:3239} INFO - Sync 1 DAGs
[2024-11-26T11:01:16.771+0000] {logging_mixin.py:190} INFO - [2024-11-26T11:01:16.771+0000] {dag.py:4180} INFO - Setting next_dagrun for example_sla_dag to 2024-11-26 10:58:00+00:00, run_after=2024-11-26 11:00:00+00:00
[2024-11-26T11:01:16.788+0000] {processor.py:208} INFO - Processing /home/airflow/.local/lib/python3.12/site-packages/airflow/example_dags/example_sla_dag.py took 0.065 seconds
[2024-11-26T11:01:47.594+0000] {processor.py:186} INFO - Started process (PID=481) to work on /home/airflow/.local/lib/python3.12/site-packages/airflow/example_dags/example_sla_dag.py
[2024-11-26T11:01:47.595+0000] {processor.py:914} INFO - Processing file /home/airflow/.local/lib/python3.12/site-packages/airflow/example_dags/example_sla_dag.py for tasks to queue
[2024-11-26T11:01:47.598+0000] {logging_mixin.py:190} INFO - [2024-11-26T11:01:47.597+0000] {dagbag.py:588} INFO - Filling up the DagBag from /home/airflow/.local/lib/python3.12/site-packages/airflow/example_dags/example_sla_dag.py
[2024-11-26T11:01:47.606+0000] {processor.py:925} INFO - DAG(s) 'example_sla_dag' retrieved from /home/airflow/.local/lib/python3.12/site-packages/airflow/example_dags/example_sla_dag.py
[2024-11-26T11:01:47.623+0000] {logging_mixin.py:190} INFO - [2024-11-26T11:01:47.623+0000] {dag.py:3239} INFO - Sync 1 DAGs
[2024-11-26T11:01:47.643+0000] {logging_mixin.py:190} INFO - [2024-11-26T11:01:47.643+0000] {dag.py:4180} INFO - Setting next_dagrun for example_sla_dag to 2024-11-26 10:58:00+00:00, run_after=2024-11-26 11:00:00+00:00
[2024-11-26T11:01:47.667+0000] {processor.py:208} INFO - Processing /home/airflow/.local/lib/python3.12/site-packages/airflow/example_dags/example_sla_dag.py took 0.079 seconds
[2024-11-26T11:02:18.266+0000] {processor.py:186} INFO - Started process (PID=544) to work on /home/airflow/.local/lib/python3.12/site-packages/airflow/example_dags/example_sla_dag.py
[2024-11-26T11:02:18.267+0000] {processor.py:914} INFO - Processing file /home/airflow/.local/lib/python3.12/site-packages/airflow/example_dags/example_sla_dag.py for tasks to queue
[2024-11-26T11:02:18.269+0000] {logging_mixin.py:190} INFO - [2024-11-26T11:02:18.269+0000] {dagbag.py:588} INFO - Filling up the DagBag from /home/airflow/.local/lib/python3.12/site-packages/airflow/example_dags/example_sla_dag.py
[2024-11-26T11:02:18.278+0000] {processor.py:925} INFO - DAG(s) 'example_sla_dag' retrieved from /home/airflow/.local/lib/python3.12/site-packages/airflow/example_dags/example_sla_dag.py
[2024-11-26T11:02:18.294+0000] {logging_mixin.py:190} INFO - [2024-11-26T11:02:18.294+0000] {dag.py:3239} INFO - Sync 1 DAGs
[2024-11-26T11:02:18.312+0000] {logging_mixin.py:190} INFO - [2024-11-26T11:02:18.312+0000] {dag.py:4180} INFO - Setting next_dagrun for example_sla_dag to 2024-11-26 11:00:00+00:00, run_after=2024-11-26 11:02:00+00:00
[2024-11-26T11:02:18.329+0000] {processor.py:208} INFO - Processing /home/airflow/.local/lib/python3.12/site-packages/airflow/example_dags/example_sla_dag.py took 0.068 seconds
[2024-11-26T11:02:48.901+0000] {processor.py:186} INFO - Started process (PID=607) to work on /home/airflow/.local/lib/python3.12/site-packages/airflow/example_dags/example_sla_dag.py
[2024-11-26T11:02:48.902+0000] {processor.py:914} INFO - Processing file /home/airflow/.local/lib/python3.12/site-packages/airflow/example_dags/example_sla_dag.py for tasks to queue
[2024-11-26T11:02:48.904+0000] {logging_mixin.py:190} INFO - [2024-11-26T11:02:48.904+0000] {dagbag.py:588} INFO - Filling up the DagBag from /home/airflow/.local/lib/python3.12/site-packages/airflow/example_dags/example_sla_dag.py
[2024-11-26T11:02:48.912+0000] {processor.py:925} INFO - DAG(s) 'example_sla_dag' retrieved from /home/airflow/.local/lib/python3.12/site-packages/airflow/example_dags/example_sla_dag.py
[2024-11-26T11:02:48.927+0000] {logging_mixin.py:190} INFO - [2024-11-26T11:02:48.926+0000] {dag.py:3239} INFO - Sync 1 DAGs
[2024-11-26T11:02:48.948+0000] {logging_mixin.py:190} INFO - [2024-11-26T11:02:48.948+0000] {dag.py:4180} INFO - Setting next_dagrun for example_sla_dag to 2024-11-26 11:00:00+00:00, run_after=2024-11-26 11:02:00+00:00
[2024-11-26T11:02:48.978+0000] {processor.py:208} INFO - Processing /home/airflow/.local/lib/python3.12/site-packages/airflow/example_dags/example_sla_dag.py took 0.081 seconds
[2024-11-26T11:03:19.581+0000] {processor.py:186} INFO - Started process (PID=670) to work on /home/airflow/.local/lib/python3.12/site-packages/airflow/example_dags/example_sla_dag.py
[2024-11-26T11:03:19.582+0000] {processor.py:914} INFO - Processing file /home/airflow/.local/lib/python3.12/site-packages/airflow/example_dags/example_sla_dag.py for tasks to queue
[2024-11-26T11:03:19.585+0000] {logging_mixin.py:190} INFO - [2024-11-26T11:03:19.584+0000] {dagbag.py:588} INFO - Filling up the DagBag from /home/airflow/.local/lib/python3.12/site-packages/airflow/example_dags/example_sla_dag.py
[2024-11-26T11:03:19.592+0000] {processor.py:925} INFO - DAG(s) 'example_sla_dag' retrieved from /home/airflow/.local/lib/python3.12/site-packages/airflow/example_dags/example_sla_dag.py
[2024-11-26T11:03:19.614+0000] {logging_mixin.py:190} INFO - [2024-11-26T11:03:19.613+0000] {dag.py:3239} INFO - Sync 1 DAGs
[2024-11-26T11:03:19.638+0000] {logging_mixin.py:190} INFO - [2024-11-26T11:03:19.637+0000] {dag.py:4180} INFO - Setting next_dagrun for example_sla_dag to 2024-11-26 11:00:00+00:00, run_after=2024-11-26 11:02:00+00:00
[2024-11-26T11:03:19.649+0000] {processor.py:208} INFO - Processing /home/airflow/.local/lib/python3.12/site-packages/airflow/example_dags/example_sla_dag.py took 0.072 seconds
[2024-11-26T11:03:50.161+0000] {processor.py:186} INFO - Started process (PID=733) to work on /home/airflow/.local/lib/python3.12/site-packages/airflow/example_dags/example_sla_dag.py
[2024-11-26T11:03:50.162+0000] {processor.py:914} INFO - Processing file /home/airflow/.local/lib/python3.12/site-packages/airflow/example_dags/example_sla_dag.py for tasks to queue
[2024-11-26T11:03:50.164+0000] {logging_mixin.py:190} INFO - [2024-11-26T11:03:50.164+0000] {dagbag.py:588} INFO - Filling up the DagBag from /home/airflow/.local/lib/python3.12/site-packages/airflow/example_dags/example_sla_dag.py
[2024-11-26T11:03:50.172+0000] {processor.py:925} INFO - DAG(s) 'example_sla_dag' retrieved from /home/airflow/.local/lib/python3.12/site-packages/airflow/example_dags/example_sla_dag.py
[2024-11-26T11:03:50.186+0000] {logging_mixin.py:190} INFO - [2024-11-26T11:03:50.186+0000] {dag.py:3239} INFO - Sync 1 DAGs
[2024-11-26T11:03:50.207+0000] {logging_mixin.py:190} INFO - [2024-11-26T11:03:50.206+0000] {dag.py:4180} INFO - Setting next_dagrun for example_sla_dag to 2024-11-26 11:00:00+00:00, run_after=2024-11-26 11:02:00+00:00
[2024-11-26T11:03:50.220+0000] {processor.py:208} INFO - Processing /home/airflow/.local/lib/python3.12/site-packages/airflow/example_dags/example_sla_dag.py took 0.063 seconds
[2024-11-26T11:04:21.120+0000] {processor.py:186} INFO - Started process (PID=796) to work on /home/airflow/.local/lib/python3.12/site-packages/airflow/example_dags/example_sla_dag.py
[2024-11-26T11:04:21.121+0000] {processor.py:914} INFO - Processing file /home/airflow/.local/lib/python3.12/site-packages/airflow/example_dags/example_sla_dag.py for tasks to queue
[2024-11-26T11:04:21.125+0000] {logging_mixin.py:190} INFO - [2024-11-26T11:04:21.125+0000] {dagbag.py:588} INFO - Filling up the DagBag from /home/airflow/.local/lib/python3.12/site-packages/airflow/example_dags/example_sla_dag.py
[2024-11-26T11:04:21.134+0000] {processor.py:925} INFO - DAG(s) 'example_sla_dag' retrieved from /home/airflow/.local/lib/python3.12/site-packages/airflow/example_dags/example_sla_dag.py
[2024-11-26T11:04:21.158+0000] {logging_mixin.py:190} INFO - [2024-11-26T11:04:21.158+0000] {dag.py:3239} INFO - Sync 1 DAGs
[2024-11-26T11:04:21.182+0000] {logging_mixin.py:190} INFO - [2024-11-26T11:04:21.182+0000] {dag.py:4180} INFO - Setting next_dagrun for example_sla_dag to 2024-11-26 11:02:00+00:00, run_after=2024-11-26 11:04:00+00:00
[2024-11-26T11:04:21.200+0000] {processor.py:208} INFO - Processing /home/airflow/.local/lib/python3.12/site-packages/airflow/example_dags/example_sla_dag.py took 0.088 seconds
[2024-11-26T11:04:51.926+0000] {processor.py:186} INFO - Started process (PID=859) to work on /home/airflow/.local/lib/python3.12/site-packages/airflow/example_dags/example_sla_dag.py
[2024-11-26T11:04:51.926+0000] {processor.py:914} INFO - Processing file /home/airflow/.local/lib/python3.12/site-packages/airflow/example_dags/example_sla_dag.py for tasks to queue
[2024-11-26T11:04:51.929+0000] {logging_mixin.py:190} INFO - [2024-11-26T11:04:51.928+0000] {dagbag.py:588} INFO - Filling up the DagBag from /home/airflow/.local/lib/python3.12/site-packages/airflow/example_dags/example_sla_dag.py
[2024-11-26T11:04:51.938+0000] {processor.py:925} INFO - DAG(s) 'example_sla_dag' retrieved from /home/airflow/.local/lib/python3.12/site-packages/airflow/example_dags/example_sla_dag.py
[2024-11-26T11:04:51.954+0000] {logging_mixin.py:190} INFO - [2024-11-26T11:04:51.954+0000] {dag.py:3239} INFO - Sync 1 DAGs
[2024-11-26T11:04:51.977+0000] {logging_mixin.py:190} INFO - [2024-11-26T11:04:51.977+0000] {dag.py:4180} INFO - Setting next_dagrun for example_sla_dag to 2024-11-26 11:02:00+00:00, run_after=2024-11-26 11:04:00+00:00
[2024-11-26T11:04:51.993+0000] {processor.py:208} INFO - Processing /home/airflow/.local/lib/python3.12/site-packages/airflow/example_dags/example_sla_dag.py took 0.072 seconds
[2024-11-26T11:05:22.274+0000] {processor.py:186} INFO - Started process (PID=921) to work on /home/airflow/.local/lib/python3.12/site-packages/airflow/example_dags/example_sla_dag.py
[2024-11-26T11:05:22.275+0000] {processor.py:914} INFO - Processing file /home/airflow/.local/lib/python3.12/site-packages/airflow/example_dags/example_sla_dag.py for tasks to queue
[2024-11-26T11:05:22.276+0000] {logging_mixin.py:190} INFO - [2024-11-26T11:05:22.276+0000] {dagbag.py:588} INFO - Filling up the DagBag from /home/airflow/.local/lib/python3.12/site-packages/airflow/example_dags/example_sla_dag.py
[2024-11-26T11:05:22.283+0000] {processor.py:925} INFO - DAG(s) 'example_sla_dag' retrieved from /home/airflow/.local/lib/python3.12/site-packages/airflow/example_dags/example_sla_dag.py
[2024-11-26T11:05:22.301+0000] {logging_mixin.py:190} INFO - [2024-11-26T11:05:22.300+0000] {dag.py:3239} INFO - Sync 1 DAGs
[2024-11-26T11:05:22.319+0000] {logging_mixin.py:190} INFO - [2024-11-26T11:05:22.319+0000] {dag.py:4180} INFO - Setting next_dagrun for example_sla_dag to 2024-11-26 11:02:00+00:00, run_after=2024-11-26 11:04:00+00:00
[2024-11-26T11:05:22.333+0000] {processor.py:208} INFO - Processing /home/airflow/.local/lib/python3.12/site-packages/airflow/example_dags/example_sla_dag.py took 0.063 seconds
[2024-11-26T11:05:52.754+0000] {processor.py:186} INFO - Started process (PID=984) to work on /home/airflow/.local/lib/python3.12/site-packages/airflow/example_dags/example_sla_dag.py
[2024-11-26T11:05:52.755+0000] {processor.py:914} INFO - Processing file /home/airflow/.local/lib/python3.12/site-packages/airflow/example_dags/example_sla_dag.py for tasks to queue
[2024-11-26T11:05:52.757+0000] {logging_mixin.py:190} INFO - [2024-11-26T11:05:52.757+0000] {dagbag.py:588} INFO - Filling up the DagBag from /home/airflow/.local/lib/python3.12/site-packages/airflow/example_dags/example_sla_dag.py
[2024-11-26T11:05:52.766+0000] {processor.py:925} INFO - DAG(s) 'example_sla_dag' retrieved from /home/airflow/.local/lib/python3.12/site-packages/airflow/example_dags/example_sla_dag.py
[2024-11-26T11:05:52.781+0000] {logging_mixin.py:190} INFO - [2024-11-26T11:05:52.781+0000] {dag.py:3239} INFO - Sync 1 DAGs
[2024-11-26T11:05:52.798+0000] {logging_mixin.py:190} INFO - [2024-11-26T11:05:52.798+0000] {dag.py:4180} INFO - Setting next_dagrun for example_sla_dag to 2024-11-26 11:02:00+00:00, run_after=2024-11-26 11:04:00+00:00
[2024-11-26T11:05:52.813+0000] {processor.py:208} INFO - Processing /home/airflow/.local/lib/python3.12/site-packages/airflow/example_dags/example_sla_dag.py took 0.063 seconds
[2024-11-26T11:06:23.208+0000] {processor.py:186} INFO - Started process (PID=1047) to work on /home/airflow/.local/lib/python3.12/site-packages/airflow/example_dags/example_sla_dag.py
[2024-11-26T11:06:23.209+0000] {processor.py:914} INFO - Processing file /home/airflow/.local/lib/python3.12/site-packages/airflow/example_dags/example_sla_dag.py for tasks to queue
[2024-11-26T11:06:23.213+0000] {logging_mixin.py:190} INFO - [2024-11-26T11:06:23.212+0000] {dagbag.py:588} INFO - Filling up the DagBag from /home/airflow/.local/lib/python3.12/site-packages/airflow/example_dags/example_sla_dag.py
[2024-11-26T11:06:23.223+0000] {processor.py:925} INFO - DAG(s) 'example_sla_dag' retrieved from /home/airflow/.local/lib/python3.12/site-packages/airflow/example_dags/example_sla_dag.py
[2024-11-26T11:06:23.242+0000] {logging_mixin.py:190} INFO - [2024-11-26T11:06:23.241+0000] {dag.py:3239} INFO - Sync 1 DAGs
[2024-11-26T11:06:23.264+0000] {logging_mixin.py:190} INFO - [2024-11-26T11:06:23.264+0000] {dag.py:4180} INFO - Setting next_dagrun for example_sla_dag to 2024-11-26 11:04:00+00:00, run_after=2024-11-26 11:06:00+00:00
[2024-11-26T11:06:23.279+0000] {processor.py:208} INFO - Processing /home/airflow/.local/lib/python3.12/site-packages/airflow/example_dags/example_sla_dag.py took 0.075 seconds
[2024-11-26T11:06:54.041+0000] {processor.py:186} INFO - Started process (PID=1109) to work on /home/airflow/.local/lib/python3.12/site-packages/airflow/example_dags/example_sla_dag.py
[2024-11-26T11:06:54.041+0000] {processor.py:914} INFO - Processing file /home/airflow/.local/lib/python3.12/site-packages/airflow/example_dags/example_sla_dag.py for tasks to queue
[2024-11-26T11:06:54.043+0000] {logging_mixin.py:190} INFO - [2024-11-26T11:06:54.043+0000] {dagbag.py:588} INFO - Filling up the DagBag from /home/airflow/.local/lib/python3.12/site-packages/airflow/example_dags/example_sla_dag.py
[2024-11-26T11:06:54.051+0000] {processor.py:925} INFO - DAG(s) 'example_sla_dag' retrieved from /home/airflow/.local/lib/python3.12/site-packages/airflow/example_dags/example_sla_dag.py
[2024-11-26T11:06:54.067+0000] {logging_mixin.py:190} INFO - [2024-11-26T11:06:54.067+0000] {dag.py:3239} INFO - Sync 1 DAGs
[2024-11-26T11:06:54.086+0000] {logging_mixin.py:190} INFO - [2024-11-26T11:06:54.086+0000] {dag.py:4180} INFO - Setting next_dagrun for example_sla_dag to 2024-11-26 11:04:00+00:00, run_after=2024-11-26 11:06:00+00:00
[2024-11-26T11:06:54.099+0000] {processor.py:208} INFO - Processing /home/airflow/.local/lib/python3.12/site-packages/airflow/example_dags/example_sla_dag.py took 0.062 seconds
[2024-11-26T11:07:24.469+0000] {processor.py:186} INFO - Started process (PID=1172) to work on /home/airflow/.local/lib/python3.12/site-packages/airflow/example_dags/example_sla_dag.py
[2024-11-26T11:07:24.470+0000] {processor.py:914} INFO - Processing file /home/airflow/.local/lib/python3.12/site-packages/airflow/example_dags/example_sla_dag.py for tasks to queue
[2024-11-26T11:07:24.472+0000] {logging_mixin.py:190} INFO - [2024-11-26T11:07:24.472+0000] {dagbag.py:588} INFO - Filling up the DagBag from /home/airflow/.local/lib/python3.12/site-packages/airflow/example_dags/example_sla_dag.py
[2024-11-26T11:07:24.482+0000] {processor.py:925} INFO - DAG(s) 'example_sla_dag' retrieved from /home/airflow/.local/lib/python3.12/site-packages/airflow/example_dags/example_sla_dag.py
[2024-11-26T11:07:24.500+0000] {logging_mixin.py:190} INFO - [2024-11-26T11:07:24.499+0000] {dag.py:3239} INFO - Sync 1 DAGs
[2024-11-26T11:07:24.520+0000] {logging_mixin.py:190} INFO - [2024-11-26T11:07:24.520+0000] {dag.py:4180} INFO - Setting next_dagrun for example_sla_dag to 2024-11-26 11:04:00+00:00, run_after=2024-11-26 11:06:00+00:00
[2024-11-26T11:07:24.541+0000] {processor.py:208} INFO - Processing /home/airflow/.local/lib/python3.12/site-packages/airflow/example_dags/example_sla_dag.py took 0.076 seconds
[2024-11-26T11:07:55.436+0000] {processor.py:186} INFO - Started process (PID=1235) to work on /home/airflow/.local/lib/python3.12/site-packages/airflow/example_dags/example_sla_dag.py
[2024-11-26T11:07:55.437+0000] {processor.py:914} INFO - Processing file /home/airflow/.local/lib/python3.12/site-packages/airflow/example_dags/example_sla_dag.py for tasks to queue
[2024-11-26T11:07:55.439+0000] {logging_mixin.py:190} INFO - [2024-11-26T11:07:55.439+0000] {dagbag.py:588} INFO - Filling up the DagBag from /home/airflow/.local/lib/python3.12/site-packages/airflow/example_dags/example_sla_dag.py
[2024-11-26T11:07:55.448+0000] {processor.py:925} INFO - DAG(s) 'example_sla_dag' retrieved from /home/airflow/.local/lib/python3.12/site-packages/airflow/example_dags/example_sla_dag.py
[2024-11-26T11:07:55.463+0000] {logging_mixin.py:190} INFO - [2024-11-26T11:07:55.463+0000] {dag.py:3239} INFO - Sync 1 DAGs
[2024-11-26T11:07:55.480+0000] {logging_mixin.py:190} INFO - [2024-11-26T11:07:55.480+0000] {dag.py:4180} INFO - Setting next_dagrun for example_sla_dag to 2024-11-26 11:04:00+00:00, run_after=2024-11-26 11:06:00+00:00
[2024-11-26T11:07:55.493+0000] {processor.py:208} INFO - Processing /home/airflow/.local/lib/python3.12/site-packages/airflow/example_dags/example_sla_dag.py took 0.061 seconds
[2024-11-26T11:08:25.576+0000] {processor.py:186} INFO - Started process (PID=1298) to work on /home/airflow/.local/lib/python3.12/site-packages/airflow/example_dags/example_sla_dag.py
[2024-11-26T11:08:25.577+0000] {processor.py:914} INFO - Processing file /home/airflow/.local/lib/python3.12/site-packages/airflow/example_dags/example_sla_dag.py for tasks to queue
[2024-11-26T11:08:25.579+0000] {logging_mixin.py:190} INFO - [2024-11-26T11:08:25.578+0000] {dagbag.py:588} INFO - Filling up the DagBag from /home/airflow/.local/lib/python3.12/site-packages/airflow/example_dags/example_sla_dag.py
[2024-11-26T11:08:25.586+0000] {processor.py:925} INFO - DAG(s) 'example_sla_dag' retrieved from /home/airflow/.local/lib/python3.12/site-packages/airflow/example_dags/example_sla_dag.py
[2024-11-26T11:08:25.604+0000] {logging_mixin.py:190} INFO - [2024-11-26T11:08:25.604+0000] {dag.py:3239} INFO - Sync 1 DAGs
[2024-11-26T11:08:25.625+0000] {logging_mixin.py:190} INFO - [2024-11-26T11:08:25.625+0000] {dag.py:4180} INFO - Setting next_dagrun for example_sla_dag to 2024-11-26 11:06:00+00:00, run_after=2024-11-26 11:08:00+00:00
[2024-11-26T11:08:25.642+0000] {processor.py:208} INFO - Processing /home/airflow/.local/lib/python3.12/site-packages/airflow/example_dags/example_sla_dag.py took 0.071 seconds
[2024-11-26T11:08:56.599+0000] {processor.py:186} INFO - Started process (PID=1361) to work on /home/airflow/.local/lib/python3.12/site-packages/airflow/example_dags/example_sla_dag.py
[2024-11-26T11:08:56.601+0000] {processor.py:914} INFO - Processing file /home/airflow/.local/lib/python3.12/site-packages/airflow/example_dags/example_sla_dag.py for tasks to queue
[2024-11-26T11:08:56.604+0000] {logging_mixin.py:190} INFO - [2024-11-26T11:08:56.604+0000] {dagbag.py:588} INFO - Filling up the DagBag from /home/airflow/.local/lib/python3.12/site-packages/airflow/example_dags/example_sla_dag.py
[2024-11-26T11:08:56.612+0000] {processor.py:925} INFO - DAG(s) 'example_sla_dag' retrieved from /home/airflow/.local/lib/python3.12/site-packages/airflow/example_dags/example_sla_dag.py
[2024-11-26T11:08:56.638+0000] {logging_mixin.py:190} INFO - [2024-11-26T11:08:56.638+0000] {dag.py:3239} INFO - Sync 1 DAGs
[2024-11-26T11:08:56.660+0000] {logging_mixin.py:190} INFO - [2024-11-26T11:08:56.660+0000] {dag.py:4180} INFO - Setting next_dagrun for example_sla_dag to 2024-11-26 11:06:00+00:00, run_after=2024-11-26 11:08:00+00:00
[2024-11-26T11:08:56.680+0000] {processor.py:208} INFO - Processing /home/airflow/.local/lib/python3.12/site-packages/airflow/example_dags/example_sla_dag.py took 0.087 seconds
[2024-11-26T11:09:26.868+0000] {processor.py:186} INFO - Started process (PID=1424) to work on /home/airflow/.local/lib/python3.12/site-packages/airflow/example_dags/example_sla_dag.py
[2024-11-26T11:09:26.869+0000] {processor.py:914} INFO - Processing file /home/airflow/.local/lib/python3.12/site-packages/airflow/example_dags/example_sla_dag.py for tasks to queue
[2024-11-26T11:09:26.872+0000] {logging_mixin.py:190} INFO - [2024-11-26T11:09:26.872+0000] {dagbag.py:588} INFO - Filling up the DagBag from /home/airflow/.local/lib/python3.12/site-packages/airflow/example_dags/example_sla_dag.py
[2024-11-26T11:09:26.881+0000] {processor.py:925} INFO - DAG(s) 'example_sla_dag' retrieved from /home/airflow/.local/lib/python3.12/site-packages/airflow/example_dags/example_sla_dag.py
[2024-11-26T11:09:26.901+0000] {logging_mixin.py:190} INFO - [2024-11-26T11:09:26.901+0000] {dag.py:3239} INFO - Sync 1 DAGs
[2024-11-26T11:09:26.920+0000] {logging_mixin.py:190} INFO - [2024-11-26T11:09:26.920+0000] {dag.py:4180} INFO - Setting next_dagrun for example_sla_dag to 2024-11-26 11:06:00+00:00, run_after=2024-11-26 11:08:00+00:00
[2024-11-26T11:09:26.936+0000] {processor.py:208} INFO - Processing /home/airflow/.local/lib/python3.12/site-packages/airflow/example_dags/example_sla_dag.py took 0.072 seconds
[2024-11-26T11:09:57.288+0000] {processor.py:186} INFO - Started process (PID=1486) to work on /home/airflow/.local/lib/python3.12/site-packages/airflow/example_dags/example_sla_dag.py
[2024-11-26T11:09:57.289+0000] {processor.py:914} INFO - Processing file /home/airflow/.local/lib/python3.12/site-packages/airflow/example_dags/example_sla_dag.py for tasks to queue
[2024-11-26T11:09:57.292+0000] {logging_mixin.py:190} INFO - [2024-11-26T11:09:57.291+0000] {dagbag.py:588} INFO - Filling up the DagBag from /home/airflow/.local/lib/python3.12/site-packages/airflow/example_dags/example_sla_dag.py
[2024-11-26T11:09:57.299+0000] {processor.py:925} INFO - DAG(s) 'example_sla_dag' retrieved from /home/airflow/.local/lib/python3.12/site-packages/airflow/example_dags/example_sla_dag.py
[2024-11-26T11:09:57.316+0000] {logging_mixin.py:190} INFO - [2024-11-26T11:09:57.315+0000] {dag.py:3239} INFO - Sync 1 DAGs
[2024-11-26T11:09:57.333+0000] {logging_mixin.py:190} INFO - [2024-11-26T11:09:57.333+0000] {dag.py:4180} INFO - Setting next_dagrun for example_sla_dag to 2024-11-26 11:06:00+00:00, run_after=2024-11-26 11:08:00+00:00
[2024-11-26T11:09:57.363+0000] {processor.py:208} INFO - Processing /home/airflow/.local/lib/python3.12/site-packages/airflow/example_dags/example_sla_dag.py took 0.080 seconds
[2024-11-26T11:10:28.519+0000] {processor.py:186} INFO - Started process (PID=1550) to work on /home/airflow/.local/lib/python3.12/site-packages/airflow/example_dags/example_sla_dag.py
[2024-11-26T11:10:28.521+0000] {processor.py:914} INFO - Processing file /home/airflow/.local/lib/python3.12/site-packages/airflow/example_dags/example_sla_dag.py for tasks to queue
[2024-11-26T11:10:28.524+0000] {logging_mixin.py:190} INFO - [2024-11-26T11:10:28.524+0000] {dagbag.py:588} INFO - Filling up the DagBag from /home/airflow/.local/lib/python3.12/site-packages/airflow/example_dags/example_sla_dag.py
[2024-11-26T11:10:28.534+0000] {processor.py:925} INFO - DAG(s) 'example_sla_dag' retrieved from /home/airflow/.local/lib/python3.12/site-packages/airflow/example_dags/example_sla_dag.py
[2024-11-26T11:10:28.549+0000] {logging_mixin.py:190} INFO - [2024-11-26T11:10:28.549+0000] {dag.py:3239} INFO - Sync 1 DAGs
[2024-11-26T11:10:28.575+0000] {logging_mixin.py:190} INFO - [2024-11-26T11:10:28.575+0000] {dag.py:4180} INFO - Setting next_dagrun for example_sla_dag to 2024-11-26 11:08:00+00:00, run_after=2024-11-26 11:10:00+00:00
[2024-11-26T11:10:28.598+0000] {processor.py:208} INFO - Processing /home/airflow/.local/lib/python3.12/site-packages/airflow/example_dags/example_sla_dag.py took 0.085 seconds
[2024-11-26T11:10:59.162+0000] {processor.py:186} INFO - Started process (PID=1613) to work on /home/airflow/.local/lib/python3.12/site-packages/airflow/example_dags/example_sla_dag.py
[2024-11-26T11:10:59.164+0000] {processor.py:914} INFO - Processing file /home/airflow/.local/lib/python3.12/site-packages/airflow/example_dags/example_sla_dag.py for tasks to queue
[2024-11-26T11:10:59.167+0000] {logging_mixin.py:190} INFO - [2024-11-26T11:10:59.166+0000] {dagbag.py:588} INFO - Filling up the DagBag from /home/airflow/.local/lib/python3.12/site-packages/airflow/example_dags/example_sla_dag.py
[2024-11-26T11:10:59.175+0000] {processor.py:925} INFO - DAG(s) 'example_sla_dag' retrieved from /home/airflow/.local/lib/python3.12/site-packages/airflow/example_dags/example_sla_dag.py
[2024-11-26T11:10:59.193+0000] {logging_mixin.py:190} INFO - [2024-11-26T11:10:59.193+0000] {dag.py:3239} INFO - Sync 1 DAGs
[2024-11-26T11:10:59.211+0000] {logging_mixin.py:190} INFO - [2024-11-26T11:10:59.211+0000] {dag.py:4180} INFO - Setting next_dagrun for example_sla_dag to 2024-11-26 11:08:00+00:00, run_after=2024-11-26 11:10:00+00:00
[2024-11-26T11:10:59.230+0000] {processor.py:208} INFO - Processing /home/airflow/.local/lib/python3.12/site-packages/airflow/example_dags/example_sla_dag.py took 0.072 seconds
[2024-11-26T11:11:29.785+0000] {processor.py:186} INFO - Started process (PID=1676) to work on /home/airflow/.local/lib/python3.12/site-packages/airflow/example_dags/example_sla_dag.py
[2024-11-26T11:11:29.787+0000] {processor.py:914} INFO - Processing file /home/airflow/.local/lib/python3.12/site-packages/airflow/example_dags/example_sla_dag.py for tasks to queue
[2024-11-26T11:11:29.791+0000] {logging_mixin.py:190} INFO - [2024-11-26T11:11:29.790+0000] {dagbag.py:588} INFO - Filling up the DagBag from /home/airflow/.local/lib/python3.12/site-packages/airflow/example_dags/example_sla_dag.py
[2024-11-26T11:11:29.801+0000] {processor.py:925} INFO - DAG(s) 'example_sla_dag' retrieved from /home/airflow/.local/lib/python3.12/site-packages/airflow/example_dags/example_sla_dag.py
[2024-11-26T11:11:29.821+0000] {logging_mixin.py:190} INFO - [2024-11-26T11:11:29.821+0000] {dag.py:3239} INFO - Sync 1 DAGs
[2024-11-26T11:11:29.843+0000] {logging_mixin.py:190} INFO - [2024-11-26T11:11:29.843+0000] {dag.py:4180} INFO - Setting next_dagrun for example_sla_dag to 2024-11-26 11:08:00+00:00, run_after=2024-11-26 11:10:00+00:00
[2024-11-26T11:11:29.859+0000] {processor.py:208} INFO - Processing /home/airflow/.local/lib/python3.12/site-packages/airflow/example_dags/example_sla_dag.py took 0.081 seconds
