[2024-11-26T10:58:46.304+0000] {processor.py:186} INFO - Started process (PID=119) to work on /home/airflow/.local/lib/python3.12/site-packages/airflow/example_dags/example_bash_decorator.py
[2024-11-26T10:58:46.305+0000] {processor.py:914} INFO - Processing file /home/airflow/.local/lib/python3.12/site-packages/airflow/example_dags/example_bash_decorator.py for tasks to queue
[2024-11-26T10:58:46.310+0000] {logging_mixin.py:190} INFO - [2024-11-26T10:58:46.309+0000] {dagbag.py:588} INFO - Filling up the DagBag from /home/airflow/.local/lib/python3.12/site-packages/airflow/example_dags/example_bash_decorator.py
[2024-11-26T10:58:46.328+0000] {processor.py:925} INFO - DAG(s) 'example_bash_decorator' retrieved from /home/airflow/.local/lib/python3.12/site-packages/airflow/example_dags/example_bash_decorator.py
[2024-11-26T10:58:46.433+0000] {logging_mixin.py:190} INFO - [2024-11-26T10:58:46.432+0000] {override.py:1911} INFO - Created Permission View: can delete on DAG:example_bash_decorator
[2024-11-26T10:58:46.445+0000] {logging_mixin.py:190} INFO - [2024-11-26T10:58:46.445+0000] {override.py:1911} INFO - Created Permission View: can read on DAG:example_bash_decorator
[2024-11-26T10:58:46.453+0000] {logging_mixin.py:190} INFO - [2024-11-26T10:58:46.453+0000] {override.py:1911} INFO - Created Permission View: can edit on DAG:example_bash_decorator
[2024-11-26T10:58:46.462+0000] {logging_mixin.py:190} INFO - [2024-11-26T10:58:46.462+0000] {override.py:1911} INFO - Created Permission View: can create on DAG Run:example_bash_decorator
[2024-11-26T10:58:46.470+0000] {logging_mixin.py:190} INFO - [2024-11-26T10:58:46.470+0000] {override.py:1911} INFO - Created Permission View: can read on DAG Run:example_bash_decorator
[2024-11-26T10:58:46.478+0000] {logging_mixin.py:190} INFO - [2024-11-26T10:58:46.478+0000] {override.py:1911} INFO - Created Permission View: menu access on DAG Run:example_bash_decorator
[2024-11-26T10:58:46.488+0000] {logging_mixin.py:190} INFO - [2024-11-26T10:58:46.487+0000] {override.py:1911} INFO - Created Permission View: can delete on DAG Run:example_bash_decorator
[2024-11-26T10:58:46.489+0000] {logging_mixin.py:190} INFO - [2024-11-26T10:58:46.488+0000] {dag.py:3239} INFO - Sync 1 DAGs
[2024-11-26T10:58:46.499+0000] {logging_mixin.py:190} INFO - [2024-11-26T10:58:46.499+0000] {dag.py:3262} INFO - Creating ORM DAG for example_bash_decorator
[2024-11-26T10:58:46.500+0000] {logging_mixin.py:190} INFO - [2024-11-26T10:58:46.500+0000] {dag.py:4180} INFO - Setting next_dagrun for example_bash_decorator to None, run_after=None
[2024-11-26T10:58:46.511+0000] {processor.py:208} INFO - Processing /home/airflow/.local/lib/python3.12/site-packages/airflow/example_dags/example_bash_decorator.py took 0.215 seconds
[2024-11-26T10:59:16.852+0000] {processor.py:186} INFO - Started process (PID=182) to work on /home/airflow/.local/lib/python3.12/site-packages/airflow/example_dags/example_bash_decorator.py
[2024-11-26T10:59:16.853+0000] {processor.py:914} INFO - Processing file /home/airflow/.local/lib/python3.12/site-packages/airflow/example_dags/example_bash_decorator.py for tasks to queue
[2024-11-26T10:59:16.855+0000] {logging_mixin.py:190} INFO - [2024-11-26T10:59:16.855+0000] {dagbag.py:588} INFO - Filling up the DagBag from /home/airflow/.local/lib/python3.12/site-packages/airflow/example_dags/example_bash_decorator.py
[2024-11-26T10:59:16.872+0000] {processor.py:925} INFO - DAG(s) 'example_bash_decorator' retrieved from /home/airflow/.local/lib/python3.12/site-packages/airflow/example_dags/example_bash_decorator.py
[2024-11-26T10:59:16.902+0000] {logging_mixin.py:190} INFO - [2024-11-26T10:59:16.902+0000] {dag.py:3239} INFO - Sync 1 DAGs
[2024-11-26T10:59:16.916+0000] {logging_mixin.py:190} INFO - [2024-11-26T10:59:16.916+0000] {dag.py:4180} INFO - Setting next_dagrun for example_bash_decorator to None, run_after=None
[2024-11-26T10:59:16.935+0000] {processor.py:208} INFO - Processing /home/airflow/.local/lib/python3.12/site-packages/airflow/example_dags/example_bash_decorator.py took 0.089 seconds
[2024-11-26T10:59:47.637+0000] {processor.py:186} INFO - Started process (PID=245) to work on /home/airflow/.local/lib/python3.12/site-packages/airflow/example_dags/example_bash_decorator.py
[2024-11-26T10:59:47.638+0000] {processor.py:914} INFO - Processing file /home/airflow/.local/lib/python3.12/site-packages/airflow/example_dags/example_bash_decorator.py for tasks to queue
[2024-11-26T10:59:47.641+0000] {logging_mixin.py:190} INFO - [2024-11-26T10:59:47.640+0000] {dagbag.py:588} INFO - Filling up the DagBag from /home/airflow/.local/lib/python3.12/site-packages/airflow/example_dags/example_bash_decorator.py
[2024-11-26T10:59:47.652+0000] {processor.py:925} INFO - DAG(s) 'example_bash_decorator' retrieved from /home/airflow/.local/lib/python3.12/site-packages/airflow/example_dags/example_bash_decorator.py
[2024-11-26T10:59:47.679+0000] {logging_mixin.py:190} INFO - [2024-11-26T10:59:47.679+0000] {dag.py:3239} INFO - Sync 1 DAGs
[2024-11-26T10:59:47.694+0000] {logging_mixin.py:190} INFO - [2024-11-26T10:59:47.694+0000] {dag.py:4180} INFO - Setting next_dagrun for example_bash_decorator to None, run_after=None
[2024-11-26T10:59:47.712+0000] {processor.py:208} INFO - Processing /home/airflow/.local/lib/python3.12/site-packages/airflow/example_dags/example_bash_decorator.py took 0.080 seconds
[2024-11-26T11:00:18.172+0000] {processor.py:186} INFO - Started process (PID=308) to work on /home/airflow/.local/lib/python3.12/site-packages/airflow/example_dags/example_bash_decorator.py
[2024-11-26T11:00:18.173+0000] {processor.py:914} INFO - Processing file /home/airflow/.local/lib/python3.12/site-packages/airflow/example_dags/example_bash_decorator.py for tasks to queue
[2024-11-26T11:00:18.175+0000] {logging_mixin.py:190} INFO - [2024-11-26T11:00:18.175+0000] {dagbag.py:588} INFO - Filling up the DagBag from /home/airflow/.local/lib/python3.12/site-packages/airflow/example_dags/example_bash_decorator.py
[2024-11-26T11:00:18.192+0000] {processor.py:925} INFO - DAG(s) 'example_bash_decorator' retrieved from /home/airflow/.local/lib/python3.12/site-packages/airflow/example_dags/example_bash_decorator.py
[2024-11-26T11:00:18.220+0000] {logging_mixin.py:190} INFO - [2024-11-26T11:00:18.220+0000] {dag.py:3239} INFO - Sync 1 DAGs
[2024-11-26T11:00:18.231+0000] {logging_mixin.py:190} INFO - [2024-11-26T11:00:18.231+0000] {dag.py:4180} INFO - Setting next_dagrun for example_bash_decorator to None, run_after=None
[2024-11-26T11:00:18.249+0000] {processor.py:208} INFO - Processing /home/airflow/.local/lib/python3.12/site-packages/airflow/example_dags/example_bash_decorator.py took 0.081 seconds
[2024-11-26T11:00:49.142+0000] {processor.py:186} INFO - Started process (PID=370) to work on /home/airflow/.local/lib/python3.12/site-packages/airflow/example_dags/example_bash_decorator.py
[2024-11-26T11:00:49.143+0000] {processor.py:914} INFO - Processing file /home/airflow/.local/lib/python3.12/site-packages/airflow/example_dags/example_bash_decorator.py for tasks to queue
[2024-11-26T11:00:49.146+0000] {logging_mixin.py:190} INFO - [2024-11-26T11:00:49.145+0000] {dagbag.py:588} INFO - Filling up the DagBag from /home/airflow/.local/lib/python3.12/site-packages/airflow/example_dags/example_bash_decorator.py
[2024-11-26T11:00:49.157+0000] {processor.py:925} INFO - DAG(s) 'example_bash_decorator' retrieved from /home/airflow/.local/lib/python3.12/site-packages/airflow/example_dags/example_bash_decorator.py
[2024-11-26T11:00:49.174+0000] {logging_mixin.py:190} INFO - [2024-11-26T11:00:49.174+0000] {dag.py:3239} INFO - Sync 1 DAGs
[2024-11-26T11:00:49.184+0000] {logging_mixin.py:190} INFO - [2024-11-26T11:00:49.184+0000] {dag.py:4180} INFO - Setting next_dagrun for example_bash_decorator to None, run_after=None
[2024-11-26T11:00:49.200+0000] {processor.py:208} INFO - Processing /home/airflow/.local/lib/python3.12/site-packages/airflow/example_dags/example_bash_decorator.py took 0.062 seconds
[2024-11-26T11:01:19.969+0000] {processor.py:186} INFO - Started process (PID=432) to work on /home/airflow/.local/lib/python3.12/site-packages/airflow/example_dags/example_bash_decorator.py
[2024-11-26T11:01:19.970+0000] {processor.py:914} INFO - Processing file /home/airflow/.local/lib/python3.12/site-packages/airflow/example_dags/example_bash_decorator.py for tasks to queue
[2024-11-26T11:01:19.973+0000] {logging_mixin.py:190} INFO - [2024-11-26T11:01:19.973+0000] {dagbag.py:588} INFO - Filling up the DagBag from /home/airflow/.local/lib/python3.12/site-packages/airflow/example_dags/example_bash_decorator.py
[2024-11-26T11:01:19.994+0000] {processor.py:925} INFO - DAG(s) 'example_bash_decorator' retrieved from /home/airflow/.local/lib/python3.12/site-packages/airflow/example_dags/example_bash_decorator.py
[2024-11-26T11:01:20.015+0000] {logging_mixin.py:190} INFO - [2024-11-26T11:01:20.015+0000] {dag.py:3239} INFO - Sync 1 DAGs
[2024-11-26T11:01:20.028+0000] {logging_mixin.py:190} INFO - [2024-11-26T11:01:20.028+0000] {dag.py:4180} INFO - Setting next_dagrun for example_bash_decorator to None, run_after=None
[2024-11-26T11:01:20.049+0000] {processor.py:208} INFO - Processing /home/airflow/.local/lib/python3.12/site-packages/airflow/example_dags/example_bash_decorator.py took 0.085 seconds
[2024-11-26T11:01:50.784+0000] {processor.py:186} INFO - Started process (PID=495) to work on /home/airflow/.local/lib/python3.12/site-packages/airflow/example_dags/example_bash_decorator.py
[2024-11-26T11:01:50.785+0000] {processor.py:914} INFO - Processing file /home/airflow/.local/lib/python3.12/site-packages/airflow/example_dags/example_bash_decorator.py for tasks to queue
[2024-11-26T11:01:50.789+0000] {logging_mixin.py:190} INFO - [2024-11-26T11:01:50.788+0000] {dagbag.py:588} INFO - Filling up the DagBag from /home/airflow/.local/lib/python3.12/site-packages/airflow/example_dags/example_bash_decorator.py
[2024-11-26T11:01:50.802+0000] {processor.py:925} INFO - DAG(s) 'example_bash_decorator' retrieved from /home/airflow/.local/lib/python3.12/site-packages/airflow/example_dags/example_bash_decorator.py
[2024-11-26T11:01:50.828+0000] {logging_mixin.py:190} INFO - [2024-11-26T11:01:50.828+0000] {dag.py:3239} INFO - Sync 1 DAGs
[2024-11-26T11:01:50.841+0000] {logging_mixin.py:190} INFO - [2024-11-26T11:01:50.841+0000] {dag.py:4180} INFO - Setting next_dagrun for example_bash_decorator to None, run_after=None
[2024-11-26T11:01:50.860+0000] {processor.py:208} INFO - Processing /home/airflow/.local/lib/python3.12/site-packages/airflow/example_dags/example_bash_decorator.py took 0.080 seconds
[2024-11-26T11:02:21.279+0000] {processor.py:186} INFO - Started process (PID=557) to work on /home/airflow/.local/lib/python3.12/site-packages/airflow/example_dags/example_bash_decorator.py
[2024-11-26T11:02:21.280+0000] {processor.py:914} INFO - Processing file /home/airflow/.local/lib/python3.12/site-packages/airflow/example_dags/example_bash_decorator.py for tasks to queue
[2024-11-26T11:02:21.282+0000] {logging_mixin.py:190} INFO - [2024-11-26T11:02:21.282+0000] {dagbag.py:588} INFO - Filling up the DagBag from /home/airflow/.local/lib/python3.12/site-packages/airflow/example_dags/example_bash_decorator.py
[2024-11-26T11:02:21.296+0000] {processor.py:925} INFO - DAG(s) 'example_bash_decorator' retrieved from /home/airflow/.local/lib/python3.12/site-packages/airflow/example_dags/example_bash_decorator.py
[2024-11-26T11:02:21.319+0000] {logging_mixin.py:190} INFO - [2024-11-26T11:02:21.319+0000] {dag.py:3239} INFO - Sync 1 DAGs
[2024-11-26T11:02:21.333+0000] {logging_mixin.py:190} INFO - [2024-11-26T11:02:21.333+0000] {dag.py:4180} INFO - Setting next_dagrun for example_bash_decorator to None, run_after=None
[2024-11-26T11:02:21.351+0000] {processor.py:208} INFO - Processing /home/airflow/.local/lib/python3.12/site-packages/airflow/example_dags/example_bash_decorator.py took 0.077 seconds
[2024-11-26T11:02:51.972+0000] {processor.py:186} INFO - Started process (PID=620) to work on /home/airflow/.local/lib/python3.12/site-packages/airflow/example_dags/example_bash_decorator.py
[2024-11-26T11:02:51.973+0000] {processor.py:914} INFO - Processing file /home/airflow/.local/lib/python3.12/site-packages/airflow/example_dags/example_bash_decorator.py for tasks to queue
[2024-11-26T11:02:51.976+0000] {logging_mixin.py:190} INFO - [2024-11-26T11:02:51.976+0000] {dagbag.py:588} INFO - Filling up the DagBag from /home/airflow/.local/lib/python3.12/site-packages/airflow/example_dags/example_bash_decorator.py
[2024-11-26T11:02:51.988+0000] {processor.py:925} INFO - DAG(s) 'example_bash_decorator' retrieved from /home/airflow/.local/lib/python3.12/site-packages/airflow/example_dags/example_bash_decorator.py
[2024-11-26T11:02:52.013+0000] {logging_mixin.py:190} INFO - [2024-11-26T11:02:52.013+0000] {dag.py:3239} INFO - Sync 1 DAGs
[2024-11-26T11:02:52.025+0000] {logging_mixin.py:190} INFO - [2024-11-26T11:02:52.025+0000] {dag.py:4180} INFO - Setting next_dagrun for example_bash_decorator to None, run_after=None
[2024-11-26T11:02:52.041+0000] {processor.py:208} INFO - Processing /home/airflow/.local/lib/python3.12/site-packages/airflow/example_dags/example_bash_decorator.py took 0.075 seconds
[2024-11-26T11:03:22.527+0000] {processor.py:186} INFO - Started process (PID=683) to work on /home/airflow/.local/lib/python3.12/site-packages/airflow/example_dags/example_bash_decorator.py
[2024-11-26T11:03:22.529+0000] {processor.py:914} INFO - Processing file /home/airflow/.local/lib/python3.12/site-packages/airflow/example_dags/example_bash_decorator.py for tasks to queue
[2024-11-26T11:03:22.531+0000] {logging_mixin.py:190} INFO - [2024-11-26T11:03:22.530+0000] {dagbag.py:588} INFO - Filling up the DagBag from /home/airflow/.local/lib/python3.12/site-packages/airflow/example_dags/example_bash_decorator.py
[2024-11-26T11:03:22.542+0000] {processor.py:925} INFO - DAG(s) 'example_bash_decorator' retrieved from /home/airflow/.local/lib/python3.12/site-packages/airflow/example_dags/example_bash_decorator.py
[2024-11-26T11:03:22.565+0000] {logging_mixin.py:190} INFO - [2024-11-26T11:03:22.564+0000] {dag.py:3239} INFO - Sync 1 DAGs
[2024-11-26T11:03:22.578+0000] {logging_mixin.py:190} INFO - [2024-11-26T11:03:22.577+0000] {dag.py:4180} INFO - Setting next_dagrun for example_bash_decorator to None, run_after=None
[2024-11-26T11:03:22.593+0000] {processor.py:208} INFO - Processing /home/airflow/.local/lib/python3.12/site-packages/airflow/example_dags/example_bash_decorator.py took 0.070 seconds
[2024-11-26T11:03:53.110+0000] {processor.py:186} INFO - Started process (PID=746) to work on /home/airflow/.local/lib/python3.12/site-packages/airflow/example_dags/example_bash_decorator.py
[2024-11-26T11:03:53.111+0000] {processor.py:914} INFO - Processing file /home/airflow/.local/lib/python3.12/site-packages/airflow/example_dags/example_bash_decorator.py for tasks to queue
[2024-11-26T11:03:53.113+0000] {logging_mixin.py:190} INFO - [2024-11-26T11:03:53.113+0000] {dagbag.py:588} INFO - Filling up the DagBag from /home/airflow/.local/lib/python3.12/site-packages/airflow/example_dags/example_bash_decorator.py
[2024-11-26T11:03:53.125+0000] {processor.py:925} INFO - DAG(s) 'example_bash_decorator' retrieved from /home/airflow/.local/lib/python3.12/site-packages/airflow/example_dags/example_bash_decorator.py
[2024-11-26T11:03:53.150+0000] {logging_mixin.py:190} INFO - [2024-11-26T11:03:53.149+0000] {dag.py:3239} INFO - Sync 1 DAGs
[2024-11-26T11:03:53.163+0000] {logging_mixin.py:190} INFO - [2024-11-26T11:03:53.163+0000] {dag.py:4180} INFO - Setting next_dagrun for example_bash_decorator to None, run_after=None
[2024-11-26T11:03:53.178+0000] {processor.py:208} INFO - Processing /home/airflow/.local/lib/python3.12/site-packages/airflow/example_dags/example_bash_decorator.py took 0.072 seconds
[2024-11-26T11:04:24.221+0000] {processor.py:186} INFO - Started process (PID=809) to work on /home/airflow/.local/lib/python3.12/site-packages/airflow/example_dags/example_bash_decorator.py
[2024-11-26T11:04:24.222+0000] {processor.py:914} INFO - Processing file /home/airflow/.local/lib/python3.12/site-packages/airflow/example_dags/example_bash_decorator.py for tasks to queue
[2024-11-26T11:04:24.224+0000] {logging_mixin.py:190} INFO - [2024-11-26T11:04:24.224+0000] {dagbag.py:588} INFO - Filling up the DagBag from /home/airflow/.local/lib/python3.12/site-packages/airflow/example_dags/example_bash_decorator.py
[2024-11-26T11:04:24.235+0000] {processor.py:925} INFO - DAG(s) 'example_bash_decorator' retrieved from /home/airflow/.local/lib/python3.12/site-packages/airflow/example_dags/example_bash_decorator.py
[2024-11-26T11:04:24.254+0000] {logging_mixin.py:190} INFO - [2024-11-26T11:04:24.254+0000] {dag.py:3239} INFO - Sync 1 DAGs
[2024-11-26T11:04:24.266+0000] {logging_mixin.py:190} INFO - [2024-11-26T11:04:24.266+0000] {dag.py:4180} INFO - Setting next_dagrun for example_bash_decorator to None, run_after=None
[2024-11-26T11:04:24.286+0000] {processor.py:208} INFO - Processing /home/airflow/.local/lib/python3.12/site-packages/airflow/example_dags/example_bash_decorator.py took 0.069 seconds
[2024-11-26T11:04:54.832+0000] {processor.py:186} INFO - Started process (PID=872) to work on /home/airflow/.local/lib/python3.12/site-packages/airflow/example_dags/example_bash_decorator.py
[2024-11-26T11:04:54.833+0000] {processor.py:914} INFO - Processing file /home/airflow/.local/lib/python3.12/site-packages/airflow/example_dags/example_bash_decorator.py for tasks to queue
[2024-11-26T11:04:54.836+0000] {logging_mixin.py:190} INFO - [2024-11-26T11:04:54.835+0000] {dagbag.py:588} INFO - Filling up the DagBag from /home/airflow/.local/lib/python3.12/site-packages/airflow/example_dags/example_bash_decorator.py
[2024-11-26T11:04:54.847+0000] {processor.py:925} INFO - DAG(s) 'example_bash_decorator' retrieved from /home/airflow/.local/lib/python3.12/site-packages/airflow/example_dags/example_bash_decorator.py
[2024-11-26T11:04:54.866+0000] {logging_mixin.py:190} INFO - [2024-11-26T11:04:54.866+0000] {dag.py:3239} INFO - Sync 1 DAGs
[2024-11-26T11:04:54.876+0000] {logging_mixin.py:190} INFO - [2024-11-26T11:04:54.876+0000] {dag.py:4180} INFO - Setting next_dagrun for example_bash_decorator to None, run_after=None
[2024-11-26T11:04:54.894+0000] {processor.py:208} INFO - Processing /home/airflow/.local/lib/python3.12/site-packages/airflow/example_dags/example_bash_decorator.py took 0.067 seconds
[2024-11-26T11:05:26.168+0000] {processor.py:186} INFO - Started process (PID=934) to work on /home/airflow/.local/lib/python3.12/site-packages/airflow/example_dags/example_bash_decorator.py
[2024-11-26T11:05:26.168+0000] {processor.py:914} INFO - Processing file /home/airflow/.local/lib/python3.12/site-packages/airflow/example_dags/example_bash_decorator.py for tasks to queue
[2024-11-26T11:05:26.170+0000] {logging_mixin.py:190} INFO - [2024-11-26T11:05:26.170+0000] {dagbag.py:588} INFO - Filling up the DagBag from /home/airflow/.local/lib/python3.12/site-packages/airflow/example_dags/example_bash_decorator.py
[2024-11-26T11:05:26.180+0000] {processor.py:925} INFO - DAG(s) 'example_bash_decorator' retrieved from /home/airflow/.local/lib/python3.12/site-packages/airflow/example_dags/example_bash_decorator.py
[2024-11-26T11:05:26.196+0000] {logging_mixin.py:190} INFO - [2024-11-26T11:05:26.196+0000] {dag.py:3239} INFO - Sync 1 DAGs
[2024-11-26T11:05:26.207+0000] {logging_mixin.py:190} INFO - [2024-11-26T11:05:26.207+0000] {dag.py:4180} INFO - Setting next_dagrun for example_bash_decorator to None, run_after=None
[2024-11-26T11:05:26.223+0000] {processor.py:208} INFO - Processing /home/airflow/.local/lib/python3.12/site-packages/airflow/example_dags/example_bash_decorator.py took 0.060 seconds
[2024-11-26T11:05:56.672+0000] {processor.py:186} INFO - Started process (PID=997) to work on /home/airflow/.local/lib/python3.12/site-packages/airflow/example_dags/example_bash_decorator.py
[2024-11-26T11:05:56.673+0000] {processor.py:914} INFO - Processing file /home/airflow/.local/lib/python3.12/site-packages/airflow/example_dags/example_bash_decorator.py for tasks to queue
[2024-11-26T11:05:56.674+0000] {logging_mixin.py:190} INFO - [2024-11-26T11:05:56.674+0000] {dagbag.py:588} INFO - Filling up the DagBag from /home/airflow/.local/lib/python3.12/site-packages/airflow/example_dags/example_bash_decorator.py
[2024-11-26T11:05:56.684+0000] {processor.py:925} INFO - DAG(s) 'example_bash_decorator' retrieved from /home/airflow/.local/lib/python3.12/site-packages/airflow/example_dags/example_bash_decorator.py
[2024-11-26T11:05:56.704+0000] {logging_mixin.py:190} INFO - [2024-11-26T11:05:56.704+0000] {dag.py:3239} INFO - Sync 1 DAGs
[2024-11-26T11:05:56.714+0000] {logging_mixin.py:190} INFO - [2024-11-26T11:05:56.714+0000] {dag.py:4180} INFO - Setting next_dagrun for example_bash_decorator to None, run_after=None
[2024-11-26T11:05:56.728+0000] {processor.py:208} INFO - Processing /home/airflow/.local/lib/python3.12/site-packages/airflow/example_dags/example_bash_decorator.py took 0.060 seconds
[2024-11-26T11:06:27.520+0000] {processor.py:186} INFO - Started process (PID=1060) to work on /home/airflow/.local/lib/python3.12/site-packages/airflow/example_dags/example_bash_decorator.py
[2024-11-26T11:06:27.521+0000] {processor.py:914} INFO - Processing file /home/airflow/.local/lib/python3.12/site-packages/airflow/example_dags/example_bash_decorator.py for tasks to queue
[2024-11-26T11:06:27.523+0000] {logging_mixin.py:190} INFO - [2024-11-26T11:06:27.523+0000] {dagbag.py:588} INFO - Filling up the DagBag from /home/airflow/.local/lib/python3.12/site-packages/airflow/example_dags/example_bash_decorator.py
[2024-11-26T11:06:27.534+0000] {processor.py:925} INFO - DAG(s) 'example_bash_decorator' retrieved from /home/airflow/.local/lib/python3.12/site-packages/airflow/example_dags/example_bash_decorator.py
[2024-11-26T11:06:27.549+0000] {logging_mixin.py:190} INFO - [2024-11-26T11:06:27.549+0000] {dag.py:3239} INFO - Sync 1 DAGs
[2024-11-26T11:06:27.557+0000] {logging_mixin.py:190} INFO - [2024-11-26T11:06:27.557+0000] {dag.py:4180} INFO - Setting next_dagrun for example_bash_decorator to None, run_after=None
[2024-11-26T11:06:27.569+0000] {processor.py:208} INFO - Processing /home/airflow/.local/lib/python3.12/site-packages/airflow/example_dags/example_bash_decorator.py took 0.053 seconds
[2024-11-26T11:06:58.007+0000] {processor.py:186} INFO - Started process (PID=1123) to work on /home/airflow/.local/lib/python3.12/site-packages/airflow/example_dags/example_bash_decorator.py
[2024-11-26T11:06:58.009+0000] {processor.py:914} INFO - Processing file /home/airflow/.local/lib/python3.12/site-packages/airflow/example_dags/example_bash_decorator.py for tasks to queue
[2024-11-26T11:06:58.011+0000] {logging_mixin.py:190} INFO - [2024-11-26T11:06:58.011+0000] {dagbag.py:588} INFO - Filling up the DagBag from /home/airflow/.local/lib/python3.12/site-packages/airflow/example_dags/example_bash_decorator.py
[2024-11-26T11:06:58.023+0000] {processor.py:925} INFO - DAG(s) 'example_bash_decorator' retrieved from /home/airflow/.local/lib/python3.12/site-packages/airflow/example_dags/example_bash_decorator.py
[2024-11-26T11:06:58.040+0000] {logging_mixin.py:190} INFO - [2024-11-26T11:06:58.040+0000] {dag.py:3239} INFO - Sync 1 DAGs
[2024-11-26T11:06:58.051+0000] {logging_mixin.py:190} INFO - [2024-11-26T11:06:58.051+0000] {dag.py:4180} INFO - Setting next_dagrun for example_bash_decorator to None, run_after=None
[2024-11-26T11:06:58.067+0000] {processor.py:208} INFO - Processing /home/airflow/.local/lib/python3.12/site-packages/airflow/example_dags/example_bash_decorator.py took 0.064 seconds
[2024-11-26T11:07:29.056+0000] {processor.py:186} INFO - Started process (PID=1187) to work on /home/airflow/.local/lib/python3.12/site-packages/airflow/example_dags/example_bash_decorator.py
[2024-11-26T11:07:29.058+0000] {processor.py:914} INFO - Processing file /home/airflow/.local/lib/python3.12/site-packages/airflow/example_dags/example_bash_decorator.py for tasks to queue
[2024-11-26T11:07:29.061+0000] {logging_mixin.py:190} INFO - [2024-11-26T11:07:29.061+0000] {dagbag.py:588} INFO - Filling up the DagBag from /home/airflow/.local/lib/python3.12/site-packages/airflow/example_dags/example_bash_decorator.py
[2024-11-26T11:07:29.076+0000] {processor.py:925} INFO - DAG(s) 'example_bash_decorator' retrieved from /home/airflow/.local/lib/python3.12/site-packages/airflow/example_dags/example_bash_decorator.py
[2024-11-26T11:07:29.094+0000] {logging_mixin.py:190} INFO - [2024-11-26T11:07:29.094+0000] {dag.py:3239} INFO - Sync 1 DAGs
[2024-11-26T11:07:29.103+0000] {logging_mixin.py:190} INFO - [2024-11-26T11:07:29.103+0000] {dag.py:4180} INFO - Setting next_dagrun for example_bash_decorator to None, run_after=None
[2024-11-26T11:07:29.118+0000] {processor.py:208} INFO - Processing /home/airflow/.local/lib/python3.12/site-packages/airflow/example_dags/example_bash_decorator.py took 0.070 seconds
[2024-11-26T11:07:59.534+0000] {processor.py:186} INFO - Started process (PID=1250) to work on /home/airflow/.local/lib/python3.12/site-packages/airflow/example_dags/example_bash_decorator.py
[2024-11-26T11:07:59.535+0000] {processor.py:914} INFO - Processing file /home/airflow/.local/lib/python3.12/site-packages/airflow/example_dags/example_bash_decorator.py for tasks to queue
[2024-11-26T11:07:59.537+0000] {logging_mixin.py:190} INFO - [2024-11-26T11:07:59.536+0000] {dagbag.py:588} INFO - Filling up the DagBag from /home/airflow/.local/lib/python3.12/site-packages/airflow/example_dags/example_bash_decorator.py
[2024-11-26T11:07:59.548+0000] {processor.py:925} INFO - DAG(s) 'example_bash_decorator' retrieved from /home/airflow/.local/lib/python3.12/site-packages/airflow/example_dags/example_bash_decorator.py
[2024-11-26T11:07:59.568+0000] {logging_mixin.py:190} INFO - [2024-11-26T11:07:59.567+0000] {dag.py:3239} INFO - Sync 1 DAGs
[2024-11-26T11:07:59.578+0000] {logging_mixin.py:190} INFO - [2024-11-26T11:07:59.578+0000] {dag.py:4180} INFO - Setting next_dagrun for example_bash_decorator to None, run_after=None
[2024-11-26T11:07:59.591+0000] {processor.py:208} INFO - Processing /home/airflow/.local/lib/python3.12/site-packages/airflow/example_dags/example_bash_decorator.py took 0.063 seconds
[2024-11-26T11:08:30.054+0000] {processor.py:186} INFO - Started process (PID=1312) to work on /home/airflow/.local/lib/python3.12/site-packages/airflow/example_dags/example_bash_decorator.py
[2024-11-26T11:08:30.055+0000] {processor.py:914} INFO - Processing file /home/airflow/.local/lib/python3.12/site-packages/airflow/example_dags/example_bash_decorator.py for tasks to queue
[2024-11-26T11:08:30.057+0000] {logging_mixin.py:190} INFO - [2024-11-26T11:08:30.057+0000] {dagbag.py:588} INFO - Filling up the DagBag from /home/airflow/.local/lib/python3.12/site-packages/airflow/example_dags/example_bash_decorator.py
[2024-11-26T11:08:30.070+0000] {processor.py:925} INFO - DAG(s) 'example_bash_decorator' retrieved from /home/airflow/.local/lib/python3.12/site-packages/airflow/example_dags/example_bash_decorator.py
[2024-11-26T11:08:30.095+0000] {logging_mixin.py:190} INFO - [2024-11-26T11:08:30.094+0000] {dag.py:3239} INFO - Sync 1 DAGs
[2024-11-26T11:08:30.108+0000] {logging_mixin.py:190} INFO - [2024-11-26T11:08:30.108+0000] {dag.py:4180} INFO - Setting next_dagrun for example_bash_decorator to None, run_after=None
[2024-11-26T11:08:30.125+0000] {processor.py:208} INFO - Processing /home/airflow/.local/lib/python3.12/site-packages/airflow/example_dags/example_bash_decorator.py took 0.075 seconds
[2024-11-26T11:09:00.604+0000] {processor.py:186} INFO - Started process (PID=1375) to work on /home/airflow/.local/lib/python3.12/site-packages/airflow/example_dags/example_bash_decorator.py
[2024-11-26T11:09:00.605+0000] {processor.py:914} INFO - Processing file /home/airflow/.local/lib/python3.12/site-packages/airflow/example_dags/example_bash_decorator.py for tasks to queue
[2024-11-26T11:09:00.609+0000] {logging_mixin.py:190} INFO - [2024-11-26T11:09:00.608+0000] {dagbag.py:588} INFO - Filling up the DagBag from /home/airflow/.local/lib/python3.12/site-packages/airflow/example_dags/example_bash_decorator.py
[2024-11-26T11:09:00.625+0000] {processor.py:925} INFO - DAG(s) 'example_bash_decorator' retrieved from /home/airflow/.local/lib/python3.12/site-packages/airflow/example_dags/example_bash_decorator.py
[2024-11-26T11:09:00.649+0000] {logging_mixin.py:190} INFO - [2024-11-26T11:09:00.649+0000] {dag.py:3239} INFO - Sync 1 DAGs
[2024-11-26T11:09:00.659+0000] {logging_mixin.py:190} INFO - [2024-11-26T11:09:00.659+0000] {dag.py:4180} INFO - Setting next_dagrun for example_bash_decorator to None, run_after=None
[2024-11-26T11:09:00.675+0000] {processor.py:208} INFO - Processing /home/airflow/.local/lib/python3.12/site-packages/airflow/example_dags/example_bash_decorator.py took 0.076 seconds
[2024-11-26T11:09:31.118+0000] {processor.py:186} INFO - Started process (PID=1438) to work on /home/airflow/.local/lib/python3.12/site-packages/airflow/example_dags/example_bash_decorator.py
[2024-11-26T11:09:31.119+0000] {processor.py:914} INFO - Processing file /home/airflow/.local/lib/python3.12/site-packages/airflow/example_dags/example_bash_decorator.py for tasks to queue
[2024-11-26T11:09:31.121+0000] {logging_mixin.py:190} INFO - [2024-11-26T11:09:31.121+0000] {dagbag.py:588} INFO - Filling up the DagBag from /home/airflow/.local/lib/python3.12/site-packages/airflow/example_dags/example_bash_decorator.py
[2024-11-26T11:09:31.131+0000] {processor.py:925} INFO - DAG(s) 'example_bash_decorator' retrieved from /home/airflow/.local/lib/python3.12/site-packages/airflow/example_dags/example_bash_decorator.py
[2024-11-26T11:09:31.147+0000] {logging_mixin.py:190} INFO - [2024-11-26T11:09:31.147+0000] {dag.py:3239} INFO - Sync 1 DAGs
[2024-11-26T11:09:31.156+0000] {logging_mixin.py:190} INFO - [2024-11-26T11:09:31.156+0000] {dag.py:4180} INFO - Setting next_dagrun for example_bash_decorator to None, run_after=None
[2024-11-26T11:09:31.171+0000] {processor.py:208} INFO - Processing /home/airflow/.local/lib/python3.12/site-packages/airflow/example_dags/example_bash_decorator.py took 0.057 seconds
[2024-11-26T11:10:01.736+0000] {processor.py:186} INFO - Started process (PID=1501) to work on /home/airflow/.local/lib/python3.12/site-packages/airflow/example_dags/example_bash_decorator.py
[2024-11-26T11:10:01.737+0000] {processor.py:914} INFO - Processing file /home/airflow/.local/lib/python3.12/site-packages/airflow/example_dags/example_bash_decorator.py for tasks to queue
[2024-11-26T11:10:01.740+0000] {logging_mixin.py:190} INFO - [2024-11-26T11:10:01.739+0000] {dagbag.py:588} INFO - Filling up the DagBag from /home/airflow/.local/lib/python3.12/site-packages/airflow/example_dags/example_bash_decorator.py
[2024-11-26T11:10:01.758+0000] {processor.py:925} INFO - DAG(s) 'example_bash_decorator' retrieved from /home/airflow/.local/lib/python3.12/site-packages/airflow/example_dags/example_bash_decorator.py
[2024-11-26T11:10:01.778+0000] {logging_mixin.py:190} INFO - [2024-11-26T11:10:01.778+0000] {dag.py:3239} INFO - Sync 1 DAGs
[2024-11-26T11:10:01.787+0000] {logging_mixin.py:190} INFO - [2024-11-26T11:10:01.787+0000] {dag.py:4180} INFO - Setting next_dagrun for example_bash_decorator to None, run_after=None
[2024-11-26T11:10:01.803+0000] {processor.py:208} INFO - Processing /home/airflow/.local/lib/python3.12/site-packages/airflow/example_dags/example_bash_decorator.py took 0.072 seconds
[2024-11-26T11:10:33.326+0000] {processor.py:186} INFO - Started process (PID=1565) to work on /home/airflow/.local/lib/python3.12/site-packages/airflow/example_dags/example_bash_decorator.py
[2024-11-26T11:10:33.328+0000] {processor.py:914} INFO - Processing file /home/airflow/.local/lib/python3.12/site-packages/airflow/example_dags/example_bash_decorator.py for tasks to queue
[2024-11-26T11:10:33.330+0000] {logging_mixin.py:190} INFO - [2024-11-26T11:10:33.330+0000] {dagbag.py:588} INFO - Filling up the DagBag from /home/airflow/.local/lib/python3.12/site-packages/airflow/example_dags/example_bash_decorator.py
[2024-11-26T11:10:33.343+0000] {processor.py:925} INFO - DAG(s) 'example_bash_decorator' retrieved from /home/airflow/.local/lib/python3.12/site-packages/airflow/example_dags/example_bash_decorator.py
[2024-11-26T11:10:33.367+0000] {logging_mixin.py:190} INFO - [2024-11-26T11:10:33.367+0000] {dag.py:3239} INFO - Sync 1 DAGs
[2024-11-26T11:10:33.380+0000] {logging_mixin.py:190} INFO - [2024-11-26T11:10:33.380+0000] {dag.py:4180} INFO - Setting next_dagrun for example_bash_decorator to None, run_after=None
[2024-11-26T11:10:33.404+0000] {processor.py:208} INFO - Processing /home/airflow/.local/lib/python3.12/site-packages/airflow/example_dags/example_bash_decorator.py took 0.082 seconds
[2024-11-26T11:11:03.776+0000] {processor.py:186} INFO - Started process (PID=1628) to work on /home/airflow/.local/lib/python3.12/site-packages/airflow/example_dags/example_bash_decorator.py
[2024-11-26T11:11:03.777+0000] {processor.py:914} INFO - Processing file /home/airflow/.local/lib/python3.12/site-packages/airflow/example_dags/example_bash_decorator.py for tasks to queue
[2024-11-26T11:11:03.780+0000] {logging_mixin.py:190} INFO - [2024-11-26T11:11:03.780+0000] {dagbag.py:588} INFO - Filling up the DagBag from /home/airflow/.local/lib/python3.12/site-packages/airflow/example_dags/example_bash_decorator.py
[2024-11-26T11:11:03.798+0000] {processor.py:925} INFO - DAG(s) 'example_bash_decorator' retrieved from /home/airflow/.local/lib/python3.12/site-packages/airflow/example_dags/example_bash_decorator.py
[2024-11-26T11:11:03.822+0000] {logging_mixin.py:190} INFO - [2024-11-26T11:11:03.822+0000] {dag.py:3239} INFO - Sync 1 DAGs
[2024-11-26T11:11:03.835+0000] {logging_mixin.py:190} INFO - [2024-11-26T11:11:03.834+0000] {dag.py:4180} INFO - Setting next_dagrun for example_bash_decorator to None, run_after=None
[2024-11-26T11:11:03.853+0000] {processor.py:208} INFO - Processing /home/airflow/.local/lib/python3.12/site-packages/airflow/example_dags/example_bash_decorator.py took 0.082 seconds
[2024-11-26T11:11:34.378+0000] {processor.py:186} INFO - Started process (PID=1691) to work on /home/airflow/.local/lib/python3.12/site-packages/airflow/example_dags/example_bash_decorator.py
[2024-11-26T11:11:34.380+0000] {processor.py:914} INFO - Processing file /home/airflow/.local/lib/python3.12/site-packages/airflow/example_dags/example_bash_decorator.py for tasks to queue
[2024-11-26T11:11:34.382+0000] {logging_mixin.py:190} INFO - [2024-11-26T11:11:34.382+0000] {dagbag.py:588} INFO - Filling up the DagBag from /home/airflow/.local/lib/python3.12/site-packages/airflow/example_dags/example_bash_decorator.py
[2024-11-26T11:11:34.397+0000] {processor.py:925} INFO - DAG(s) 'example_bash_decorator' retrieved from /home/airflow/.local/lib/python3.12/site-packages/airflow/example_dags/example_bash_decorator.py
[2024-11-26T11:11:34.417+0000] {logging_mixin.py:190} INFO - [2024-11-26T11:11:34.417+0000] {dag.py:3239} INFO - Sync 1 DAGs
[2024-11-26T11:11:34.429+0000] {logging_mixin.py:190} INFO - [2024-11-26T11:11:34.428+0000] {dag.py:4180} INFO - Setting next_dagrun for example_bash_decorator to None, run_after=None
[2024-11-26T11:11:34.444+0000] {processor.py:208} INFO - Processing /home/airflow/.local/lib/python3.12/site-packages/airflow/example_dags/example_bash_decorator.py took 0.071 seconds
