[2024-11-26T10:58:43.515+0000] {processor.py:186} INFO - Started process (PID=103) to work on /home/airflow/.local/lib/python3.12/site-packages/airflow/example_dags/example_dataset_alias.py
[2024-11-26T10:58:43.516+0000] {processor.py:914} INFO - Processing file /home/airflow/.local/lib/python3.12/site-packages/airflow/example_dags/example_dataset_alias.py for tasks to queue
[2024-11-26T10:58:43.519+0000] {logging_mixin.py:190} INFO - [2024-11-26T10:58:43.519+0000] {dagbag.py:588} INFO - Filling up the DagBag from /home/airflow/.local/lib/python3.12/site-packages/airflow/example_dags/example_dataset_alias.py
[2024-11-26T10:58:44.019+0000] {processor.py:925} INFO - DAG(s) 'dataset_alias_example_alias_producer', 'dataset_s3_bucket_consumer', 'dataset_s3_bucket_producer', 'dataset_alias_example_alias_consumer' retrieved from /home/airflow/.local/lib/python3.12/site-packages/airflow/example_dags/example_dataset_alias.py
[2024-11-26T10:58:44.098+0000] {logging_mixin.py:190} INFO - [2024-11-26T10:58:44.097+0000] {override.py:1911} INFO - Created Permission View: can delete on DAG:dataset_alias_example_alias_producer
[2024-11-26T10:58:44.108+0000] {logging_mixin.py:190} INFO - [2024-11-26T10:58:44.108+0000] {override.py:1911} INFO - Created Permission View: can read on DAG:dataset_alias_example_alias_producer
[2024-11-26T10:58:44.118+0000] {logging_mixin.py:190} INFO - [2024-11-26T10:58:44.118+0000] {override.py:1911} INFO - Created Permission View: can edit on DAG:dataset_alias_example_alias_producer
[2024-11-26T10:58:44.128+0000] {logging_mixin.py:190} INFO - [2024-11-26T10:58:44.128+0000] {override.py:1911} INFO - Created Permission View: can create on DAG Run:dataset_alias_example_alias_producer
[2024-11-26T10:58:44.136+0000] {logging_mixin.py:190} INFO - [2024-11-26T10:58:44.136+0000] {override.py:1911} INFO - Created Permission View: can read on DAG Run:dataset_alias_example_alias_producer
[2024-11-26T10:58:44.145+0000] {logging_mixin.py:190} INFO - [2024-11-26T10:58:44.144+0000] {override.py:1911} INFO - Created Permission View: menu access on DAG Run:dataset_alias_example_alias_producer
[2024-11-26T10:58:44.153+0000] {logging_mixin.py:190} INFO - [2024-11-26T10:58:44.152+0000] {override.py:1911} INFO - Created Permission View: can delete on DAG Run:dataset_alias_example_alias_producer
[2024-11-26T10:58:44.172+0000] {logging_mixin.py:190} INFO - [2024-11-26T10:58:44.171+0000] {override.py:1911} INFO - Created Permission View: can delete on DAG:dataset_s3_bucket_consumer
[2024-11-26T10:58:44.179+0000] {logging_mixin.py:190} INFO - [2024-11-26T10:58:44.179+0000] {override.py:1911} INFO - Created Permission View: can read on DAG:dataset_s3_bucket_consumer
[2024-11-26T10:58:44.187+0000] {logging_mixin.py:190} INFO - [2024-11-26T10:58:44.187+0000] {override.py:1911} INFO - Created Permission View: can edit on DAG:dataset_s3_bucket_consumer
[2024-11-26T10:58:44.199+0000] {logging_mixin.py:190} INFO - [2024-11-26T10:58:44.199+0000] {override.py:1911} INFO - Created Permission View: can create on DAG Run:dataset_s3_bucket_consumer
[2024-11-26T10:58:44.207+0000] {logging_mixin.py:190} INFO - [2024-11-26T10:58:44.206+0000] {override.py:1911} INFO - Created Permission View: can read on DAG Run:dataset_s3_bucket_consumer
[2024-11-26T10:58:44.213+0000] {logging_mixin.py:190} INFO - [2024-11-26T10:58:44.213+0000] {override.py:1911} INFO - Created Permission View: menu access on DAG Run:dataset_s3_bucket_consumer
[2024-11-26T10:58:44.220+0000] {logging_mixin.py:190} INFO - [2024-11-26T10:58:44.220+0000] {override.py:1911} INFO - Created Permission View: can delete on DAG Run:dataset_s3_bucket_consumer
[2024-11-26T10:58:44.232+0000] {logging_mixin.py:190} INFO - [2024-11-26T10:58:44.232+0000] {override.py:1911} INFO - Created Permission View: can delete on DAG:dataset_s3_bucket_producer
[2024-11-26T10:58:44.241+0000] {logging_mixin.py:190} INFO - [2024-11-26T10:58:44.240+0000] {override.py:1911} INFO - Created Permission View: can read on DAG:dataset_s3_bucket_producer
[2024-11-26T10:58:44.247+0000] {logging_mixin.py:190} INFO - [2024-11-26T10:58:44.246+0000] {override.py:1911} INFO - Created Permission View: can edit on DAG:dataset_s3_bucket_producer
[2024-11-26T10:58:44.256+0000] {logging_mixin.py:190} INFO - [2024-11-26T10:58:44.256+0000] {override.py:1911} INFO - Created Permission View: can create on DAG Run:dataset_s3_bucket_producer
[2024-11-26T10:58:44.266+0000] {logging_mixin.py:190} INFO - [2024-11-26T10:58:44.265+0000] {override.py:1911} INFO - Created Permission View: can read on DAG Run:dataset_s3_bucket_producer
[2024-11-26T10:58:44.274+0000] {logging_mixin.py:190} INFO - [2024-11-26T10:58:44.274+0000] {override.py:1911} INFO - Created Permission View: menu access on DAG Run:dataset_s3_bucket_producer
[2024-11-26T10:58:44.281+0000] {logging_mixin.py:190} INFO - [2024-11-26T10:58:44.281+0000] {override.py:1911} INFO - Created Permission View: can delete on DAG Run:dataset_s3_bucket_producer
[2024-11-26T10:58:44.292+0000] {logging_mixin.py:190} INFO - [2024-11-26T10:58:44.292+0000] {override.py:1911} INFO - Created Permission View: can delete on DAG:dataset_alias_example_alias_consumer
[2024-11-26T10:58:44.301+0000] {logging_mixin.py:190} INFO - [2024-11-26T10:58:44.300+0000] {override.py:1911} INFO - Created Permission View: can read on DAG:dataset_alias_example_alias_consumer
[2024-11-26T10:58:44.308+0000] {logging_mixin.py:190} INFO - [2024-11-26T10:58:44.308+0000] {override.py:1911} INFO - Created Permission View: can edit on DAG:dataset_alias_example_alias_consumer
[2024-11-26T10:58:44.316+0000] {logging_mixin.py:190} INFO - [2024-11-26T10:58:44.316+0000] {override.py:1911} INFO - Created Permission View: can create on DAG Run:dataset_alias_example_alias_consumer
[2024-11-26T10:58:44.324+0000] {logging_mixin.py:190} INFO - [2024-11-26T10:58:44.324+0000] {override.py:1911} INFO - Created Permission View: can read on DAG Run:dataset_alias_example_alias_consumer
[2024-11-26T10:58:44.333+0000] {logging_mixin.py:190} INFO - [2024-11-26T10:58:44.333+0000] {override.py:1911} INFO - Created Permission View: menu access on DAG Run:dataset_alias_example_alias_consumer
[2024-11-26T10:58:44.341+0000] {logging_mixin.py:190} INFO - [2024-11-26T10:58:44.341+0000] {override.py:1911} INFO - Created Permission View: can delete on DAG Run:dataset_alias_example_alias_consumer
[2024-11-26T10:58:44.342+0000] {logging_mixin.py:190} INFO - [2024-11-26T10:58:44.342+0000] {dag.py:3239} INFO - Sync 4 DAGs
[2024-11-26T10:58:44.358+0000] {logging_mixin.py:190} INFO - [2024-11-26T10:58:44.358+0000] {dag.py:3262} INFO - Creating ORM DAG for dataset_s3_bucket_producer
[2024-11-26T10:58:44.359+0000] {logging_mixin.py:190} INFO - [2024-11-26T10:58:44.359+0000] {dag.py:3262} INFO - Creating ORM DAG for dataset_alias_example_alias_consumer
[2024-11-26T10:58:44.360+0000] {logging_mixin.py:190} INFO - [2024-11-26T10:58:44.360+0000] {dag.py:3262} INFO - Creating ORM DAG for dataset_alias_example_alias_producer
[2024-11-26T10:58:44.361+0000] {logging_mixin.py:190} INFO - [2024-11-26T10:58:44.360+0000] {dag.py:3262} INFO - Creating ORM DAG for dataset_s3_bucket_consumer
[2024-11-26T10:58:44.372+0000] {logging_mixin.py:190} INFO - [2024-11-26T10:58:44.372+0000] {dag.py:4180} INFO - Setting next_dagrun for dataset_alias_example_alias_consumer to None, run_after=None
[2024-11-26T10:58:44.373+0000] {logging_mixin.py:190} INFO - [2024-11-26T10:58:44.373+0000] {dag.py:4180} INFO - Setting next_dagrun for dataset_alias_example_alias_producer to None, run_after=None
[2024-11-26T10:58:44.374+0000] {logging_mixin.py:190} INFO - [2024-11-26T10:58:44.374+0000] {dag.py:4180} INFO - Setting next_dagrun for dataset_s3_bucket_consumer to None, run_after=None
[2024-11-26T10:58:44.375+0000] {logging_mixin.py:190} INFO - [2024-11-26T10:58:44.375+0000] {dag.py:4180} INFO - Setting next_dagrun for dataset_s3_bucket_producer to None, run_after=None
[2024-11-26T10:58:44.402+0000] {processor.py:208} INFO - Processing /home/airflow/.local/lib/python3.12/site-packages/airflow/example_dags/example_dataset_alias.py took 0.892 seconds
[2024-11-26T10:59:14.451+0000] {processor.py:186} INFO - Started process (PID=169) to work on /home/airflow/.local/lib/python3.12/site-packages/airflow/example_dags/example_dataset_alias.py
[2024-11-26T10:59:14.452+0000] {processor.py:914} INFO - Processing file /home/airflow/.local/lib/python3.12/site-packages/airflow/example_dags/example_dataset_alias.py for tasks to queue
[2024-11-26T10:59:14.454+0000] {logging_mixin.py:190} INFO - [2024-11-26T10:59:14.454+0000] {dagbag.py:588} INFO - Filling up the DagBag from /home/airflow/.local/lib/python3.12/site-packages/airflow/example_dags/example_dataset_alias.py
[2024-11-26T10:59:14.860+0000] {processor.py:925} INFO - DAG(s) 'dataset_alias_example_alias_producer', 'dataset_s3_bucket_producer', 'dataset_s3_bucket_consumer', 'dataset_alias_example_alias_consumer' retrieved from /home/airflow/.local/lib/python3.12/site-packages/airflow/example_dags/example_dataset_alias.py
[2024-11-26T10:59:14.874+0000] {logging_mixin.py:190} INFO - [2024-11-26T10:59:14.874+0000] {dag.py:3239} INFO - Sync 4 DAGs
[2024-11-26T10:59:14.888+0000] {logging_mixin.py:190} INFO - [2024-11-26T10:59:14.888+0000] {dag.py:4180} INFO - Setting next_dagrun for dataset_alias_example_alias_consumer to None, run_after=None
[2024-11-26T10:59:14.890+0000] {logging_mixin.py:190} INFO - [2024-11-26T10:59:14.890+0000] {dag.py:4180} INFO - Setting next_dagrun for dataset_alias_example_alias_producer to None, run_after=None
[2024-11-26T10:59:14.891+0000] {logging_mixin.py:190} INFO - [2024-11-26T10:59:14.891+0000] {dag.py:4180} INFO - Setting next_dagrun for dataset_s3_bucket_consumer to None, run_after=None
[2024-11-26T10:59:14.893+0000] {logging_mixin.py:190} INFO - [2024-11-26T10:59:14.892+0000] {dag.py:4180} INFO - Setting next_dagrun for dataset_s3_bucket_producer to None, run_after=None
[2024-11-26T10:59:14.908+0000] {processor.py:208} INFO - Processing /home/airflow/.local/lib/python3.12/site-packages/airflow/example_dags/example_dataset_alias.py took 0.462 seconds
[2024-11-26T10:59:45.488+0000] {processor.py:186} INFO - Started process (PID=232) to work on /home/airflow/.local/lib/python3.12/site-packages/airflow/example_dags/example_dataset_alias.py
[2024-11-26T10:59:45.492+0000] {processor.py:914} INFO - Processing file /home/airflow/.local/lib/python3.12/site-packages/airflow/example_dags/example_dataset_alias.py for tasks to queue
[2024-11-26T10:59:45.495+0000] {logging_mixin.py:190} INFO - [2024-11-26T10:59:45.495+0000] {dagbag.py:588} INFO - Filling up the DagBag from /home/airflow/.local/lib/python3.12/site-packages/airflow/example_dags/example_dataset_alias.py
[2024-11-26T10:59:45.878+0000] {processor.py:925} INFO - DAG(s) 'dataset_alias_example_alias_consumer', 'dataset_s3_bucket_producer', 'dataset_s3_bucket_consumer', 'dataset_alias_example_alias_producer' retrieved from /home/airflow/.local/lib/python3.12/site-packages/airflow/example_dags/example_dataset_alias.py
[2024-11-26T10:59:45.890+0000] {logging_mixin.py:190} INFO - [2024-11-26T10:59:45.890+0000] {dag.py:3239} INFO - Sync 4 DAGs
[2024-11-26T10:59:45.902+0000] {logging_mixin.py:190} INFO - [2024-11-26T10:59:45.902+0000] {dag.py:4180} INFO - Setting next_dagrun for dataset_alias_example_alias_consumer to None, run_after=None
[2024-11-26T10:59:45.904+0000] {logging_mixin.py:190} INFO - [2024-11-26T10:59:45.904+0000] {dag.py:4180} INFO - Setting next_dagrun for dataset_alias_example_alias_producer to None, run_after=None
[2024-11-26T10:59:45.905+0000] {logging_mixin.py:190} INFO - [2024-11-26T10:59:45.905+0000] {dag.py:4180} INFO - Setting next_dagrun for dataset_s3_bucket_consumer to None, run_after=None
[2024-11-26T10:59:45.906+0000] {logging_mixin.py:190} INFO - [2024-11-26T10:59:45.905+0000] {dag.py:4180} INFO - Setting next_dagrun for dataset_s3_bucket_producer to None, run_after=None
[2024-11-26T10:59:45.921+0000] {processor.py:208} INFO - Processing /home/airflow/.local/lib/python3.12/site-packages/airflow/example_dags/example_dataset_alias.py took 0.436 seconds
[2024-11-26T11:00:16.612+0000] {processor.py:186} INFO - Started process (PID=296) to work on /home/airflow/.local/lib/python3.12/site-packages/airflow/example_dags/example_dataset_alias.py
[2024-11-26T11:00:16.613+0000] {processor.py:914} INFO - Processing file /home/airflow/.local/lib/python3.12/site-packages/airflow/example_dags/example_dataset_alias.py for tasks to queue
[2024-11-26T11:00:16.615+0000] {logging_mixin.py:190} INFO - [2024-11-26T11:00:16.615+0000] {dagbag.py:588} INFO - Filling up the DagBag from /home/airflow/.local/lib/python3.12/site-packages/airflow/example_dags/example_dataset_alias.py
[2024-11-26T11:00:17.001+0000] {processor.py:925} INFO - DAG(s) 'dataset_alias_example_alias_producer', 'dataset_s3_bucket_producer', 'dataset_s3_bucket_consumer', 'dataset_alias_example_alias_consumer' retrieved from /home/airflow/.local/lib/python3.12/site-packages/airflow/example_dags/example_dataset_alias.py
[2024-11-26T11:00:17.014+0000] {logging_mixin.py:190} INFO - [2024-11-26T11:00:17.014+0000] {dag.py:3239} INFO - Sync 4 DAGs
[2024-11-26T11:00:17.028+0000] {logging_mixin.py:190} INFO - [2024-11-26T11:00:17.028+0000] {dag.py:4180} INFO - Setting next_dagrun for dataset_alias_example_alias_consumer to None, run_after=None
[2024-11-26T11:00:17.031+0000] {logging_mixin.py:190} INFO - [2024-11-26T11:00:17.031+0000] {dag.py:4180} INFO - Setting next_dagrun for dataset_alias_example_alias_producer to None, run_after=None
[2024-11-26T11:00:17.032+0000] {logging_mixin.py:190} INFO - [2024-11-26T11:00:17.032+0000] {dag.py:4180} INFO - Setting next_dagrun for dataset_s3_bucket_consumer to None, run_after=None
[2024-11-26T11:00:17.033+0000] {logging_mixin.py:190} INFO - [2024-11-26T11:00:17.033+0000] {dag.py:4180} INFO - Setting next_dagrun for dataset_s3_bucket_producer to None, run_after=None
[2024-11-26T11:00:17.050+0000] {processor.py:208} INFO - Processing /home/airflow/.local/lib/python3.12/site-packages/airflow/example_dags/example_dataset_alias.py took 0.445 seconds
[2024-11-26T11:00:47.955+0000] {processor.py:186} INFO - Started process (PID=358) to work on /home/airflow/.local/lib/python3.12/site-packages/airflow/example_dags/example_dataset_alias.py
[2024-11-26T11:00:47.957+0000] {processor.py:914} INFO - Processing file /home/airflow/.local/lib/python3.12/site-packages/airflow/example_dags/example_dataset_alias.py for tasks to queue
[2024-11-26T11:00:47.959+0000] {logging_mixin.py:190} INFO - [2024-11-26T11:00:47.959+0000] {dagbag.py:588} INFO - Filling up the DagBag from /home/airflow/.local/lib/python3.12/site-packages/airflow/example_dags/example_dataset_alias.py
[2024-11-26T11:00:48.420+0000] {processor.py:925} INFO - DAG(s) 'dataset_alias_example_alias_producer', 'dataset_s3_bucket_producer', 'dataset_s3_bucket_consumer', 'dataset_alias_example_alias_consumer' retrieved from /home/airflow/.local/lib/python3.12/site-packages/airflow/example_dags/example_dataset_alias.py
[2024-11-26T11:00:48.439+0000] {logging_mixin.py:190} INFO - [2024-11-26T11:00:48.439+0000] {dag.py:3239} INFO - Sync 4 DAGs
[2024-11-26T11:00:48.456+0000] {logging_mixin.py:190} INFO - [2024-11-26T11:00:48.456+0000] {dag.py:4180} INFO - Setting next_dagrun for dataset_alias_example_alias_consumer to None, run_after=None
[2024-11-26T11:00:48.458+0000] {logging_mixin.py:190} INFO - [2024-11-26T11:00:48.458+0000] {dag.py:4180} INFO - Setting next_dagrun for dataset_alias_example_alias_producer to None, run_after=None
[2024-11-26T11:00:48.460+0000] {logging_mixin.py:190} INFO - [2024-11-26T11:00:48.460+0000] {dag.py:4180} INFO - Setting next_dagrun for dataset_s3_bucket_consumer to None, run_after=None
[2024-11-26T11:00:48.462+0000] {logging_mixin.py:190} INFO - [2024-11-26T11:00:48.461+0000] {dag.py:4180} INFO - Setting next_dagrun for dataset_s3_bucket_producer to None, run_after=None
[2024-11-26T11:00:48.481+0000] {processor.py:208} INFO - Processing /home/airflow/.local/lib/python3.12/site-packages/airflow/example_dags/example_dataset_alias.py took 0.530 seconds
[2024-11-26T11:01:18.827+0000] {processor.py:186} INFO - Started process (PID=420) to work on /home/airflow/.local/lib/python3.12/site-packages/airflow/example_dags/example_dataset_alias.py
[2024-11-26T11:01:18.827+0000] {processor.py:914} INFO - Processing file /home/airflow/.local/lib/python3.12/site-packages/airflow/example_dags/example_dataset_alias.py for tasks to queue
[2024-11-26T11:01:18.831+0000] {logging_mixin.py:190} INFO - [2024-11-26T11:01:18.831+0000] {dagbag.py:588} INFO - Filling up the DagBag from /home/airflow/.local/lib/python3.12/site-packages/airflow/example_dags/example_dataset_alias.py
[2024-11-26T11:01:19.224+0000] {processor.py:925} INFO - DAG(s) 'dataset_alias_example_alias_consumer', 'dataset_s3_bucket_consumer', 'dataset_alias_example_alias_producer', 'dataset_s3_bucket_producer' retrieved from /home/airflow/.local/lib/python3.12/site-packages/airflow/example_dags/example_dataset_alias.py
[2024-11-26T11:01:19.248+0000] {logging_mixin.py:190} INFO - [2024-11-26T11:01:19.248+0000] {dag.py:3239} INFO - Sync 4 DAGs
[2024-11-26T11:01:19.264+0000] {logging_mixin.py:190} INFO - [2024-11-26T11:01:19.263+0000] {dag.py:4180} INFO - Setting next_dagrun for dataset_alias_example_alias_consumer to None, run_after=None
[2024-11-26T11:01:19.267+0000] {logging_mixin.py:190} INFO - [2024-11-26T11:01:19.267+0000] {dag.py:4180} INFO - Setting next_dagrun for dataset_alias_example_alias_producer to None, run_after=None
[2024-11-26T11:01:19.268+0000] {logging_mixin.py:190} INFO - [2024-11-26T11:01:19.268+0000] {dag.py:4180} INFO - Setting next_dagrun for dataset_s3_bucket_consumer to None, run_after=None
[2024-11-26T11:01:19.270+0000] {logging_mixin.py:190} INFO - [2024-11-26T11:01:19.270+0000] {dag.py:4180} INFO - Setting next_dagrun for dataset_s3_bucket_producer to None, run_after=None
[2024-11-26T11:01:19.288+0000] {processor.py:208} INFO - Processing /home/airflow/.local/lib/python3.12/site-packages/airflow/example_dags/example_dataset_alias.py took 0.466 seconds
[2024-11-26T11:01:49.724+0000] {processor.py:186} INFO - Started process (PID=483) to work on /home/airflow/.local/lib/python3.12/site-packages/airflow/example_dags/example_dataset_alias.py
[2024-11-26T11:01:49.727+0000] {processor.py:914} INFO - Processing file /home/airflow/.local/lib/python3.12/site-packages/airflow/example_dags/example_dataset_alias.py for tasks to queue
[2024-11-26T11:01:49.729+0000] {logging_mixin.py:190} INFO - [2024-11-26T11:01:49.729+0000] {dagbag.py:588} INFO - Filling up the DagBag from /home/airflow/.local/lib/python3.12/site-packages/airflow/example_dags/example_dataset_alias.py
[2024-11-26T11:01:50.115+0000] {processor.py:925} INFO - DAG(s) 'dataset_s3_bucket_producer', 'dataset_alias_example_alias_producer', 'dataset_alias_example_alias_consumer', 'dataset_s3_bucket_consumer' retrieved from /home/airflow/.local/lib/python3.12/site-packages/airflow/example_dags/example_dataset_alias.py
[2024-11-26T11:01:50.129+0000] {logging_mixin.py:190} INFO - [2024-11-26T11:01:50.129+0000] {dag.py:3239} INFO - Sync 4 DAGs
[2024-11-26T11:01:50.143+0000] {logging_mixin.py:190} INFO - [2024-11-26T11:01:50.143+0000] {dag.py:4180} INFO - Setting next_dagrun for dataset_alias_example_alias_consumer to None, run_after=None
[2024-11-26T11:01:50.145+0000] {logging_mixin.py:190} INFO - [2024-11-26T11:01:50.145+0000] {dag.py:4180} INFO - Setting next_dagrun for dataset_alias_example_alias_producer to None, run_after=None
[2024-11-26T11:01:50.146+0000] {logging_mixin.py:190} INFO - [2024-11-26T11:01:50.146+0000] {dag.py:4180} INFO - Setting next_dagrun for dataset_s3_bucket_consumer to None, run_after=None
[2024-11-26T11:01:50.147+0000] {logging_mixin.py:190} INFO - [2024-11-26T11:01:50.147+0000] {dag.py:4180} INFO - Setting next_dagrun for dataset_s3_bucket_producer to None, run_after=None
[2024-11-26T11:01:50.225+0000] {processor.py:208} INFO - Processing /home/airflow/.local/lib/python3.12/site-packages/airflow/example_dags/example_dataset_alias.py took 0.506 seconds
[2024-11-26T11:02:20.373+0000] {processor.py:186} INFO - Started process (PID=546) to work on /home/airflow/.local/lib/python3.12/site-packages/airflow/example_dags/example_dataset_alias.py
[2024-11-26T11:02:20.374+0000] {processor.py:914} INFO - Processing file /home/airflow/.local/lib/python3.12/site-packages/airflow/example_dags/example_dataset_alias.py for tasks to queue
[2024-11-26T11:02:20.377+0000] {logging_mixin.py:190} INFO - [2024-11-26T11:02:20.377+0000] {dagbag.py:588} INFO - Filling up the DagBag from /home/airflow/.local/lib/python3.12/site-packages/airflow/example_dags/example_dataset_alias.py
[2024-11-26T11:02:20.798+0000] {processor.py:925} INFO - DAG(s) 'dataset_alias_example_alias_producer', 'dataset_alias_example_alias_consumer', 'dataset_s3_bucket_consumer', 'dataset_s3_bucket_producer' retrieved from /home/airflow/.local/lib/python3.12/site-packages/airflow/example_dags/example_dataset_alias.py
[2024-11-26T11:02:20.818+0000] {logging_mixin.py:190} INFO - [2024-11-26T11:02:20.818+0000] {dag.py:3239} INFO - Sync 4 DAGs
[2024-11-26T11:02:20.837+0000] {logging_mixin.py:190} INFO - [2024-11-26T11:02:20.836+0000] {dag.py:4180} INFO - Setting next_dagrun for dataset_alias_example_alias_consumer to None, run_after=None
[2024-11-26T11:02:20.838+0000] {logging_mixin.py:190} INFO - [2024-11-26T11:02:20.838+0000] {dag.py:4180} INFO - Setting next_dagrun for dataset_alias_example_alias_producer to None, run_after=None
[2024-11-26T11:02:20.840+0000] {logging_mixin.py:190} INFO - [2024-11-26T11:02:20.840+0000] {dag.py:4180} INFO - Setting next_dagrun for dataset_s3_bucket_consumer to None, run_after=None
[2024-11-26T11:02:20.842+0000] {logging_mixin.py:190} INFO - [2024-11-26T11:02:20.841+0000] {dag.py:4180} INFO - Setting next_dagrun for dataset_s3_bucket_producer to None, run_after=None
[2024-11-26T11:02:20.859+0000] {processor.py:208} INFO - Processing /home/airflow/.local/lib/python3.12/site-packages/airflow/example_dags/example_dataset_alias.py took 0.491 seconds
[2024-11-26T11:02:51.021+0000] {processor.py:186} INFO - Started process (PID=609) to work on /home/airflow/.local/lib/python3.12/site-packages/airflow/example_dags/example_dataset_alias.py
[2024-11-26T11:02:51.022+0000] {processor.py:914} INFO - Processing file /home/airflow/.local/lib/python3.12/site-packages/airflow/example_dags/example_dataset_alias.py for tasks to queue
[2024-11-26T11:02:51.025+0000] {logging_mixin.py:190} INFO - [2024-11-26T11:02:51.024+0000] {dagbag.py:588} INFO - Filling up the DagBag from /home/airflow/.local/lib/python3.12/site-packages/airflow/example_dags/example_dataset_alias.py
[2024-11-26T11:02:51.445+0000] {processor.py:925} INFO - DAG(s) 'dataset_s3_bucket_consumer', 'dataset_s3_bucket_producer', 'dataset_alias_example_alias_producer', 'dataset_alias_example_alias_consumer' retrieved from /home/airflow/.local/lib/python3.12/site-packages/airflow/example_dags/example_dataset_alias.py
[2024-11-26T11:02:51.461+0000] {logging_mixin.py:190} INFO - [2024-11-26T11:02:51.460+0000] {dag.py:3239} INFO - Sync 4 DAGs
[2024-11-26T11:02:51.479+0000] {logging_mixin.py:190} INFO - [2024-11-26T11:02:51.479+0000] {dag.py:4180} INFO - Setting next_dagrun for dataset_alias_example_alias_consumer to None, run_after=None
[2024-11-26T11:02:51.481+0000] {logging_mixin.py:190} INFO - [2024-11-26T11:02:51.481+0000] {dag.py:4180} INFO - Setting next_dagrun for dataset_alias_example_alias_producer to None, run_after=None
[2024-11-26T11:02:51.483+0000] {logging_mixin.py:190} INFO - [2024-11-26T11:02:51.483+0000] {dag.py:4180} INFO - Setting next_dagrun for dataset_s3_bucket_consumer to None, run_after=None
[2024-11-26T11:02:51.485+0000] {logging_mixin.py:190} INFO - [2024-11-26T11:02:51.485+0000] {dag.py:4180} INFO - Setting next_dagrun for dataset_s3_bucket_producer to None, run_after=None
[2024-11-26T11:02:51.518+0000] {processor.py:208} INFO - Processing /home/airflow/.local/lib/python3.12/site-packages/airflow/example_dags/example_dataset_alias.py took 0.504 seconds
[2024-11-26T11:03:21.695+0000] {processor.py:186} INFO - Started process (PID=672) to work on /home/airflow/.local/lib/python3.12/site-packages/airflow/example_dags/example_dataset_alias.py
[2024-11-26T11:03:21.695+0000] {processor.py:914} INFO - Processing file /home/airflow/.local/lib/python3.12/site-packages/airflow/example_dags/example_dataset_alias.py for tasks to queue
[2024-11-26T11:03:21.697+0000] {logging_mixin.py:190} INFO - [2024-11-26T11:03:21.697+0000] {dagbag.py:588} INFO - Filling up the DagBag from /home/airflow/.local/lib/python3.12/site-packages/airflow/example_dags/example_dataset_alias.py
[2024-11-26T11:03:22.060+0000] {processor.py:925} INFO - DAG(s) 'dataset_alias_example_alias_producer', 'dataset_alias_example_alias_consumer', 'dataset_s3_bucket_consumer', 'dataset_s3_bucket_producer' retrieved from /home/airflow/.local/lib/python3.12/site-packages/airflow/example_dags/example_dataset_alias.py
[2024-11-26T11:03:22.078+0000] {logging_mixin.py:190} INFO - [2024-11-26T11:03:22.078+0000] {dag.py:3239} INFO - Sync 4 DAGs
[2024-11-26T11:03:22.096+0000] {logging_mixin.py:190} INFO - [2024-11-26T11:03:22.096+0000] {dag.py:4180} INFO - Setting next_dagrun for dataset_alias_example_alias_consumer to None, run_after=None
[2024-11-26T11:03:22.099+0000] {logging_mixin.py:190} INFO - [2024-11-26T11:03:22.099+0000] {dag.py:4180} INFO - Setting next_dagrun for dataset_alias_example_alias_producer to None, run_after=None
[2024-11-26T11:03:22.101+0000] {logging_mixin.py:190} INFO - [2024-11-26T11:03:22.101+0000] {dag.py:4180} INFO - Setting next_dagrun for dataset_s3_bucket_consumer to None, run_after=None
[2024-11-26T11:03:22.102+0000] {logging_mixin.py:190} INFO - [2024-11-26T11:03:22.102+0000] {dag.py:4180} INFO - Setting next_dagrun for dataset_s3_bucket_producer to None, run_after=None
[2024-11-26T11:03:22.118+0000] {processor.py:208} INFO - Processing /home/airflow/.local/lib/python3.12/site-packages/airflow/example_dags/example_dataset_alias.py took 0.427 seconds
[2024-11-26T11:03:52.267+0000] {processor.py:186} INFO - Started process (PID=735) to work on /home/airflow/.local/lib/python3.12/site-packages/airflow/example_dags/example_dataset_alias.py
[2024-11-26T11:03:52.268+0000] {processor.py:914} INFO - Processing file /home/airflow/.local/lib/python3.12/site-packages/airflow/example_dags/example_dataset_alias.py for tasks to queue
[2024-11-26T11:03:52.270+0000] {logging_mixin.py:190} INFO - [2024-11-26T11:03:52.270+0000] {dagbag.py:588} INFO - Filling up the DagBag from /home/airflow/.local/lib/python3.12/site-packages/airflow/example_dags/example_dataset_alias.py
[2024-11-26T11:03:52.631+0000] {processor.py:925} INFO - DAG(s) 'dataset_alias_example_alias_consumer', 'dataset_s3_bucket_producer', 'dataset_s3_bucket_consumer', 'dataset_alias_example_alias_producer' retrieved from /home/airflow/.local/lib/python3.12/site-packages/airflow/example_dags/example_dataset_alias.py
[2024-11-26T11:03:52.645+0000] {logging_mixin.py:190} INFO - [2024-11-26T11:03:52.645+0000] {dag.py:3239} INFO - Sync 4 DAGs
[2024-11-26T11:03:52.661+0000] {logging_mixin.py:190} INFO - [2024-11-26T11:03:52.661+0000] {dag.py:4180} INFO - Setting next_dagrun for dataset_alias_example_alias_consumer to None, run_after=None
[2024-11-26T11:03:52.663+0000] {logging_mixin.py:190} INFO - [2024-11-26T11:03:52.663+0000] {dag.py:4180} INFO - Setting next_dagrun for dataset_alias_example_alias_producer to None, run_after=None
[2024-11-26T11:03:52.665+0000] {logging_mixin.py:190} INFO - [2024-11-26T11:03:52.665+0000] {dag.py:4180} INFO - Setting next_dagrun for dataset_s3_bucket_consumer to None, run_after=None
[2024-11-26T11:03:52.666+0000] {logging_mixin.py:190} INFO - [2024-11-26T11:03:52.666+0000] {dag.py:4180} INFO - Setting next_dagrun for dataset_s3_bucket_producer to None, run_after=None
[2024-11-26T11:03:52.682+0000] {processor.py:208} INFO - Processing /home/airflow/.local/lib/python3.12/site-packages/airflow/example_dags/example_dataset_alias.py took 0.419 seconds
[2024-11-26T11:04:23.242+0000] {processor.py:186} INFO - Started process (PID=798) to work on /home/airflow/.local/lib/python3.12/site-packages/airflow/example_dags/example_dataset_alias.py
[2024-11-26T11:04:23.243+0000] {processor.py:914} INFO - Processing file /home/airflow/.local/lib/python3.12/site-packages/airflow/example_dags/example_dataset_alias.py for tasks to queue
[2024-11-26T11:04:23.246+0000] {logging_mixin.py:190} INFO - [2024-11-26T11:04:23.246+0000] {dagbag.py:588} INFO - Filling up the DagBag from /home/airflow/.local/lib/python3.12/site-packages/airflow/example_dags/example_dataset_alias.py
[2024-11-26T11:04:23.688+0000] {processor.py:925} INFO - DAG(s) 'dataset_alias_example_alias_consumer', 'dataset_s3_bucket_producer', 'dataset_s3_bucket_consumer', 'dataset_alias_example_alias_producer' retrieved from /home/airflow/.local/lib/python3.12/site-packages/airflow/example_dags/example_dataset_alias.py
[2024-11-26T11:04:23.704+0000] {logging_mixin.py:190} INFO - [2024-11-26T11:04:23.704+0000] {dag.py:3239} INFO - Sync 4 DAGs
[2024-11-26T11:04:23.726+0000] {logging_mixin.py:190} INFO - [2024-11-26T11:04:23.725+0000] {dag.py:4180} INFO - Setting next_dagrun for dataset_alias_example_alias_consumer to None, run_after=None
[2024-11-26T11:04:23.729+0000] {logging_mixin.py:190} INFO - [2024-11-26T11:04:23.729+0000] {dag.py:4180} INFO - Setting next_dagrun for dataset_alias_example_alias_producer to None, run_after=None
[2024-11-26T11:04:23.732+0000] {logging_mixin.py:190} INFO - [2024-11-26T11:04:23.732+0000] {dag.py:4180} INFO - Setting next_dagrun for dataset_s3_bucket_consumer to None, run_after=None
[2024-11-26T11:04:23.734+0000] {logging_mixin.py:190} INFO - [2024-11-26T11:04:23.734+0000] {dag.py:4180} INFO - Setting next_dagrun for dataset_s3_bucket_producer to None, run_after=None
[2024-11-26T11:04:23.755+0000] {processor.py:208} INFO - Processing /home/airflow/.local/lib/python3.12/site-packages/airflow/example_dags/example_dataset_alias.py took 0.518 seconds
[2024-11-26T11:04:54.040+0000] {processor.py:186} INFO - Started process (PID=861) to work on /home/airflow/.local/lib/python3.12/site-packages/airflow/example_dags/example_dataset_alias.py
[2024-11-26T11:04:54.041+0000] {processor.py:914} INFO - Processing file /home/airflow/.local/lib/python3.12/site-packages/airflow/example_dags/example_dataset_alias.py for tasks to queue
[2024-11-26T11:04:54.044+0000] {logging_mixin.py:190} INFO - [2024-11-26T11:04:54.043+0000] {dagbag.py:588} INFO - Filling up the DagBag from /home/airflow/.local/lib/python3.12/site-packages/airflow/example_dags/example_dataset_alias.py
[2024-11-26T11:04:54.388+0000] {processor.py:925} INFO - DAG(s) 'dataset_s3_bucket_consumer', 'dataset_alias_example_alias_producer', 'dataset_s3_bucket_producer', 'dataset_alias_example_alias_consumer' retrieved from /home/airflow/.local/lib/python3.12/site-packages/airflow/example_dags/example_dataset_alias.py
[2024-11-26T11:04:54.402+0000] {logging_mixin.py:190} INFO - [2024-11-26T11:04:54.402+0000] {dag.py:3239} INFO - Sync 4 DAGs
[2024-11-26T11:04:54.416+0000] {logging_mixin.py:190} INFO - [2024-11-26T11:04:54.415+0000] {dag.py:4180} INFO - Setting next_dagrun for dataset_alias_example_alias_consumer to None, run_after=None
[2024-11-26T11:04:54.418+0000] {logging_mixin.py:190} INFO - [2024-11-26T11:04:54.418+0000] {dag.py:4180} INFO - Setting next_dagrun for dataset_alias_example_alias_producer to None, run_after=None
[2024-11-26T11:04:54.419+0000] {logging_mixin.py:190} INFO - [2024-11-26T11:04:54.419+0000] {dag.py:4180} INFO - Setting next_dagrun for dataset_s3_bucket_consumer to None, run_after=None
[2024-11-26T11:04:54.420+0000] {logging_mixin.py:190} INFO - [2024-11-26T11:04:54.420+0000] {dag.py:4180} INFO - Setting next_dagrun for dataset_s3_bucket_producer to None, run_after=None
[2024-11-26T11:04:54.437+0000] {processor.py:208} INFO - Processing /home/airflow/.local/lib/python3.12/site-packages/airflow/example_dags/example_dataset_alias.py took 0.402 seconds
[2024-11-26T11:05:25.394+0000] {processor.py:186} INFO - Started process (PID=923) to work on /home/airflow/.local/lib/python3.12/site-packages/airflow/example_dags/example_dataset_alias.py
[2024-11-26T11:05:25.395+0000] {processor.py:914} INFO - Processing file /home/airflow/.local/lib/python3.12/site-packages/airflow/example_dags/example_dataset_alias.py for tasks to queue
[2024-11-26T11:05:25.397+0000] {logging_mixin.py:190} INFO - [2024-11-26T11:05:25.397+0000] {dagbag.py:588} INFO - Filling up the DagBag from /home/airflow/.local/lib/python3.12/site-packages/airflow/example_dags/example_dataset_alias.py
[2024-11-26T11:05:25.762+0000] {processor.py:925} INFO - DAG(s) 'dataset_s3_bucket_consumer', 'dataset_alias_example_alias_consumer', 'dataset_s3_bucket_producer', 'dataset_alias_example_alias_producer' retrieved from /home/airflow/.local/lib/python3.12/site-packages/airflow/example_dags/example_dataset_alias.py
[2024-11-26T11:05:25.774+0000] {logging_mixin.py:190} INFO - [2024-11-26T11:05:25.774+0000] {dag.py:3239} INFO - Sync 4 DAGs
[2024-11-26T11:05:25.787+0000] {logging_mixin.py:190} INFO - [2024-11-26T11:05:25.787+0000] {dag.py:4180} INFO - Setting next_dagrun for dataset_alias_example_alias_consumer to None, run_after=None
[2024-11-26T11:05:25.789+0000] {logging_mixin.py:190} INFO - [2024-11-26T11:05:25.789+0000] {dag.py:4180} INFO - Setting next_dagrun for dataset_alias_example_alias_producer to None, run_after=None
[2024-11-26T11:05:25.791+0000] {logging_mixin.py:190} INFO - [2024-11-26T11:05:25.790+0000] {dag.py:4180} INFO - Setting next_dagrun for dataset_s3_bucket_consumer to None, run_after=None
[2024-11-26T11:05:25.792+0000] {logging_mixin.py:190} INFO - [2024-11-26T11:05:25.792+0000] {dag.py:4180} INFO - Setting next_dagrun for dataset_s3_bucket_producer to None, run_after=None
[2024-11-26T11:05:25.806+0000] {processor.py:208} INFO - Processing /home/airflow/.local/lib/python3.12/site-packages/airflow/example_dags/example_dataset_alias.py took 0.416 seconds
[2024-11-26T11:05:55.895+0000] {processor.py:186} INFO - Started process (PID=986) to work on /home/airflow/.local/lib/python3.12/site-packages/airflow/example_dags/example_dataset_alias.py
[2024-11-26T11:05:55.896+0000] {processor.py:914} INFO - Processing file /home/airflow/.local/lib/python3.12/site-packages/airflow/example_dags/example_dataset_alias.py for tasks to queue
[2024-11-26T11:05:55.899+0000] {logging_mixin.py:190} INFO - [2024-11-26T11:05:55.898+0000] {dagbag.py:588} INFO - Filling up the DagBag from /home/airflow/.local/lib/python3.12/site-packages/airflow/example_dags/example_dataset_alias.py
[2024-11-26T11:05:56.259+0000] {processor.py:925} INFO - DAG(s) 'dataset_alias_example_alias_producer', 'dataset_s3_bucket_producer', 'dataset_s3_bucket_consumer', 'dataset_alias_example_alias_consumer' retrieved from /home/airflow/.local/lib/python3.12/site-packages/airflow/example_dags/example_dataset_alias.py
[2024-11-26T11:05:56.275+0000] {logging_mixin.py:190} INFO - [2024-11-26T11:05:56.275+0000] {dag.py:3239} INFO - Sync 4 DAGs
[2024-11-26T11:05:56.289+0000] {logging_mixin.py:190} INFO - [2024-11-26T11:05:56.289+0000] {dag.py:4180} INFO - Setting next_dagrun for dataset_alias_example_alias_consumer to None, run_after=None
[2024-11-26T11:05:56.291+0000] {logging_mixin.py:190} INFO - [2024-11-26T11:05:56.291+0000] {dag.py:4180} INFO - Setting next_dagrun for dataset_alias_example_alias_producer to None, run_after=None
[2024-11-26T11:05:56.292+0000] {logging_mixin.py:190} INFO - [2024-11-26T11:05:56.292+0000] {dag.py:4180} INFO - Setting next_dagrun for dataset_s3_bucket_consumer to None, run_after=None
[2024-11-26T11:05:56.294+0000] {logging_mixin.py:190} INFO - [2024-11-26T11:05:56.293+0000] {dag.py:4180} INFO - Setting next_dagrun for dataset_s3_bucket_producer to None, run_after=None
[2024-11-26T11:05:56.311+0000] {processor.py:208} INFO - Processing /home/airflow/.local/lib/python3.12/site-packages/airflow/example_dags/example_dataset_alias.py took 0.420 seconds
[2024-11-26T11:06:26.410+0000] {processor.py:186} INFO - Started process (PID=1049) to work on /home/airflow/.local/lib/python3.12/site-packages/airflow/example_dags/example_dataset_alias.py
[2024-11-26T11:06:26.412+0000] {processor.py:914} INFO - Processing file /home/airflow/.local/lib/python3.12/site-packages/airflow/example_dags/example_dataset_alias.py for tasks to queue
[2024-11-26T11:06:26.414+0000] {logging_mixin.py:190} INFO - [2024-11-26T11:06:26.413+0000] {dagbag.py:588} INFO - Filling up the DagBag from /home/airflow/.local/lib/python3.12/site-packages/airflow/example_dags/example_dataset_alias.py
[2024-11-26T11:06:26.779+0000] {processor.py:925} INFO - DAG(s) 'dataset_alias_example_alias_producer', 'dataset_s3_bucket_producer', 'dataset_alias_example_alias_consumer', 'dataset_s3_bucket_consumer' retrieved from /home/airflow/.local/lib/python3.12/site-packages/airflow/example_dags/example_dataset_alias.py
[2024-11-26T11:06:26.797+0000] {logging_mixin.py:190} INFO - [2024-11-26T11:06:26.797+0000] {dag.py:3239} INFO - Sync 4 DAGs
[2024-11-26T11:06:26.810+0000] {logging_mixin.py:190} INFO - [2024-11-26T11:06:26.810+0000] {dag.py:4180} INFO - Setting next_dagrun for dataset_alias_example_alias_consumer to None, run_after=None
[2024-11-26T11:06:26.812+0000] {logging_mixin.py:190} INFO - [2024-11-26T11:06:26.812+0000] {dag.py:4180} INFO - Setting next_dagrun for dataset_alias_example_alias_producer to None, run_after=None
[2024-11-26T11:06:26.813+0000] {logging_mixin.py:190} INFO - [2024-11-26T11:06:26.813+0000] {dag.py:4180} INFO - Setting next_dagrun for dataset_s3_bucket_consumer to None, run_after=None
[2024-11-26T11:06:26.814+0000] {logging_mixin.py:190} INFO - [2024-11-26T11:06:26.814+0000] {dag.py:4180} INFO - Setting next_dagrun for dataset_s3_bucket_producer to None, run_after=None
[2024-11-26T11:06:27.108+0000] {processor.py:208} INFO - Processing /home/airflow/.local/lib/python3.12/site-packages/airflow/example_dags/example_dataset_alias.py took 0.703 seconds
[2024-11-26T11:06:57.226+0000] {processor.py:186} INFO - Started process (PID=1112) to work on /home/airflow/.local/lib/python3.12/site-packages/airflow/example_dags/example_dataset_alias.py
[2024-11-26T11:06:57.227+0000] {processor.py:914} INFO - Processing file /home/airflow/.local/lib/python3.12/site-packages/airflow/example_dags/example_dataset_alias.py for tasks to queue
[2024-11-26T11:06:57.229+0000] {logging_mixin.py:190} INFO - [2024-11-26T11:06:57.229+0000] {dagbag.py:588} INFO - Filling up the DagBag from /home/airflow/.local/lib/python3.12/site-packages/airflow/example_dags/example_dataset_alias.py
[2024-11-26T11:06:57.590+0000] {processor.py:925} INFO - DAG(s) 'dataset_s3_bucket_producer', 'dataset_alias_example_alias_consumer', 'dataset_s3_bucket_consumer', 'dataset_alias_example_alias_producer' retrieved from /home/airflow/.local/lib/python3.12/site-packages/airflow/example_dags/example_dataset_alias.py
[2024-11-26T11:06:57.602+0000] {logging_mixin.py:190} INFO - [2024-11-26T11:06:57.602+0000] {dag.py:3239} INFO - Sync 4 DAGs
[2024-11-26T11:06:57.616+0000] {logging_mixin.py:190} INFO - [2024-11-26T11:06:57.616+0000] {dag.py:4180} INFO - Setting next_dagrun for dataset_alias_example_alias_consumer to None, run_after=None
[2024-11-26T11:06:57.619+0000] {logging_mixin.py:190} INFO - [2024-11-26T11:06:57.619+0000] {dag.py:4180} INFO - Setting next_dagrun for dataset_alias_example_alias_producer to None, run_after=None
[2024-11-26T11:06:57.620+0000] {logging_mixin.py:190} INFO - [2024-11-26T11:06:57.620+0000] {dag.py:4180} INFO - Setting next_dagrun for dataset_s3_bucket_consumer to None, run_after=None
[2024-11-26T11:06:57.622+0000] {logging_mixin.py:190} INFO - [2024-11-26T11:06:57.621+0000] {dag.py:4180} INFO - Setting next_dagrun for dataset_s3_bucket_producer to None, run_after=None
[2024-11-26T11:06:57.636+0000] {processor.py:208} INFO - Processing /home/airflow/.local/lib/python3.12/site-packages/airflow/example_dags/example_dataset_alias.py took 0.415 seconds
[2024-11-26T11:07:28.018+0000] {processor.py:186} INFO - Started process (PID=1175) to work on /home/airflow/.local/lib/python3.12/site-packages/airflow/example_dags/example_dataset_alias.py
[2024-11-26T11:07:28.019+0000] {processor.py:914} INFO - Processing file /home/airflow/.local/lib/python3.12/site-packages/airflow/example_dags/example_dataset_alias.py for tasks to queue
[2024-11-26T11:07:28.022+0000] {logging_mixin.py:190} INFO - [2024-11-26T11:07:28.021+0000] {dagbag.py:588} INFO - Filling up the DagBag from /home/airflow/.local/lib/python3.12/site-packages/airflow/example_dags/example_dataset_alias.py
[2024-11-26T11:07:28.400+0000] {processor.py:925} INFO - DAG(s) 'dataset_s3_bucket_producer', 'dataset_alias_example_alias_consumer', 'dataset_alias_example_alias_producer', 'dataset_s3_bucket_consumer' retrieved from /home/airflow/.local/lib/python3.12/site-packages/airflow/example_dags/example_dataset_alias.py
[2024-11-26T11:07:28.422+0000] {logging_mixin.py:190} INFO - [2024-11-26T11:07:28.422+0000] {dag.py:3239} INFO - Sync 4 DAGs
[2024-11-26T11:07:28.440+0000] {logging_mixin.py:190} INFO - [2024-11-26T11:07:28.439+0000] {dag.py:4180} INFO - Setting next_dagrun for dataset_alias_example_alias_consumer to None, run_after=None
[2024-11-26T11:07:28.442+0000] {logging_mixin.py:190} INFO - [2024-11-26T11:07:28.442+0000] {dag.py:4180} INFO - Setting next_dagrun for dataset_alias_example_alias_producer to None, run_after=None
[2024-11-26T11:07:28.444+0000] {logging_mixin.py:190} INFO - [2024-11-26T11:07:28.444+0000] {dag.py:4180} INFO - Setting next_dagrun for dataset_s3_bucket_consumer to None, run_after=None
[2024-11-26T11:07:28.446+0000] {logging_mixin.py:190} INFO - [2024-11-26T11:07:28.446+0000] {dag.py:4180} INFO - Setting next_dagrun for dataset_s3_bucket_producer to None, run_after=None
[2024-11-26T11:07:28.473+0000] {processor.py:208} INFO - Processing /home/airflow/.local/lib/python3.12/site-packages/airflow/example_dags/example_dataset_alias.py took 0.459 seconds
[2024-11-26T11:07:58.617+0000] {processor.py:186} INFO - Started process (PID=1238) to work on /home/airflow/.local/lib/python3.12/site-packages/airflow/example_dags/example_dataset_alias.py
[2024-11-26T11:07:58.619+0000] {processor.py:914} INFO - Processing file /home/airflow/.local/lib/python3.12/site-packages/airflow/example_dags/example_dataset_alias.py for tasks to queue
[2024-11-26T11:07:58.623+0000] {logging_mixin.py:190} INFO - [2024-11-26T11:07:58.622+0000] {dagbag.py:588} INFO - Filling up the DagBag from /home/airflow/.local/lib/python3.12/site-packages/airflow/example_dags/example_dataset_alias.py
[2024-11-26T11:07:59.018+0000] {processor.py:925} INFO - DAG(s) 'dataset_alias_example_alias_consumer', 'dataset_s3_bucket_producer', 'dataset_alias_example_alias_producer', 'dataset_s3_bucket_consumer' retrieved from /home/airflow/.local/lib/python3.12/site-packages/airflow/example_dags/example_dataset_alias.py
[2024-11-26T11:07:59.033+0000] {logging_mixin.py:190} INFO - [2024-11-26T11:07:59.033+0000] {dag.py:3239} INFO - Sync 4 DAGs
[2024-11-26T11:07:59.049+0000] {logging_mixin.py:190} INFO - [2024-11-26T11:07:59.048+0000] {dag.py:4180} INFO - Setting next_dagrun for dataset_alias_example_alias_consumer to None, run_after=None
[2024-11-26T11:07:59.051+0000] {logging_mixin.py:190} INFO - [2024-11-26T11:07:59.051+0000] {dag.py:4180} INFO - Setting next_dagrun for dataset_alias_example_alias_producer to None, run_after=None
[2024-11-26T11:07:59.054+0000] {logging_mixin.py:190} INFO - [2024-11-26T11:07:59.054+0000] {dag.py:4180} INFO - Setting next_dagrun for dataset_s3_bucket_consumer to None, run_after=None
[2024-11-26T11:07:59.056+0000] {logging_mixin.py:190} INFO - [2024-11-26T11:07:59.056+0000] {dag.py:4180} INFO - Setting next_dagrun for dataset_s3_bucket_producer to None, run_after=None
[2024-11-26T11:07:59.071+0000] {processor.py:208} INFO - Processing /home/airflow/.local/lib/python3.12/site-packages/airflow/example_dags/example_dataset_alias.py took 0.466 seconds
[2024-11-26T11:08:29.195+0000] {processor.py:186} INFO - Started process (PID=1301) to work on /home/airflow/.local/lib/python3.12/site-packages/airflow/example_dags/example_dataset_alias.py
[2024-11-26T11:08:29.196+0000] {processor.py:914} INFO - Processing file /home/airflow/.local/lib/python3.12/site-packages/airflow/example_dags/example_dataset_alias.py for tasks to queue
[2024-11-26T11:08:29.199+0000] {logging_mixin.py:190} INFO - [2024-11-26T11:08:29.198+0000] {dagbag.py:588} INFO - Filling up the DagBag from /home/airflow/.local/lib/python3.12/site-packages/airflow/example_dags/example_dataset_alias.py
[2024-11-26T11:08:29.564+0000] {processor.py:925} INFO - DAG(s) 'dataset_alias_example_alias_producer', 'dataset_s3_bucket_producer', 'dataset_alias_example_alias_consumer', 'dataset_s3_bucket_consumer' retrieved from /home/airflow/.local/lib/python3.12/site-packages/airflow/example_dags/example_dataset_alias.py
[2024-11-26T11:08:29.577+0000] {logging_mixin.py:190} INFO - [2024-11-26T11:08:29.577+0000] {dag.py:3239} INFO - Sync 4 DAGs
[2024-11-26T11:08:29.590+0000] {logging_mixin.py:190} INFO - [2024-11-26T11:08:29.590+0000] {dag.py:4180} INFO - Setting next_dagrun for dataset_alias_example_alias_consumer to None, run_after=None
[2024-11-26T11:08:29.593+0000] {logging_mixin.py:190} INFO - [2024-11-26T11:08:29.593+0000] {dag.py:4180} INFO - Setting next_dagrun for dataset_alias_example_alias_producer to None, run_after=None
[2024-11-26T11:08:29.594+0000] {logging_mixin.py:190} INFO - [2024-11-26T11:08:29.594+0000] {dag.py:4180} INFO - Setting next_dagrun for dataset_s3_bucket_consumer to None, run_after=None
[2024-11-26T11:08:29.595+0000] {logging_mixin.py:190} INFO - [2024-11-26T11:08:29.595+0000] {dag.py:4180} INFO - Setting next_dagrun for dataset_s3_bucket_producer to None, run_after=None
[2024-11-26T11:08:29.615+0000] {processor.py:208} INFO - Processing /home/airflow/.local/lib/python3.12/site-packages/airflow/example_dags/example_dataset_alias.py took 0.423 seconds
[2024-11-26T11:08:59.766+0000] {processor.py:186} INFO - Started process (PID=1364) to work on /home/airflow/.local/lib/python3.12/site-packages/airflow/example_dags/example_dataset_alias.py
[2024-11-26T11:08:59.767+0000] {processor.py:914} INFO - Processing file /home/airflow/.local/lib/python3.12/site-packages/airflow/example_dags/example_dataset_alias.py for tasks to queue
[2024-11-26T11:08:59.770+0000] {logging_mixin.py:190} INFO - [2024-11-26T11:08:59.770+0000] {dagbag.py:588} INFO - Filling up the DagBag from /home/airflow/.local/lib/python3.12/site-packages/airflow/example_dags/example_dataset_alias.py
[2024-11-26T11:09:00.148+0000] {processor.py:925} INFO - DAG(s) 'dataset_alias_example_alias_producer', 'dataset_s3_bucket_consumer', 'dataset_s3_bucket_producer', 'dataset_alias_example_alias_consumer' retrieved from /home/airflow/.local/lib/python3.12/site-packages/airflow/example_dags/example_dataset_alias.py
[2024-11-26T11:09:00.163+0000] {logging_mixin.py:190} INFO - [2024-11-26T11:09:00.163+0000] {dag.py:3239} INFO - Sync 4 DAGs
[2024-11-26T11:09:00.178+0000] {logging_mixin.py:190} INFO - [2024-11-26T11:09:00.177+0000] {dag.py:4180} INFO - Setting next_dagrun for dataset_alias_example_alias_consumer to None, run_after=None
[2024-11-26T11:09:00.180+0000] {logging_mixin.py:190} INFO - [2024-11-26T11:09:00.180+0000] {dag.py:4180} INFO - Setting next_dagrun for dataset_alias_example_alias_producer to None, run_after=None
[2024-11-26T11:09:00.182+0000] {logging_mixin.py:190} INFO - [2024-11-26T11:09:00.181+0000] {dag.py:4180} INFO - Setting next_dagrun for dataset_s3_bucket_consumer to None, run_after=None
[2024-11-26T11:09:00.183+0000] {logging_mixin.py:190} INFO - [2024-11-26T11:09:00.183+0000] {dag.py:4180} INFO - Setting next_dagrun for dataset_s3_bucket_producer to None, run_after=None
[2024-11-26T11:09:00.200+0000] {processor.py:208} INFO - Processing /home/airflow/.local/lib/python3.12/site-packages/airflow/example_dags/example_dataset_alias.py took 0.439 seconds
[2024-11-26T11:09:30.269+0000] {processor.py:186} INFO - Started process (PID=1427) to work on /home/airflow/.local/lib/python3.12/site-packages/airflow/example_dags/example_dataset_alias.py
[2024-11-26T11:09:30.270+0000] {processor.py:914} INFO - Processing file /home/airflow/.local/lib/python3.12/site-packages/airflow/example_dags/example_dataset_alias.py for tasks to queue
[2024-11-26T11:09:30.274+0000] {logging_mixin.py:190} INFO - [2024-11-26T11:09:30.274+0000] {dagbag.py:588} INFO - Filling up the DagBag from /home/airflow/.local/lib/python3.12/site-packages/airflow/example_dags/example_dataset_alias.py
[2024-11-26T11:09:30.655+0000] {processor.py:925} INFO - DAG(s) 'dataset_alias_example_alias_consumer', 'dataset_s3_bucket_producer', 'dataset_alias_example_alias_producer', 'dataset_s3_bucket_consumer' retrieved from /home/airflow/.local/lib/python3.12/site-packages/airflow/example_dags/example_dataset_alias.py
[2024-11-26T11:09:30.679+0000] {logging_mixin.py:190} INFO - [2024-11-26T11:09:30.679+0000] {dag.py:3239} INFO - Sync 4 DAGs
[2024-11-26T11:09:30.696+0000] {logging_mixin.py:190} INFO - [2024-11-26T11:09:30.695+0000] {dag.py:4180} INFO - Setting next_dagrun for dataset_alias_example_alias_consumer to None, run_after=None
[2024-11-26T11:09:30.698+0000] {logging_mixin.py:190} INFO - [2024-11-26T11:09:30.698+0000] {dag.py:4180} INFO - Setting next_dagrun for dataset_alias_example_alias_producer to None, run_after=None
[2024-11-26T11:09:30.700+0000] {logging_mixin.py:190} INFO - [2024-11-26T11:09:30.700+0000] {dag.py:4180} INFO - Setting next_dagrun for dataset_s3_bucket_consumer to None, run_after=None
[2024-11-26T11:09:30.701+0000] {logging_mixin.py:190} INFO - [2024-11-26T11:09:30.701+0000] {dag.py:4180} INFO - Setting next_dagrun for dataset_s3_bucket_producer to None, run_after=None
[2024-11-26T11:09:30.718+0000] {processor.py:208} INFO - Processing /home/airflow/.local/lib/python3.12/site-packages/airflow/example_dags/example_dataset_alias.py took 0.453 seconds
[2024-11-26T11:10:00.841+0000] {processor.py:186} INFO - Started process (PID=1490) to work on /home/airflow/.local/lib/python3.12/site-packages/airflow/example_dags/example_dataset_alias.py
[2024-11-26T11:10:00.842+0000] {processor.py:914} INFO - Processing file /home/airflow/.local/lib/python3.12/site-packages/airflow/example_dags/example_dataset_alias.py for tasks to queue
[2024-11-26T11:10:00.846+0000] {logging_mixin.py:190} INFO - [2024-11-26T11:10:00.846+0000] {dagbag.py:588} INFO - Filling up the DagBag from /home/airflow/.local/lib/python3.12/site-packages/airflow/example_dags/example_dataset_alias.py
[2024-11-26T11:10:01.219+0000] {processor.py:925} INFO - DAG(s) 'dataset_s3_bucket_consumer', 'dataset_alias_example_alias_consumer', 'dataset_s3_bucket_producer', 'dataset_alias_example_alias_producer' retrieved from /home/airflow/.local/lib/python3.12/site-packages/airflow/example_dags/example_dataset_alias.py
[2024-11-26T11:10:01.236+0000] {logging_mixin.py:190} INFO - [2024-11-26T11:10:01.236+0000] {dag.py:3239} INFO - Sync 4 DAGs
[2024-11-26T11:10:01.250+0000] {logging_mixin.py:190} INFO - [2024-11-26T11:10:01.250+0000] {dag.py:4180} INFO - Setting next_dagrun for dataset_alias_example_alias_consumer to None, run_after=None
[2024-11-26T11:10:01.253+0000] {logging_mixin.py:190} INFO - [2024-11-26T11:10:01.253+0000] {dag.py:4180} INFO - Setting next_dagrun for dataset_alias_example_alias_producer to None, run_after=None
[2024-11-26T11:10:01.255+0000] {logging_mixin.py:190} INFO - [2024-11-26T11:10:01.255+0000] {dag.py:4180} INFO - Setting next_dagrun for dataset_s3_bucket_consumer to None, run_after=None
[2024-11-26T11:10:01.257+0000] {logging_mixin.py:190} INFO - [2024-11-26T11:10:01.257+0000] {dag.py:4180} INFO - Setting next_dagrun for dataset_s3_bucket_producer to None, run_after=None
[2024-11-26T11:10:01.296+0000] {processor.py:208} INFO - Processing /home/airflow/.local/lib/python3.12/site-packages/airflow/example_dags/example_dataset_alias.py took 0.460 seconds
[2024-11-26T11:10:31.659+0000] {processor.py:186} INFO - Started process (PID=1553) to work on /home/airflow/.local/lib/python3.12/site-packages/airflow/example_dags/example_dataset_alias.py
[2024-11-26T11:10:31.660+0000] {processor.py:914} INFO - Processing file /home/airflow/.local/lib/python3.12/site-packages/airflow/example_dags/example_dataset_alias.py for tasks to queue
[2024-11-26T11:10:31.663+0000] {logging_mixin.py:190} INFO - [2024-11-26T11:10:31.663+0000] {dagbag.py:588} INFO - Filling up the DagBag from /home/airflow/.local/lib/python3.12/site-packages/airflow/example_dags/example_dataset_alias.py
[2024-11-26T11:10:32.078+0000] {processor.py:925} INFO - DAG(s) 'dataset_alias_example_alias_producer', 'dataset_s3_bucket_producer', 'dataset_alias_example_alias_consumer', 'dataset_s3_bucket_consumer' retrieved from /home/airflow/.local/lib/python3.12/site-packages/airflow/example_dags/example_dataset_alias.py
[2024-11-26T11:10:32.093+0000] {logging_mixin.py:190} INFO - [2024-11-26T11:10:32.093+0000] {dag.py:3239} INFO - Sync 4 DAGs
[2024-11-26T11:10:32.117+0000] {logging_mixin.py:190} INFO - [2024-11-26T11:10:32.117+0000] {dag.py:4180} INFO - Setting next_dagrun for dataset_alias_example_alias_consumer to None, run_after=None
[2024-11-26T11:10:32.120+0000] {logging_mixin.py:190} INFO - [2024-11-26T11:10:32.120+0000] {dag.py:4180} INFO - Setting next_dagrun for dataset_alias_example_alias_producer to None, run_after=None
[2024-11-26T11:10:32.122+0000] {logging_mixin.py:190} INFO - [2024-11-26T11:10:32.122+0000] {dag.py:4180} INFO - Setting next_dagrun for dataset_s3_bucket_consumer to None, run_after=None
[2024-11-26T11:10:32.126+0000] {logging_mixin.py:190} INFO - [2024-11-26T11:10:32.126+0000] {dag.py:4180} INFO - Setting next_dagrun for dataset_s3_bucket_producer to None, run_after=None
[2024-11-26T11:10:32.148+0000] {processor.py:208} INFO - Processing /home/airflow/.local/lib/python3.12/site-packages/airflow/example_dags/example_dataset_alias.py took 0.495 seconds
[2024-11-26T11:11:02.281+0000] {processor.py:186} INFO - Started process (PID=1616) to work on /home/airflow/.local/lib/python3.12/site-packages/airflow/example_dags/example_dataset_alias.py
[2024-11-26T11:11:02.282+0000] {processor.py:914} INFO - Processing file /home/airflow/.local/lib/python3.12/site-packages/airflow/example_dags/example_dataset_alias.py for tasks to queue
[2024-11-26T11:11:02.284+0000] {logging_mixin.py:190} INFO - [2024-11-26T11:11:02.284+0000] {dagbag.py:588} INFO - Filling up the DagBag from /home/airflow/.local/lib/python3.12/site-packages/airflow/example_dags/example_dataset_alias.py
[2024-11-26T11:11:02.741+0000] {processor.py:925} INFO - DAG(s) 'dataset_alias_example_alias_producer', 'dataset_s3_bucket_producer', 'dataset_s3_bucket_consumer', 'dataset_alias_example_alias_consumer' retrieved from /home/airflow/.local/lib/python3.12/site-packages/airflow/example_dags/example_dataset_alias.py
[2024-11-26T11:11:02.766+0000] {logging_mixin.py:190} INFO - [2024-11-26T11:11:02.765+0000] {dag.py:3239} INFO - Sync 4 DAGs
[2024-11-26T11:11:02.798+0000] {logging_mixin.py:190} INFO - [2024-11-26T11:11:02.797+0000] {dag.py:4180} INFO - Setting next_dagrun for dataset_alias_example_alias_consumer to None, run_after=None
[2024-11-26T11:11:02.801+0000] {logging_mixin.py:190} INFO - [2024-11-26T11:11:02.801+0000] {dag.py:4180} INFO - Setting next_dagrun for dataset_alias_example_alias_producer to None, run_after=None
[2024-11-26T11:11:02.804+0000] {logging_mixin.py:190} INFO - [2024-11-26T11:11:02.804+0000] {dag.py:4180} INFO - Setting next_dagrun for dataset_s3_bucket_consumer to None, run_after=None
[2024-11-26T11:11:02.806+0000] {logging_mixin.py:190} INFO - [2024-11-26T11:11:02.806+0000] {dag.py:4180} INFO - Setting next_dagrun for dataset_s3_bucket_producer to None, run_after=None
[2024-11-26T11:11:02.835+0000] {processor.py:208} INFO - Processing /home/airflow/.local/lib/python3.12/site-packages/airflow/example_dags/example_dataset_alias.py took 0.559 seconds
[2024-11-26T11:11:33.284+0000] {processor.py:186} INFO - Started process (PID=1679) to work on /home/airflow/.local/lib/python3.12/site-packages/airflow/example_dags/example_dataset_alias.py
[2024-11-26T11:11:33.287+0000] {processor.py:914} INFO - Processing file /home/airflow/.local/lib/python3.12/site-packages/airflow/example_dags/example_dataset_alias.py for tasks to queue
[2024-11-26T11:11:33.291+0000] {logging_mixin.py:190} INFO - [2024-11-26T11:11:33.291+0000] {dagbag.py:588} INFO - Filling up the DagBag from /home/airflow/.local/lib/python3.12/site-packages/airflow/example_dags/example_dataset_alias.py
[2024-11-26T11:11:33.678+0000] {processor.py:925} INFO - DAG(s) 'dataset_alias_example_alias_consumer', 'dataset_s3_bucket_consumer', 'dataset_s3_bucket_producer', 'dataset_alias_example_alias_producer' retrieved from /home/airflow/.local/lib/python3.12/site-packages/airflow/example_dags/example_dataset_alias.py
[2024-11-26T11:11:33.699+0000] {logging_mixin.py:190} INFO - [2024-11-26T11:11:33.698+0000] {dag.py:3239} INFO - Sync 4 DAGs
[2024-11-26T11:11:33.721+0000] {logging_mixin.py:190} INFO - [2024-11-26T11:11:33.720+0000] {dag.py:4180} INFO - Setting next_dagrun for dataset_alias_example_alias_consumer to None, run_after=None
[2024-11-26T11:11:33.723+0000] {logging_mixin.py:190} INFO - [2024-11-26T11:11:33.723+0000] {dag.py:4180} INFO - Setting next_dagrun for dataset_alias_example_alias_producer to None, run_after=None
[2024-11-26T11:11:33.725+0000] {logging_mixin.py:190} INFO - [2024-11-26T11:11:33.725+0000] {dag.py:4180} INFO - Setting next_dagrun for dataset_s3_bucket_consumer to None, run_after=None
[2024-11-26T11:11:33.727+0000] {logging_mixin.py:190} INFO - [2024-11-26T11:11:33.727+0000] {dag.py:4180} INFO - Setting next_dagrun for dataset_s3_bucket_producer to None, run_after=None
[2024-11-26T11:11:33.751+0000] {processor.py:208} INFO - Processing /home/airflow/.local/lib/python3.12/site-packages/airflow/example_dags/example_dataset_alias.py took 0.471 seconds
