[2024-11-26T10:58:41.906+0000] {processor.py:186} INFO - Started process (PID=90) to work on /home/airflow/.local/lib/python3.12/site-packages/airflow/example_dags/example_latest_only_with_trigger.py
[2024-11-26T10:58:41.907+0000] {processor.py:914} INFO - Processing file /home/airflow/.local/lib/python3.12/site-packages/airflow/example_dags/example_latest_only_with_trigger.py for tasks to queue
[2024-11-26T10:58:41.909+0000] {logging_mixin.py:190} INFO - [2024-11-26T10:58:41.909+0000] {dagbag.py:588} INFO - Filling up the DagBag from /home/airflow/.local/lib/python3.12/site-packages/airflow/example_dags/example_latest_only_with_trigger.py
[2024-11-26T10:58:41.916+0000] {processor.py:925} INFO - DAG(s) 'latest_only_with_trigger' retrieved from /home/airflow/.local/lib/python3.12/site-packages/airflow/example_dags/example_latest_only_with_trigger.py
[2024-11-26T10:58:42.008+0000] {logging_mixin.py:190} INFO - [2024-11-26T10:58:42.008+0000] {override.py:1911} INFO - Created Permission View: can delete on DAG:latest_only_with_trigger
[2024-11-26T10:58:42.020+0000] {logging_mixin.py:190} INFO - [2024-11-26T10:58:42.020+0000] {override.py:1911} INFO - Created Permission View: can read on DAG:latest_only_with_trigger
[2024-11-26T10:58:42.027+0000] {logging_mixin.py:190} INFO - [2024-11-26T10:58:42.026+0000] {override.py:1911} INFO - Created Permission View: can edit on DAG:latest_only_with_trigger
[2024-11-26T10:58:42.036+0000] {logging_mixin.py:190} INFO - [2024-11-26T10:58:42.036+0000] {override.py:1911} INFO - Created Permission View: can create on DAG Run:latest_only_with_trigger
[2024-11-26T10:58:42.043+0000] {logging_mixin.py:190} INFO - [2024-11-26T10:58:42.043+0000] {override.py:1911} INFO - Created Permission View: can read on DAG Run:latest_only_with_trigger
[2024-11-26T10:58:42.051+0000] {logging_mixin.py:190} INFO - [2024-11-26T10:58:42.051+0000] {override.py:1911} INFO - Created Permission View: menu access on DAG Run:latest_only_with_trigger
[2024-11-26T10:58:42.059+0000] {logging_mixin.py:190} INFO - [2024-11-26T10:58:42.059+0000] {override.py:1911} INFO - Created Permission View: can delete on DAG Run:latest_only_with_trigger
[2024-11-26T10:58:42.059+0000] {logging_mixin.py:190} INFO - [2024-11-26T10:58:42.059+0000] {dag.py:3239} INFO - Sync 1 DAGs
[2024-11-26T10:58:42.070+0000] {logging_mixin.py:190} INFO - [2024-11-26T10:58:42.070+0000] {dag.py:3262} INFO - Creating ORM DAG for latest_only_with_trigger
[2024-11-26T10:58:42.082+0000] {logging_mixin.py:190} INFO - [2024-11-26T10:58:42.082+0000] {dag.py:4180} INFO - Setting next_dagrun for latest_only_with_trigger to 2024-11-26 04:00:00+00:00, run_after=2024-11-26 08:00:00+00:00
[2024-11-26T10:58:42.102+0000] {processor.py:208} INFO - Processing /home/airflow/.local/lib/python3.12/site-packages/airflow/example_dags/example_latest_only_with_trigger.py took 0.200 seconds
[2024-11-26T10:59:12.462+0000] {processor.py:186} INFO - Started process (PID=153) to work on /home/airflow/.local/lib/python3.12/site-packages/airflow/example_dags/example_latest_only_with_trigger.py
[2024-11-26T10:59:12.463+0000] {processor.py:914} INFO - Processing file /home/airflow/.local/lib/python3.12/site-packages/airflow/example_dags/example_latest_only_with_trigger.py for tasks to queue
[2024-11-26T10:59:12.466+0000] {logging_mixin.py:190} INFO - [2024-11-26T10:59:12.465+0000] {dagbag.py:588} INFO - Filling up the DagBag from /home/airflow/.local/lib/python3.12/site-packages/airflow/example_dags/example_latest_only_with_trigger.py
[2024-11-26T10:59:12.473+0000] {processor.py:925} INFO - DAG(s) 'latest_only_with_trigger' retrieved from /home/airflow/.local/lib/python3.12/site-packages/airflow/example_dags/example_latest_only_with_trigger.py
[2024-11-26T10:59:12.487+0000] {logging_mixin.py:190} INFO - [2024-11-26T10:59:12.487+0000] {dag.py:3239} INFO - Sync 1 DAGs
[2024-11-26T10:59:12.503+0000] {logging_mixin.py:190} INFO - [2024-11-26T10:59:12.503+0000] {dag.py:4180} INFO - Setting next_dagrun for latest_only_with_trigger to 2024-11-26 04:00:00+00:00, run_after=2024-11-26 08:00:00+00:00
[2024-11-26T10:59:12.520+0000] {processor.py:208} INFO - Processing /home/airflow/.local/lib/python3.12/site-packages/airflow/example_dags/example_latest_only_with_trigger.py took 0.064 seconds
[2024-11-26T10:59:43.583+0000] {processor.py:186} INFO - Started process (PID=216) to work on /home/airflow/.local/lib/python3.12/site-packages/airflow/example_dags/example_latest_only_with_trigger.py
[2024-11-26T10:59:43.584+0000] {processor.py:914} INFO - Processing file /home/airflow/.local/lib/python3.12/site-packages/airflow/example_dags/example_latest_only_with_trigger.py for tasks to queue
[2024-11-26T10:59:43.586+0000] {logging_mixin.py:190} INFO - [2024-11-26T10:59:43.585+0000] {dagbag.py:588} INFO - Filling up the DagBag from /home/airflow/.local/lib/python3.12/site-packages/airflow/example_dags/example_latest_only_with_trigger.py
[2024-11-26T10:59:43.592+0000] {processor.py:925} INFO - DAG(s) 'latest_only_with_trigger' retrieved from /home/airflow/.local/lib/python3.12/site-packages/airflow/example_dags/example_latest_only_with_trigger.py
[2024-11-26T10:59:43.608+0000] {logging_mixin.py:190} INFO - [2024-11-26T10:59:43.608+0000] {dag.py:3239} INFO - Sync 1 DAGs
[2024-11-26T10:59:43.626+0000] {logging_mixin.py:190} INFO - [2024-11-26T10:59:43.626+0000] {dag.py:4180} INFO - Setting next_dagrun for latest_only_with_trigger to 2024-11-26 04:00:00+00:00, run_after=2024-11-26 08:00:00+00:00
[2024-11-26T10:59:43.641+0000] {processor.py:208} INFO - Processing /home/airflow/.local/lib/python3.12/site-packages/airflow/example_dags/example_latest_only_with_trigger.py took 0.063 seconds
[2024-11-26T11:00:14.417+0000] {processor.py:186} INFO - Started process (PID=278) to work on /home/airflow/.local/lib/python3.12/site-packages/airflow/example_dags/example_latest_only_with_trigger.py
[2024-11-26T11:00:14.418+0000] {processor.py:914} INFO - Processing file /home/airflow/.local/lib/python3.12/site-packages/airflow/example_dags/example_latest_only_with_trigger.py for tasks to queue
[2024-11-26T11:00:14.420+0000] {logging_mixin.py:190} INFO - [2024-11-26T11:00:14.420+0000] {dagbag.py:588} INFO - Filling up the DagBag from /home/airflow/.local/lib/python3.12/site-packages/airflow/example_dags/example_latest_only_with_trigger.py
[2024-11-26T11:00:14.427+0000] {processor.py:925} INFO - DAG(s) 'latest_only_with_trigger' retrieved from /home/airflow/.local/lib/python3.12/site-packages/airflow/example_dags/example_latest_only_with_trigger.py
[2024-11-26T11:00:14.445+0000] {logging_mixin.py:190} INFO - [2024-11-26T11:00:14.444+0000] {dag.py:3239} INFO - Sync 1 DAGs
[2024-11-26T11:00:14.465+0000] {logging_mixin.py:190} INFO - [2024-11-26T11:00:14.464+0000] {dag.py:4180} INFO - Setting next_dagrun for latest_only_with_trigger to 2024-11-26 04:00:00+00:00, run_after=2024-11-26 08:00:00+00:00
[2024-11-26T11:00:14.482+0000] {processor.py:208} INFO - Processing /home/airflow/.local/lib/python3.12/site-packages/airflow/example_dags/example_latest_only_with_trigger.py took 0.069 seconds
[2024-11-26T11:00:44.953+0000] {processor.py:186} INFO - Started process (PID=340) to work on /home/airflow/.local/lib/python3.12/site-packages/airflow/example_dags/example_latest_only_with_trigger.py
[2024-11-26T11:00:44.954+0000] {processor.py:914} INFO - Processing file /home/airflow/.local/lib/python3.12/site-packages/airflow/example_dags/example_latest_only_with_trigger.py for tasks to queue
[2024-11-26T11:00:44.956+0000] {logging_mixin.py:190} INFO - [2024-11-26T11:00:44.956+0000] {dagbag.py:588} INFO - Filling up the DagBag from /home/airflow/.local/lib/python3.12/site-packages/airflow/example_dags/example_latest_only_with_trigger.py
[2024-11-26T11:00:44.962+0000] {processor.py:925} INFO - DAG(s) 'latest_only_with_trigger' retrieved from /home/airflow/.local/lib/python3.12/site-packages/airflow/example_dags/example_latest_only_with_trigger.py
[2024-11-26T11:00:44.980+0000] {logging_mixin.py:190} INFO - [2024-11-26T11:00:44.979+0000] {dag.py:3239} INFO - Sync 1 DAGs
[2024-11-26T11:00:44.998+0000] {logging_mixin.py:190} INFO - [2024-11-26T11:00:44.997+0000] {dag.py:4180} INFO - Setting next_dagrun for latest_only_with_trigger to 2024-11-26 04:00:00+00:00, run_after=2024-11-26 08:00:00+00:00
[2024-11-26T11:00:45.016+0000] {processor.py:208} INFO - Processing /home/airflow/.local/lib/python3.12/site-packages/airflow/example_dags/example_latest_only_with_trigger.py took 0.066 seconds
[2024-11-26T11:01:15.738+0000] {processor.py:186} INFO - Started process (PID=402) to work on /home/airflow/.local/lib/python3.12/site-packages/airflow/example_dags/example_latest_only_with_trigger.py
[2024-11-26T11:01:15.739+0000] {processor.py:914} INFO - Processing file /home/airflow/.local/lib/python3.12/site-packages/airflow/example_dags/example_latest_only_with_trigger.py for tasks to queue
[2024-11-26T11:01:15.741+0000] {logging_mixin.py:190} INFO - [2024-11-26T11:01:15.740+0000] {dagbag.py:588} INFO - Filling up the DagBag from /home/airflow/.local/lib/python3.12/site-packages/airflow/example_dags/example_latest_only_with_trigger.py
[2024-11-26T11:01:15.746+0000] {processor.py:925} INFO - DAG(s) 'latest_only_with_trigger' retrieved from /home/airflow/.local/lib/python3.12/site-packages/airflow/example_dags/example_latest_only_with_trigger.py
[2024-11-26T11:01:15.763+0000] {logging_mixin.py:190} INFO - [2024-11-26T11:01:15.763+0000] {dag.py:3239} INFO - Sync 1 DAGs
[2024-11-26T11:01:15.779+0000] {logging_mixin.py:190} INFO - [2024-11-26T11:01:15.779+0000] {dag.py:4180} INFO - Setting next_dagrun for latest_only_with_trigger to 2024-11-26 04:00:00+00:00, run_after=2024-11-26 08:00:00+00:00
[2024-11-26T11:01:15.792+0000] {processor.py:208} INFO - Processing /home/airflow/.local/lib/python3.12/site-packages/airflow/example_dags/example_latest_only_with_trigger.py took 0.058 seconds
[2024-11-26T11:01:46.597+0000] {processor.py:186} INFO - Started process (PID=465) to work on /home/airflow/.local/lib/python3.12/site-packages/airflow/example_dags/example_latest_only_with_trigger.py
[2024-11-26T11:01:46.599+0000] {processor.py:914} INFO - Processing file /home/airflow/.local/lib/python3.12/site-packages/airflow/example_dags/example_latest_only_with_trigger.py for tasks to queue
[2024-11-26T11:01:46.601+0000] {logging_mixin.py:190} INFO - [2024-11-26T11:01:46.600+0000] {dagbag.py:588} INFO - Filling up the DagBag from /home/airflow/.local/lib/python3.12/site-packages/airflow/example_dags/example_latest_only_with_trigger.py
[2024-11-26T11:01:46.607+0000] {processor.py:925} INFO - DAG(s) 'latest_only_with_trigger' retrieved from /home/airflow/.local/lib/python3.12/site-packages/airflow/example_dags/example_latest_only_with_trigger.py
[2024-11-26T11:01:46.625+0000] {logging_mixin.py:190} INFO - [2024-11-26T11:01:46.625+0000] {dag.py:3239} INFO - Sync 1 DAGs
[2024-11-26T11:01:46.645+0000] {logging_mixin.py:190} INFO - [2024-11-26T11:01:46.645+0000] {dag.py:4180} INFO - Setting next_dagrun for latest_only_with_trigger to 2024-11-26 04:00:00+00:00, run_after=2024-11-26 08:00:00+00:00
[2024-11-26T11:01:46.661+0000] {processor.py:208} INFO - Processing /home/airflow/.local/lib/python3.12/site-packages/airflow/example_dags/example_latest_only_with_trigger.py took 0.069 seconds
[2024-11-26T11:02:17.345+0000] {processor.py:186} INFO - Started process (PID=528) to work on /home/airflow/.local/lib/python3.12/site-packages/airflow/example_dags/example_latest_only_with_trigger.py
[2024-11-26T11:02:17.346+0000] {processor.py:914} INFO - Processing file /home/airflow/.local/lib/python3.12/site-packages/airflow/example_dags/example_latest_only_with_trigger.py for tasks to queue
[2024-11-26T11:02:17.348+0000] {logging_mixin.py:190} INFO - [2024-11-26T11:02:17.348+0000] {dagbag.py:588} INFO - Filling up the DagBag from /home/airflow/.local/lib/python3.12/site-packages/airflow/example_dags/example_latest_only_with_trigger.py
[2024-11-26T11:02:17.354+0000] {processor.py:925} INFO - DAG(s) 'latest_only_with_trigger' retrieved from /home/airflow/.local/lib/python3.12/site-packages/airflow/example_dags/example_latest_only_with_trigger.py
[2024-11-26T11:02:17.371+0000] {logging_mixin.py:190} INFO - [2024-11-26T11:02:17.370+0000] {dag.py:3239} INFO - Sync 1 DAGs
[2024-11-26T11:02:17.393+0000] {logging_mixin.py:190} INFO - [2024-11-26T11:02:17.392+0000] {dag.py:4180} INFO - Setting next_dagrun for latest_only_with_trigger to 2024-11-26 04:00:00+00:00, run_after=2024-11-26 08:00:00+00:00
[2024-11-26T11:02:17.407+0000] {processor.py:208} INFO - Processing /home/airflow/.local/lib/python3.12/site-packages/airflow/example_dags/example_latest_only_with_trigger.py took 0.067 seconds
[2024-11-26T11:02:48.024+0000] {processor.py:186} INFO - Started process (PID=591) to work on /home/airflow/.local/lib/python3.12/site-packages/airflow/example_dags/example_latest_only_with_trigger.py
[2024-11-26T11:02:48.025+0000] {processor.py:914} INFO - Processing file /home/airflow/.local/lib/python3.12/site-packages/airflow/example_dags/example_latest_only_with_trigger.py for tasks to queue
[2024-11-26T11:02:48.027+0000] {logging_mixin.py:190} INFO - [2024-11-26T11:02:48.027+0000] {dagbag.py:588} INFO - Filling up the DagBag from /home/airflow/.local/lib/python3.12/site-packages/airflow/example_dags/example_latest_only_with_trigger.py
[2024-11-26T11:02:48.033+0000] {processor.py:925} INFO - DAG(s) 'latest_only_with_trigger' retrieved from /home/airflow/.local/lib/python3.12/site-packages/airflow/example_dags/example_latest_only_with_trigger.py
[2024-11-26T11:02:48.050+0000] {logging_mixin.py:190} INFO - [2024-11-26T11:02:48.050+0000] {dag.py:3239} INFO - Sync 1 DAGs
[2024-11-26T11:02:48.068+0000] {logging_mixin.py:190} INFO - [2024-11-26T11:02:48.068+0000] {dag.py:4180} INFO - Setting next_dagrun for latest_only_with_trigger to 2024-11-26 04:00:00+00:00, run_after=2024-11-26 08:00:00+00:00
[2024-11-26T11:02:48.086+0000] {processor.py:208} INFO - Processing /home/airflow/.local/lib/python3.12/site-packages/airflow/example_dags/example_latest_only_with_trigger.py took 0.066 seconds
[2024-11-26T11:03:18.703+0000] {processor.py:186} INFO - Started process (PID=654) to work on /home/airflow/.local/lib/python3.12/site-packages/airflow/example_dags/example_latest_only_with_trigger.py
[2024-11-26T11:03:18.704+0000] {processor.py:914} INFO - Processing file /home/airflow/.local/lib/python3.12/site-packages/airflow/example_dags/example_latest_only_with_trigger.py for tasks to queue
[2024-11-26T11:03:18.707+0000] {logging_mixin.py:190} INFO - [2024-11-26T11:03:18.706+0000] {dagbag.py:588} INFO - Filling up the DagBag from /home/airflow/.local/lib/python3.12/site-packages/airflow/example_dags/example_latest_only_with_trigger.py
[2024-11-26T11:03:18.713+0000] {processor.py:925} INFO - DAG(s) 'latest_only_with_trigger' retrieved from /home/airflow/.local/lib/python3.12/site-packages/airflow/example_dags/example_latest_only_with_trigger.py
[2024-11-26T11:03:18.727+0000] {logging_mixin.py:190} INFO - [2024-11-26T11:03:18.727+0000] {dag.py:3239} INFO - Sync 1 DAGs
[2024-11-26T11:03:18.742+0000] {logging_mixin.py:190} INFO - [2024-11-26T11:03:18.742+0000] {dag.py:4180} INFO - Setting next_dagrun for latest_only_with_trigger to 2024-11-26 04:00:00+00:00, run_after=2024-11-26 08:00:00+00:00
[2024-11-26T11:03:18.762+0000] {processor.py:208} INFO - Processing /home/airflow/.local/lib/python3.12/site-packages/airflow/example_dags/example_latest_only_with_trigger.py took 0.063 seconds
[2024-11-26T11:03:49.274+0000] {processor.py:186} INFO - Started process (PID=717) to work on /home/airflow/.local/lib/python3.12/site-packages/airflow/example_dags/example_latest_only_with_trigger.py
[2024-11-26T11:03:49.275+0000] {processor.py:914} INFO - Processing file /home/airflow/.local/lib/python3.12/site-packages/airflow/example_dags/example_latest_only_with_trigger.py for tasks to queue
[2024-11-26T11:03:49.277+0000] {logging_mixin.py:190} INFO - [2024-11-26T11:03:49.277+0000] {dagbag.py:588} INFO - Filling up the DagBag from /home/airflow/.local/lib/python3.12/site-packages/airflow/example_dags/example_latest_only_with_trigger.py
[2024-11-26T11:03:49.283+0000] {processor.py:925} INFO - DAG(s) 'latest_only_with_trigger' retrieved from /home/airflow/.local/lib/python3.12/site-packages/airflow/example_dags/example_latest_only_with_trigger.py
[2024-11-26T11:03:49.297+0000] {logging_mixin.py:190} INFO - [2024-11-26T11:03:49.297+0000] {dag.py:3239} INFO - Sync 1 DAGs
[2024-11-26T11:03:49.313+0000] {logging_mixin.py:190} INFO - [2024-11-26T11:03:49.313+0000] {dag.py:4180} INFO - Setting next_dagrun for latest_only_with_trigger to 2024-11-26 04:00:00+00:00, run_after=2024-11-26 08:00:00+00:00
[2024-11-26T11:03:49.330+0000] {processor.py:208} INFO - Processing /home/airflow/.local/lib/python3.12/site-packages/airflow/example_dags/example_latest_only_with_trigger.py took 0.060 seconds
[2024-11-26T11:04:20.125+0000] {processor.py:186} INFO - Started process (PID=780) to work on /home/airflow/.local/lib/python3.12/site-packages/airflow/example_dags/example_latest_only_with_trigger.py
[2024-11-26T11:04:20.125+0000] {processor.py:914} INFO - Processing file /home/airflow/.local/lib/python3.12/site-packages/airflow/example_dags/example_latest_only_with_trigger.py for tasks to queue
[2024-11-26T11:04:20.127+0000] {logging_mixin.py:190} INFO - [2024-11-26T11:04:20.127+0000] {dagbag.py:588} INFO - Filling up the DagBag from /home/airflow/.local/lib/python3.12/site-packages/airflow/example_dags/example_latest_only_with_trigger.py
[2024-11-26T11:04:20.132+0000] {processor.py:925} INFO - DAG(s) 'latest_only_with_trigger' retrieved from /home/airflow/.local/lib/python3.12/site-packages/airflow/example_dags/example_latest_only_with_trigger.py
[2024-11-26T11:04:20.147+0000] {logging_mixin.py:190} INFO - [2024-11-26T11:04:20.147+0000] {dag.py:3239} INFO - Sync 1 DAGs
[2024-11-26T11:04:20.163+0000] {logging_mixin.py:190} INFO - [2024-11-26T11:04:20.163+0000] {dag.py:4180} INFO - Setting next_dagrun for latest_only_with_trigger to 2024-11-26 04:00:00+00:00, run_after=2024-11-26 08:00:00+00:00
[2024-11-26T11:04:20.179+0000] {processor.py:208} INFO - Processing /home/airflow/.local/lib/python3.12/site-packages/airflow/example_dags/example_latest_only_with_trigger.py took 0.058 seconds
[2024-11-26T11:04:51.033+0000] {processor.py:186} INFO - Started process (PID=843) to work on /home/airflow/.local/lib/python3.12/site-packages/airflow/example_dags/example_latest_only_with_trigger.py
[2024-11-26T11:04:51.034+0000] {processor.py:914} INFO - Processing file /home/airflow/.local/lib/python3.12/site-packages/airflow/example_dags/example_latest_only_with_trigger.py for tasks to queue
[2024-11-26T11:04:51.035+0000] {logging_mixin.py:190} INFO - [2024-11-26T11:04:51.035+0000] {dagbag.py:588} INFO - Filling up the DagBag from /home/airflow/.local/lib/python3.12/site-packages/airflow/example_dags/example_latest_only_with_trigger.py
[2024-11-26T11:04:51.041+0000] {processor.py:925} INFO - DAG(s) 'latest_only_with_trigger' retrieved from /home/airflow/.local/lib/python3.12/site-packages/airflow/example_dags/example_latest_only_with_trigger.py
[2024-11-26T11:04:51.056+0000] {logging_mixin.py:190} INFO - [2024-11-26T11:04:51.055+0000] {dag.py:3239} INFO - Sync 1 DAGs
[2024-11-26T11:04:51.073+0000] {logging_mixin.py:190} INFO - [2024-11-26T11:04:51.073+0000] {dag.py:4180} INFO - Setting next_dagrun for latest_only_with_trigger to 2024-11-26 04:00:00+00:00, run_after=2024-11-26 08:00:00+00:00
[2024-11-26T11:04:51.086+0000] {processor.py:208} INFO - Processing /home/airflow/.local/lib/python3.12/site-packages/airflow/example_dags/example_latest_only_with_trigger.py took 0.057 seconds
[2024-11-26T11:05:21.304+0000] {processor.py:186} INFO - Started process (PID=905) to work on /home/airflow/.local/lib/python3.12/site-packages/airflow/example_dags/example_latest_only_with_trigger.py
[2024-11-26T11:05:21.305+0000] {processor.py:914} INFO - Processing file /home/airflow/.local/lib/python3.12/site-packages/airflow/example_dags/example_latest_only_with_trigger.py for tasks to queue
[2024-11-26T11:05:21.308+0000] {logging_mixin.py:190} INFO - [2024-11-26T11:05:21.307+0000] {dagbag.py:588} INFO - Filling up the DagBag from /home/airflow/.local/lib/python3.12/site-packages/airflow/example_dags/example_latest_only_with_trigger.py
[2024-11-26T11:05:21.315+0000] {processor.py:925} INFO - DAG(s) 'latest_only_with_trigger' retrieved from /home/airflow/.local/lib/python3.12/site-packages/airflow/example_dags/example_latest_only_with_trigger.py
[2024-11-26T11:05:21.331+0000] {logging_mixin.py:190} INFO - [2024-11-26T11:05:21.331+0000] {dag.py:3239} INFO - Sync 1 DAGs
[2024-11-26T11:05:21.349+0000] {logging_mixin.py:190} INFO - [2024-11-26T11:05:21.349+0000] {dag.py:4180} INFO - Setting next_dagrun for latest_only_with_trigger to 2024-11-26 04:00:00+00:00, run_after=2024-11-26 08:00:00+00:00
[2024-11-26T11:05:21.372+0000] {processor.py:208} INFO - Processing /home/airflow/.local/lib/python3.12/site-packages/airflow/example_dags/example_latest_only_with_trigger.py took 0.072 seconds
[2024-11-26T11:05:51.481+0000] {processor.py:186} INFO - Started process (PID=967) to work on /home/airflow/.local/lib/python3.12/site-packages/airflow/example_dags/example_latest_only_with_trigger.py
[2024-11-26T11:05:51.482+0000] {processor.py:914} INFO - Processing file /home/airflow/.local/lib/python3.12/site-packages/airflow/example_dags/example_latest_only_with_trigger.py for tasks to queue
[2024-11-26T11:05:51.485+0000] {logging_mixin.py:190} INFO - [2024-11-26T11:05:51.484+0000] {dagbag.py:588} INFO - Filling up the DagBag from /home/airflow/.local/lib/python3.12/site-packages/airflow/example_dags/example_latest_only_with_trigger.py
[2024-11-26T11:05:51.490+0000] {processor.py:925} INFO - DAG(s) 'latest_only_with_trigger' retrieved from /home/airflow/.local/lib/python3.12/site-packages/airflow/example_dags/example_latest_only_with_trigger.py
[2024-11-26T11:05:51.505+0000] {logging_mixin.py:190} INFO - [2024-11-26T11:05:51.505+0000] {dag.py:3239} INFO - Sync 1 DAGs
[2024-11-26T11:05:51.520+0000] {logging_mixin.py:190} INFO - [2024-11-26T11:05:51.520+0000] {dag.py:4180} INFO - Setting next_dagrun for latest_only_with_trigger to 2024-11-26 04:00:00+00:00, run_after=2024-11-26 08:00:00+00:00
[2024-11-26T11:05:51.531+0000] {processor.py:208} INFO - Processing /home/airflow/.local/lib/python3.12/site-packages/airflow/example_dags/example_latest_only_with_trigger.py took 0.055 seconds
[2024-11-26T11:06:21.929+0000] {processor.py:186} INFO - Started process (PID=1030) to work on /home/airflow/.local/lib/python3.12/site-packages/airflow/example_dags/example_latest_only_with_trigger.py
[2024-11-26T11:06:21.930+0000] {processor.py:914} INFO - Processing file /home/airflow/.local/lib/python3.12/site-packages/airflow/example_dags/example_latest_only_with_trigger.py for tasks to queue
[2024-11-26T11:06:21.932+0000] {logging_mixin.py:190} INFO - [2024-11-26T11:06:21.932+0000] {dagbag.py:588} INFO - Filling up the DagBag from /home/airflow/.local/lib/python3.12/site-packages/airflow/example_dags/example_latest_only_with_trigger.py
[2024-11-26T11:06:21.939+0000] {processor.py:925} INFO - DAG(s) 'latest_only_with_trigger' retrieved from /home/airflow/.local/lib/python3.12/site-packages/airflow/example_dags/example_latest_only_with_trigger.py
[2024-11-26T11:06:21.955+0000] {logging_mixin.py:190} INFO - [2024-11-26T11:06:21.954+0000] {dag.py:3239} INFO - Sync 1 DAGs
[2024-11-26T11:06:21.970+0000] {logging_mixin.py:190} INFO - [2024-11-26T11:06:21.969+0000] {dag.py:4180} INFO - Setting next_dagrun for latest_only_with_trigger to 2024-11-26 04:00:00+00:00, run_after=2024-11-26 08:00:00+00:00
[2024-11-26T11:06:21.986+0000] {processor.py:208} INFO - Processing /home/airflow/.local/lib/python3.12/site-packages/airflow/example_dags/example_latest_only_with_trigger.py took 0.063 seconds
[2024-11-26T11:06:52.166+0000] {processor.py:186} INFO - Started process (PID=1093) to work on /home/airflow/.local/lib/python3.12/site-packages/airflow/example_dags/example_latest_only_with_trigger.py
[2024-11-26T11:06:52.167+0000] {processor.py:914} INFO - Processing file /home/airflow/.local/lib/python3.12/site-packages/airflow/example_dags/example_latest_only_with_trigger.py for tasks to queue
[2024-11-26T11:06:52.169+0000] {logging_mixin.py:190} INFO - [2024-11-26T11:06:52.169+0000] {dagbag.py:588} INFO - Filling up the DagBag from /home/airflow/.local/lib/python3.12/site-packages/airflow/example_dags/example_latest_only_with_trigger.py
[2024-11-26T11:06:52.174+0000] {processor.py:925} INFO - DAG(s) 'latest_only_with_trigger' retrieved from /home/airflow/.local/lib/python3.12/site-packages/airflow/example_dags/example_latest_only_with_trigger.py
[2024-11-26T11:06:52.190+0000] {logging_mixin.py:190} INFO - [2024-11-26T11:06:52.189+0000] {dag.py:3239} INFO - Sync 1 DAGs
[2024-11-26T11:06:52.205+0000] {logging_mixin.py:190} INFO - [2024-11-26T11:06:52.205+0000] {dag.py:4180} INFO - Setting next_dagrun for latest_only_with_trigger to 2024-11-26 04:00:00+00:00, run_after=2024-11-26 08:00:00+00:00
[2024-11-26T11:06:52.218+0000] {processor.py:208} INFO - Processing /home/airflow/.local/lib/python3.12/site-packages/airflow/example_dags/example_latest_only_with_trigger.py took 0.055 seconds
[2024-11-26T11:07:22.351+0000] {processor.py:186} INFO - Started process (PID=1156) to work on /home/airflow/.local/lib/python3.12/site-packages/airflow/example_dags/example_latest_only_with_trigger.py
[2024-11-26T11:07:22.352+0000] {processor.py:914} INFO - Processing file /home/airflow/.local/lib/python3.12/site-packages/airflow/example_dags/example_latest_only_with_trigger.py for tasks to queue
[2024-11-26T11:07:22.355+0000] {logging_mixin.py:190} INFO - [2024-11-26T11:07:22.355+0000] {dagbag.py:588} INFO - Filling up the DagBag from /home/airflow/.local/lib/python3.12/site-packages/airflow/example_dags/example_latest_only_with_trigger.py
[2024-11-26T11:07:22.364+0000] {processor.py:925} INFO - DAG(s) 'latest_only_with_trigger' retrieved from /home/airflow/.local/lib/python3.12/site-packages/airflow/example_dags/example_latest_only_with_trigger.py
[2024-11-26T11:07:22.384+0000] {logging_mixin.py:190} INFO - [2024-11-26T11:07:22.384+0000] {dag.py:3239} INFO - Sync 1 DAGs
[2024-11-26T11:07:22.402+0000] {logging_mixin.py:190} INFO - [2024-11-26T11:07:22.402+0000] {dag.py:4180} INFO - Setting next_dagrun for latest_only_with_trigger to 2024-11-26 04:00:00+00:00, run_after=2024-11-26 08:00:00+00:00
[2024-11-26T11:07:22.421+0000] {processor.py:208} INFO - Processing /home/airflow/.local/lib/python3.12/site-packages/airflow/example_dags/example_latest_only_with_trigger.py took 0.075 seconds
[2024-11-26T11:07:52.459+0000] {processor.py:186} INFO - Started process (PID=1219) to work on /home/airflow/.local/lib/python3.12/site-packages/airflow/example_dags/example_latest_only_with_trigger.py
[2024-11-26T11:07:52.460+0000] {processor.py:914} INFO - Processing file /home/airflow/.local/lib/python3.12/site-packages/airflow/example_dags/example_latest_only_with_trigger.py for tasks to queue
[2024-11-26T11:07:52.462+0000] {logging_mixin.py:190} INFO - [2024-11-26T11:07:52.462+0000] {dagbag.py:588} INFO - Filling up the DagBag from /home/airflow/.local/lib/python3.12/site-packages/airflow/example_dags/example_latest_only_with_trigger.py
[2024-11-26T11:07:52.468+0000] {processor.py:925} INFO - DAG(s) 'latest_only_with_trigger' retrieved from /home/airflow/.local/lib/python3.12/site-packages/airflow/example_dags/example_latest_only_with_trigger.py
[2024-11-26T11:07:52.481+0000] {logging_mixin.py:190} INFO - [2024-11-26T11:07:52.481+0000] {dag.py:3239} INFO - Sync 1 DAGs
[2024-11-26T11:07:52.495+0000] {logging_mixin.py:190} INFO - [2024-11-26T11:07:52.495+0000] {dag.py:4180} INFO - Setting next_dagrun for latest_only_with_trigger to 2024-11-26 04:00:00+00:00, run_after=2024-11-26 08:00:00+00:00
[2024-11-26T11:07:52.509+0000] {processor.py:208} INFO - Processing /home/airflow/.local/lib/python3.12/site-packages/airflow/example_dags/example_latest_only_with_trigger.py took 0.054 seconds
[2024-11-26T11:08:22.920+0000] {processor.py:186} INFO - Started process (PID=1282) to work on /home/airflow/.local/lib/python3.12/site-packages/airflow/example_dags/example_latest_only_with_trigger.py
[2024-11-26T11:08:22.921+0000] {processor.py:914} INFO - Processing file /home/airflow/.local/lib/python3.12/site-packages/airflow/example_dags/example_latest_only_with_trigger.py for tasks to queue
[2024-11-26T11:08:22.923+0000] {logging_mixin.py:190} INFO - [2024-11-26T11:08:22.923+0000] {dagbag.py:588} INFO - Filling up the DagBag from /home/airflow/.local/lib/python3.12/site-packages/airflow/example_dags/example_latest_only_with_trigger.py
[2024-11-26T11:08:22.929+0000] {processor.py:925} INFO - DAG(s) 'latest_only_with_trigger' retrieved from /home/airflow/.local/lib/python3.12/site-packages/airflow/example_dags/example_latest_only_with_trigger.py
[2024-11-26T11:08:22.945+0000] {logging_mixin.py:190} INFO - [2024-11-26T11:08:22.945+0000] {dag.py:3239} INFO - Sync 1 DAGs
[2024-11-26T11:08:22.961+0000] {logging_mixin.py:190} INFO - [2024-11-26T11:08:22.961+0000] {dag.py:4180} INFO - Setting next_dagrun for latest_only_with_trigger to 2024-11-26 04:00:00+00:00, run_after=2024-11-26 08:00:00+00:00
[2024-11-26T11:08:22.977+0000] {processor.py:208} INFO - Processing /home/airflow/.local/lib/python3.12/site-packages/airflow/example_dags/example_latest_only_with_trigger.py took 0.060 seconds
[2024-11-26T11:08:53.638+0000] {processor.py:186} INFO - Started process (PID=1345) to work on /home/airflow/.local/lib/python3.12/site-packages/airflow/example_dags/example_latest_only_with_trigger.py
[2024-11-26T11:08:53.639+0000] {processor.py:914} INFO - Processing file /home/airflow/.local/lib/python3.12/site-packages/airflow/example_dags/example_latest_only_with_trigger.py for tasks to queue
[2024-11-26T11:08:53.641+0000] {logging_mixin.py:190} INFO - [2024-11-26T11:08:53.641+0000] {dagbag.py:588} INFO - Filling up the DagBag from /home/airflow/.local/lib/python3.12/site-packages/airflow/example_dags/example_latest_only_with_trigger.py
[2024-11-26T11:08:53.649+0000] {processor.py:925} INFO - DAG(s) 'latest_only_with_trigger' retrieved from /home/airflow/.local/lib/python3.12/site-packages/airflow/example_dags/example_latest_only_with_trigger.py
[2024-11-26T11:08:53.669+0000] {logging_mixin.py:190} INFO - [2024-11-26T11:08:53.669+0000] {dag.py:3239} INFO - Sync 1 DAGs
[2024-11-26T11:08:53.688+0000] {logging_mixin.py:190} INFO - [2024-11-26T11:08:53.688+0000] {dag.py:4180} INFO - Setting next_dagrun for latest_only_with_trigger to 2024-11-26 04:00:00+00:00, run_after=2024-11-26 08:00:00+00:00
[2024-11-26T11:08:53.704+0000] {processor.py:208} INFO - Processing /home/airflow/.local/lib/python3.12/site-packages/airflow/example_dags/example_latest_only_with_trigger.py took 0.070 seconds
[2024-11-26T11:09:24.142+0000] {processor.py:186} INFO - Started process (PID=1408) to work on /home/airflow/.local/lib/python3.12/site-packages/airflow/example_dags/example_latest_only_with_trigger.py
[2024-11-26T11:09:24.143+0000] {processor.py:914} INFO - Processing file /home/airflow/.local/lib/python3.12/site-packages/airflow/example_dags/example_latest_only_with_trigger.py for tasks to queue
[2024-11-26T11:09:24.146+0000] {logging_mixin.py:190} INFO - [2024-11-26T11:09:24.145+0000] {dagbag.py:588} INFO - Filling up the DagBag from /home/airflow/.local/lib/python3.12/site-packages/airflow/example_dags/example_latest_only_with_trigger.py
[2024-11-26T11:09:24.152+0000] {processor.py:925} INFO - DAG(s) 'latest_only_with_trigger' retrieved from /home/airflow/.local/lib/python3.12/site-packages/airflow/example_dags/example_latest_only_with_trigger.py
[2024-11-26T11:09:24.173+0000] {logging_mixin.py:190} INFO - [2024-11-26T11:09:24.173+0000] {dag.py:3239} INFO - Sync 1 DAGs
[2024-11-26T11:09:24.189+0000] {logging_mixin.py:190} INFO - [2024-11-26T11:09:24.189+0000] {dag.py:4180} INFO - Setting next_dagrun for latest_only_with_trigger to 2024-11-26 04:00:00+00:00, run_after=2024-11-26 08:00:00+00:00
[2024-11-26T11:09:24.205+0000] {processor.py:208} INFO - Processing /home/airflow/.local/lib/python3.12/site-packages/airflow/example_dags/example_latest_only_with_trigger.py took 0.067 seconds
[2024-11-26T11:09:54.561+0000] {processor.py:186} INFO - Started process (PID=1471) to work on /home/airflow/.local/lib/python3.12/site-packages/airflow/example_dags/example_latest_only_with_trigger.py
[2024-11-26T11:09:54.562+0000] {processor.py:914} INFO - Processing file /home/airflow/.local/lib/python3.12/site-packages/airflow/example_dags/example_latest_only_with_trigger.py for tasks to queue
[2024-11-26T11:09:54.564+0000] {logging_mixin.py:190} INFO - [2024-11-26T11:09:54.564+0000] {dagbag.py:588} INFO - Filling up the DagBag from /home/airflow/.local/lib/python3.12/site-packages/airflow/example_dags/example_latest_only_with_trigger.py
[2024-11-26T11:09:54.570+0000] {processor.py:925} INFO - DAG(s) 'latest_only_with_trigger' retrieved from /home/airflow/.local/lib/python3.12/site-packages/airflow/example_dags/example_latest_only_with_trigger.py
[2024-11-26T11:09:54.590+0000] {logging_mixin.py:190} INFO - [2024-11-26T11:09:54.590+0000] {dag.py:3239} INFO - Sync 1 DAGs
[2024-11-26T11:09:54.606+0000] {logging_mixin.py:190} INFO - [2024-11-26T11:09:54.606+0000] {dag.py:4180} INFO - Setting next_dagrun for latest_only_with_trigger to 2024-11-26 04:00:00+00:00, run_after=2024-11-26 08:00:00+00:00
[2024-11-26T11:09:54.620+0000] {processor.py:208} INFO - Processing /home/airflow/.local/lib/python3.12/site-packages/airflow/example_dags/example_latest_only_with_trigger.py took 0.064 seconds
[2024-11-26T11:10:25.510+0000] {processor.py:186} INFO - Started process (PID=1534) to work on /home/airflow/.local/lib/python3.12/site-packages/airflow/example_dags/example_latest_only_with_trigger.py
[2024-11-26T11:10:25.511+0000] {processor.py:914} INFO - Processing file /home/airflow/.local/lib/python3.12/site-packages/airflow/example_dags/example_latest_only_with_trigger.py for tasks to queue
[2024-11-26T11:10:25.514+0000] {logging_mixin.py:190} INFO - [2024-11-26T11:10:25.514+0000] {dagbag.py:588} INFO - Filling up the DagBag from /home/airflow/.local/lib/python3.12/site-packages/airflow/example_dags/example_latest_only_with_trigger.py
[2024-11-26T11:10:25.521+0000] {processor.py:925} INFO - DAG(s) 'latest_only_with_trigger' retrieved from /home/airflow/.local/lib/python3.12/site-packages/airflow/example_dags/example_latest_only_with_trigger.py
[2024-11-26T11:10:25.540+0000] {logging_mixin.py:190} INFO - [2024-11-26T11:10:25.540+0000] {dag.py:3239} INFO - Sync 1 DAGs
[2024-11-26T11:10:25.560+0000] {logging_mixin.py:190} INFO - [2024-11-26T11:10:25.560+0000] {dag.py:4180} INFO - Setting next_dagrun for latest_only_with_trigger to 2024-11-26 04:00:00+00:00, run_after=2024-11-26 08:00:00+00:00
[2024-11-26T11:10:25.578+0000] {processor.py:208} INFO - Processing /home/airflow/.local/lib/python3.12/site-packages/airflow/example_dags/example_latest_only_with_trigger.py took 0.072 seconds
[2024-11-26T11:10:55.704+0000] {processor.py:186} INFO - Started process (PID=1597) to work on /home/airflow/.local/lib/python3.12/site-packages/airflow/example_dags/example_latest_only_with_trigger.py
[2024-11-26T11:10:55.704+0000] {processor.py:914} INFO - Processing file /home/airflow/.local/lib/python3.12/site-packages/airflow/example_dags/example_latest_only_with_trigger.py for tasks to queue
[2024-11-26T11:10:55.706+0000] {logging_mixin.py:190} INFO - [2024-11-26T11:10:55.706+0000] {dagbag.py:588} INFO - Filling up the DagBag from /home/airflow/.local/lib/python3.12/site-packages/airflow/example_dags/example_latest_only_with_trigger.py
[2024-11-26T11:10:55.713+0000] {processor.py:925} INFO - DAG(s) 'latest_only_with_trigger' retrieved from /home/airflow/.local/lib/python3.12/site-packages/airflow/example_dags/example_latest_only_with_trigger.py
[2024-11-26T11:10:55.736+0000] {logging_mixin.py:190} INFO - [2024-11-26T11:10:55.736+0000] {dag.py:3239} INFO - Sync 1 DAGs
[2024-11-26T11:10:55.757+0000] {logging_mixin.py:190} INFO - [2024-11-26T11:10:55.757+0000] {dag.py:4180} INFO - Setting next_dagrun for latest_only_with_trigger to 2024-11-26 04:00:00+00:00, run_after=2024-11-26 08:00:00+00:00
[2024-11-26T11:10:55.779+0000] {processor.py:208} INFO - Processing /home/airflow/.local/lib/python3.12/site-packages/airflow/example_dags/example_latest_only_with_trigger.py took 0.079 seconds
[2024-11-26T11:11:26.076+0000] {processor.py:186} INFO - Started process (PID=1660) to work on /home/airflow/.local/lib/python3.12/site-packages/airflow/example_dags/example_latest_only_with_trigger.py
[2024-11-26T11:11:26.078+0000] {processor.py:914} INFO - Processing file /home/airflow/.local/lib/python3.12/site-packages/airflow/example_dags/example_latest_only_with_trigger.py for tasks to queue
[2024-11-26T11:11:26.080+0000] {logging_mixin.py:190} INFO - [2024-11-26T11:11:26.080+0000] {dagbag.py:588} INFO - Filling up the DagBag from /home/airflow/.local/lib/python3.12/site-packages/airflow/example_dags/example_latest_only_with_trigger.py
[2024-11-26T11:11:26.087+0000] {processor.py:925} INFO - DAG(s) 'latest_only_with_trigger' retrieved from /home/airflow/.local/lib/python3.12/site-packages/airflow/example_dags/example_latest_only_with_trigger.py
[2024-11-26T11:11:26.104+0000] {logging_mixin.py:190} INFO - [2024-11-26T11:11:26.104+0000] {dag.py:3239} INFO - Sync 1 DAGs
[2024-11-26T11:11:26.122+0000] {logging_mixin.py:190} INFO - [2024-11-26T11:11:26.122+0000] {dag.py:4180} INFO - Setting next_dagrun for latest_only_with_trigger to 2024-11-26 04:00:00+00:00, run_after=2024-11-26 08:00:00+00:00
[2024-11-26T11:11:26.146+0000] {processor.py:208} INFO - Processing /home/airflow/.local/lib/python3.12/site-packages/airflow/example_dags/example_latest_only_with_trigger.py took 0.078 seconds
