[2024-11-26T10:58:46.325+0000] {processor.py:186} INFO - Started process (PID=120) to work on /home/airflow/.local/lib/python3.12/site-packages/airflow/example_dags/example_short_circuit_decorator.py
[2024-11-26T10:58:46.326+0000] {processor.py:914} INFO - Processing file /home/airflow/.local/lib/python3.12/site-packages/airflow/example_dags/example_short_circuit_decorator.py for tasks to queue
[2024-11-26T10:58:46.328+0000] {logging_mixin.py:190} INFO - [2024-11-26T10:58:46.327+0000] {dagbag.py:588} INFO - Filling up the DagBag from /home/airflow/.local/lib/python3.12/site-packages/airflow/example_dags/example_short_circuit_decorator.py
[2024-11-26T10:58:46.338+0000] {processor.py:925} INFO - DAG(s) 'example_short_circuit_decorator' retrieved from /home/airflow/.local/lib/python3.12/site-packages/airflow/example_dags/example_short_circuit_decorator.py
[2024-11-26T10:58:46.436+0000] {logging_mixin.py:190} INFO - [2024-11-26T10:58:46.436+0000] {override.py:1911} INFO - Created Permission View: can delete on DAG:example_short_circuit_decorator
[2024-11-26T10:58:46.447+0000] {logging_mixin.py:190} INFO - [2024-11-26T10:58:46.446+0000] {override.py:1911} INFO - Created Permission View: can read on DAG:example_short_circuit_decorator
[2024-11-26T10:58:46.454+0000] {logging_mixin.py:190} INFO - [2024-11-26T10:58:46.454+0000] {override.py:1911} INFO - Created Permission View: can edit on DAG:example_short_circuit_decorator
[2024-11-26T10:58:46.464+0000] {logging_mixin.py:190} INFO - [2024-11-26T10:58:46.464+0000] {override.py:1911} INFO - Created Permission View: can create on DAG Run:example_short_circuit_decorator
[2024-11-26T10:58:46.471+0000] {logging_mixin.py:190} INFO - [2024-11-26T10:58:46.471+0000] {override.py:1911} INFO - Created Permission View: can read on DAG Run:example_short_circuit_decorator
[2024-11-26T10:58:46.479+0000] {logging_mixin.py:190} INFO - [2024-11-26T10:58:46.479+0000] {override.py:1911} INFO - Created Permission View: menu access on DAG Run:example_short_circuit_decorator
[2024-11-26T10:58:46.486+0000] {logging_mixin.py:190} INFO - [2024-11-26T10:58:46.486+0000] {override.py:1911} INFO - Created Permission View: can delete on DAG Run:example_short_circuit_decorator
[2024-11-26T10:58:46.487+0000] {logging_mixin.py:190} INFO - [2024-11-26T10:58:46.487+0000] {dag.py:3239} INFO - Sync 1 DAGs
[2024-11-26T10:58:46.501+0000] {logging_mixin.py:190} INFO - [2024-11-26T10:58:46.501+0000] {dag.py:3262} INFO - Creating ORM DAG for example_short_circuit_decorator
[2024-11-26T10:58:46.502+0000] {logging_mixin.py:190} INFO - [2024-11-26T10:58:46.502+0000] {dag.py:4180} INFO - Setting next_dagrun for example_short_circuit_decorator to None, run_after=None
[2024-11-26T10:58:46.518+0000] {processor.py:208} INFO - Processing /home/airflow/.local/lib/python3.12/site-packages/airflow/example_dags/example_short_circuit_decorator.py took 0.200 seconds
[2024-11-26T10:59:16.943+0000] {processor.py:186} INFO - Started process (PID=183) to work on /home/airflow/.local/lib/python3.12/site-packages/airflow/example_dags/example_short_circuit_decorator.py
[2024-11-26T10:59:16.945+0000] {processor.py:914} INFO - Processing file /home/airflow/.local/lib/python3.12/site-packages/airflow/example_dags/example_short_circuit_decorator.py for tasks to queue
[2024-11-26T10:59:16.948+0000] {logging_mixin.py:190} INFO - [2024-11-26T10:59:16.947+0000] {dagbag.py:588} INFO - Filling up the DagBag from /home/airflow/.local/lib/python3.12/site-packages/airflow/example_dags/example_short_circuit_decorator.py
[2024-11-26T10:59:16.961+0000] {processor.py:925} INFO - DAG(s) 'example_short_circuit_decorator' retrieved from /home/airflow/.local/lib/python3.12/site-packages/airflow/example_dags/example_short_circuit_decorator.py
[2024-11-26T10:59:16.978+0000] {logging_mixin.py:190} INFO - [2024-11-26T10:59:16.978+0000] {dag.py:3239} INFO - Sync 1 DAGs
[2024-11-26T10:59:16.988+0000] {logging_mixin.py:190} INFO - [2024-11-26T10:59:16.987+0000] {dag.py:4180} INFO - Setting next_dagrun for example_short_circuit_decorator to None, run_after=None
[2024-11-26T10:59:17.006+0000] {processor.py:208} INFO - Processing /home/airflow/.local/lib/python3.12/site-packages/airflow/example_dags/example_short_circuit_decorator.py took 0.071 seconds
[2024-11-26T10:59:47.655+0000] {processor.py:186} INFO - Started process (PID=246) to work on /home/airflow/.local/lib/python3.12/site-packages/airflow/example_dags/example_short_circuit_decorator.py
[2024-11-26T10:59:47.656+0000] {processor.py:914} INFO - Processing file /home/airflow/.local/lib/python3.12/site-packages/airflow/example_dags/example_short_circuit_decorator.py for tasks to queue
[2024-11-26T10:59:47.658+0000] {logging_mixin.py:190} INFO - [2024-11-26T10:59:47.658+0000] {dagbag.py:588} INFO - Filling up the DagBag from /home/airflow/.local/lib/python3.12/site-packages/airflow/example_dags/example_short_circuit_decorator.py
[2024-11-26T10:59:47.667+0000] {processor.py:925} INFO - DAG(s) 'example_short_circuit_decorator' retrieved from /home/airflow/.local/lib/python3.12/site-packages/airflow/example_dags/example_short_circuit_decorator.py
[2024-11-26T10:59:47.688+0000] {logging_mixin.py:190} INFO - [2024-11-26T10:59:47.688+0000] {dag.py:3239} INFO - Sync 1 DAGs
[2024-11-26T10:59:47.702+0000] {logging_mixin.py:190} INFO - [2024-11-26T10:59:47.702+0000] {dag.py:4180} INFO - Setting next_dagrun for example_short_circuit_decorator to None, run_after=None
[2024-11-26T10:59:47.722+0000] {processor.py:208} INFO - Processing /home/airflow/.local/lib/python3.12/site-packages/airflow/example_dags/example_short_circuit_decorator.py took 0.075 seconds
[2024-11-26T11:00:18.229+0000] {processor.py:186} INFO - Started process (PID=309) to work on /home/airflow/.local/lib/python3.12/site-packages/airflow/example_dags/example_short_circuit_decorator.py
[2024-11-26T11:00:18.230+0000] {processor.py:914} INFO - Processing file /home/airflow/.local/lib/python3.12/site-packages/airflow/example_dags/example_short_circuit_decorator.py for tasks to queue
[2024-11-26T11:00:18.232+0000] {logging_mixin.py:190} INFO - [2024-11-26T11:00:18.232+0000] {dagbag.py:588} INFO - Filling up the DagBag from /home/airflow/.local/lib/python3.12/site-packages/airflow/example_dags/example_short_circuit_decorator.py
[2024-11-26T11:00:18.241+0000] {processor.py:925} INFO - DAG(s) 'example_short_circuit_decorator' retrieved from /home/airflow/.local/lib/python3.12/site-packages/airflow/example_dags/example_short_circuit_decorator.py
[2024-11-26T11:00:18.259+0000] {logging_mixin.py:190} INFO - [2024-11-26T11:00:18.259+0000] {dag.py:3239} INFO - Sync 1 DAGs
[2024-11-26T11:00:18.268+0000] {logging_mixin.py:190} INFO - [2024-11-26T11:00:18.268+0000] {dag.py:4180} INFO - Setting next_dagrun for example_short_circuit_decorator to None, run_after=None
[2024-11-26T11:00:18.283+0000] {processor.py:208} INFO - Processing /home/airflow/.local/lib/python3.12/site-packages/airflow/example_dags/example_short_circuit_decorator.py took 0.061 seconds
[2024-11-26T11:00:49.207+0000] {processor.py:186} INFO - Started process (PID=371) to work on /home/airflow/.local/lib/python3.12/site-packages/airflow/example_dags/example_short_circuit_decorator.py
[2024-11-26T11:00:49.208+0000] {processor.py:914} INFO - Processing file /home/airflow/.local/lib/python3.12/site-packages/airflow/example_dags/example_short_circuit_decorator.py for tasks to queue
[2024-11-26T11:00:49.210+0000] {logging_mixin.py:190} INFO - [2024-11-26T11:00:49.209+0000] {dagbag.py:588} INFO - Filling up the DagBag from /home/airflow/.local/lib/python3.12/site-packages/airflow/example_dags/example_short_circuit_decorator.py
[2024-11-26T11:00:49.218+0000] {processor.py:925} INFO - DAG(s) 'example_short_circuit_decorator' retrieved from /home/airflow/.local/lib/python3.12/site-packages/airflow/example_dags/example_short_circuit_decorator.py
[2024-11-26T11:00:49.235+0000] {logging_mixin.py:190} INFO - [2024-11-26T11:00:49.235+0000] {dag.py:3239} INFO - Sync 1 DAGs
[2024-11-26T11:00:49.244+0000] {logging_mixin.py:190} INFO - [2024-11-26T11:00:49.244+0000] {dag.py:4180} INFO - Setting next_dagrun for example_short_circuit_decorator to None, run_after=None
[2024-11-26T11:00:49.259+0000] {processor.py:208} INFO - Processing /home/airflow/.local/lib/python3.12/site-packages/airflow/example_dags/example_short_circuit_decorator.py took 0.057 seconds
[2024-11-26T11:01:20.036+0000] {processor.py:186} INFO - Started process (PID=433) to work on /home/airflow/.local/lib/python3.12/site-packages/airflow/example_dags/example_short_circuit_decorator.py
[2024-11-26T11:01:20.037+0000] {processor.py:914} INFO - Processing file /home/airflow/.local/lib/python3.12/site-packages/airflow/example_dags/example_short_circuit_decorator.py for tasks to queue
[2024-11-26T11:01:20.040+0000] {logging_mixin.py:190} INFO - [2024-11-26T11:01:20.040+0000] {dagbag.py:588} INFO - Filling up the DagBag from /home/airflow/.local/lib/python3.12/site-packages/airflow/example_dags/example_short_circuit_decorator.py
[2024-11-26T11:01:20.049+0000] {processor.py:925} INFO - DAG(s) 'example_short_circuit_decorator' retrieved from /home/airflow/.local/lib/python3.12/site-packages/airflow/example_dags/example_short_circuit_decorator.py
[2024-11-26T11:01:20.072+0000] {logging_mixin.py:190} INFO - [2024-11-26T11:01:20.072+0000] {dag.py:3239} INFO - Sync 1 DAGs
[2024-11-26T11:01:20.085+0000] {logging_mixin.py:190} INFO - [2024-11-26T11:01:20.085+0000] {dag.py:4180} INFO - Setting next_dagrun for example_short_circuit_decorator to None, run_after=None
[2024-11-26T11:01:20.106+0000] {processor.py:208} INFO - Processing /home/airflow/.local/lib/python3.12/site-packages/airflow/example_dags/example_short_circuit_decorator.py took 0.076 seconds
[2024-11-26T11:01:50.880+0000] {processor.py:186} INFO - Started process (PID=496) to work on /home/airflow/.local/lib/python3.12/site-packages/airflow/example_dags/example_short_circuit_decorator.py
[2024-11-26T11:01:50.881+0000] {processor.py:914} INFO - Processing file /home/airflow/.local/lib/python3.12/site-packages/airflow/example_dags/example_short_circuit_decorator.py for tasks to queue
[2024-11-26T11:01:50.883+0000] {logging_mixin.py:190} INFO - [2024-11-26T11:01:50.882+0000] {dagbag.py:588} INFO - Filling up the DagBag from /home/airflow/.local/lib/python3.12/site-packages/airflow/example_dags/example_short_circuit_decorator.py
[2024-11-26T11:01:50.890+0000] {processor.py:925} INFO - DAG(s) 'example_short_circuit_decorator' retrieved from /home/airflow/.local/lib/python3.12/site-packages/airflow/example_dags/example_short_circuit_decorator.py
[2024-11-26T11:01:50.910+0000] {logging_mixin.py:190} INFO - [2024-11-26T11:01:50.910+0000] {dag.py:3239} INFO - Sync 1 DAGs
[2024-11-26T11:01:50.922+0000] {logging_mixin.py:190} INFO - [2024-11-26T11:01:50.922+0000] {dag.py:4180} INFO - Setting next_dagrun for example_short_circuit_decorator to None, run_after=None
[2024-11-26T11:01:50.941+0000] {processor.py:208} INFO - Processing /home/airflow/.local/lib/python3.12/site-packages/airflow/example_dags/example_short_circuit_decorator.py took 0.066 seconds
[2024-11-26T11:02:21.341+0000] {processor.py:186} INFO - Started process (PID=558) to work on /home/airflow/.local/lib/python3.12/site-packages/airflow/example_dags/example_short_circuit_decorator.py
[2024-11-26T11:02:21.342+0000] {processor.py:914} INFO - Processing file /home/airflow/.local/lib/python3.12/site-packages/airflow/example_dags/example_short_circuit_decorator.py for tasks to queue
[2024-11-26T11:02:21.344+0000] {logging_mixin.py:190} INFO - [2024-11-26T11:02:21.344+0000] {dagbag.py:588} INFO - Filling up the DagBag from /home/airflow/.local/lib/python3.12/site-packages/airflow/example_dags/example_short_circuit_decorator.py
[2024-11-26T11:02:21.354+0000] {processor.py:925} INFO - DAG(s) 'example_short_circuit_decorator' retrieved from /home/airflow/.local/lib/python3.12/site-packages/airflow/example_dags/example_short_circuit_decorator.py
[2024-11-26T11:02:21.372+0000] {logging_mixin.py:190} INFO - [2024-11-26T11:02:21.372+0000] {dag.py:3239} INFO - Sync 1 DAGs
[2024-11-26T11:02:21.384+0000] {logging_mixin.py:190} INFO - [2024-11-26T11:02:21.384+0000] {dag.py:4180} INFO - Setting next_dagrun for example_short_circuit_decorator to None, run_after=None
[2024-11-26T11:02:21.400+0000] {processor.py:208} INFO - Processing /home/airflow/.local/lib/python3.12/site-packages/airflow/example_dags/example_short_circuit_decorator.py took 0.065 seconds
[2024-11-26T11:02:52.026+0000] {processor.py:186} INFO - Started process (PID=621) to work on /home/airflow/.local/lib/python3.12/site-packages/airflow/example_dags/example_short_circuit_decorator.py
[2024-11-26T11:02:52.027+0000] {processor.py:914} INFO - Processing file /home/airflow/.local/lib/python3.12/site-packages/airflow/example_dags/example_short_circuit_decorator.py for tasks to queue
[2024-11-26T11:02:52.030+0000] {logging_mixin.py:190} INFO - [2024-11-26T11:02:52.030+0000] {dagbag.py:588} INFO - Filling up the DagBag from /home/airflow/.local/lib/python3.12/site-packages/airflow/example_dags/example_short_circuit_decorator.py
[2024-11-26T11:02:52.040+0000] {processor.py:925} INFO - DAG(s) 'example_short_circuit_decorator' retrieved from /home/airflow/.local/lib/python3.12/site-packages/airflow/example_dags/example_short_circuit_decorator.py
[2024-11-26T11:02:52.060+0000] {logging_mixin.py:190} INFO - [2024-11-26T11:02:52.060+0000] {dag.py:3239} INFO - Sync 1 DAGs
[2024-11-26T11:02:52.072+0000] {logging_mixin.py:190} INFO - [2024-11-26T11:02:52.072+0000] {dag.py:4180} INFO - Setting next_dagrun for example_short_circuit_decorator to None, run_after=None
[2024-11-26T11:02:52.090+0000] {processor.py:208} INFO - Processing /home/airflow/.local/lib/python3.12/site-packages/airflow/example_dags/example_short_circuit_decorator.py took 0.068 seconds
[2024-11-26T11:03:22.596+0000] {processor.py:186} INFO - Started process (PID=684) to work on /home/airflow/.local/lib/python3.12/site-packages/airflow/example_dags/example_short_circuit_decorator.py
[2024-11-26T11:03:22.597+0000] {processor.py:914} INFO - Processing file /home/airflow/.local/lib/python3.12/site-packages/airflow/example_dags/example_short_circuit_decorator.py for tasks to queue
[2024-11-26T11:03:22.600+0000] {logging_mixin.py:190} INFO - [2024-11-26T11:03:22.600+0000] {dagbag.py:588} INFO - Filling up the DagBag from /home/airflow/.local/lib/python3.12/site-packages/airflow/example_dags/example_short_circuit_decorator.py
[2024-11-26T11:03:22.610+0000] {processor.py:925} INFO - DAG(s) 'example_short_circuit_decorator' retrieved from /home/airflow/.local/lib/python3.12/site-packages/airflow/example_dags/example_short_circuit_decorator.py
[2024-11-26T11:03:22.625+0000] {logging_mixin.py:190} INFO - [2024-11-26T11:03:22.625+0000] {dag.py:3239} INFO - Sync 1 DAGs
[2024-11-26T11:03:22.639+0000] {logging_mixin.py:190} INFO - [2024-11-26T11:03:22.639+0000] {dag.py:4180} INFO - Setting next_dagrun for example_short_circuit_decorator to None, run_after=None
[2024-11-26T11:03:22.662+0000] {processor.py:208} INFO - Processing /home/airflow/.local/lib/python3.12/site-packages/airflow/example_dags/example_short_circuit_decorator.py took 0.071 seconds
[2024-11-26T11:03:53.114+0000] {processor.py:186} INFO - Started process (PID=747) to work on /home/airflow/.local/lib/python3.12/site-packages/airflow/example_dags/example_short_circuit_decorator.py
[2024-11-26T11:03:53.115+0000] {processor.py:914} INFO - Processing file /home/airflow/.local/lib/python3.12/site-packages/airflow/example_dags/example_short_circuit_decorator.py for tasks to queue
[2024-11-26T11:03:53.117+0000] {logging_mixin.py:190} INFO - [2024-11-26T11:03:53.116+0000] {dagbag.py:588} INFO - Filling up the DagBag from /home/airflow/.local/lib/python3.12/site-packages/airflow/example_dags/example_short_circuit_decorator.py
[2024-11-26T11:03:53.123+0000] {processor.py:925} INFO - DAG(s) 'example_short_circuit_decorator' retrieved from /home/airflow/.local/lib/python3.12/site-packages/airflow/example_dags/example_short_circuit_decorator.py
[2024-11-26T11:03:53.148+0000] {logging_mixin.py:190} INFO - [2024-11-26T11:03:53.148+0000] {dag.py:3239} INFO - Sync 1 DAGs
[2024-11-26T11:03:53.160+0000] {logging_mixin.py:190} INFO - [2024-11-26T11:03:53.159+0000] {dag.py:4180} INFO - Setting next_dagrun for example_short_circuit_decorator to None, run_after=None
[2024-11-26T11:03:53.175+0000] {processor.py:208} INFO - Processing /home/airflow/.local/lib/python3.12/site-packages/airflow/example_dags/example_short_circuit_decorator.py took 0.066 seconds
[2024-11-26T11:04:24.271+0000] {processor.py:186} INFO - Started process (PID=810) to work on /home/airflow/.local/lib/python3.12/site-packages/airflow/example_dags/example_short_circuit_decorator.py
[2024-11-26T11:04:24.272+0000] {processor.py:914} INFO - Processing file /home/airflow/.local/lib/python3.12/site-packages/airflow/example_dags/example_short_circuit_decorator.py for tasks to queue
[2024-11-26T11:04:24.275+0000] {logging_mixin.py:190} INFO - [2024-11-26T11:04:24.275+0000] {dagbag.py:588} INFO - Filling up the DagBag from /home/airflow/.local/lib/python3.12/site-packages/airflow/example_dags/example_short_circuit_decorator.py
[2024-11-26T11:04:24.284+0000] {processor.py:925} INFO - DAG(s) 'example_short_circuit_decorator' retrieved from /home/airflow/.local/lib/python3.12/site-packages/airflow/example_dags/example_short_circuit_decorator.py
[2024-11-26T11:04:24.302+0000] {logging_mixin.py:190} INFO - [2024-11-26T11:04:24.301+0000] {dag.py:3239} INFO - Sync 1 DAGs
[2024-11-26T11:04:24.317+0000] {logging_mixin.py:190} INFO - [2024-11-26T11:04:24.317+0000] {dag.py:4180} INFO - Setting next_dagrun for example_short_circuit_decorator to None, run_after=None
[2024-11-26T11:04:24.333+0000] {processor.py:208} INFO - Processing /home/airflow/.local/lib/python3.12/site-packages/airflow/example_dags/example_short_circuit_decorator.py took 0.068 seconds
[2024-11-26T11:04:54.892+0000] {processor.py:186} INFO - Started process (PID=873) to work on /home/airflow/.local/lib/python3.12/site-packages/airflow/example_dags/example_short_circuit_decorator.py
[2024-11-26T11:04:54.893+0000] {processor.py:914} INFO - Processing file /home/airflow/.local/lib/python3.12/site-packages/airflow/example_dags/example_short_circuit_decorator.py for tasks to queue
[2024-11-26T11:04:54.896+0000] {logging_mixin.py:190} INFO - [2024-11-26T11:04:54.896+0000] {dagbag.py:588} INFO - Filling up the DagBag from /home/airflow/.local/lib/python3.12/site-packages/airflow/example_dags/example_short_circuit_decorator.py
[2024-11-26T11:04:54.904+0000] {processor.py:925} INFO - DAG(s) 'example_short_circuit_decorator' retrieved from /home/airflow/.local/lib/python3.12/site-packages/airflow/example_dags/example_short_circuit_decorator.py
[2024-11-26T11:04:54.922+0000] {logging_mixin.py:190} INFO - [2024-11-26T11:04:54.922+0000] {dag.py:3239} INFO - Sync 1 DAGs
[2024-11-26T11:04:54.931+0000] {logging_mixin.py:190} INFO - [2024-11-26T11:04:54.931+0000] {dag.py:4180} INFO - Setting next_dagrun for example_short_circuit_decorator to None, run_after=None
[2024-11-26T11:04:54.947+0000] {processor.py:208} INFO - Processing /home/airflow/.local/lib/python3.12/site-packages/airflow/example_dags/example_short_circuit_decorator.py took 0.059 seconds
[2024-11-26T11:05:26.216+0000] {processor.py:186} INFO - Started process (PID=935) to work on /home/airflow/.local/lib/python3.12/site-packages/airflow/example_dags/example_short_circuit_decorator.py
[2024-11-26T11:05:26.217+0000] {processor.py:914} INFO - Processing file /home/airflow/.local/lib/python3.12/site-packages/airflow/example_dags/example_short_circuit_decorator.py for tasks to queue
[2024-11-26T11:05:26.219+0000] {logging_mixin.py:190} INFO - [2024-11-26T11:05:26.219+0000] {dagbag.py:588} INFO - Filling up the DagBag from /home/airflow/.local/lib/python3.12/site-packages/airflow/example_dags/example_short_circuit_decorator.py
[2024-11-26T11:05:26.227+0000] {processor.py:925} INFO - DAG(s) 'example_short_circuit_decorator' retrieved from /home/airflow/.local/lib/python3.12/site-packages/airflow/example_dags/example_short_circuit_decorator.py
[2024-11-26T11:05:26.246+0000] {logging_mixin.py:190} INFO - [2024-11-26T11:05:26.246+0000] {dag.py:3239} INFO - Sync 1 DAGs
[2024-11-26T11:05:26.257+0000] {logging_mixin.py:190} INFO - [2024-11-26T11:05:26.257+0000] {dag.py:4180} INFO - Setting next_dagrun for example_short_circuit_decorator to None, run_after=None
[2024-11-26T11:05:26.272+0000] {processor.py:208} INFO - Processing /home/airflow/.local/lib/python3.12/site-packages/airflow/example_dags/example_short_circuit_decorator.py took 0.061 seconds
[2024-11-26T11:05:56.718+0000] {processor.py:186} INFO - Started process (PID=998) to work on /home/airflow/.local/lib/python3.12/site-packages/airflow/example_dags/example_short_circuit_decorator.py
[2024-11-26T11:05:56.719+0000] {processor.py:914} INFO - Processing file /home/airflow/.local/lib/python3.12/site-packages/airflow/example_dags/example_short_circuit_decorator.py for tasks to queue
[2024-11-26T11:05:56.720+0000] {logging_mixin.py:190} INFO - [2024-11-26T11:05:56.720+0000] {dagbag.py:588} INFO - Filling up the DagBag from /home/airflow/.local/lib/python3.12/site-packages/airflow/example_dags/example_short_circuit_decorator.py
[2024-11-26T11:05:56.728+0000] {processor.py:925} INFO - DAG(s) 'example_short_circuit_decorator' retrieved from /home/airflow/.local/lib/python3.12/site-packages/airflow/example_dags/example_short_circuit_decorator.py
[2024-11-26T11:05:56.746+0000] {logging_mixin.py:190} INFO - [2024-11-26T11:05:56.746+0000] {dag.py:3239} INFO - Sync 1 DAGs
[2024-11-26T11:05:56.757+0000] {logging_mixin.py:190} INFO - [2024-11-26T11:05:56.756+0000] {dag.py:4180} INFO - Setting next_dagrun for example_short_circuit_decorator to None, run_after=None
[2024-11-26T11:05:56.772+0000] {processor.py:208} INFO - Processing /home/airflow/.local/lib/python3.12/site-packages/airflow/example_dags/example_short_circuit_decorator.py took 0.059 seconds
[2024-11-26T11:06:27.586+0000] {processor.py:186} INFO - Started process (PID=1061) to work on /home/airflow/.local/lib/python3.12/site-packages/airflow/example_dags/example_short_circuit_decorator.py
[2024-11-26T11:06:27.587+0000] {processor.py:914} INFO - Processing file /home/airflow/.local/lib/python3.12/site-packages/airflow/example_dags/example_short_circuit_decorator.py for tasks to queue
[2024-11-26T11:06:27.589+0000] {logging_mixin.py:190} INFO - [2024-11-26T11:06:27.588+0000] {dagbag.py:588} INFO - Filling up the DagBag from /home/airflow/.local/lib/python3.12/site-packages/airflow/example_dags/example_short_circuit_decorator.py
[2024-11-26T11:06:27.597+0000] {processor.py:925} INFO - DAG(s) 'example_short_circuit_decorator' retrieved from /home/airflow/.local/lib/python3.12/site-packages/airflow/example_dags/example_short_circuit_decorator.py
[2024-11-26T11:06:27.613+0000] {logging_mixin.py:190} INFO - [2024-11-26T11:06:27.613+0000] {dag.py:3239} INFO - Sync 1 DAGs
[2024-11-26T11:06:27.624+0000] {logging_mixin.py:190} INFO - [2024-11-26T11:06:27.624+0000] {dag.py:4180} INFO - Setting next_dagrun for example_short_circuit_decorator to None, run_after=None
[2024-11-26T11:06:27.640+0000] {processor.py:208} INFO - Processing /home/airflow/.local/lib/python3.12/site-packages/airflow/example_dags/example_short_circuit_decorator.py took 0.059 seconds
[2024-11-26T11:06:58.063+0000] {processor.py:186} INFO - Started process (PID=1124) to work on /home/airflow/.local/lib/python3.12/site-packages/airflow/example_dags/example_short_circuit_decorator.py
[2024-11-26T11:06:58.064+0000] {processor.py:914} INFO - Processing file /home/airflow/.local/lib/python3.12/site-packages/airflow/example_dags/example_short_circuit_decorator.py for tasks to queue
[2024-11-26T11:06:58.067+0000] {logging_mixin.py:190} INFO - [2024-11-26T11:06:58.067+0000] {dagbag.py:588} INFO - Filling up the DagBag from /home/airflow/.local/lib/python3.12/site-packages/airflow/example_dags/example_short_circuit_decorator.py
[2024-11-26T11:06:58.075+0000] {processor.py:925} INFO - DAG(s) 'example_short_circuit_decorator' retrieved from /home/airflow/.local/lib/python3.12/site-packages/airflow/example_dags/example_short_circuit_decorator.py
[2024-11-26T11:06:58.092+0000] {logging_mixin.py:190} INFO - [2024-11-26T11:06:58.092+0000] {dag.py:3239} INFO - Sync 1 DAGs
[2024-11-26T11:06:58.102+0000] {logging_mixin.py:190} INFO - [2024-11-26T11:06:58.102+0000] {dag.py:4180} INFO - Setting next_dagrun for example_short_circuit_decorator to None, run_after=None
[2024-11-26T11:06:58.116+0000] {processor.py:208} INFO - Processing /home/airflow/.local/lib/python3.12/site-packages/airflow/example_dags/example_short_circuit_decorator.py took 0.057 seconds
[2024-11-26T11:07:29.141+0000] {processor.py:186} INFO - Started process (PID=1188) to work on /home/airflow/.local/lib/python3.12/site-packages/airflow/example_dags/example_short_circuit_decorator.py
[2024-11-26T11:07:29.142+0000] {processor.py:914} INFO - Processing file /home/airflow/.local/lib/python3.12/site-packages/airflow/example_dags/example_short_circuit_decorator.py for tasks to queue
[2024-11-26T11:07:29.144+0000] {logging_mixin.py:190} INFO - [2024-11-26T11:07:29.143+0000] {dagbag.py:588} INFO - Filling up the DagBag from /home/airflow/.local/lib/python3.12/site-packages/airflow/example_dags/example_short_circuit_decorator.py
[2024-11-26T11:07:29.151+0000] {processor.py:925} INFO - DAG(s) 'example_short_circuit_decorator' retrieved from /home/airflow/.local/lib/python3.12/site-packages/airflow/example_dags/example_short_circuit_decorator.py
[2024-11-26T11:07:29.170+0000] {logging_mixin.py:190} INFO - [2024-11-26T11:07:29.169+0000] {dag.py:3239} INFO - Sync 1 DAGs
[2024-11-26T11:07:29.180+0000] {logging_mixin.py:190} INFO - [2024-11-26T11:07:29.179+0000] {dag.py:4180} INFO - Setting next_dagrun for example_short_circuit_decorator to None, run_after=None
[2024-11-26T11:07:29.196+0000] {processor.py:208} INFO - Processing /home/airflow/.local/lib/python3.12/site-packages/airflow/example_dags/example_short_circuit_decorator.py took 0.060 seconds
[2024-11-26T11:07:59.609+0000] {processor.py:186} INFO - Started process (PID=1251) to work on /home/airflow/.local/lib/python3.12/site-packages/airflow/example_dags/example_short_circuit_decorator.py
[2024-11-26T11:07:59.610+0000] {processor.py:914} INFO - Processing file /home/airflow/.local/lib/python3.12/site-packages/airflow/example_dags/example_short_circuit_decorator.py for tasks to queue
[2024-11-26T11:07:59.612+0000] {logging_mixin.py:190} INFO - [2024-11-26T11:07:59.612+0000] {dagbag.py:588} INFO - Filling up the DagBag from /home/airflow/.local/lib/python3.12/site-packages/airflow/example_dags/example_short_circuit_decorator.py
[2024-11-26T11:07:59.620+0000] {processor.py:925} INFO - DAG(s) 'example_short_circuit_decorator' retrieved from /home/airflow/.local/lib/python3.12/site-packages/airflow/example_dags/example_short_circuit_decorator.py
[2024-11-26T11:07:59.637+0000] {logging_mixin.py:190} INFO - [2024-11-26T11:07:59.637+0000] {dag.py:3239} INFO - Sync 1 DAGs
[2024-11-26T11:07:59.647+0000] {logging_mixin.py:190} INFO - [2024-11-26T11:07:59.647+0000] {dag.py:4180} INFO - Setting next_dagrun for example_short_circuit_decorator to None, run_after=None
[2024-11-26T11:07:59.665+0000] {processor.py:208} INFO - Processing /home/airflow/.local/lib/python3.12/site-packages/airflow/example_dags/example_short_circuit_decorator.py took 0.060 seconds
[2024-11-26T11:08:30.084+0000] {processor.py:186} INFO - Started process (PID=1313) to work on /home/airflow/.local/lib/python3.12/site-packages/airflow/example_dags/example_short_circuit_decorator.py
[2024-11-26T11:08:30.085+0000] {processor.py:914} INFO - Processing file /home/airflow/.local/lib/python3.12/site-packages/airflow/example_dags/example_short_circuit_decorator.py for tasks to queue
[2024-11-26T11:08:30.088+0000] {logging_mixin.py:190} INFO - [2024-11-26T11:08:30.087+0000] {dagbag.py:588} INFO - Filling up the DagBag from /home/airflow/.local/lib/python3.12/site-packages/airflow/example_dags/example_short_circuit_decorator.py
[2024-11-26T11:08:30.102+0000] {processor.py:925} INFO - DAG(s) 'example_short_circuit_decorator' retrieved from /home/airflow/.local/lib/python3.12/site-packages/airflow/example_dags/example_short_circuit_decorator.py
[2024-11-26T11:08:30.119+0000] {logging_mixin.py:190} INFO - [2024-11-26T11:08:30.119+0000] {dag.py:3239} INFO - Sync 1 DAGs
[2024-11-26T11:08:30.130+0000] {logging_mixin.py:190} INFO - [2024-11-26T11:08:30.130+0000] {dag.py:4180} INFO - Setting next_dagrun for example_short_circuit_decorator to None, run_after=None
[2024-11-26T11:08:30.147+0000] {processor.py:208} INFO - Processing /home/airflow/.local/lib/python3.12/site-packages/airflow/example_dags/example_short_circuit_decorator.py took 0.070 seconds
[2024-11-26T11:09:00.675+0000] {processor.py:186} INFO - Started process (PID=1376) to work on /home/airflow/.local/lib/python3.12/site-packages/airflow/example_dags/example_short_circuit_decorator.py
[2024-11-26T11:09:00.676+0000] {processor.py:914} INFO - Processing file /home/airflow/.local/lib/python3.12/site-packages/airflow/example_dags/example_short_circuit_decorator.py for tasks to queue
[2024-11-26T11:09:00.678+0000] {logging_mixin.py:190} INFO - [2024-11-26T11:09:00.678+0000] {dagbag.py:588} INFO - Filling up the DagBag from /home/airflow/.local/lib/python3.12/site-packages/airflow/example_dags/example_short_circuit_decorator.py
[2024-11-26T11:09:00.691+0000] {processor.py:925} INFO - DAG(s) 'example_short_circuit_decorator' retrieved from /home/airflow/.local/lib/python3.12/site-packages/airflow/example_dags/example_short_circuit_decorator.py
[2024-11-26T11:09:00.712+0000] {logging_mixin.py:190} INFO - [2024-11-26T11:09:00.712+0000] {dag.py:3239} INFO - Sync 1 DAGs
[2024-11-26T11:09:00.724+0000] {logging_mixin.py:190} INFO - [2024-11-26T11:09:00.723+0000] {dag.py:4180} INFO - Setting next_dagrun for example_short_circuit_decorator to None, run_after=None
[2024-11-26T11:09:00.742+0000] {processor.py:208} INFO - Processing /home/airflow/.local/lib/python3.12/site-packages/airflow/example_dags/example_short_circuit_decorator.py took 0.071 seconds
[2024-11-26T11:09:31.177+0000] {processor.py:186} INFO - Started process (PID=1439) to work on /home/airflow/.local/lib/python3.12/site-packages/airflow/example_dags/example_short_circuit_decorator.py
[2024-11-26T11:09:31.178+0000] {processor.py:914} INFO - Processing file /home/airflow/.local/lib/python3.12/site-packages/airflow/example_dags/example_short_circuit_decorator.py for tasks to queue
[2024-11-26T11:09:31.179+0000] {logging_mixin.py:190} INFO - [2024-11-26T11:09:31.179+0000] {dagbag.py:588} INFO - Filling up the DagBag from /home/airflow/.local/lib/python3.12/site-packages/airflow/example_dags/example_short_circuit_decorator.py
[2024-11-26T11:09:31.190+0000] {processor.py:925} INFO - DAG(s) 'example_short_circuit_decorator' retrieved from /home/airflow/.local/lib/python3.12/site-packages/airflow/example_dags/example_short_circuit_decorator.py
[2024-11-26T11:09:31.209+0000] {logging_mixin.py:190} INFO - [2024-11-26T11:09:31.209+0000] {dag.py:3239} INFO - Sync 1 DAGs
[2024-11-26T11:09:31.223+0000] {logging_mixin.py:190} INFO - [2024-11-26T11:09:31.222+0000] {dag.py:4180} INFO - Setting next_dagrun for example_short_circuit_decorator to None, run_after=None
[2024-11-26T11:09:31.247+0000] {processor.py:208} INFO - Processing /home/airflow/.local/lib/python3.12/site-packages/airflow/example_dags/example_short_circuit_decorator.py took 0.074 seconds
[2024-11-26T11:10:01.814+0000] {processor.py:186} INFO - Started process (PID=1502) to work on /home/airflow/.local/lib/python3.12/site-packages/airflow/example_dags/example_short_circuit_decorator.py
[2024-11-26T11:10:01.815+0000] {processor.py:914} INFO - Processing file /home/airflow/.local/lib/python3.12/site-packages/airflow/example_dags/example_short_circuit_decorator.py for tasks to queue
[2024-11-26T11:10:01.817+0000] {logging_mixin.py:190} INFO - [2024-11-26T11:10:01.817+0000] {dagbag.py:588} INFO - Filling up the DagBag from /home/airflow/.local/lib/python3.12/site-packages/airflow/example_dags/example_short_circuit_decorator.py
[2024-11-26T11:10:01.825+0000] {processor.py:925} INFO - DAG(s) 'example_short_circuit_decorator' retrieved from /home/airflow/.local/lib/python3.12/site-packages/airflow/example_dags/example_short_circuit_decorator.py
[2024-11-26T11:10:01.849+0000] {logging_mixin.py:190} INFO - [2024-11-26T11:10:01.848+0000] {dag.py:3239} INFO - Sync 1 DAGs
[2024-11-26T11:10:01.861+0000] {logging_mixin.py:190} INFO - [2024-11-26T11:10:01.861+0000] {dag.py:4180} INFO - Setting next_dagrun for example_short_circuit_decorator to None, run_after=None
[2024-11-26T11:10:01.880+0000] {processor.py:208} INFO - Processing /home/airflow/.local/lib/python3.12/site-packages/airflow/example_dags/example_short_circuit_decorator.py took 0.070 seconds
[2024-11-26T11:10:33.332+0000] {processor.py:186} INFO - Started process (PID=1566) to work on /home/airflow/.local/lib/python3.12/site-packages/airflow/example_dags/example_short_circuit_decorator.py
[2024-11-26T11:10:33.333+0000] {processor.py:914} INFO - Processing file /home/airflow/.local/lib/python3.12/site-packages/airflow/example_dags/example_short_circuit_decorator.py for tasks to queue
[2024-11-26T11:10:33.336+0000] {logging_mixin.py:190} INFO - [2024-11-26T11:10:33.336+0000] {dagbag.py:588} INFO - Filling up the DagBag from /home/airflow/.local/lib/python3.12/site-packages/airflow/example_dags/example_short_circuit_decorator.py
[2024-11-26T11:10:33.350+0000] {processor.py:925} INFO - DAG(s) 'example_short_circuit_decorator' retrieved from /home/airflow/.local/lib/python3.12/site-packages/airflow/example_dags/example_short_circuit_decorator.py
[2024-11-26T11:10:33.376+0000] {logging_mixin.py:190} INFO - [2024-11-26T11:10:33.375+0000] {dag.py:3239} INFO - Sync 1 DAGs
[2024-11-26T11:10:33.389+0000] {logging_mixin.py:190} INFO - [2024-11-26T11:10:33.389+0000] {dag.py:4180} INFO - Setting next_dagrun for example_short_circuit_decorator to None, run_after=None
[2024-11-26T11:10:33.410+0000] {processor.py:208} INFO - Processing /home/airflow/.local/lib/python3.12/site-packages/airflow/example_dags/example_short_circuit_decorator.py took 0.085 seconds
[2024-11-26T11:11:03.781+0000] {processor.py:186} INFO - Started process (PID=1629) to work on /home/airflow/.local/lib/python3.12/site-packages/airflow/example_dags/example_short_circuit_decorator.py
[2024-11-26T11:11:03.782+0000] {processor.py:914} INFO - Processing file /home/airflow/.local/lib/python3.12/site-packages/airflow/example_dags/example_short_circuit_decorator.py for tasks to queue
[2024-11-26T11:11:03.785+0000] {logging_mixin.py:190} INFO - [2024-11-26T11:11:03.785+0000] {dagbag.py:588} INFO - Filling up the DagBag from /home/airflow/.local/lib/python3.12/site-packages/airflow/example_dags/example_short_circuit_decorator.py
[2024-11-26T11:11:03.797+0000] {processor.py:925} INFO - DAG(s) 'example_short_circuit_decorator' retrieved from /home/airflow/.local/lib/python3.12/site-packages/airflow/example_dags/example_short_circuit_decorator.py
[2024-11-26T11:11:03.823+0000] {logging_mixin.py:190} INFO - [2024-11-26T11:11:03.823+0000] {dag.py:3239} INFO - Sync 1 DAGs
[2024-11-26T11:11:03.833+0000] {logging_mixin.py:190} INFO - [2024-11-26T11:11:03.833+0000] {dag.py:4180} INFO - Setting next_dagrun for example_short_circuit_decorator to None, run_after=None
[2024-11-26T11:11:03.851+0000] {processor.py:208} INFO - Processing /home/airflow/.local/lib/python3.12/site-packages/airflow/example_dags/example_short_circuit_decorator.py took 0.077 seconds
[2024-11-26T11:11:34.469+0000] {processor.py:186} INFO - Started process (PID=1692) to work on /home/airflow/.local/lib/python3.12/site-packages/airflow/example_dags/example_short_circuit_decorator.py
[2024-11-26T11:11:34.472+0000] {processor.py:914} INFO - Processing file /home/airflow/.local/lib/python3.12/site-packages/airflow/example_dags/example_short_circuit_decorator.py for tasks to queue
[2024-11-26T11:11:34.474+0000] {logging_mixin.py:190} INFO - [2024-11-26T11:11:34.474+0000] {dagbag.py:588} INFO - Filling up the DagBag from /home/airflow/.local/lib/python3.12/site-packages/airflow/example_dags/example_short_circuit_decorator.py
[2024-11-26T11:11:34.482+0000] {processor.py:925} INFO - DAG(s) 'example_short_circuit_decorator' retrieved from /home/airflow/.local/lib/python3.12/site-packages/airflow/example_dags/example_short_circuit_decorator.py
[2024-11-26T11:11:34.501+0000] {logging_mixin.py:190} INFO - [2024-11-26T11:11:34.501+0000] {dag.py:3239} INFO - Sync 1 DAGs
[2024-11-26T11:11:34.514+0000] {logging_mixin.py:190} INFO - [2024-11-26T11:11:34.513+0000] {dag.py:4180} INFO - Setting next_dagrun for example_short_circuit_decorator to None, run_after=None
[2024-11-26T11:11:34.533+0000] {processor.py:208} INFO - Processing /home/airflow/.local/lib/python3.12/site-packages/airflow/example_dags/example_short_circuit_decorator.py took 0.072 seconds
