[2024-11-26T10:58:46.776+0000] {processor.py:186} INFO - Started process (PID=123) to work on /home/airflow/.local/lib/python3.12/site-packages/airflow/example_dags/example_dag_decorator.py
[2024-11-26T10:58:46.776+0000] {processor.py:914} INFO - Processing file /home/airflow/.local/lib/python3.12/site-packages/airflow/example_dags/example_dag_decorator.py for tasks to queue
[2024-11-26T10:58:46.778+0000] {logging_mixin.py:190} INFO - [2024-11-26T10:58:46.778+0000] {dagbag.py:588} INFO - Filling up the DagBag from /home/airflow/.local/lib/python3.12/site-packages/airflow/example_dags/example_dag_decorator.py
[2024-11-26T10:58:46.786+0000] {processor.py:925} INFO - DAG(s) 'example_dag_decorator' retrieved from /home/airflow/.local/lib/python3.12/site-packages/airflow/example_dags/example_dag_decorator.py
[2024-11-26T10:58:46.893+0000] {logging_mixin.py:190} INFO - [2024-11-26T10:58:46.893+0000] {override.py:1911} INFO - Created Permission View: can delete on DAG:example_dag_decorator
[2024-11-26T10:58:46.904+0000] {logging_mixin.py:190} INFO - [2024-11-26T10:58:46.904+0000] {override.py:1911} INFO - Created Permission View: can read on DAG:example_dag_decorator
[2024-11-26T10:58:46.909+0000] {logging_mixin.py:190} INFO - [2024-11-26T10:58:46.909+0000] {override.py:1911} INFO - Created Permission View: can edit on DAG:example_dag_decorator
[2024-11-26T10:58:46.918+0000] {logging_mixin.py:190} INFO - [2024-11-26T10:58:46.917+0000] {override.py:1911} INFO - Created Permission View: can create on DAG Run:example_dag_decorator
[2024-11-26T10:58:46.925+0000] {logging_mixin.py:190} INFO - [2024-11-26T10:58:46.925+0000] {override.py:1911} INFO - Created Permission View: can read on DAG Run:example_dag_decorator
[2024-11-26T10:58:46.932+0000] {logging_mixin.py:190} INFO - [2024-11-26T10:58:46.932+0000] {override.py:1911} INFO - Created Permission View: menu access on DAG Run:example_dag_decorator
[2024-11-26T10:58:46.939+0000] {logging_mixin.py:190} INFO - [2024-11-26T10:58:46.939+0000] {override.py:1911} INFO - Created Permission View: can delete on DAG Run:example_dag_decorator
[2024-11-26T10:58:46.940+0000] {logging_mixin.py:190} INFO - [2024-11-26T10:58:46.940+0000] {dag.py:3239} INFO - Sync 1 DAGs
[2024-11-26T10:58:46.949+0000] {logging_mixin.py:190} INFO - [2024-11-26T10:58:46.949+0000] {dag.py:3262} INFO - Creating ORM DAG for example_dag_decorator
[2024-11-26T10:58:46.949+0000] {logging_mixin.py:190} INFO - [2024-11-26T10:58:46.949+0000] {dag.py:4180} INFO - Setting next_dagrun for example_dag_decorator to None, run_after=None
[2024-11-26T10:58:46.964+0000] {processor.py:208} INFO - Processing /home/airflow/.local/lib/python3.12/site-packages/airflow/example_dags/example_dag_decorator.py took 0.193 seconds
[2024-11-26T10:59:17.054+0000] {processor.py:186} INFO - Started process (PID=186) to work on /home/airflow/.local/lib/python3.12/site-packages/airflow/example_dags/example_dag_decorator.py
[2024-11-26T10:59:17.055+0000] {processor.py:914} INFO - Processing file /home/airflow/.local/lib/python3.12/site-packages/airflow/example_dags/example_dag_decorator.py for tasks to queue
[2024-11-26T10:59:17.057+0000] {logging_mixin.py:190} INFO - [2024-11-26T10:59:17.056+0000] {dagbag.py:588} INFO - Filling up the DagBag from /home/airflow/.local/lib/python3.12/site-packages/airflow/example_dags/example_dag_decorator.py
[2024-11-26T10:59:17.066+0000] {processor.py:925} INFO - DAG(s) 'example_dag_decorator' retrieved from /home/airflow/.local/lib/python3.12/site-packages/airflow/example_dags/example_dag_decorator.py
[2024-11-26T10:59:17.151+0000] {logging_mixin.py:190} INFO - [2024-11-26T10:59:17.150+0000] {dag.py:3239} INFO - Sync 1 DAGs
[2024-11-26T10:59:17.162+0000] {logging_mixin.py:190} INFO - [2024-11-26T10:59:17.162+0000] {dag.py:4180} INFO - Setting next_dagrun for example_dag_decorator to None, run_after=None
[2024-11-26T10:59:17.182+0000] {processor.py:208} INFO - Processing /home/airflow/.local/lib/python3.12/site-packages/airflow/example_dags/example_dag_decorator.py took 0.132 seconds
[2024-11-26T10:59:47.898+0000] {processor.py:186} INFO - Started process (PID=250) to work on /home/airflow/.local/lib/python3.12/site-packages/airflow/example_dags/example_dag_decorator.py
[2024-11-26T10:59:47.900+0000] {processor.py:914} INFO - Processing file /home/airflow/.local/lib/python3.12/site-packages/airflow/example_dags/example_dag_decorator.py for tasks to queue
[2024-11-26T10:59:47.903+0000] {logging_mixin.py:190} INFO - [2024-11-26T10:59:47.903+0000] {dagbag.py:588} INFO - Filling up the DagBag from /home/airflow/.local/lib/python3.12/site-packages/airflow/example_dags/example_dag_decorator.py
[2024-11-26T10:59:47.920+0000] {processor.py:925} INFO - DAG(s) 'example_dag_decorator' retrieved from /home/airflow/.local/lib/python3.12/site-packages/airflow/example_dags/example_dag_decorator.py
[2024-11-26T10:59:48.010+0000] {logging_mixin.py:190} INFO - [2024-11-26T10:59:48.010+0000] {dag.py:3239} INFO - Sync 1 DAGs
[2024-11-26T10:59:48.022+0000] {logging_mixin.py:190} INFO - [2024-11-26T10:59:48.021+0000] {dag.py:4180} INFO - Setting next_dagrun for example_dag_decorator to None, run_after=None
[2024-11-26T10:59:48.041+0000] {processor.py:208} INFO - Processing /home/airflow/.local/lib/python3.12/site-packages/airflow/example_dags/example_dag_decorator.py took 0.147 seconds
[2024-11-26T11:00:18.368+0000] {processor.py:186} INFO - Started process (PID=312) to work on /home/airflow/.local/lib/python3.12/site-packages/airflow/example_dags/example_dag_decorator.py
[2024-11-26T11:00:18.369+0000] {processor.py:914} INFO - Processing file /home/airflow/.local/lib/python3.12/site-packages/airflow/example_dags/example_dag_decorator.py for tasks to queue
[2024-11-26T11:00:18.372+0000] {logging_mixin.py:190} INFO - [2024-11-26T11:00:18.372+0000] {dagbag.py:588} INFO - Filling up the DagBag from /home/airflow/.local/lib/python3.12/site-packages/airflow/example_dags/example_dag_decorator.py
[2024-11-26T11:00:18.381+0000] {processor.py:925} INFO - DAG(s) 'example_dag_decorator' retrieved from /home/airflow/.local/lib/python3.12/site-packages/airflow/example_dags/example_dag_decorator.py
[2024-11-26T11:00:18.470+0000] {logging_mixin.py:190} INFO - [2024-11-26T11:00:18.469+0000] {dag.py:3239} INFO - Sync 1 DAGs
[2024-11-26T11:00:18.483+0000] {logging_mixin.py:190} INFO - [2024-11-26T11:00:18.482+0000] {dag.py:4180} INFO - Setting next_dagrun for example_dag_decorator to None, run_after=None
[2024-11-26T11:00:18.501+0000] {processor.py:208} INFO - Processing /home/airflow/.local/lib/python3.12/site-packages/airflow/example_dags/example_dag_decorator.py took 0.139 seconds
[2024-11-26T11:00:49.317+0000] {processor.py:186} INFO - Started process (PID=374) to work on /home/airflow/.local/lib/python3.12/site-packages/airflow/example_dags/example_dag_decorator.py
[2024-11-26T11:00:49.318+0000] {processor.py:914} INFO - Processing file /home/airflow/.local/lib/python3.12/site-packages/airflow/example_dags/example_dag_decorator.py for tasks to queue
[2024-11-26T11:00:49.320+0000] {logging_mixin.py:190} INFO - [2024-11-26T11:00:49.320+0000] {dagbag.py:588} INFO - Filling up the DagBag from /home/airflow/.local/lib/python3.12/site-packages/airflow/example_dags/example_dag_decorator.py
[2024-11-26T11:00:49.331+0000] {processor.py:925} INFO - DAG(s) 'example_dag_decorator' retrieved from /home/airflow/.local/lib/python3.12/site-packages/airflow/example_dags/example_dag_decorator.py
[2024-11-26T11:00:49.425+0000] {logging_mixin.py:190} INFO - [2024-11-26T11:00:49.425+0000] {dag.py:3239} INFO - Sync 1 DAGs
[2024-11-26T11:00:49.435+0000] {logging_mixin.py:190} INFO - [2024-11-26T11:00:49.435+0000] {dag.py:4180} INFO - Setting next_dagrun for example_dag_decorator to None, run_after=None
[2024-11-26T11:00:49.451+0000] {processor.py:208} INFO - Processing /home/airflow/.local/lib/python3.12/site-packages/airflow/example_dags/example_dag_decorator.py took 0.139 seconds
[2024-11-26T11:01:20.193+0000] {processor.py:186} INFO - Started process (PID=436) to work on /home/airflow/.local/lib/python3.12/site-packages/airflow/example_dags/example_dag_decorator.py
[2024-11-26T11:01:20.193+0000] {processor.py:914} INFO - Processing file /home/airflow/.local/lib/python3.12/site-packages/airflow/example_dags/example_dag_decorator.py for tasks to queue
[2024-11-26T11:01:20.196+0000] {logging_mixin.py:190} INFO - [2024-11-26T11:01:20.195+0000] {dagbag.py:588} INFO - Filling up the DagBag from /home/airflow/.local/lib/python3.12/site-packages/airflow/example_dags/example_dag_decorator.py
[2024-11-26T11:01:20.208+0000] {processor.py:925} INFO - DAG(s) 'example_dag_decorator' retrieved from /home/airflow/.local/lib/python3.12/site-packages/airflow/example_dags/example_dag_decorator.py
[2024-11-26T11:01:20.309+0000] {logging_mixin.py:190} INFO - [2024-11-26T11:01:20.309+0000] {dag.py:3239} INFO - Sync 1 DAGs
[2024-11-26T11:01:20.322+0000] {logging_mixin.py:190} INFO - [2024-11-26T11:01:20.321+0000] {dag.py:4180} INFO - Setting next_dagrun for example_dag_decorator to None, run_after=None
[2024-11-26T11:01:20.345+0000] {processor.py:208} INFO - Processing /home/airflow/.local/lib/python3.12/site-packages/airflow/example_dags/example_dag_decorator.py took 0.158 seconds
[2024-11-26T11:01:51.068+0000] {processor.py:186} INFO - Started process (PID=499) to work on /home/airflow/.local/lib/python3.12/site-packages/airflow/example_dags/example_dag_decorator.py
[2024-11-26T11:01:51.068+0000] {processor.py:914} INFO - Processing file /home/airflow/.local/lib/python3.12/site-packages/airflow/example_dags/example_dag_decorator.py for tasks to queue
[2024-11-26T11:01:51.071+0000] {logging_mixin.py:190} INFO - [2024-11-26T11:01:51.070+0000] {dagbag.py:588} INFO - Filling up the DagBag from /home/airflow/.local/lib/python3.12/site-packages/airflow/example_dags/example_dag_decorator.py
[2024-11-26T11:01:51.081+0000] {processor.py:925} INFO - DAG(s) 'example_dag_decorator' retrieved from /home/airflow/.local/lib/python3.12/site-packages/airflow/example_dags/example_dag_decorator.py
[2024-11-26T11:01:51.101+0000] {logging_mixin.py:190} INFO - [2024-11-26T11:01:51.101+0000] {dag.py:3239} INFO - Sync 1 DAGs
[2024-11-26T11:01:51.113+0000] {logging_mixin.py:190} INFO - [2024-11-26T11:01:51.113+0000] {dag.py:4180} INFO - Setting next_dagrun for example_dag_decorator to None, run_after=None
[2024-11-26T11:01:51.134+0000] {processor.py:208} INFO - Processing /home/airflow/.local/lib/python3.12/site-packages/airflow/example_dags/example_dag_decorator.py took 0.070 seconds
[2024-11-26T11:02:21.598+0000] {processor.py:186} INFO - Started process (PID=562) to work on /home/airflow/.local/lib/python3.12/site-packages/airflow/example_dags/example_dag_decorator.py
[2024-11-26T11:02:21.599+0000] {processor.py:914} INFO - Processing file /home/airflow/.local/lib/python3.12/site-packages/airflow/example_dags/example_dag_decorator.py for tasks to queue
[2024-11-26T11:02:21.602+0000] {logging_mixin.py:190} INFO - [2024-11-26T11:02:21.602+0000] {dagbag.py:588} INFO - Filling up the DagBag from /home/airflow/.local/lib/python3.12/site-packages/airflow/example_dags/example_dag_decorator.py
[2024-11-26T11:02:21.613+0000] {processor.py:925} INFO - DAG(s) 'example_dag_decorator' retrieved from /home/airflow/.local/lib/python3.12/site-packages/airflow/example_dags/example_dag_decorator.py
[2024-11-26T11:02:21.703+0000] {logging_mixin.py:190} INFO - [2024-11-26T11:02:21.703+0000] {dag.py:3239} INFO - Sync 1 DAGs
[2024-11-26T11:02:21.710+0000] {logging_mixin.py:190} INFO - [2024-11-26T11:02:21.710+0000] {dag.py:4180} INFO - Setting next_dagrun for example_dag_decorator to None, run_after=None
[2024-11-26T11:02:21.729+0000] {processor.py:208} INFO - Processing /home/airflow/.local/lib/python3.12/site-packages/airflow/example_dags/example_dag_decorator.py took 0.136 seconds
[2024-11-26T11:02:52.192+0000] {processor.py:186} INFO - Started process (PID=625) to work on /home/airflow/.local/lib/python3.12/site-packages/airflow/example_dags/example_dag_decorator.py
[2024-11-26T11:02:52.193+0000] {processor.py:914} INFO - Processing file /home/airflow/.local/lib/python3.12/site-packages/airflow/example_dags/example_dag_decorator.py for tasks to queue
[2024-11-26T11:02:52.196+0000] {logging_mixin.py:190} INFO - [2024-11-26T11:02:52.196+0000] {dagbag.py:588} INFO - Filling up the DagBag from /home/airflow/.local/lib/python3.12/site-packages/airflow/example_dags/example_dag_decorator.py
[2024-11-26T11:02:52.206+0000] {processor.py:925} INFO - DAG(s) 'example_dag_decorator' retrieved from /home/airflow/.local/lib/python3.12/site-packages/airflow/example_dags/example_dag_decorator.py
[2024-11-26T11:02:52.296+0000] {logging_mixin.py:190} INFO - [2024-11-26T11:02:52.296+0000] {dag.py:3239} INFO - Sync 1 DAGs
[2024-11-26T11:02:52.307+0000] {logging_mixin.py:190} INFO - [2024-11-26T11:02:52.307+0000] {dag.py:4180} INFO - Setting next_dagrun for example_dag_decorator to None, run_after=None
[2024-11-26T11:02:52.334+0000] {processor.py:208} INFO - Processing /home/airflow/.local/lib/python3.12/site-packages/airflow/example_dags/example_dag_decorator.py took 0.146 seconds
[2024-11-26T11:03:22.780+0000] {processor.py:186} INFO - Started process (PID=688) to work on /home/airflow/.local/lib/python3.12/site-packages/airflow/example_dags/example_dag_decorator.py
[2024-11-26T11:03:22.781+0000] {processor.py:914} INFO - Processing file /home/airflow/.local/lib/python3.12/site-packages/airflow/example_dags/example_dag_decorator.py for tasks to queue
[2024-11-26T11:03:22.783+0000] {logging_mixin.py:190} INFO - [2024-11-26T11:03:22.783+0000] {dagbag.py:588} INFO - Filling up the DagBag from /home/airflow/.local/lib/python3.12/site-packages/airflow/example_dags/example_dag_decorator.py
[2024-11-26T11:03:22.794+0000] {processor.py:925} INFO - DAG(s) 'example_dag_decorator' retrieved from /home/airflow/.local/lib/python3.12/site-packages/airflow/example_dags/example_dag_decorator.py
[2024-11-26T11:03:22.872+0000] {logging_mixin.py:190} INFO - [2024-11-26T11:03:22.872+0000] {dag.py:3239} INFO - Sync 1 DAGs
[2024-11-26T11:03:22.883+0000] {logging_mixin.py:190} INFO - [2024-11-26T11:03:22.883+0000] {dag.py:4180} INFO - Setting next_dagrun for example_dag_decorator to None, run_after=None
[2024-11-26T11:03:22.909+0000] {processor.py:208} INFO - Processing /home/airflow/.local/lib/python3.12/site-packages/airflow/example_dags/example_dag_decorator.py took 0.134 seconds
[2024-11-26T11:03:53.348+0000] {processor.py:186} INFO - Started process (PID=751) to work on /home/airflow/.local/lib/python3.12/site-packages/airflow/example_dags/example_dag_decorator.py
[2024-11-26T11:03:53.349+0000] {processor.py:914} INFO - Processing file /home/airflow/.local/lib/python3.12/site-packages/airflow/example_dags/example_dag_decorator.py for tasks to queue
[2024-11-26T11:03:53.351+0000] {logging_mixin.py:190} INFO - [2024-11-26T11:03:53.351+0000] {dagbag.py:588} INFO - Filling up the DagBag from /home/airflow/.local/lib/python3.12/site-packages/airflow/example_dags/example_dag_decorator.py
[2024-11-26T11:03:53.360+0000] {processor.py:925} INFO - DAG(s) 'example_dag_decorator' retrieved from /home/airflow/.local/lib/python3.12/site-packages/airflow/example_dags/example_dag_decorator.py
[2024-11-26T11:03:53.446+0000] {logging_mixin.py:190} INFO - [2024-11-26T11:03:53.445+0000] {dag.py:3239} INFO - Sync 1 DAGs
[2024-11-26T11:03:53.455+0000] {logging_mixin.py:190} INFO - [2024-11-26T11:03:53.455+0000] {dag.py:4180} INFO - Setting next_dagrun for example_dag_decorator to None, run_after=None
[2024-11-26T11:03:53.475+0000] {processor.py:208} INFO - Processing /home/airflow/.local/lib/python3.12/site-packages/airflow/example_dags/example_dag_decorator.py took 0.131 seconds
[2024-11-26T11:04:24.568+0000] {processor.py:186} INFO - Started process (PID=814) to work on /home/airflow/.local/lib/python3.12/site-packages/airflow/example_dags/example_dag_decorator.py
[2024-11-26T11:04:24.569+0000] {processor.py:914} INFO - Processing file /home/airflow/.local/lib/python3.12/site-packages/airflow/example_dags/example_dag_decorator.py for tasks to queue
[2024-11-26T11:04:24.571+0000] {logging_mixin.py:190} INFO - [2024-11-26T11:04:24.571+0000] {dagbag.py:588} INFO - Filling up the DagBag from /home/airflow/.local/lib/python3.12/site-packages/airflow/example_dags/example_dag_decorator.py
[2024-11-26T11:04:24.583+0000] {processor.py:925} INFO - DAG(s) 'example_dag_decorator' retrieved from /home/airflow/.local/lib/python3.12/site-packages/airflow/example_dags/example_dag_decorator.py
[2024-11-26T11:04:24.668+0000] {logging_mixin.py:190} INFO - [2024-11-26T11:04:24.667+0000] {dag.py:3239} INFO - Sync 1 DAGs
[2024-11-26T11:04:24.680+0000] {logging_mixin.py:190} INFO - [2024-11-26T11:04:24.680+0000] {dag.py:4180} INFO - Setting next_dagrun for example_dag_decorator to None, run_after=None
[2024-11-26T11:04:24.700+0000] {processor.py:208} INFO - Processing /home/airflow/.local/lib/python3.12/site-packages/airflow/example_dags/example_dag_decorator.py took 0.140 seconds
[2024-11-26T11:04:55.058+0000] {processor.py:186} INFO - Started process (PID=877) to work on /home/airflow/.local/lib/python3.12/site-packages/airflow/example_dags/example_dag_decorator.py
[2024-11-26T11:04:55.058+0000] {processor.py:914} INFO - Processing file /home/airflow/.local/lib/python3.12/site-packages/airflow/example_dags/example_dag_decorator.py for tasks to queue
[2024-11-26T11:04:55.061+0000] {logging_mixin.py:190} INFO - [2024-11-26T11:04:55.060+0000] {dagbag.py:588} INFO - Filling up the DagBag from /home/airflow/.local/lib/python3.12/site-packages/airflow/example_dags/example_dag_decorator.py
[2024-11-26T11:04:55.070+0000] {processor.py:925} INFO - DAG(s) 'example_dag_decorator' retrieved from /home/airflow/.local/lib/python3.12/site-packages/airflow/example_dags/example_dag_decorator.py
[2024-11-26T11:04:55.087+0000] {logging_mixin.py:190} INFO - [2024-11-26T11:04:55.087+0000] {dag.py:3239} INFO - Sync 1 DAGs
[2024-11-26T11:04:55.097+0000] {logging_mixin.py:190} INFO - [2024-11-26T11:04:55.097+0000] {dag.py:4180} INFO - Setting next_dagrun for example_dag_decorator to None, run_after=None
[2024-11-26T11:04:55.112+0000] {processor.py:208} INFO - Processing /home/airflow/.local/lib/python3.12/site-packages/airflow/example_dags/example_dag_decorator.py took 0.060 seconds
[2024-11-26T11:05:26.339+0000] {processor.py:186} INFO - Started process (PID=938) to work on /home/airflow/.local/lib/python3.12/site-packages/airflow/example_dags/example_dag_decorator.py
[2024-11-26T11:05:26.340+0000] {processor.py:914} INFO - Processing file /home/airflow/.local/lib/python3.12/site-packages/airflow/example_dags/example_dag_decorator.py for tasks to queue
[2024-11-26T11:05:26.342+0000] {logging_mixin.py:190} INFO - [2024-11-26T11:05:26.341+0000] {dagbag.py:588} INFO - Filling up the DagBag from /home/airflow/.local/lib/python3.12/site-packages/airflow/example_dags/example_dag_decorator.py
[2024-11-26T11:05:26.351+0000] {processor.py:925} INFO - DAG(s) 'example_dag_decorator' retrieved from /home/airflow/.local/lib/python3.12/site-packages/airflow/example_dags/example_dag_decorator.py
[2024-11-26T11:05:26.424+0000] {logging_mixin.py:190} INFO - [2024-11-26T11:05:26.424+0000] {dag.py:3239} INFO - Sync 1 DAGs
[2024-11-26T11:05:26.434+0000] {logging_mixin.py:190} INFO - [2024-11-26T11:05:26.434+0000] {dag.py:4180} INFO - Setting next_dagrun for example_dag_decorator to None, run_after=None
[2024-11-26T11:05:26.455+0000] {processor.py:208} INFO - Processing /home/airflow/.local/lib/python3.12/site-packages/airflow/example_dags/example_dag_decorator.py took 0.122 seconds
[2024-11-26T11:05:56.838+0000] {processor.py:186} INFO - Started process (PID=1001) to work on /home/airflow/.local/lib/python3.12/site-packages/airflow/example_dags/example_dag_decorator.py
[2024-11-26T11:05:56.839+0000] {processor.py:914} INFO - Processing file /home/airflow/.local/lib/python3.12/site-packages/airflow/example_dags/example_dag_decorator.py for tasks to queue
[2024-11-26T11:05:56.841+0000] {logging_mixin.py:190} INFO - [2024-11-26T11:05:56.841+0000] {dagbag.py:588} INFO - Filling up the DagBag from /home/airflow/.local/lib/python3.12/site-packages/airflow/example_dags/example_dag_decorator.py
[2024-11-26T11:05:56.851+0000] {processor.py:925} INFO - DAG(s) 'example_dag_decorator' retrieved from /home/airflow/.local/lib/python3.12/site-packages/airflow/example_dags/example_dag_decorator.py
[2024-11-26T11:05:56.934+0000] {logging_mixin.py:190} INFO - [2024-11-26T11:05:56.933+0000] {dag.py:3239} INFO - Sync 1 DAGs
[2024-11-26T11:05:56.942+0000] {logging_mixin.py:190} INFO - [2024-11-26T11:05:56.941+0000] {dag.py:4180} INFO - Setting next_dagrun for example_dag_decorator to None, run_after=None
[2024-11-26T11:05:56.960+0000] {processor.py:208} INFO - Processing /home/airflow/.local/lib/python3.12/site-packages/airflow/example_dags/example_dag_decorator.py took 0.128 seconds
[2024-11-26T11:06:27.685+0000] {processor.py:186} INFO - Started process (PID=1064) to work on /home/airflow/.local/lib/python3.12/site-packages/airflow/example_dags/example_dag_decorator.py
[2024-11-26T11:06:27.685+0000] {processor.py:914} INFO - Processing file /home/airflow/.local/lib/python3.12/site-packages/airflow/example_dags/example_dag_decorator.py for tasks to queue
[2024-11-26T11:06:27.687+0000] {logging_mixin.py:190} INFO - [2024-11-26T11:06:27.687+0000] {dagbag.py:588} INFO - Filling up the DagBag from /home/airflow/.local/lib/python3.12/site-packages/airflow/example_dags/example_dag_decorator.py
[2024-11-26T11:06:27.696+0000] {processor.py:925} INFO - DAG(s) 'example_dag_decorator' retrieved from /home/airflow/.local/lib/python3.12/site-packages/airflow/example_dags/example_dag_decorator.py
[2024-11-26T11:06:27.772+0000] {logging_mixin.py:190} INFO - [2024-11-26T11:06:27.772+0000] {dag.py:3239} INFO - Sync 1 DAGs
[2024-11-26T11:06:27.783+0000] {logging_mixin.py:190} INFO - [2024-11-26T11:06:27.783+0000] {dag.py:4180} INFO - Setting next_dagrun for example_dag_decorator to None, run_after=None
[2024-11-26T11:06:27.798+0000] {processor.py:208} INFO - Processing /home/airflow/.local/lib/python3.12/site-packages/airflow/example_dags/example_dag_decorator.py took 0.117 seconds
[2024-11-26T11:06:58.186+0000] {processor.py:186} INFO - Started process (PID=1127) to work on /home/airflow/.local/lib/python3.12/site-packages/airflow/example_dags/example_dag_decorator.py
[2024-11-26T11:06:58.187+0000] {processor.py:914} INFO - Processing file /home/airflow/.local/lib/python3.12/site-packages/airflow/example_dags/example_dag_decorator.py for tasks to queue
[2024-11-26T11:06:58.190+0000] {logging_mixin.py:190} INFO - [2024-11-26T11:06:58.190+0000] {dagbag.py:588} INFO - Filling up the DagBag from /home/airflow/.local/lib/python3.12/site-packages/airflow/example_dags/example_dag_decorator.py
[2024-11-26T11:06:58.199+0000] {processor.py:925} INFO - DAG(s) 'example_dag_decorator' retrieved from /home/airflow/.local/lib/python3.12/site-packages/airflow/example_dags/example_dag_decorator.py
[2024-11-26T11:06:58.274+0000] {logging_mixin.py:190} INFO - [2024-11-26T11:06:58.274+0000] {dag.py:3239} INFO - Sync 1 DAGs
[2024-11-26T11:06:58.289+0000] {logging_mixin.py:190} INFO - [2024-11-26T11:06:58.288+0000] {dag.py:4180} INFO - Setting next_dagrun for example_dag_decorator to None, run_after=None
[2024-11-26T11:06:58.304+0000] {processor.py:208} INFO - Processing /home/airflow/.local/lib/python3.12/site-packages/airflow/example_dags/example_dag_decorator.py took 0.125 seconds
[2024-11-26T11:07:29.410+0000] {processor.py:186} INFO - Started process (PID=1191) to work on /home/airflow/.local/lib/python3.12/site-packages/airflow/example_dags/example_dag_decorator.py
[2024-11-26T11:07:29.411+0000] {processor.py:914} INFO - Processing file /home/airflow/.local/lib/python3.12/site-packages/airflow/example_dags/example_dag_decorator.py for tasks to queue
[2024-11-26T11:07:29.412+0000] {logging_mixin.py:190} INFO - [2024-11-26T11:07:29.412+0000] {dagbag.py:588} INFO - Filling up the DagBag from /home/airflow/.local/lib/python3.12/site-packages/airflow/example_dags/example_dag_decorator.py
[2024-11-26T11:07:29.423+0000] {processor.py:925} INFO - DAG(s) 'example_dag_decorator' retrieved from /home/airflow/.local/lib/python3.12/site-packages/airflow/example_dags/example_dag_decorator.py
[2024-11-26T11:07:29.530+0000] {logging_mixin.py:190} INFO - [2024-11-26T11:07:29.530+0000] {dag.py:3239} INFO - Sync 1 DAGs
[2024-11-26T11:07:29.543+0000] {logging_mixin.py:190} INFO - [2024-11-26T11:07:29.542+0000] {dag.py:4180} INFO - Setting next_dagrun for example_dag_decorator to None, run_after=None
[2024-11-26T11:07:29.567+0000] {processor.py:208} INFO - Processing /home/airflow/.local/lib/python3.12/site-packages/airflow/example_dags/example_dag_decorator.py took 0.164 seconds
[2024-11-26T11:07:59.867+0000] {processor.py:186} INFO - Started process (PID=1254) to work on /home/airflow/.local/lib/python3.12/site-packages/airflow/example_dags/example_dag_decorator.py
[2024-11-26T11:07:59.868+0000] {processor.py:914} INFO - Processing file /home/airflow/.local/lib/python3.12/site-packages/airflow/example_dags/example_dag_decorator.py for tasks to queue
[2024-11-26T11:07:59.870+0000] {logging_mixin.py:190} INFO - [2024-11-26T11:07:59.870+0000] {dagbag.py:588} INFO - Filling up the DagBag from /home/airflow/.local/lib/python3.12/site-packages/airflow/example_dags/example_dag_decorator.py
[2024-11-26T11:07:59.879+0000] {processor.py:925} INFO - DAG(s) 'example_dag_decorator' retrieved from /home/airflow/.local/lib/python3.12/site-packages/airflow/example_dags/example_dag_decorator.py
[2024-11-26T11:07:59.970+0000] {logging_mixin.py:190} INFO - [2024-11-26T11:07:59.969+0000] {dag.py:3239} INFO - Sync 1 DAGs
[2024-11-26T11:07:59.981+0000] {logging_mixin.py:190} INFO - [2024-11-26T11:07:59.981+0000] {dag.py:4180} INFO - Setting next_dagrun for example_dag_decorator to None, run_after=None
[2024-11-26T11:08:00.003+0000] {processor.py:208} INFO - Processing /home/airflow/.local/lib/python3.12/site-packages/airflow/example_dags/example_dag_decorator.py took 0.140 seconds
[2024-11-26T11:08:30.348+0000] {processor.py:186} INFO - Started process (PID=1317) to work on /home/airflow/.local/lib/python3.12/site-packages/airflow/example_dags/example_dag_decorator.py
[2024-11-26T11:08:30.349+0000] {processor.py:914} INFO - Processing file /home/airflow/.local/lib/python3.12/site-packages/airflow/example_dags/example_dag_decorator.py for tasks to queue
[2024-11-26T11:08:30.351+0000] {logging_mixin.py:190} INFO - [2024-11-26T11:08:30.351+0000] {dagbag.py:588} INFO - Filling up the DagBag from /home/airflow/.local/lib/python3.12/site-packages/airflow/example_dags/example_dag_decorator.py
[2024-11-26T11:08:30.360+0000] {processor.py:925} INFO - DAG(s) 'example_dag_decorator' retrieved from /home/airflow/.local/lib/python3.12/site-packages/airflow/example_dags/example_dag_decorator.py
[2024-11-26T11:08:30.438+0000] {logging_mixin.py:190} INFO - [2024-11-26T11:08:30.438+0000] {dag.py:3239} INFO - Sync 1 DAGs
[2024-11-26T11:08:30.451+0000] {logging_mixin.py:190} INFO - [2024-11-26T11:08:30.451+0000] {dag.py:4180} INFO - Setting next_dagrun for example_dag_decorator to None, run_after=None
[2024-11-26T11:08:30.470+0000] {processor.py:208} INFO - Processing /home/airflow/.local/lib/python3.12/site-packages/airflow/example_dags/example_dag_decorator.py took 0.126 seconds
[2024-11-26T11:09:00.933+0000] {processor.py:186} INFO - Started process (PID=1380) to work on /home/airflow/.local/lib/python3.12/site-packages/airflow/example_dags/example_dag_decorator.py
[2024-11-26T11:09:00.934+0000] {processor.py:914} INFO - Processing file /home/airflow/.local/lib/python3.12/site-packages/airflow/example_dags/example_dag_decorator.py for tasks to queue
[2024-11-26T11:09:00.936+0000] {logging_mixin.py:190} INFO - [2024-11-26T11:09:00.936+0000] {dagbag.py:588} INFO - Filling up the DagBag from /home/airflow/.local/lib/python3.12/site-packages/airflow/example_dags/example_dag_decorator.py
[2024-11-26T11:09:00.946+0000] {processor.py:925} INFO - DAG(s) 'example_dag_decorator' retrieved from /home/airflow/.local/lib/python3.12/site-packages/airflow/example_dags/example_dag_decorator.py
[2024-11-26T11:09:01.024+0000] {logging_mixin.py:190} INFO - [2024-11-26T11:09:01.023+0000] {dag.py:3239} INFO - Sync 1 DAGs
[2024-11-26T11:09:01.032+0000] {logging_mixin.py:190} INFO - [2024-11-26T11:09:01.032+0000] {dag.py:4180} INFO - Setting next_dagrun for example_dag_decorator to None, run_after=None
[2024-11-26T11:09:01.049+0000] {processor.py:208} INFO - Processing /home/airflow/.local/lib/python3.12/site-packages/airflow/example_dags/example_dag_decorator.py took 0.123 seconds
[2024-11-26T11:09:31.315+0000] {processor.py:186} INFO - Started process (PID=1442) to work on /home/airflow/.local/lib/python3.12/site-packages/airflow/example_dags/example_dag_decorator.py
[2024-11-26T11:09:31.316+0000] {processor.py:914} INFO - Processing file /home/airflow/.local/lib/python3.12/site-packages/airflow/example_dags/example_dag_decorator.py for tasks to queue
[2024-11-26T11:09:31.319+0000] {logging_mixin.py:190} INFO - [2024-11-26T11:09:31.318+0000] {dagbag.py:588} INFO - Filling up the DagBag from /home/airflow/.local/lib/python3.12/site-packages/airflow/example_dags/example_dag_decorator.py
[2024-11-26T11:09:31.329+0000] {processor.py:925} INFO - DAG(s) 'example_dag_decorator' retrieved from /home/airflow/.local/lib/python3.12/site-packages/airflow/example_dags/example_dag_decorator.py
[2024-11-26T11:09:31.429+0000] {logging_mixin.py:190} INFO - [2024-11-26T11:09:31.429+0000] {dag.py:3239} INFO - Sync 1 DAGs
[2024-11-26T11:09:31.441+0000] {logging_mixin.py:190} INFO - [2024-11-26T11:09:31.440+0000] {dag.py:4180} INFO - Setting next_dagrun for example_dag_decorator to None, run_after=None
[2024-11-26T11:09:31.465+0000] {processor.py:208} INFO - Processing /home/airflow/.local/lib/python3.12/site-packages/airflow/example_dags/example_dag_decorator.py took 0.159 seconds
[2024-11-26T11:10:02.012+0000] {processor.py:186} INFO - Started process (PID=1506) to work on /home/airflow/.local/lib/python3.12/site-packages/airflow/example_dags/example_dag_decorator.py
[2024-11-26T11:10:02.013+0000] {processor.py:914} INFO - Processing file /home/airflow/.local/lib/python3.12/site-packages/airflow/example_dags/example_dag_decorator.py for tasks to queue
[2024-11-26T11:10:02.017+0000] {logging_mixin.py:190} INFO - [2024-11-26T11:10:02.016+0000] {dagbag.py:588} INFO - Filling up the DagBag from /home/airflow/.local/lib/python3.12/site-packages/airflow/example_dags/example_dag_decorator.py
[2024-11-26T11:10:02.028+0000] {processor.py:925} INFO - DAG(s) 'example_dag_decorator' retrieved from /home/airflow/.local/lib/python3.12/site-packages/airflow/example_dags/example_dag_decorator.py
[2024-11-26T11:10:02.111+0000] {logging_mixin.py:190} INFO - [2024-11-26T11:10:02.111+0000] {dag.py:3239} INFO - Sync 1 DAGs
[2024-11-26T11:10:02.119+0000] {logging_mixin.py:190} INFO - [2024-11-26T11:10:02.119+0000] {dag.py:4180} INFO - Setting next_dagrun for example_dag_decorator to None, run_after=None
[2024-11-26T11:10:02.151+0000] {processor.py:208} INFO - Processing /home/airflow/.local/lib/python3.12/site-packages/airflow/example_dags/example_dag_decorator.py took 0.144 seconds
[2024-11-26T11:10:33.541+0000] {processor.py:186} INFO - Started process (PID=1569) to work on /home/airflow/.local/lib/python3.12/site-packages/airflow/example_dags/example_dag_decorator.py
[2024-11-26T11:10:33.542+0000] {processor.py:914} INFO - Processing file /home/airflow/.local/lib/python3.12/site-packages/airflow/example_dags/example_dag_decorator.py for tasks to queue
[2024-11-26T11:10:33.545+0000] {logging_mixin.py:190} INFO - [2024-11-26T11:10:33.545+0000] {dagbag.py:588} INFO - Filling up the DagBag from /home/airflow/.local/lib/python3.12/site-packages/airflow/example_dags/example_dag_decorator.py
[2024-11-26T11:10:33.564+0000] {processor.py:925} INFO - DAG(s) 'example_dag_decorator' retrieved from /home/airflow/.local/lib/python3.12/site-packages/airflow/example_dags/example_dag_decorator.py
[2024-11-26T11:10:33.656+0000] {logging_mixin.py:190} INFO - [2024-11-26T11:10:33.656+0000] {dag.py:3239} INFO - Sync 1 DAGs
[2024-11-26T11:10:33.667+0000] {logging_mixin.py:190} INFO - [2024-11-26T11:10:33.667+0000] {dag.py:4180} INFO - Setting next_dagrun for example_dag_decorator to None, run_after=None
[2024-11-26T11:10:33.688+0000] {processor.py:208} INFO - Processing /home/airflow/.local/lib/python3.12/site-packages/airflow/example_dags/example_dag_decorator.py took 0.154 seconds
[2024-11-26T11:11:03.974+0000] {processor.py:186} INFO - Started process (PID=1632) to work on /home/airflow/.local/lib/python3.12/site-packages/airflow/example_dags/example_dag_decorator.py
[2024-11-26T11:11:03.975+0000] {processor.py:914} INFO - Processing file /home/airflow/.local/lib/python3.12/site-packages/airflow/example_dags/example_dag_decorator.py for tasks to queue
[2024-11-26T11:11:03.977+0000] {logging_mixin.py:190} INFO - [2024-11-26T11:11:03.977+0000] {dagbag.py:588} INFO - Filling up the DagBag from /home/airflow/.local/lib/python3.12/site-packages/airflow/example_dags/example_dag_decorator.py
[2024-11-26T11:11:03.987+0000] {processor.py:925} INFO - DAG(s) 'example_dag_decorator' retrieved from /home/airflow/.local/lib/python3.12/site-packages/airflow/example_dags/example_dag_decorator.py
[2024-11-26T11:11:04.074+0000] {logging_mixin.py:190} INFO - [2024-11-26T11:11:04.073+0000] {dag.py:3239} INFO - Sync 1 DAGs
[2024-11-26T11:11:04.083+0000] {logging_mixin.py:190} INFO - [2024-11-26T11:11:04.083+0000] {dag.py:4180} INFO - Setting next_dagrun for example_dag_decorator to None, run_after=None
[2024-11-26T11:11:04.097+0000] {processor.py:208} INFO - Processing /home/airflow/.local/lib/python3.12/site-packages/airflow/example_dags/example_dag_decorator.py took 0.130 seconds
[2024-11-26T11:11:34.651+0000] {processor.py:186} INFO - Started process (PID=1695) to work on /home/airflow/.local/lib/python3.12/site-packages/airflow/example_dags/example_dag_decorator.py
[2024-11-26T11:11:34.653+0000] {processor.py:914} INFO - Processing file /home/airflow/.local/lib/python3.12/site-packages/airflow/example_dags/example_dag_decorator.py for tasks to queue
[2024-11-26T11:11:34.655+0000] {logging_mixin.py:190} INFO - [2024-11-26T11:11:34.654+0000] {dagbag.py:588} INFO - Filling up the DagBag from /home/airflow/.local/lib/python3.12/site-packages/airflow/example_dags/example_dag_decorator.py
[2024-11-26T11:11:34.665+0000] {processor.py:925} INFO - DAG(s) 'example_dag_decorator' retrieved from /home/airflow/.local/lib/python3.12/site-packages/airflow/example_dags/example_dag_decorator.py
[2024-11-26T11:11:34.732+0000] {logging_mixin.py:190} INFO - [2024-11-26T11:11:34.732+0000] {dag.py:3239} INFO - Sync 1 DAGs
[2024-11-26T11:11:34.740+0000] {logging_mixin.py:190} INFO - [2024-11-26T11:11:34.740+0000] {dag.py:4180} INFO - Setting next_dagrun for example_dag_decorator to None, run_after=None
[2024-11-26T11:11:34.754+0000] {processor.py:208} INFO - Processing /home/airflow/.local/lib/python3.12/site-packages/airflow/example_dags/example_dag_decorator.py took 0.107 seconds
