[2024-11-26T10:58:44.292+0000] {processor.py:186} INFO - Started process (PID=107) to work on /home/airflow/.local/lib/python3.12/site-packages/airflow/example_dags/example_dataset_alias_with_no_taskflow.py
[2024-11-26T10:58:44.292+0000] {processor.py:914} INFO - Processing file /home/airflow/.local/lib/python3.12/site-packages/airflow/example_dags/example_dataset_alias_with_no_taskflow.py for tasks to queue
[2024-11-26T10:58:44.295+0000] {logging_mixin.py:190} INFO - [2024-11-26T10:58:44.294+0000] {dagbag.py:588} INFO - Filling up the DagBag from /home/airflow/.local/lib/python3.12/site-packages/airflow/example_dags/example_dataset_alias_with_no_taskflow.py
[2024-11-26T10:58:44.753+0000] {processor.py:925} INFO - DAG(s) 'dataset_s3_bucket_producer_with_no_taskflow', 'dataset_s3_bucket_consumer_with_no_taskflow', 'dataset_alias_example_alias_consumer_with_no_taskflow', 'dataset_alias_example_alias_producer_with_no_taskflow' retrieved from /home/airflow/.local/lib/python3.12/site-packages/airflow/example_dags/example_dataset_alias_with_no_taskflow.py
[2024-11-26T10:58:44.837+0000] {logging_mixin.py:190} INFO - [2024-11-26T10:58:44.836+0000] {override.py:1911} INFO - Created Permission View: can delete on DAG:dataset_s3_bucket_producer_with_no_taskflow
[2024-11-26T10:58:44.852+0000] {logging_mixin.py:190} INFO - [2024-11-26T10:58:44.851+0000] {override.py:1911} INFO - Created Permission View: can read on DAG:dataset_s3_bucket_producer_with_no_taskflow
[2024-11-26T10:58:44.862+0000] {logging_mixin.py:190} INFO - [2024-11-26T10:58:44.862+0000] {override.py:1911} INFO - Created Permission View: can edit on DAG:dataset_s3_bucket_producer_with_no_taskflow
[2024-11-26T10:58:44.872+0000] {logging_mixin.py:190} INFO - [2024-11-26T10:58:44.872+0000] {override.py:1911} INFO - Created Permission View: can create on DAG Run:dataset_s3_bucket_producer_with_no_taskflow
[2024-11-26T10:58:44.880+0000] {logging_mixin.py:190} INFO - [2024-11-26T10:58:44.880+0000] {override.py:1911} INFO - Created Permission View: can read on DAG Run:dataset_s3_bucket_producer_with_no_taskflow
[2024-11-26T10:58:44.888+0000] {logging_mixin.py:190} INFO - [2024-11-26T10:58:44.888+0000] {override.py:1911} INFO - Created Permission View: menu access on DAG Run:dataset_s3_bucket_producer_with_no_taskflow
[2024-11-26T10:58:44.897+0000] {logging_mixin.py:190} INFO - [2024-11-26T10:58:44.897+0000] {override.py:1911} INFO - Created Permission View: can delete on DAG Run:dataset_s3_bucket_producer_with_no_taskflow
[2024-11-26T10:58:44.914+0000] {logging_mixin.py:190} INFO - [2024-11-26T10:58:44.914+0000] {override.py:1911} INFO - Created Permission View: can delete on DAG:dataset_s3_bucket_consumer_with_no_taskflow
[2024-11-26T10:58:44.922+0000] {logging_mixin.py:190} INFO - [2024-11-26T10:58:44.921+0000] {override.py:1911} INFO - Created Permission View: can read on DAG:dataset_s3_bucket_consumer_with_no_taskflow
[2024-11-26T10:58:44.931+0000] {logging_mixin.py:190} INFO - [2024-11-26T10:58:44.931+0000] {override.py:1911} INFO - Created Permission View: can edit on DAG:dataset_s3_bucket_consumer_with_no_taskflow
[2024-11-26T10:58:44.942+0000] {logging_mixin.py:190} INFO - [2024-11-26T10:58:44.942+0000] {override.py:1911} INFO - Created Permission View: can create on DAG Run:dataset_s3_bucket_consumer_with_no_taskflow
[2024-11-26T10:58:44.952+0000] {logging_mixin.py:190} INFO - [2024-11-26T10:58:44.951+0000] {override.py:1911} INFO - Created Permission View: can read on DAG Run:dataset_s3_bucket_consumer_with_no_taskflow
[2024-11-26T10:58:44.962+0000] {logging_mixin.py:190} INFO - [2024-11-26T10:58:44.962+0000] {override.py:1911} INFO - Created Permission View: menu access on DAG Run:dataset_s3_bucket_consumer_with_no_taskflow
[2024-11-26T10:58:44.969+0000] {logging_mixin.py:190} INFO - [2024-11-26T10:58:44.969+0000] {override.py:1911} INFO - Created Permission View: can delete on DAG Run:dataset_s3_bucket_consumer_with_no_taskflow
[2024-11-26T10:58:44.985+0000] {logging_mixin.py:190} INFO - [2024-11-26T10:58:44.984+0000] {override.py:1911} INFO - Created Permission View: can delete on DAG:dataset_alias_example_alias_consumer_with_no_taskflow
[2024-11-26T10:58:44.991+0000] {logging_mixin.py:190} INFO - [2024-11-26T10:58:44.991+0000] {override.py:1911} INFO - Created Permission View: can read on DAG:dataset_alias_example_alias_consumer_with_no_taskflow
[2024-11-26T10:58:45.000+0000] {logging_mixin.py:190} INFO - [2024-11-26T10:58:45.000+0000] {override.py:1911} INFO - Created Permission View: can edit on DAG:dataset_alias_example_alias_consumer_with_no_taskflow
[2024-11-26T10:58:45.007+0000] {logging_mixin.py:190} INFO - [2024-11-26T10:58:45.006+0000] {override.py:1911} INFO - Created Permission View: can create on DAG Run:dataset_alias_example_alias_consumer_with_no_taskflow
[2024-11-26T10:58:45.013+0000] {logging_mixin.py:190} INFO - [2024-11-26T10:58:45.013+0000] {override.py:1911} INFO - Created Permission View: can read on DAG Run:dataset_alias_example_alias_consumer_with_no_taskflow
[2024-11-26T10:58:45.021+0000] {logging_mixin.py:190} INFO - [2024-11-26T10:58:45.020+0000] {override.py:1911} INFO - Created Permission View: menu access on DAG Run:dataset_alias_example_alias_consumer_with_no_taskflow
[2024-11-26T10:58:45.028+0000] {logging_mixin.py:190} INFO - [2024-11-26T10:58:45.028+0000] {override.py:1911} INFO - Created Permission View: can delete on DAG Run:dataset_alias_example_alias_consumer_with_no_taskflow
[2024-11-26T10:58:45.047+0000] {logging_mixin.py:190} INFO - [2024-11-26T10:58:45.047+0000] {override.py:1911} INFO - Created Permission View: can delete on DAG:dataset_alias_example_alias_producer_with_no_taskflow
[2024-11-26T10:58:45.058+0000] {logging_mixin.py:190} INFO - [2024-11-26T10:58:45.057+0000] {override.py:1911} INFO - Created Permission View: can read on DAG:dataset_alias_example_alias_producer_with_no_taskflow
[2024-11-26T10:58:45.065+0000] {logging_mixin.py:190} INFO - [2024-11-26T10:58:45.065+0000] {override.py:1911} INFO - Created Permission View: can edit on DAG:dataset_alias_example_alias_producer_with_no_taskflow
[2024-11-26T10:58:45.074+0000] {logging_mixin.py:190} INFO - [2024-11-26T10:58:45.073+0000] {override.py:1911} INFO - Created Permission View: can create on DAG Run:dataset_alias_example_alias_producer_with_no_taskflow
[2024-11-26T10:58:45.079+0000] {logging_mixin.py:190} INFO - [2024-11-26T10:58:45.079+0000] {override.py:1911} INFO - Created Permission View: can read on DAG Run:dataset_alias_example_alias_producer_with_no_taskflow
[2024-11-26T10:58:45.085+0000] {logging_mixin.py:190} INFO - [2024-11-26T10:58:45.085+0000] {override.py:1911} INFO - Created Permission View: menu access on DAG Run:dataset_alias_example_alias_producer_with_no_taskflow
[2024-11-26T10:58:45.091+0000] {logging_mixin.py:190} INFO - [2024-11-26T10:58:45.091+0000] {override.py:1911} INFO - Created Permission View: can delete on DAG Run:dataset_alias_example_alias_producer_with_no_taskflow
[2024-11-26T10:58:45.092+0000] {logging_mixin.py:190} INFO - [2024-11-26T10:58:45.092+0000] {dag.py:3239} INFO - Sync 4 DAGs
[2024-11-26T10:58:45.103+0000] {logging_mixin.py:190} INFO - [2024-11-26T10:58:45.102+0000] {dag.py:3262} INFO - Creating ORM DAG for dataset_alias_example_alias_consumer_with_no_taskflow
[2024-11-26T10:58:45.103+0000] {logging_mixin.py:190} INFO - [2024-11-26T10:58:45.103+0000] {dag.py:3262} INFO - Creating ORM DAG for dataset_s3_bucket_consumer_with_no_taskflow
[2024-11-26T10:58:45.104+0000] {logging_mixin.py:190} INFO - [2024-11-26T10:58:45.104+0000] {dag.py:3262} INFO - Creating ORM DAG for dataset_s3_bucket_producer_with_no_taskflow
[2024-11-26T10:58:45.105+0000] {logging_mixin.py:190} INFO - [2024-11-26T10:58:45.105+0000] {dag.py:3262} INFO - Creating ORM DAG for dataset_alias_example_alias_producer_with_no_taskflow
[2024-11-26T10:58:45.115+0000] {logging_mixin.py:190} INFO - [2024-11-26T10:58:45.115+0000] {dag.py:4180} INFO - Setting next_dagrun for dataset_alias_example_alias_consumer_with_no_taskflow to None, run_after=None
[2024-11-26T10:58:45.116+0000] {logging_mixin.py:190} INFO - [2024-11-26T10:58:45.116+0000] {dag.py:4180} INFO - Setting next_dagrun for dataset_alias_example_alias_producer_with_no_taskflow to None, run_after=None
[2024-11-26T10:58:45.117+0000] {logging_mixin.py:190} INFO - [2024-11-26T10:58:45.117+0000] {dag.py:4180} INFO - Setting next_dagrun for dataset_s3_bucket_consumer_with_no_taskflow to None, run_after=None
[2024-11-26T10:58:45.118+0000] {logging_mixin.py:190} INFO - [2024-11-26T10:58:45.117+0000] {dag.py:4180} INFO - Setting next_dagrun for dataset_s3_bucket_producer_with_no_taskflow to None, run_after=None
[2024-11-26T10:58:45.141+0000] {processor.py:208} INFO - Processing /home/airflow/.local/lib/python3.12/site-packages/airflow/example_dags/example_dataset_alias_with_no_taskflow.py took 0.855 seconds
[2024-11-26T10:59:15.949+0000] {processor.py:186} INFO - Started process (PID=171) to work on /home/airflow/.local/lib/python3.12/site-packages/airflow/example_dags/example_dataset_alias_with_no_taskflow.py
[2024-11-26T10:59:15.950+0000] {processor.py:914} INFO - Processing file /home/airflow/.local/lib/python3.12/site-packages/airflow/example_dags/example_dataset_alias_with_no_taskflow.py for tasks to queue
[2024-11-26T10:59:15.954+0000] {logging_mixin.py:190} INFO - [2024-11-26T10:59:15.954+0000] {dagbag.py:588} INFO - Filling up the DagBag from /home/airflow/.local/lib/python3.12/site-packages/airflow/example_dags/example_dataset_alias_with_no_taskflow.py
[2024-11-26T10:59:16.339+0000] {processor.py:925} INFO - DAG(s) 'dataset_alias_example_alias_consumer_with_no_taskflow', 'dataset_alias_example_alias_producer_with_no_taskflow', 'dataset_s3_bucket_producer_with_no_taskflow', 'dataset_s3_bucket_consumer_with_no_taskflow' retrieved from /home/airflow/.local/lib/python3.12/site-packages/airflow/example_dags/example_dataset_alias_with_no_taskflow.py
[2024-11-26T10:59:16.357+0000] {logging_mixin.py:190} INFO - [2024-11-26T10:59:16.356+0000] {dag.py:3239} INFO - Sync 4 DAGs
[2024-11-26T10:59:16.375+0000] {logging_mixin.py:190} INFO - [2024-11-26T10:59:16.375+0000] {dag.py:4180} INFO - Setting next_dagrun for dataset_alias_example_alias_consumer_with_no_taskflow to None, run_after=None
[2024-11-26T10:59:16.377+0000] {logging_mixin.py:190} INFO - [2024-11-26T10:59:16.377+0000] {dag.py:4180} INFO - Setting next_dagrun for dataset_alias_example_alias_producer_with_no_taskflow to None, run_after=None
[2024-11-26T10:59:16.379+0000] {logging_mixin.py:190} INFO - [2024-11-26T10:59:16.379+0000] {dag.py:4180} INFO - Setting next_dagrun for dataset_s3_bucket_consumer_with_no_taskflow to None, run_after=None
[2024-11-26T10:59:16.381+0000] {logging_mixin.py:190} INFO - [2024-11-26T10:59:16.380+0000] {dag.py:4180} INFO - Setting next_dagrun for dataset_s3_bucket_producer_with_no_taskflow to None, run_after=None
[2024-11-26T10:59:16.399+0000] {processor.py:208} INFO - Processing /home/airflow/.local/lib/python3.12/site-packages/airflow/example_dags/example_dataset_alias_with_no_taskflow.py took 0.455 seconds
[2024-11-26T10:59:46.593+0000] {processor.py:186} INFO - Started process (PID=234) to work on /home/airflow/.local/lib/python3.12/site-packages/airflow/example_dags/example_dataset_alias_with_no_taskflow.py
[2024-11-26T10:59:46.594+0000] {processor.py:914} INFO - Processing file /home/airflow/.local/lib/python3.12/site-packages/airflow/example_dags/example_dataset_alias_with_no_taskflow.py for tasks to queue
[2024-11-26T10:59:46.596+0000] {logging_mixin.py:190} INFO - [2024-11-26T10:59:46.596+0000] {dagbag.py:588} INFO - Filling up the DagBag from /home/airflow/.local/lib/python3.12/site-packages/airflow/example_dags/example_dataset_alias_with_no_taskflow.py
[2024-11-26T10:59:46.983+0000] {processor.py:925} INFO - DAG(s) 'dataset_s3_bucket_consumer_with_no_taskflow', 'dataset_s3_bucket_producer_with_no_taskflow', 'dataset_alias_example_alias_consumer_with_no_taskflow', 'dataset_alias_example_alias_producer_with_no_taskflow' retrieved from /home/airflow/.local/lib/python3.12/site-packages/airflow/example_dags/example_dataset_alias_with_no_taskflow.py
[2024-11-26T10:59:46.999+0000] {logging_mixin.py:190} INFO - [2024-11-26T10:59:46.999+0000] {dag.py:3239} INFO - Sync 4 DAGs
[2024-11-26T10:59:47.024+0000] {logging_mixin.py:190} INFO - [2024-11-26T10:59:47.024+0000] {dag.py:4180} INFO - Setting next_dagrun for dataset_alias_example_alias_consumer_with_no_taskflow to None, run_after=None
[2024-11-26T10:59:47.028+0000] {logging_mixin.py:190} INFO - [2024-11-26T10:59:47.027+0000] {dag.py:4180} INFO - Setting next_dagrun for dataset_alias_example_alias_producer_with_no_taskflow to None, run_after=None
[2024-11-26T10:59:47.032+0000] {logging_mixin.py:190} INFO - [2024-11-26T10:59:47.032+0000] {dag.py:4180} INFO - Setting next_dagrun for dataset_s3_bucket_consumer_with_no_taskflow to None, run_after=None
[2024-11-26T10:59:47.035+0000] {logging_mixin.py:190} INFO - [2024-11-26T10:59:47.034+0000] {dag.py:4180} INFO - Setting next_dagrun for dataset_s3_bucket_producer_with_no_taskflow to None, run_after=None
[2024-11-26T10:59:47.056+0000] {processor.py:208} INFO - Processing /home/airflow/.local/lib/python3.12/site-packages/airflow/example_dags/example_dataset_alias_with_no_taskflow.py took 0.468 seconds
[2024-11-26T11:00:17.533+0000] {processor.py:186} INFO - Started process (PID=298) to work on /home/airflow/.local/lib/python3.12/site-packages/airflow/example_dags/example_dataset_alias_with_no_taskflow.py
[2024-11-26T11:00:17.535+0000] {processor.py:914} INFO - Processing file /home/airflow/.local/lib/python3.12/site-packages/airflow/example_dags/example_dataset_alias_with_no_taskflow.py for tasks to queue
[2024-11-26T11:00:17.538+0000] {logging_mixin.py:190} INFO - [2024-11-26T11:00:17.538+0000] {dagbag.py:588} INFO - Filling up the DagBag from /home/airflow/.local/lib/python3.12/site-packages/airflow/example_dags/example_dataset_alias_with_no_taskflow.py
[2024-11-26T11:00:17.956+0000] {processor.py:925} INFO - DAG(s) 'dataset_alias_example_alias_producer_with_no_taskflow', 'dataset_s3_bucket_producer_with_no_taskflow', 'dataset_s3_bucket_consumer_with_no_taskflow', 'dataset_alias_example_alias_consumer_with_no_taskflow' retrieved from /home/airflow/.local/lib/python3.12/site-packages/airflow/example_dags/example_dataset_alias_with_no_taskflow.py
[2024-11-26T11:00:17.973+0000] {logging_mixin.py:190} INFO - [2024-11-26T11:00:17.973+0000] {dag.py:3239} INFO - Sync 4 DAGs
[2024-11-26T11:00:17.988+0000] {logging_mixin.py:190} INFO - [2024-11-26T11:00:17.988+0000] {dag.py:4180} INFO - Setting next_dagrun for dataset_alias_example_alias_consumer_with_no_taskflow to None, run_after=None
[2024-11-26T11:00:17.990+0000] {logging_mixin.py:190} INFO - [2024-11-26T11:00:17.990+0000] {dag.py:4180} INFO - Setting next_dagrun for dataset_alias_example_alias_producer_with_no_taskflow to None, run_after=None
[2024-11-26T11:00:17.993+0000] {logging_mixin.py:190} INFO - [2024-11-26T11:00:17.993+0000] {dag.py:4180} INFO - Setting next_dagrun for dataset_s3_bucket_consumer_with_no_taskflow to None, run_after=None
[2024-11-26T11:00:17.995+0000] {logging_mixin.py:190} INFO - [2024-11-26T11:00:17.995+0000] {dag.py:4180} INFO - Setting next_dagrun for dataset_s3_bucket_producer_with_no_taskflow to None, run_after=None
[2024-11-26T11:00:18.017+0000] {processor.py:208} INFO - Processing /home/airflow/.local/lib/python3.12/site-packages/airflow/example_dags/example_dataset_alias_with_no_taskflow.py took 0.492 seconds
[2024-11-26T11:00:48.703+0000] {processor.py:186} INFO - Started process (PID=364) to work on /home/airflow/.local/lib/python3.12/site-packages/airflow/example_dags/example_dataset_alias_with_no_taskflow.py
[2024-11-26T11:00:48.704+0000] {processor.py:914} INFO - Processing file /home/airflow/.local/lib/python3.12/site-packages/airflow/example_dags/example_dataset_alias_with_no_taskflow.py for tasks to queue
[2024-11-26T11:00:48.708+0000] {logging_mixin.py:190} INFO - [2024-11-26T11:00:48.707+0000] {dagbag.py:588} INFO - Filling up the DagBag from /home/airflow/.local/lib/python3.12/site-packages/airflow/example_dags/example_dataset_alias_with_no_taskflow.py
[2024-11-26T11:00:49.125+0000] {processor.py:925} INFO - DAG(s) 'dataset_alias_example_alias_consumer_with_no_taskflow', 'dataset_s3_bucket_producer_with_no_taskflow', 'dataset_alias_example_alias_producer_with_no_taskflow', 'dataset_s3_bucket_consumer_with_no_taskflow' retrieved from /home/airflow/.local/lib/python3.12/site-packages/airflow/example_dags/example_dataset_alias_with_no_taskflow.py
[2024-11-26T11:00:49.139+0000] {logging_mixin.py:190} INFO - [2024-11-26T11:00:49.139+0000] {dag.py:3239} INFO - Sync 4 DAGs
[2024-11-26T11:00:49.157+0000] {logging_mixin.py:190} INFO - [2024-11-26T11:00:49.157+0000] {dag.py:4180} INFO - Setting next_dagrun for dataset_alias_example_alias_consumer_with_no_taskflow to None, run_after=None
[2024-11-26T11:00:49.160+0000] {logging_mixin.py:190} INFO - [2024-11-26T11:00:49.159+0000] {dag.py:4180} INFO - Setting next_dagrun for dataset_alias_example_alias_producer_with_no_taskflow to None, run_after=None
[2024-11-26T11:00:49.161+0000] {logging_mixin.py:190} INFO - [2024-11-26T11:00:49.161+0000] {dag.py:4180} INFO - Setting next_dagrun for dataset_s3_bucket_consumer_with_no_taskflow to None, run_after=None
[2024-11-26T11:00:49.162+0000] {logging_mixin.py:190} INFO - [2024-11-26T11:00:49.162+0000] {dag.py:4180} INFO - Setting next_dagrun for dataset_s3_bucket_producer_with_no_taskflow to None, run_after=None
[2024-11-26T11:00:49.180+0000] {processor.py:208} INFO - Processing /home/airflow/.local/lib/python3.12/site-packages/airflow/example_dags/example_dataset_alias_with_no_taskflow.py took 0.481 seconds
[2024-11-26T11:01:19.503+0000] {processor.py:186} INFO - Started process (PID=426) to work on /home/airflow/.local/lib/python3.12/site-packages/airflow/example_dags/example_dataset_alias_with_no_taskflow.py
[2024-11-26T11:01:19.504+0000] {processor.py:914} INFO - Processing file /home/airflow/.local/lib/python3.12/site-packages/airflow/example_dags/example_dataset_alias_with_no_taskflow.py for tasks to queue
[2024-11-26T11:01:19.508+0000] {logging_mixin.py:190} INFO - [2024-11-26T11:01:19.507+0000] {dagbag.py:588} INFO - Filling up the DagBag from /home/airflow/.local/lib/python3.12/site-packages/airflow/example_dags/example_dataset_alias_with_no_taskflow.py
[2024-11-26T11:01:19.934+0000] {processor.py:925} INFO - DAG(s) 'dataset_s3_bucket_consumer_with_no_taskflow', 'dataset_alias_example_alias_consumer_with_no_taskflow', 'dataset_alias_example_alias_producer_with_no_taskflow', 'dataset_s3_bucket_producer_with_no_taskflow' retrieved from /home/airflow/.local/lib/python3.12/site-packages/airflow/example_dags/example_dataset_alias_with_no_taskflow.py
[2024-11-26T11:01:19.957+0000] {logging_mixin.py:190} INFO - [2024-11-26T11:01:19.957+0000] {dag.py:3239} INFO - Sync 4 DAGs
[2024-11-26T11:01:19.977+0000] {logging_mixin.py:190} INFO - [2024-11-26T11:01:19.977+0000] {dag.py:4180} INFO - Setting next_dagrun for dataset_alias_example_alias_consumer_with_no_taskflow to None, run_after=None
[2024-11-26T11:01:19.980+0000] {logging_mixin.py:190} INFO - [2024-11-26T11:01:19.980+0000] {dag.py:4180} INFO - Setting next_dagrun for dataset_alias_example_alias_producer_with_no_taskflow to None, run_after=None
[2024-11-26T11:01:19.982+0000] {logging_mixin.py:190} INFO - [2024-11-26T11:01:19.982+0000] {dag.py:4180} INFO - Setting next_dagrun for dataset_s3_bucket_consumer_with_no_taskflow to None, run_after=None
[2024-11-26T11:01:19.983+0000] {logging_mixin.py:190} INFO - [2024-11-26T11:01:19.983+0000] {dag.py:4180} INFO - Setting next_dagrun for dataset_s3_bucket_producer_with_no_taskflow to None, run_after=None
[2024-11-26T11:01:20.006+0000] {processor.py:208} INFO - Processing /home/airflow/.local/lib/python3.12/site-packages/airflow/example_dags/example_dataset_alias_with_no_taskflow.py took 0.509 seconds
[2024-11-26T11:01:50.501+0000] {processor.py:186} INFO - Started process (PID=491) to work on /home/airflow/.local/lib/python3.12/site-packages/airflow/example_dags/example_dataset_alias_with_no_taskflow.py
[2024-11-26T11:01:50.502+0000] {processor.py:914} INFO - Processing file /home/airflow/.local/lib/python3.12/site-packages/airflow/example_dags/example_dataset_alias_with_no_taskflow.py for tasks to queue
[2024-11-26T11:01:50.504+0000] {logging_mixin.py:190} INFO - [2024-11-26T11:01:50.504+0000] {dagbag.py:588} INFO - Filling up the DagBag from /home/airflow/.local/lib/python3.12/site-packages/airflow/example_dags/example_dataset_alias_with_no_taskflow.py
[2024-11-26T11:01:50.953+0000] {processor.py:925} INFO - DAG(s) 'dataset_s3_bucket_producer_with_no_taskflow', 'dataset_s3_bucket_consumer_with_no_taskflow', 'dataset_alias_example_alias_producer_with_no_taskflow', 'dataset_alias_example_alias_consumer_with_no_taskflow' retrieved from /home/airflow/.local/lib/python3.12/site-packages/airflow/example_dags/example_dataset_alias_with_no_taskflow.py
[2024-11-26T11:01:50.975+0000] {logging_mixin.py:190} INFO - [2024-11-26T11:01:50.974+0000] {dag.py:3239} INFO - Sync 4 DAGs
[2024-11-26T11:01:50.994+0000] {logging_mixin.py:190} INFO - [2024-11-26T11:01:50.993+0000] {dag.py:4180} INFO - Setting next_dagrun for dataset_alias_example_alias_consumer_with_no_taskflow to None, run_after=None
[2024-11-26T11:01:50.997+0000] {logging_mixin.py:190} INFO - [2024-11-26T11:01:50.997+0000] {dag.py:4180} INFO - Setting next_dagrun for dataset_alias_example_alias_producer_with_no_taskflow to None, run_after=None
[2024-11-26T11:01:50.999+0000] {logging_mixin.py:190} INFO - [2024-11-26T11:01:50.999+0000] {dag.py:4180} INFO - Setting next_dagrun for dataset_s3_bucket_consumer_with_no_taskflow to None, run_after=None
[2024-11-26T11:01:51.000+0000] {logging_mixin.py:190} INFO - [2024-11-26T11:01:51.000+0000] {dag.py:4180} INFO - Setting next_dagrun for dataset_s3_bucket_producer_with_no_taskflow to None, run_after=None
[2024-11-26T11:01:51.016+0000] {processor.py:208} INFO - Processing /home/airflow/.local/lib/python3.12/site-packages/airflow/example_dags/example_dataset_alias_with_no_taskflow.py took 0.520 seconds
[2024-11-26T11:02:21.373+0000] {processor.py:186} INFO - Started process (PID=559) to work on /home/airflow/.local/lib/python3.12/site-packages/airflow/example_dags/example_dataset_alias_with_no_taskflow.py
[2024-11-26T11:02:21.374+0000] {processor.py:914} INFO - Processing file /home/airflow/.local/lib/python3.12/site-packages/airflow/example_dags/example_dataset_alias_with_no_taskflow.py for tasks to queue
[2024-11-26T11:02:21.377+0000] {logging_mixin.py:190} INFO - [2024-11-26T11:02:21.377+0000] {dagbag.py:588} INFO - Filling up the DagBag from /home/airflow/.local/lib/python3.12/site-packages/airflow/example_dags/example_dataset_alias_with_no_taskflow.py
[2024-11-26T11:02:21.787+0000] {processor.py:925} INFO - DAG(s) 'dataset_s3_bucket_consumer_with_no_taskflow', 'dataset_s3_bucket_producer_with_no_taskflow', 'dataset_alias_example_alias_consumer_with_no_taskflow', 'dataset_alias_example_alias_producer_with_no_taskflow' retrieved from /home/airflow/.local/lib/python3.12/site-packages/airflow/example_dags/example_dataset_alias_with_no_taskflow.py
[2024-11-26T11:02:21.805+0000] {logging_mixin.py:190} INFO - [2024-11-26T11:02:21.804+0000] {dag.py:3239} INFO - Sync 4 DAGs
[2024-11-26T11:02:21.823+0000] {logging_mixin.py:190} INFO - [2024-11-26T11:02:21.823+0000] {dag.py:4180} INFO - Setting next_dagrun for dataset_alias_example_alias_consumer_with_no_taskflow to None, run_after=None
[2024-11-26T11:02:21.827+0000] {logging_mixin.py:190} INFO - [2024-11-26T11:02:21.827+0000] {dag.py:4180} INFO - Setting next_dagrun for dataset_alias_example_alias_producer_with_no_taskflow to None, run_after=None
[2024-11-26T11:02:21.829+0000] {logging_mixin.py:190} INFO - [2024-11-26T11:02:21.829+0000] {dag.py:4180} INFO - Setting next_dagrun for dataset_s3_bucket_consumer_with_no_taskflow to None, run_after=None
[2024-11-26T11:02:21.830+0000] {logging_mixin.py:190} INFO - [2024-11-26T11:02:21.830+0000] {dag.py:4180} INFO - Setting next_dagrun for dataset_s3_bucket_producer_with_no_taskflow to None, run_after=None
[2024-11-26T11:02:21.853+0000] {processor.py:208} INFO - Processing /home/airflow/.local/lib/python3.12/site-packages/airflow/example_dags/example_dataset_alias_with_no_taskflow.py took 0.485 seconds
[2024-11-26T11:02:52.163+0000] {processor.py:186} INFO - Started process (PID=624) to work on /home/airflow/.local/lib/python3.12/site-packages/airflow/example_dags/example_dataset_alias_with_no_taskflow.py
[2024-11-26T11:02:52.164+0000] {processor.py:914} INFO - Processing file /home/airflow/.local/lib/python3.12/site-packages/airflow/example_dags/example_dataset_alias_with_no_taskflow.py for tasks to queue
[2024-11-26T11:02:52.168+0000] {logging_mixin.py:190} INFO - [2024-11-26T11:02:52.168+0000] {dagbag.py:588} INFO - Filling up the DagBag from /home/airflow/.local/lib/python3.12/site-packages/airflow/example_dags/example_dataset_alias_with_no_taskflow.py
[2024-11-26T11:02:52.588+0000] {processor.py:925} INFO - DAG(s) 'dataset_alias_example_alias_producer_with_no_taskflow', 'dataset_s3_bucket_producer_with_no_taskflow', 'dataset_s3_bucket_consumer_with_no_taskflow', 'dataset_alias_example_alias_consumer_with_no_taskflow' retrieved from /home/airflow/.local/lib/python3.12/site-packages/airflow/example_dags/example_dataset_alias_with_no_taskflow.py
[2024-11-26T11:02:52.604+0000] {logging_mixin.py:190} INFO - [2024-11-26T11:02:52.603+0000] {dag.py:3239} INFO - Sync 4 DAGs
[2024-11-26T11:02:52.621+0000] {logging_mixin.py:190} INFO - [2024-11-26T11:02:52.621+0000] {dag.py:4180} INFO - Setting next_dagrun for dataset_alias_example_alias_consumer_with_no_taskflow to None, run_after=None
[2024-11-26T11:02:52.623+0000] {logging_mixin.py:190} INFO - [2024-11-26T11:02:52.623+0000] {dag.py:4180} INFO - Setting next_dagrun for dataset_alias_example_alias_producer_with_no_taskflow to None, run_after=None
[2024-11-26T11:02:52.625+0000] {logging_mixin.py:190} INFO - [2024-11-26T11:02:52.625+0000] {dag.py:4180} INFO - Setting next_dagrun for dataset_s3_bucket_consumer_with_no_taskflow to None, run_after=None
[2024-11-26T11:02:52.626+0000] {logging_mixin.py:190} INFO - [2024-11-26T11:02:52.626+0000] {dag.py:4180} INFO - Setting next_dagrun for dataset_s3_bucket_producer_with_no_taskflow to None, run_after=None
[2024-11-26T11:02:52.659+0000] {processor.py:208} INFO - Processing /home/airflow/.local/lib/python3.12/site-packages/airflow/example_dags/example_dataset_alias_with_no_taskflow.py took 0.502 seconds
[2024-11-26T11:03:22.724+0000] {processor.py:186} INFO - Started process (PID=687) to work on /home/airflow/.local/lib/python3.12/site-packages/airflow/example_dags/example_dataset_alias_with_no_taskflow.py
[2024-11-26T11:03:22.725+0000] {processor.py:914} INFO - Processing file /home/airflow/.local/lib/python3.12/site-packages/airflow/example_dags/example_dataset_alias_with_no_taskflow.py for tasks to queue
[2024-11-26T11:03:22.728+0000] {logging_mixin.py:190} INFO - [2024-11-26T11:03:22.728+0000] {dagbag.py:588} INFO - Filling up the DagBag from /home/airflow/.local/lib/python3.12/site-packages/airflow/example_dags/example_dataset_alias_with_no_taskflow.py
[2024-11-26T11:03:23.143+0000] {processor.py:925} INFO - DAG(s) 'dataset_s3_bucket_consumer_with_no_taskflow', 'dataset_s3_bucket_producer_with_no_taskflow', 'dataset_alias_example_alias_consumer_with_no_taskflow', 'dataset_alias_example_alias_producer_with_no_taskflow' retrieved from /home/airflow/.local/lib/python3.12/site-packages/airflow/example_dags/example_dataset_alias_with_no_taskflow.py
[2024-11-26T11:03:23.159+0000] {logging_mixin.py:190} INFO - [2024-11-26T11:03:23.159+0000] {dag.py:3239} INFO - Sync 4 DAGs
[2024-11-26T11:03:23.175+0000] {logging_mixin.py:190} INFO - [2024-11-26T11:03:23.175+0000] {dag.py:4180} INFO - Setting next_dagrun for dataset_alias_example_alias_consumer_with_no_taskflow to None, run_after=None
[2024-11-26T11:03:23.177+0000] {logging_mixin.py:190} INFO - [2024-11-26T11:03:23.177+0000] {dag.py:4180} INFO - Setting next_dagrun for dataset_alias_example_alias_producer_with_no_taskflow to None, run_after=None
[2024-11-26T11:03:23.179+0000] {logging_mixin.py:190} INFO - [2024-11-26T11:03:23.179+0000] {dag.py:4180} INFO - Setting next_dagrun for dataset_s3_bucket_consumer_with_no_taskflow to None, run_after=None
[2024-11-26T11:03:23.180+0000] {logging_mixin.py:190} INFO - [2024-11-26T11:03:23.180+0000] {dag.py:4180} INFO - Setting next_dagrun for dataset_s3_bucket_producer_with_no_taskflow to None, run_after=None
[2024-11-26T11:03:23.197+0000] {processor.py:208} INFO - Processing /home/airflow/.local/lib/python3.12/site-packages/airflow/example_dags/example_dataset_alias_with_no_taskflow.py took 0.479 seconds
[2024-11-26T11:03:53.345+0000] {processor.py:186} INFO - Started process (PID=750) to work on /home/airflow/.local/lib/python3.12/site-packages/airflow/example_dags/example_dataset_alias_with_no_taskflow.py
[2024-11-26T11:03:53.346+0000] {processor.py:914} INFO - Processing file /home/airflow/.local/lib/python3.12/site-packages/airflow/example_dags/example_dataset_alias_with_no_taskflow.py for tasks to queue
[2024-11-26T11:03:53.348+0000] {logging_mixin.py:190} INFO - [2024-11-26T11:03:53.348+0000] {dagbag.py:588} INFO - Filling up the DagBag from /home/airflow/.local/lib/python3.12/site-packages/airflow/example_dags/example_dataset_alias_with_no_taskflow.py
[2024-11-26T11:03:53.793+0000] {processor.py:925} INFO - DAG(s) 'dataset_alias_example_alias_consumer_with_no_taskflow', 'dataset_s3_bucket_producer_with_no_taskflow', 'dataset_s3_bucket_consumer_with_no_taskflow', 'dataset_alias_example_alias_producer_with_no_taskflow' retrieved from /home/airflow/.local/lib/python3.12/site-packages/airflow/example_dags/example_dataset_alias_with_no_taskflow.py
[2024-11-26T11:03:53.809+0000] {logging_mixin.py:190} INFO - [2024-11-26T11:03:53.809+0000] {dag.py:3239} INFO - Sync 4 DAGs
[2024-11-26T11:03:53.823+0000] {logging_mixin.py:190} INFO - [2024-11-26T11:03:53.823+0000] {dag.py:4180} INFO - Setting next_dagrun for dataset_alias_example_alias_consumer_with_no_taskflow to None, run_after=None
[2024-11-26T11:03:53.825+0000] {logging_mixin.py:190} INFO - [2024-11-26T11:03:53.825+0000] {dag.py:4180} INFO - Setting next_dagrun for dataset_alias_example_alias_producer_with_no_taskflow to None, run_after=None
[2024-11-26T11:03:53.826+0000] {logging_mixin.py:190} INFO - [2024-11-26T11:03:53.826+0000] {dag.py:4180} INFO - Setting next_dagrun for dataset_s3_bucket_consumer_with_no_taskflow to None, run_after=None
[2024-11-26T11:03:53.827+0000] {logging_mixin.py:190} INFO - [2024-11-26T11:03:53.827+0000] {dag.py:4180} INFO - Setting next_dagrun for dataset_s3_bucket_producer_with_no_taskflow to None, run_after=None
[2024-11-26T11:03:53.843+0000] {processor.py:208} INFO - Processing /home/airflow/.local/lib/python3.12/site-packages/airflow/example_dags/example_dataset_alias_with_no_taskflow.py took 0.502 seconds
[2024-11-26T11:04:24.308+0000] {processor.py:186} INFO - Started process (PID=811) to work on /home/airflow/.local/lib/python3.12/site-packages/airflow/example_dags/example_dataset_alias_with_no_taskflow.py
[2024-11-26T11:04:24.309+0000] {processor.py:914} INFO - Processing file /home/airflow/.local/lib/python3.12/site-packages/airflow/example_dags/example_dataset_alias_with_no_taskflow.py for tasks to queue
[2024-11-26T11:04:24.311+0000] {logging_mixin.py:190} INFO - [2024-11-26T11:04:24.311+0000] {dagbag.py:588} INFO - Filling up the DagBag from /home/airflow/.local/lib/python3.12/site-packages/airflow/example_dags/example_dataset_alias_with_no_taskflow.py
[2024-11-26T11:04:24.727+0000] {processor.py:925} INFO - DAG(s) 'dataset_alias_example_alias_consumer_with_no_taskflow', 'dataset_alias_example_alias_producer_with_no_taskflow', 'dataset_s3_bucket_consumer_with_no_taskflow', 'dataset_s3_bucket_producer_with_no_taskflow' retrieved from /home/airflow/.local/lib/python3.12/site-packages/airflow/example_dags/example_dataset_alias_with_no_taskflow.py
[2024-11-26T11:04:24.742+0000] {logging_mixin.py:190} INFO - [2024-11-26T11:04:24.741+0000] {dag.py:3239} INFO - Sync 4 DAGs
[2024-11-26T11:04:24.755+0000] {logging_mixin.py:190} INFO - [2024-11-26T11:04:24.755+0000] {dag.py:4180} INFO - Setting next_dagrun for dataset_alias_example_alias_consumer_with_no_taskflow to None, run_after=None
[2024-11-26T11:04:24.758+0000] {logging_mixin.py:190} INFO - [2024-11-26T11:04:24.758+0000] {dag.py:4180} INFO - Setting next_dagrun for dataset_alias_example_alias_producer_with_no_taskflow to None, run_after=None
[2024-11-26T11:04:24.759+0000] {logging_mixin.py:190} INFO - [2024-11-26T11:04:24.759+0000] {dag.py:4180} INFO - Setting next_dagrun for dataset_s3_bucket_consumer_with_no_taskflow to None, run_after=None
[2024-11-26T11:04:24.760+0000] {logging_mixin.py:190} INFO - [2024-11-26T11:04:24.760+0000] {dag.py:4180} INFO - Setting next_dagrun for dataset_s3_bucket_producer_with_no_taskflow to None, run_after=None
[2024-11-26T11:04:24.783+0000] {processor.py:208} INFO - Processing /home/airflow/.local/lib/python3.12/site-packages/airflow/example_dags/example_dataset_alias_with_no_taskflow.py took 0.481 seconds
[2024-11-26T11:04:55.003+0000] {processor.py:186} INFO - Started process (PID=876) to work on /home/airflow/.local/lib/python3.12/site-packages/airflow/example_dags/example_dataset_alias_with_no_taskflow.py
[2024-11-26T11:04:55.004+0000] {processor.py:914} INFO - Processing file /home/airflow/.local/lib/python3.12/site-packages/airflow/example_dags/example_dataset_alias_with_no_taskflow.py for tasks to queue
[2024-11-26T11:04:55.007+0000] {logging_mixin.py:190} INFO - [2024-11-26T11:04:55.006+0000] {dagbag.py:588} INFO - Filling up the DagBag from /home/airflow/.local/lib/python3.12/site-packages/airflow/example_dags/example_dataset_alias_with_no_taskflow.py
[2024-11-26T11:04:55.388+0000] {processor.py:925} INFO - DAG(s) 'dataset_alias_example_alias_consumer_with_no_taskflow', 'dataset_alias_example_alias_producer_with_no_taskflow', 'dataset_s3_bucket_producer_with_no_taskflow', 'dataset_s3_bucket_consumer_with_no_taskflow' retrieved from /home/airflow/.local/lib/python3.12/site-packages/airflow/example_dags/example_dataset_alias_with_no_taskflow.py
[2024-11-26T11:04:55.400+0000] {logging_mixin.py:190} INFO - [2024-11-26T11:04:55.400+0000] {dag.py:3239} INFO - Sync 4 DAGs
[2024-11-26T11:04:55.412+0000] {logging_mixin.py:190} INFO - [2024-11-26T11:04:55.412+0000] {dag.py:4180} INFO - Setting next_dagrun for dataset_alias_example_alias_consumer_with_no_taskflow to None, run_after=None
[2024-11-26T11:04:55.414+0000] {logging_mixin.py:190} INFO - [2024-11-26T11:04:55.414+0000] {dag.py:4180} INFO - Setting next_dagrun for dataset_alias_example_alias_producer_with_no_taskflow to None, run_after=None
[2024-11-26T11:04:55.415+0000] {logging_mixin.py:190} INFO - [2024-11-26T11:04:55.415+0000] {dag.py:4180} INFO - Setting next_dagrun for dataset_s3_bucket_consumer_with_no_taskflow to None, run_after=None
[2024-11-26T11:04:55.417+0000] {logging_mixin.py:190} INFO - [2024-11-26T11:04:55.417+0000] {dag.py:4180} INFO - Setting next_dagrun for dataset_s3_bucket_producer_with_no_taskflow to None, run_after=None
[2024-11-26T11:04:55.429+0000] {processor.py:208} INFO - Processing /home/airflow/.local/lib/python3.12/site-packages/airflow/example_dags/example_dataset_alias_with_no_taskflow.py took 0.430 seconds
[2024-11-26T11:05:26.549+0000] {processor.py:186} INFO - Started process (PID=944) to work on /home/airflow/.local/lib/python3.12/site-packages/airflow/example_dags/example_dataset_alias_with_no_taskflow.py
[2024-11-26T11:05:26.550+0000] {processor.py:914} INFO - Processing file /home/airflow/.local/lib/python3.12/site-packages/airflow/example_dags/example_dataset_alias_with_no_taskflow.py for tasks to queue
[2024-11-26T11:05:26.552+0000] {logging_mixin.py:190} INFO - [2024-11-26T11:05:26.552+0000] {dagbag.py:588} INFO - Filling up the DagBag from /home/airflow/.local/lib/python3.12/site-packages/airflow/example_dags/example_dataset_alias_with_no_taskflow.py
[2024-11-26T11:05:26.898+0000] {processor.py:925} INFO - DAG(s) 'dataset_alias_example_alias_producer_with_no_taskflow', 'dataset_alias_example_alias_consumer_with_no_taskflow', 'dataset_s3_bucket_consumer_with_no_taskflow', 'dataset_s3_bucket_producer_with_no_taskflow' retrieved from /home/airflow/.local/lib/python3.12/site-packages/airflow/example_dags/example_dataset_alias_with_no_taskflow.py
[2024-11-26T11:05:26.913+0000] {logging_mixin.py:190} INFO - [2024-11-26T11:05:26.913+0000] {dag.py:3239} INFO - Sync 4 DAGs
[2024-11-26T11:05:26.928+0000] {logging_mixin.py:190} INFO - [2024-11-26T11:05:26.927+0000] {dag.py:4180} INFO - Setting next_dagrun for dataset_alias_example_alias_consumer_with_no_taskflow to None, run_after=None
[2024-11-26T11:05:26.930+0000] {logging_mixin.py:190} INFO - [2024-11-26T11:05:26.930+0000] {dag.py:4180} INFO - Setting next_dagrun for dataset_alias_example_alias_producer_with_no_taskflow to None, run_after=None
[2024-11-26T11:05:26.931+0000] {logging_mixin.py:190} INFO - [2024-11-26T11:05:26.931+0000] {dag.py:4180} INFO - Setting next_dagrun for dataset_s3_bucket_consumer_with_no_taskflow to None, run_after=None
[2024-11-26T11:05:26.932+0000] {logging_mixin.py:190} INFO - [2024-11-26T11:05:26.932+0000] {dag.py:4180} INFO - Setting next_dagrun for dataset_s3_bucket_producer_with_no_taskflow to None, run_after=None
[2024-11-26T11:05:26.950+0000] {processor.py:208} INFO - Processing /home/airflow/.local/lib/python3.12/site-packages/airflow/example_dags/example_dataset_alias_with_no_taskflow.py took 0.407 seconds
[2024-11-26T11:05:57.022+0000] {processor.py:186} INFO - Started process (PID=1007) to work on /home/airflow/.local/lib/python3.12/site-packages/airflow/example_dags/example_dataset_alias_with_no_taskflow.py
[2024-11-26T11:05:57.022+0000] {processor.py:914} INFO - Processing file /home/airflow/.local/lib/python3.12/site-packages/airflow/example_dags/example_dataset_alias_with_no_taskflow.py for tasks to queue
[2024-11-26T11:05:57.024+0000] {logging_mixin.py:190} INFO - [2024-11-26T11:05:57.024+0000] {dagbag.py:588} INFO - Filling up the DagBag from /home/airflow/.local/lib/python3.12/site-packages/airflow/example_dags/example_dataset_alias_with_no_taskflow.py
[2024-11-26T11:05:57.364+0000] {processor.py:925} INFO - DAG(s) 'dataset_alias_example_alias_producer_with_no_taskflow', 'dataset_s3_bucket_producer_with_no_taskflow', 'dataset_s3_bucket_consumer_with_no_taskflow', 'dataset_alias_example_alias_consumer_with_no_taskflow' retrieved from /home/airflow/.local/lib/python3.12/site-packages/airflow/example_dags/example_dataset_alias_with_no_taskflow.py
[2024-11-26T11:05:57.377+0000] {logging_mixin.py:190} INFO - [2024-11-26T11:05:57.377+0000] {dag.py:3239} INFO - Sync 4 DAGs
[2024-11-26T11:05:57.389+0000] {logging_mixin.py:190} INFO - [2024-11-26T11:05:57.389+0000] {dag.py:4180} INFO - Setting next_dagrun for dataset_alias_example_alias_consumer_with_no_taskflow to None, run_after=None
[2024-11-26T11:05:57.390+0000] {logging_mixin.py:190} INFO - [2024-11-26T11:05:57.390+0000] {dag.py:4180} INFO - Setting next_dagrun for dataset_alias_example_alias_producer_with_no_taskflow to None, run_after=None
[2024-11-26T11:05:57.391+0000] {logging_mixin.py:190} INFO - [2024-11-26T11:05:57.391+0000] {dag.py:4180} INFO - Setting next_dagrun for dataset_s3_bucket_consumer_with_no_taskflow to None, run_after=None
[2024-11-26T11:05:57.392+0000] {logging_mixin.py:190} INFO - [2024-11-26T11:05:57.392+0000] {dag.py:4180} INFO - Setting next_dagrun for dataset_s3_bucket_producer_with_no_taskflow to None, run_after=None
[2024-11-26T11:05:57.406+0000] {processor.py:208} INFO - Processing /home/airflow/.local/lib/python3.12/site-packages/airflow/example_dags/example_dataset_alias_with_no_taskflow.py took 0.389 seconds
[2024-11-26T11:06:27.892+0000] {processor.py:186} INFO - Started process (PID=1070) to work on /home/airflow/.local/lib/python3.12/site-packages/airflow/example_dags/example_dataset_alias_with_no_taskflow.py
[2024-11-26T11:06:27.893+0000] {processor.py:914} INFO - Processing file /home/airflow/.local/lib/python3.12/site-packages/airflow/example_dags/example_dataset_alias_with_no_taskflow.py for tasks to queue
[2024-11-26T11:06:27.895+0000] {logging_mixin.py:190} INFO - [2024-11-26T11:06:27.894+0000] {dagbag.py:588} INFO - Filling up the DagBag from /home/airflow/.local/lib/python3.12/site-packages/airflow/example_dags/example_dataset_alias_with_no_taskflow.py
[2024-11-26T11:06:28.233+0000] {processor.py:925} INFO - DAG(s) 'dataset_alias_example_alias_producer_with_no_taskflow', 'dataset_alias_example_alias_consumer_with_no_taskflow', 'dataset_s3_bucket_producer_with_no_taskflow', 'dataset_s3_bucket_consumer_with_no_taskflow' retrieved from /home/airflow/.local/lib/python3.12/site-packages/airflow/example_dags/example_dataset_alias_with_no_taskflow.py
[2024-11-26T11:06:28.247+0000] {logging_mixin.py:190} INFO - [2024-11-26T11:06:28.246+0000] {dag.py:3239} INFO - Sync 4 DAGs
[2024-11-26T11:06:28.259+0000] {logging_mixin.py:190} INFO - [2024-11-26T11:06:28.259+0000] {dag.py:4180} INFO - Setting next_dagrun for dataset_alias_example_alias_consumer_with_no_taskflow to None, run_after=None
[2024-11-26T11:06:28.261+0000] {logging_mixin.py:190} INFO - [2024-11-26T11:06:28.261+0000] {dag.py:4180} INFO - Setting next_dagrun for dataset_alias_example_alias_producer_with_no_taskflow to None, run_after=None
[2024-11-26T11:06:28.262+0000] {logging_mixin.py:190} INFO - [2024-11-26T11:06:28.262+0000] {dag.py:4180} INFO - Setting next_dagrun for dataset_s3_bucket_consumer_with_no_taskflow to None, run_after=None
[2024-11-26T11:06:28.264+0000] {logging_mixin.py:190} INFO - [2024-11-26T11:06:28.263+0000] {dag.py:4180} INFO - Setting next_dagrun for dataset_s3_bucket_producer_with_no_taskflow to None, run_after=None
[2024-11-26T11:06:28.279+0000] {processor.py:208} INFO - Processing /home/airflow/.local/lib/python3.12/site-packages/airflow/example_dags/example_dataset_alias_with_no_taskflow.py took 0.391 seconds
[2024-11-26T11:06:58.367+0000] {processor.py:186} INFO - Started process (PID=1133) to work on /home/airflow/.local/lib/python3.12/site-packages/airflow/example_dags/example_dataset_alias_with_no_taskflow.py
[2024-11-26T11:06:58.368+0000] {processor.py:914} INFO - Processing file /home/airflow/.local/lib/python3.12/site-packages/airflow/example_dags/example_dataset_alias_with_no_taskflow.py for tasks to queue
[2024-11-26T11:06:58.370+0000] {logging_mixin.py:190} INFO - [2024-11-26T11:06:58.370+0000] {dagbag.py:588} INFO - Filling up the DagBag from /home/airflow/.local/lib/python3.12/site-packages/airflow/example_dags/example_dataset_alias_with_no_taskflow.py
[2024-11-26T11:06:58.734+0000] {processor.py:925} INFO - DAG(s) 'dataset_alias_example_alias_consumer_with_no_taskflow', 'dataset_alias_example_alias_producer_with_no_taskflow', 'dataset_s3_bucket_consumer_with_no_taskflow', 'dataset_s3_bucket_producer_with_no_taskflow' retrieved from /home/airflow/.local/lib/python3.12/site-packages/airflow/example_dags/example_dataset_alias_with_no_taskflow.py
[2024-11-26T11:06:58.748+0000] {logging_mixin.py:190} INFO - [2024-11-26T11:06:58.748+0000] {dag.py:3239} INFO - Sync 4 DAGs
[2024-11-26T11:06:58.760+0000] {logging_mixin.py:190} INFO - [2024-11-26T11:06:58.760+0000] {dag.py:4180} INFO - Setting next_dagrun for dataset_alias_example_alias_consumer_with_no_taskflow to None, run_after=None
[2024-11-26T11:06:58.762+0000] {logging_mixin.py:190} INFO - [2024-11-26T11:06:58.762+0000] {dag.py:4180} INFO - Setting next_dagrun for dataset_alias_example_alias_producer_with_no_taskflow to None, run_after=None
[2024-11-26T11:06:58.763+0000] {logging_mixin.py:190} INFO - [2024-11-26T11:06:58.763+0000] {dag.py:4180} INFO - Setting next_dagrun for dataset_s3_bucket_consumer_with_no_taskflow to None, run_after=None
[2024-11-26T11:06:58.764+0000] {logging_mixin.py:190} INFO - [2024-11-26T11:06:58.764+0000] {dag.py:4180} INFO - Setting next_dagrun for dataset_s3_bucket_producer_with_no_taskflow to None, run_after=None
[2024-11-26T11:06:58.780+0000] {processor.py:208} INFO - Processing /home/airflow/.local/lib/python3.12/site-packages/airflow/example_dags/example_dataset_alias_with_no_taskflow.py took 0.418 seconds
[2024-11-26T11:07:28.943+0000] {processor.py:186} INFO - Started process (PID=1185) to work on /home/airflow/.local/lib/python3.12/site-packages/airflow/example_dags/example_dataset_alias_with_no_taskflow.py
[2024-11-26T11:07:28.944+0000] {processor.py:914} INFO - Processing file /home/airflow/.local/lib/python3.12/site-packages/airflow/example_dags/example_dataset_alias_with_no_taskflow.py for tasks to queue
[2024-11-26T11:07:28.947+0000] {logging_mixin.py:190} INFO - [2024-11-26T11:07:28.946+0000] {dagbag.py:588} INFO - Filling up the DagBag from /home/airflow/.local/lib/python3.12/site-packages/airflow/example_dags/example_dataset_alias_with_no_taskflow.py
[2024-11-26T11:07:29.364+0000] {processor.py:925} INFO - DAG(s) 'dataset_alias_example_alias_producer_with_no_taskflow', 'dataset_alias_example_alias_consumer_with_no_taskflow', 'dataset_s3_bucket_consumer_with_no_taskflow', 'dataset_s3_bucket_producer_with_no_taskflow' retrieved from /home/airflow/.local/lib/python3.12/site-packages/airflow/example_dags/example_dataset_alias_with_no_taskflow.py
[2024-11-26T11:07:29.378+0000] {logging_mixin.py:190} INFO - [2024-11-26T11:07:29.378+0000] {dag.py:3239} INFO - Sync 4 DAGs
[2024-11-26T11:07:29.393+0000] {logging_mixin.py:190} INFO - [2024-11-26T11:07:29.392+0000] {dag.py:4180} INFO - Setting next_dagrun for dataset_alias_example_alias_consumer_with_no_taskflow to None, run_after=None
[2024-11-26T11:07:29.395+0000] {logging_mixin.py:190} INFO - [2024-11-26T11:07:29.395+0000] {dag.py:4180} INFO - Setting next_dagrun for dataset_alias_example_alias_producer_with_no_taskflow to None, run_after=None
[2024-11-26T11:07:29.397+0000] {logging_mixin.py:190} INFO - [2024-11-26T11:07:29.397+0000] {dag.py:4180} INFO - Setting next_dagrun for dataset_s3_bucket_consumer_with_no_taskflow to None, run_after=None
[2024-11-26T11:07:29.398+0000] {logging_mixin.py:190} INFO - [2024-11-26T11:07:29.398+0000] {dag.py:4180} INFO - Setting next_dagrun for dataset_s3_bucket_producer_with_no_taskflow to None, run_after=None
[2024-11-26T11:07:29.416+0000] {processor.py:208} INFO - Processing /home/airflow/.local/lib/python3.12/site-packages/airflow/example_dags/example_dataset_alias_with_no_taskflow.py took 0.481 seconds
[2024-11-26T11:07:59.471+0000] {processor.py:186} INFO - Started process (PID=1249) to work on /home/airflow/.local/lib/python3.12/site-packages/airflow/example_dags/example_dataset_alias_with_no_taskflow.py
[2024-11-26T11:07:59.472+0000] {processor.py:914} INFO - Processing file /home/airflow/.local/lib/python3.12/site-packages/airflow/example_dags/example_dataset_alias_with_no_taskflow.py for tasks to queue
[2024-11-26T11:07:59.474+0000] {logging_mixin.py:190} INFO - [2024-11-26T11:07:59.473+0000] {dagbag.py:588} INFO - Filling up the DagBag from /home/airflow/.local/lib/python3.12/site-packages/airflow/example_dags/example_dataset_alias_with_no_taskflow.py
[2024-11-26T11:07:59.869+0000] {processor.py:925} INFO - DAG(s) 'dataset_s3_bucket_producer_with_no_taskflow', 'dataset_s3_bucket_consumer_with_no_taskflow', 'dataset_alias_example_alias_consumer_with_no_taskflow', 'dataset_alias_example_alias_producer_with_no_taskflow' retrieved from /home/airflow/.local/lib/python3.12/site-packages/airflow/example_dags/example_dataset_alias_with_no_taskflow.py
[2024-11-26T11:07:59.887+0000] {logging_mixin.py:190} INFO - [2024-11-26T11:07:59.886+0000] {dag.py:3239} INFO - Sync 4 DAGs
[2024-11-26T11:07:59.903+0000] {logging_mixin.py:190} INFO - [2024-11-26T11:07:59.903+0000] {dag.py:4180} INFO - Setting next_dagrun for dataset_alias_example_alias_consumer_with_no_taskflow to None, run_after=None
[2024-11-26T11:07:59.906+0000] {logging_mixin.py:190} INFO - [2024-11-26T11:07:59.905+0000] {dag.py:4180} INFO - Setting next_dagrun for dataset_alias_example_alias_producer_with_no_taskflow to None, run_after=None
[2024-11-26T11:07:59.907+0000] {logging_mixin.py:190} INFO - [2024-11-26T11:07:59.907+0000] {dag.py:4180} INFO - Setting next_dagrun for dataset_s3_bucket_consumer_with_no_taskflow to None, run_after=None
[2024-11-26T11:07:59.908+0000] {logging_mixin.py:190} INFO - [2024-11-26T11:07:59.908+0000] {dag.py:4180} INFO - Setting next_dagrun for dataset_s3_bucket_producer_with_no_taskflow to None, run_after=None
[2024-11-26T11:07:59.924+0000] {processor.py:208} INFO - Processing /home/airflow/.local/lib/python3.12/site-packages/airflow/example_dags/example_dataset_alias_with_no_taskflow.py took 0.458 seconds
[2024-11-26T11:08:30.146+0000] {processor.py:186} INFO - Started process (PID=1314) to work on /home/airflow/.local/lib/python3.12/site-packages/airflow/example_dags/example_dataset_alias_with_no_taskflow.py
[2024-11-26T11:08:30.148+0000] {processor.py:914} INFO - Processing file /home/airflow/.local/lib/python3.12/site-packages/airflow/example_dags/example_dataset_alias_with_no_taskflow.py for tasks to queue
[2024-11-26T11:08:30.151+0000] {logging_mixin.py:190} INFO - [2024-11-26T11:08:30.150+0000] {dagbag.py:588} INFO - Filling up the DagBag from /home/airflow/.local/lib/python3.12/site-packages/airflow/example_dags/example_dataset_alias_with_no_taskflow.py
[2024-11-26T11:08:30.532+0000] {processor.py:925} INFO - DAG(s) 'dataset_alias_example_alias_producer_with_no_taskflow', 'dataset_alias_example_alias_consumer_with_no_taskflow', 'dataset_s3_bucket_producer_with_no_taskflow', 'dataset_s3_bucket_consumer_with_no_taskflow' retrieved from /home/airflow/.local/lib/python3.12/site-packages/airflow/example_dags/example_dataset_alias_with_no_taskflow.py
[2024-11-26T11:08:30.547+0000] {logging_mixin.py:190} INFO - [2024-11-26T11:08:30.547+0000] {dag.py:3239} INFO - Sync 4 DAGs
[2024-11-26T11:08:30.564+0000] {logging_mixin.py:190} INFO - [2024-11-26T11:08:30.564+0000] {dag.py:4180} INFO - Setting next_dagrun for dataset_alias_example_alias_consumer_with_no_taskflow to None, run_after=None
[2024-11-26T11:08:30.568+0000] {logging_mixin.py:190} INFO - [2024-11-26T11:08:30.567+0000] {dag.py:4180} INFO - Setting next_dagrun for dataset_alias_example_alias_producer_with_no_taskflow to None, run_after=None
[2024-11-26T11:08:30.570+0000] {logging_mixin.py:190} INFO - [2024-11-26T11:08:30.570+0000] {dag.py:4180} INFO - Setting next_dagrun for dataset_s3_bucket_consumer_with_no_taskflow to None, run_after=None
[2024-11-26T11:08:30.571+0000] {logging_mixin.py:190} INFO - [2024-11-26T11:08:30.571+0000] {dag.py:4180} INFO - Setting next_dagrun for dataset_s3_bucket_producer_with_no_taskflow to None, run_after=None
[2024-11-26T11:08:30.590+0000] {processor.py:208} INFO - Processing /home/airflow/.local/lib/python3.12/site-packages/airflow/example_dags/example_dataset_alias_with_no_taskflow.py took 0.448 seconds
[2024-11-26T11:09:00.702+0000] {processor.py:186} INFO - Started process (PID=1377) to work on /home/airflow/.local/lib/python3.12/site-packages/airflow/example_dags/example_dataset_alias_with_no_taskflow.py
[2024-11-26T11:09:00.703+0000] {processor.py:914} INFO - Processing file /home/airflow/.local/lib/python3.12/site-packages/airflow/example_dags/example_dataset_alias_with_no_taskflow.py for tasks to queue
[2024-11-26T11:09:00.705+0000] {logging_mixin.py:190} INFO - [2024-11-26T11:09:00.705+0000] {dagbag.py:588} INFO - Filling up the DagBag from /home/airflow/.local/lib/python3.12/site-packages/airflow/example_dags/example_dataset_alias_with_no_taskflow.py
[2024-11-26T11:09:01.111+0000] {processor.py:925} INFO - DAG(s) 'dataset_alias_example_alias_producer_with_no_taskflow', 'dataset_s3_bucket_producer_with_no_taskflow', 'dataset_s3_bucket_consumer_with_no_taskflow', 'dataset_alias_example_alias_consumer_with_no_taskflow' retrieved from /home/airflow/.local/lib/python3.12/site-packages/airflow/example_dags/example_dataset_alias_with_no_taskflow.py
[2024-11-26T11:09:01.124+0000] {logging_mixin.py:190} INFO - [2024-11-26T11:09:01.124+0000] {dag.py:3239} INFO - Sync 4 DAGs
[2024-11-26T11:09:01.140+0000] {logging_mixin.py:190} INFO - [2024-11-26T11:09:01.140+0000] {dag.py:4180} INFO - Setting next_dagrun for dataset_alias_example_alias_consumer_with_no_taskflow to None, run_after=None
[2024-11-26T11:09:01.142+0000] {logging_mixin.py:190} INFO - [2024-11-26T11:09:01.142+0000] {dag.py:4180} INFO - Setting next_dagrun for dataset_alias_example_alias_producer_with_no_taskflow to None, run_after=None
[2024-11-26T11:09:01.144+0000] {logging_mixin.py:190} INFO - [2024-11-26T11:09:01.144+0000] {dag.py:4180} INFO - Setting next_dagrun for dataset_s3_bucket_consumer_with_no_taskflow to None, run_after=None
[2024-11-26T11:09:01.146+0000] {logging_mixin.py:190} INFO - [2024-11-26T11:09:01.146+0000] {dag.py:4180} INFO - Setting next_dagrun for dataset_s3_bucket_producer_with_no_taskflow to None, run_after=None
[2024-11-26T11:09:01.165+0000] {processor.py:208} INFO - Processing /home/airflow/.local/lib/python3.12/site-packages/airflow/example_dags/example_dataset_alias_with_no_taskflow.py took 0.468 seconds
[2024-11-26T11:09:31.431+0000] {processor.py:186} INFO - Started process (PID=1444) to work on /home/airflow/.local/lib/python3.12/site-packages/airflow/example_dags/example_dataset_alias_with_no_taskflow.py
[2024-11-26T11:09:31.433+0000] {processor.py:914} INFO - Processing file /home/airflow/.local/lib/python3.12/site-packages/airflow/example_dags/example_dataset_alias_with_no_taskflow.py for tasks to queue
[2024-11-26T11:09:31.436+0000] {logging_mixin.py:190} INFO - [2024-11-26T11:09:31.435+0000] {dagbag.py:588} INFO - Filling up the DagBag from /home/airflow/.local/lib/python3.12/site-packages/airflow/example_dags/example_dataset_alias_with_no_taskflow.py
[2024-11-26T11:09:31.820+0000] {processor.py:925} INFO - DAG(s) 'dataset_alias_example_alias_producer_with_no_taskflow', 'dataset_alias_example_alias_consumer_with_no_taskflow', 'dataset_s3_bucket_consumer_with_no_taskflow', 'dataset_s3_bucket_producer_with_no_taskflow' retrieved from /home/airflow/.local/lib/python3.12/site-packages/airflow/example_dags/example_dataset_alias_with_no_taskflow.py
[2024-11-26T11:09:31.833+0000] {logging_mixin.py:190} INFO - [2024-11-26T11:09:31.833+0000] {dag.py:3239} INFO - Sync 4 DAGs
[2024-11-26T11:09:31.845+0000] {logging_mixin.py:190} INFO - [2024-11-26T11:09:31.845+0000] {dag.py:4180} INFO - Setting next_dagrun for dataset_alias_example_alias_consumer_with_no_taskflow to None, run_after=None
[2024-11-26T11:09:31.847+0000] {logging_mixin.py:190} INFO - [2024-11-26T11:09:31.847+0000] {dag.py:4180} INFO - Setting next_dagrun for dataset_alias_example_alias_producer_with_no_taskflow to None, run_after=None
[2024-11-26T11:09:31.848+0000] {logging_mixin.py:190} INFO - [2024-11-26T11:09:31.848+0000] {dag.py:4180} INFO - Setting next_dagrun for dataset_s3_bucket_consumer_with_no_taskflow to None, run_after=None
[2024-11-26T11:09:31.850+0000] {logging_mixin.py:190} INFO - [2024-11-26T11:09:31.850+0000] {dag.py:4180} INFO - Setting next_dagrun for dataset_s3_bucket_producer_with_no_taskflow to None, run_after=None
[2024-11-26T11:09:31.867+0000] {processor.py:208} INFO - Processing /home/airflow/.local/lib/python3.12/site-packages/airflow/example_dags/example_dataset_alias_with_no_taskflow.py took 0.442 seconds
[2024-11-26T11:10:01.903+0000] {processor.py:186} INFO - Started process (PID=1504) to work on /home/airflow/.local/lib/python3.12/site-packages/airflow/example_dags/example_dataset_alias_with_no_taskflow.py
[2024-11-26T11:10:01.904+0000] {processor.py:914} INFO - Processing file /home/airflow/.local/lib/python3.12/site-packages/airflow/example_dags/example_dataset_alias_with_no_taskflow.py for tasks to queue
[2024-11-26T11:10:01.906+0000] {logging_mixin.py:190} INFO - [2024-11-26T11:10:01.905+0000] {dagbag.py:588} INFO - Filling up the DagBag from /home/airflow/.local/lib/python3.12/site-packages/airflow/example_dags/example_dataset_alias_with_no_taskflow.py
[2024-11-26T11:10:02.296+0000] {processor.py:925} INFO - DAG(s) 'dataset_s3_bucket_consumer_with_no_taskflow', 'dataset_alias_example_alias_consumer_with_no_taskflow', 'dataset_s3_bucket_producer_with_no_taskflow', 'dataset_alias_example_alias_producer_with_no_taskflow' retrieved from /home/airflow/.local/lib/python3.12/site-packages/airflow/example_dags/example_dataset_alias_with_no_taskflow.py
[2024-11-26T11:10:02.317+0000] {logging_mixin.py:190} INFO - [2024-11-26T11:10:02.317+0000] {dag.py:3239} INFO - Sync 4 DAGs
[2024-11-26T11:10:02.333+0000] {logging_mixin.py:190} INFO - [2024-11-26T11:10:02.333+0000] {dag.py:4180} INFO - Setting next_dagrun for dataset_alias_example_alias_consumer_with_no_taskflow to None, run_after=None
[2024-11-26T11:10:02.335+0000] {logging_mixin.py:190} INFO - [2024-11-26T11:10:02.335+0000] {dag.py:4180} INFO - Setting next_dagrun for dataset_alias_example_alias_producer_with_no_taskflow to None, run_after=None
[2024-11-26T11:10:02.337+0000] {logging_mixin.py:190} INFO - [2024-11-26T11:10:02.336+0000] {dag.py:4180} INFO - Setting next_dagrun for dataset_s3_bucket_consumer_with_no_taskflow to None, run_after=None
[2024-11-26T11:10:02.338+0000] {logging_mixin.py:190} INFO - [2024-11-26T11:10:02.338+0000] {dag.py:4180} INFO - Setting next_dagrun for dataset_s3_bucket_producer_with_no_taskflow to None, run_after=None
[2024-11-26T11:10:02.368+0000] {processor.py:208} INFO - Processing /home/airflow/.local/lib/python3.12/site-packages/airflow/example_dags/example_dataset_alias_with_no_taskflow.py took 0.471 seconds
[2024-11-26T11:10:32.591+0000] {processor.py:186} INFO - Started process (PID=1561) to work on /home/airflow/.local/lib/python3.12/site-packages/airflow/example_dags/example_dataset_alias_with_no_taskflow.py
[2024-11-26T11:10:32.593+0000] {processor.py:914} INFO - Processing file /home/airflow/.local/lib/python3.12/site-packages/airflow/example_dags/example_dataset_alias_with_no_taskflow.py for tasks to queue
[2024-11-26T11:10:32.597+0000] {logging_mixin.py:190} INFO - [2024-11-26T11:10:32.596+0000] {dagbag.py:588} INFO - Filling up the DagBag from /home/airflow/.local/lib/python3.12/site-packages/airflow/example_dags/example_dataset_alias_with_no_taskflow.py
[2024-11-26T11:10:33.030+0000] {processor.py:925} INFO - DAG(s) 'dataset_s3_bucket_consumer_with_no_taskflow', 'dataset_s3_bucket_producer_with_no_taskflow', 'dataset_alias_example_alias_producer_with_no_taskflow', 'dataset_alias_example_alias_consumer_with_no_taskflow' retrieved from /home/airflow/.local/lib/python3.12/site-packages/airflow/example_dags/example_dataset_alias_with_no_taskflow.py
[2024-11-26T11:10:33.047+0000] {logging_mixin.py:190} INFO - [2024-11-26T11:10:33.047+0000] {dag.py:3239} INFO - Sync 4 DAGs
[2024-11-26T11:10:33.067+0000] {logging_mixin.py:190} INFO - [2024-11-26T11:10:33.066+0000] {dag.py:4180} INFO - Setting next_dagrun for dataset_alias_example_alias_consumer_with_no_taskflow to None, run_after=None
[2024-11-26T11:10:33.069+0000] {logging_mixin.py:190} INFO - [2024-11-26T11:10:33.069+0000] {dag.py:4180} INFO - Setting next_dagrun for dataset_alias_example_alias_producer_with_no_taskflow to None, run_after=None
[2024-11-26T11:10:33.071+0000] {logging_mixin.py:190} INFO - [2024-11-26T11:10:33.070+0000] {dag.py:4180} INFO - Setting next_dagrun for dataset_s3_bucket_consumer_with_no_taskflow to None, run_after=None
[2024-11-26T11:10:33.072+0000] {logging_mixin.py:190} INFO - [2024-11-26T11:10:33.072+0000] {dag.py:4180} INFO - Setting next_dagrun for dataset_s3_bucket_producer_with_no_taskflow to None, run_after=None
[2024-11-26T11:10:33.093+0000] {processor.py:208} INFO - Processing /home/airflow/.local/lib/python3.12/site-packages/airflow/example_dags/example_dataset_alias_with_no_taskflow.py took 0.508 seconds
[2024-11-26T11:11:03.178+0000] {processor.py:186} INFO - Started process (PID=1624) to work on /home/airflow/.local/lib/python3.12/site-packages/airflow/example_dags/example_dataset_alias_with_no_taskflow.py
[2024-11-26T11:11:03.179+0000] {processor.py:914} INFO - Processing file /home/airflow/.local/lib/python3.12/site-packages/airflow/example_dags/example_dataset_alias_with_no_taskflow.py for tasks to queue
[2024-11-26T11:11:03.181+0000] {logging_mixin.py:190} INFO - [2024-11-26T11:11:03.180+0000] {dagbag.py:588} INFO - Filling up the DagBag from /home/airflow/.local/lib/python3.12/site-packages/airflow/example_dags/example_dataset_alias_with_no_taskflow.py
[2024-11-26T11:11:03.537+0000] {processor.py:925} INFO - DAG(s) 'dataset_alias_example_alias_producer_with_no_taskflow', 'dataset_s3_bucket_producer_with_no_taskflow', 'dataset_alias_example_alias_consumer_with_no_taskflow', 'dataset_s3_bucket_consumer_with_no_taskflow' retrieved from /home/airflow/.local/lib/python3.12/site-packages/airflow/example_dags/example_dataset_alias_with_no_taskflow.py
[2024-11-26T11:11:03.557+0000] {logging_mixin.py:190} INFO - [2024-11-26T11:11:03.557+0000] {dag.py:3239} INFO - Sync 4 DAGs
[2024-11-26T11:11:03.573+0000] {logging_mixin.py:190} INFO - [2024-11-26T11:11:03.573+0000] {dag.py:4180} INFO - Setting next_dagrun for dataset_alias_example_alias_consumer_with_no_taskflow to None, run_after=None
[2024-11-26T11:11:03.575+0000] {logging_mixin.py:190} INFO - [2024-11-26T11:11:03.575+0000] {dag.py:4180} INFO - Setting next_dagrun for dataset_alias_example_alias_producer_with_no_taskflow to None, run_after=None
[2024-11-26T11:11:03.577+0000] {logging_mixin.py:190} INFO - [2024-11-26T11:11:03.576+0000] {dag.py:4180} INFO - Setting next_dagrun for dataset_s3_bucket_consumer_with_no_taskflow to None, run_after=None
[2024-11-26T11:11:03.578+0000] {logging_mixin.py:190} INFO - [2024-11-26T11:11:03.578+0000] {dag.py:4180} INFO - Setting next_dagrun for dataset_s3_bucket_producer_with_no_taskflow to None, run_after=None
[2024-11-26T11:11:03.594+0000] {processor.py:208} INFO - Processing /home/airflow/.local/lib/python3.12/site-packages/airflow/example_dags/example_dataset_alias_with_no_taskflow.py took 0.423 seconds
[2024-11-26T11:11:34.057+0000] {processor.py:186} INFO - Started process (PID=1687) to work on /home/airflow/.local/lib/python3.12/site-packages/airflow/example_dags/example_dataset_alias_with_no_taskflow.py
[2024-11-26T11:11:34.058+0000] {processor.py:914} INFO - Processing file /home/airflow/.local/lib/python3.12/site-packages/airflow/example_dags/example_dataset_alias_with_no_taskflow.py for tasks to queue
[2024-11-26T11:11:34.060+0000] {logging_mixin.py:190} INFO - [2024-11-26T11:11:34.060+0000] {dagbag.py:588} INFO - Filling up the DagBag from /home/airflow/.local/lib/python3.12/site-packages/airflow/example_dags/example_dataset_alias_with_no_taskflow.py
[2024-11-26T11:11:34.477+0000] {processor.py:925} INFO - DAG(s) 'dataset_s3_bucket_consumer_with_no_taskflow', 'dataset_s3_bucket_producer_with_no_taskflow', 'dataset_alias_example_alias_producer_with_no_taskflow', 'dataset_alias_example_alias_consumer_with_no_taskflow' retrieved from /home/airflow/.local/lib/python3.12/site-packages/airflow/example_dags/example_dataset_alias_with_no_taskflow.py
[2024-11-26T11:11:34.496+0000] {logging_mixin.py:190} INFO - [2024-11-26T11:11:34.495+0000] {dag.py:3239} INFO - Sync 4 DAGs
[2024-11-26T11:11:34.514+0000] {logging_mixin.py:190} INFO - [2024-11-26T11:11:34.513+0000] {dag.py:4180} INFO - Setting next_dagrun for dataset_alias_example_alias_consumer_with_no_taskflow to None, run_after=None
[2024-11-26T11:11:34.516+0000] {logging_mixin.py:190} INFO - [2024-11-26T11:11:34.516+0000] {dag.py:4180} INFO - Setting next_dagrun for dataset_alias_example_alias_producer_with_no_taskflow to None, run_after=None
[2024-11-26T11:11:34.518+0000] {logging_mixin.py:190} INFO - [2024-11-26T11:11:34.518+0000] {dag.py:4180} INFO - Setting next_dagrun for dataset_s3_bucket_consumer_with_no_taskflow to None, run_after=None
[2024-11-26T11:11:34.520+0000] {logging_mixin.py:190} INFO - [2024-11-26T11:11:34.520+0000] {dag.py:4180} INFO - Setting next_dagrun for dataset_s3_bucket_producer_with_no_taskflow to None, run_after=None
[2024-11-26T11:11:34.540+0000] {processor.py:208} INFO - Processing /home/airflow/.local/lib/python3.12/site-packages/airflow/example_dags/example_dataset_alias_with_no_taskflow.py took 0.489 seconds
