[2024-11-26T10:58:42.657+0000] {processor.py:186} INFO - Started process (PID=96) to work on /home/airflow/.local/lib/python3.12/site-packages/airflow/example_dags/example_short_circuit_operator.py
[2024-11-26T10:58:42.658+0000] {processor.py:914} INFO - Processing file /home/airflow/.local/lib/python3.12/site-packages/airflow/example_dags/example_short_circuit_operator.py for tasks to queue
[2024-11-26T10:58:42.660+0000] {logging_mixin.py:190} INFO - [2024-11-26T10:58:42.660+0000] {dagbag.py:588} INFO - Filling up the DagBag from /home/airflow/.local/lib/python3.12/site-packages/airflow/example_dags/example_short_circuit_operator.py
[2024-11-26T10:58:42.668+0000] {processor.py:925} INFO - DAG(s) 'example_short_circuit_operator' retrieved from /home/airflow/.local/lib/python3.12/site-packages/airflow/example_dags/example_short_circuit_operator.py
[2024-11-26T10:58:42.757+0000] {logging_mixin.py:190} INFO - [2024-11-26T10:58:42.756+0000] {override.py:1911} INFO - Created Permission View: can delete on DAG:example_short_circuit_operator
[2024-11-26T10:58:42.766+0000] {logging_mixin.py:190} INFO - [2024-11-26T10:58:42.766+0000] {override.py:1911} INFO - Created Permission View: can read on DAG:example_short_circuit_operator
[2024-11-26T10:58:42.775+0000] {logging_mixin.py:190} INFO - [2024-11-26T10:58:42.775+0000] {override.py:1911} INFO - Created Permission View: can edit on DAG:example_short_circuit_operator
[2024-11-26T10:58:42.786+0000] {logging_mixin.py:190} INFO - [2024-11-26T10:58:42.786+0000] {override.py:1911} INFO - Created Permission View: can create on DAG Run:example_short_circuit_operator
[2024-11-26T10:58:42.792+0000] {logging_mixin.py:190} INFO - [2024-11-26T10:58:42.792+0000] {override.py:1911} INFO - Created Permission View: can read on DAG Run:example_short_circuit_operator
[2024-11-26T10:58:42.799+0000] {logging_mixin.py:190} INFO - [2024-11-26T10:58:42.799+0000] {override.py:1911} INFO - Created Permission View: menu access on DAG Run:example_short_circuit_operator
[2024-11-26T10:58:42.808+0000] {logging_mixin.py:190} INFO - [2024-11-26T10:58:42.807+0000] {override.py:1911} INFO - Created Permission View: can delete on DAG Run:example_short_circuit_operator
[2024-11-26T10:58:42.809+0000] {logging_mixin.py:190} INFO - [2024-11-26T10:58:42.809+0000] {dag.py:3239} INFO - Sync 1 DAGs
[2024-11-26T10:58:42.822+0000] {logging_mixin.py:190} INFO - [2024-11-26T10:58:42.822+0000] {dag.py:3262} INFO - Creating ORM DAG for example_short_circuit_operator
[2024-11-26T10:58:42.823+0000] {logging_mixin.py:190} INFO - [2024-11-26T10:58:42.823+0000] {dag.py:4180} INFO - Setting next_dagrun for example_short_circuit_operator to None, run_after=None
[2024-11-26T10:58:42.845+0000] {processor.py:208} INFO - Processing /home/airflow/.local/lib/python3.12/site-packages/airflow/example_dags/example_short_circuit_operator.py took 0.192 seconds
[2024-11-26T10:59:12.922+0000] {processor.py:186} INFO - Started process (PID=159) to work on /home/airflow/.local/lib/python3.12/site-packages/airflow/example_dags/example_short_circuit_operator.py
[2024-11-26T10:59:12.923+0000] {processor.py:914} INFO - Processing file /home/airflow/.local/lib/python3.12/site-packages/airflow/example_dags/example_short_circuit_operator.py for tasks to queue
[2024-11-26T10:59:12.925+0000] {logging_mixin.py:190} INFO - [2024-11-26T10:59:12.925+0000] {dagbag.py:588} INFO - Filling up the DagBag from /home/airflow/.local/lib/python3.12/site-packages/airflow/example_dags/example_short_circuit_operator.py
[2024-11-26T10:59:12.932+0000] {processor.py:925} INFO - DAG(s) 'example_short_circuit_operator' retrieved from /home/airflow/.local/lib/python3.12/site-packages/airflow/example_dags/example_short_circuit_operator.py
[2024-11-26T10:59:12.949+0000] {logging_mixin.py:190} INFO - [2024-11-26T10:59:12.949+0000] {dag.py:3239} INFO - Sync 1 DAGs
[2024-11-26T10:59:12.960+0000] {logging_mixin.py:190} INFO - [2024-11-26T10:59:12.960+0000] {dag.py:4180} INFO - Setting next_dagrun for example_short_circuit_operator to None, run_after=None
[2024-11-26T10:59:12.974+0000] {processor.py:208} INFO - Processing /home/airflow/.local/lib/python3.12/site-packages/airflow/example_dags/example_short_circuit_operator.py took 0.057 seconds
[2024-11-26T10:59:44.002+0000] {processor.py:186} INFO - Started process (PID=222) to work on /home/airflow/.local/lib/python3.12/site-packages/airflow/example_dags/example_short_circuit_operator.py
[2024-11-26T10:59:44.004+0000] {processor.py:914} INFO - Processing file /home/airflow/.local/lib/python3.12/site-packages/airflow/example_dags/example_short_circuit_operator.py for tasks to queue
[2024-11-26T10:59:44.006+0000] {logging_mixin.py:190} INFO - [2024-11-26T10:59:44.006+0000] {dagbag.py:588} INFO - Filling up the DagBag from /home/airflow/.local/lib/python3.12/site-packages/airflow/example_dags/example_short_circuit_operator.py
[2024-11-26T10:59:44.014+0000] {processor.py:925} INFO - DAG(s) 'example_short_circuit_operator' retrieved from /home/airflow/.local/lib/python3.12/site-packages/airflow/example_dags/example_short_circuit_operator.py
[2024-11-26T10:59:44.036+0000] {logging_mixin.py:190} INFO - [2024-11-26T10:59:44.036+0000] {dag.py:3239} INFO - Sync 1 DAGs
[2024-11-26T10:59:44.047+0000] {logging_mixin.py:190} INFO - [2024-11-26T10:59:44.047+0000] {dag.py:4180} INFO - Setting next_dagrun for example_short_circuit_operator to None, run_after=None
[2024-11-26T10:59:44.063+0000] {processor.py:208} INFO - Processing /home/airflow/.local/lib/python3.12/site-packages/airflow/example_dags/example_short_circuit_operator.py took 0.066 seconds
[2024-11-26T11:00:14.931+0000] {processor.py:186} INFO - Started process (PID=285) to work on /home/airflow/.local/lib/python3.12/site-packages/airflow/example_dags/example_short_circuit_operator.py
[2024-11-26T11:00:14.932+0000] {processor.py:914} INFO - Processing file /home/airflow/.local/lib/python3.12/site-packages/airflow/example_dags/example_short_circuit_operator.py for tasks to queue
[2024-11-26T11:00:14.934+0000] {logging_mixin.py:190} INFO - [2024-11-26T11:00:14.934+0000] {dagbag.py:588} INFO - Filling up the DagBag from /home/airflow/.local/lib/python3.12/site-packages/airflow/example_dags/example_short_circuit_operator.py
[2024-11-26T11:00:14.943+0000] {processor.py:925} INFO - DAG(s) 'example_short_circuit_operator' retrieved from /home/airflow/.local/lib/python3.12/site-packages/airflow/example_dags/example_short_circuit_operator.py
[2024-11-26T11:00:14.968+0000] {logging_mixin.py:190} INFO - [2024-11-26T11:00:14.968+0000] {dag.py:3239} INFO - Sync 1 DAGs
[2024-11-26T11:00:14.982+0000] {logging_mixin.py:190} INFO - [2024-11-26T11:00:14.982+0000] {dag.py:4180} INFO - Setting next_dagrun for example_short_circuit_operator to None, run_after=None
[2024-11-26T11:00:15.002+0000] {processor.py:208} INFO - Processing /home/airflow/.local/lib/python3.12/site-packages/airflow/example_dags/example_short_circuit_operator.py took 0.076 seconds
[2024-11-26T11:00:45.256+0000] {processor.py:186} INFO - Started process (PID=347) to work on /home/airflow/.local/lib/python3.12/site-packages/airflow/example_dags/example_short_circuit_operator.py
[2024-11-26T11:00:45.257+0000] {processor.py:914} INFO - Processing file /home/airflow/.local/lib/python3.12/site-packages/airflow/example_dags/example_short_circuit_operator.py for tasks to queue
[2024-11-26T11:00:45.259+0000] {logging_mixin.py:190} INFO - [2024-11-26T11:00:45.258+0000] {dagbag.py:588} INFO - Filling up the DagBag from /home/airflow/.local/lib/python3.12/site-packages/airflow/example_dags/example_short_circuit_operator.py
[2024-11-26T11:00:45.265+0000] {processor.py:925} INFO - DAG(s) 'example_short_circuit_operator' retrieved from /home/airflow/.local/lib/python3.12/site-packages/airflow/example_dags/example_short_circuit_operator.py
[2024-11-26T11:00:45.286+0000] {logging_mixin.py:190} INFO - [2024-11-26T11:00:45.286+0000] {dag.py:3239} INFO - Sync 1 DAGs
[2024-11-26T11:00:45.297+0000] {logging_mixin.py:190} INFO - [2024-11-26T11:00:45.297+0000] {dag.py:4180} INFO - Setting next_dagrun for example_short_circuit_operator to None, run_after=None
[2024-11-26T11:00:45.312+0000] {processor.py:208} INFO - Processing /home/airflow/.local/lib/python3.12/site-packages/airflow/example_dags/example_short_circuit_operator.py took 0.061 seconds
[2024-11-26T11:01:16.154+0000] {processor.py:186} INFO - Started process (PID=409) to work on /home/airflow/.local/lib/python3.12/site-packages/airflow/example_dags/example_short_circuit_operator.py
[2024-11-26T11:01:16.154+0000] {processor.py:914} INFO - Processing file /home/airflow/.local/lib/python3.12/site-packages/airflow/example_dags/example_short_circuit_operator.py for tasks to queue
[2024-11-26T11:01:16.157+0000] {logging_mixin.py:190} INFO - [2024-11-26T11:01:16.157+0000] {dagbag.py:588} INFO - Filling up the DagBag from /home/airflow/.local/lib/python3.12/site-packages/airflow/example_dags/example_short_circuit_operator.py
[2024-11-26T11:01:16.164+0000] {processor.py:925} INFO - DAG(s) 'example_short_circuit_operator' retrieved from /home/airflow/.local/lib/python3.12/site-packages/airflow/example_dags/example_short_circuit_operator.py
[2024-11-26T11:01:16.183+0000] {logging_mixin.py:190} INFO - [2024-11-26T11:01:16.183+0000] {dag.py:3239} INFO - Sync 1 DAGs
[2024-11-26T11:01:16.193+0000] {logging_mixin.py:190} INFO - [2024-11-26T11:01:16.193+0000] {dag.py:4180} INFO - Setting next_dagrun for example_short_circuit_operator to None, run_after=None
[2024-11-26T11:01:16.210+0000] {processor.py:208} INFO - Processing /home/airflow/.local/lib/python3.12/site-packages/airflow/example_dags/example_short_circuit_operator.py took 0.060 seconds
[2024-11-26T11:01:47.041+0000] {processor.py:186} INFO - Started process (PID=472) to work on /home/airflow/.local/lib/python3.12/site-packages/airflow/example_dags/example_short_circuit_operator.py
[2024-11-26T11:01:47.042+0000] {processor.py:914} INFO - Processing file /home/airflow/.local/lib/python3.12/site-packages/airflow/example_dags/example_short_circuit_operator.py for tasks to queue
[2024-11-26T11:01:47.044+0000] {logging_mixin.py:190} INFO - [2024-11-26T11:01:47.044+0000] {dagbag.py:588} INFO - Filling up the DagBag from /home/airflow/.local/lib/python3.12/site-packages/airflow/example_dags/example_short_circuit_operator.py
[2024-11-26T11:01:47.052+0000] {processor.py:925} INFO - DAG(s) 'example_short_circuit_operator' retrieved from /home/airflow/.local/lib/python3.12/site-packages/airflow/example_dags/example_short_circuit_operator.py
[2024-11-26T11:01:47.071+0000] {logging_mixin.py:190} INFO - [2024-11-26T11:01:47.071+0000] {dag.py:3239} INFO - Sync 1 DAGs
[2024-11-26T11:01:47.082+0000] {logging_mixin.py:190} INFO - [2024-11-26T11:01:47.082+0000] {dag.py:4180} INFO - Setting next_dagrun for example_short_circuit_operator to None, run_after=None
[2024-11-26T11:01:47.099+0000] {processor.py:208} INFO - Processing /home/airflow/.local/lib/python3.12/site-packages/airflow/example_dags/example_short_circuit_operator.py took 0.063 seconds
[2024-11-26T11:02:17.787+0000] {processor.py:186} INFO - Started process (PID=535) to work on /home/airflow/.local/lib/python3.12/site-packages/airflow/example_dags/example_short_circuit_operator.py
[2024-11-26T11:02:17.788+0000] {processor.py:914} INFO - Processing file /home/airflow/.local/lib/python3.12/site-packages/airflow/example_dags/example_short_circuit_operator.py for tasks to queue
[2024-11-26T11:02:17.791+0000] {logging_mixin.py:190} INFO - [2024-11-26T11:02:17.791+0000] {dagbag.py:588} INFO - Filling up the DagBag from /home/airflow/.local/lib/python3.12/site-packages/airflow/example_dags/example_short_circuit_operator.py
[2024-11-26T11:02:17.797+0000] {processor.py:925} INFO - DAG(s) 'example_short_circuit_operator' retrieved from /home/airflow/.local/lib/python3.12/site-packages/airflow/example_dags/example_short_circuit_operator.py
[2024-11-26T11:02:17.814+0000] {logging_mixin.py:190} INFO - [2024-11-26T11:02:17.813+0000] {dag.py:3239} INFO - Sync 1 DAGs
[2024-11-26T11:02:17.825+0000] {logging_mixin.py:190} INFO - [2024-11-26T11:02:17.825+0000] {dag.py:4180} INFO - Setting next_dagrun for example_short_circuit_operator to None, run_after=None
[2024-11-26T11:02:17.840+0000] {processor.py:208} INFO - Processing /home/airflow/.local/lib/python3.12/site-packages/airflow/example_dags/example_short_circuit_operator.py took 0.056 seconds
[2024-11-26T11:02:48.419+0000] {processor.py:186} INFO - Started process (PID=598) to work on /home/airflow/.local/lib/python3.12/site-packages/airflow/example_dags/example_short_circuit_operator.py
[2024-11-26T11:02:48.420+0000] {processor.py:914} INFO - Processing file /home/airflow/.local/lib/python3.12/site-packages/airflow/example_dags/example_short_circuit_operator.py for tasks to queue
[2024-11-26T11:02:48.421+0000] {logging_mixin.py:190} INFO - [2024-11-26T11:02:48.421+0000] {dagbag.py:588} INFO - Filling up the DagBag from /home/airflow/.local/lib/python3.12/site-packages/airflow/example_dags/example_short_circuit_operator.py
[2024-11-26T11:02:48.427+0000] {processor.py:925} INFO - DAG(s) 'example_short_circuit_operator' retrieved from /home/airflow/.local/lib/python3.12/site-packages/airflow/example_dags/example_short_circuit_operator.py
[2024-11-26T11:02:48.442+0000] {logging_mixin.py:190} INFO - [2024-11-26T11:02:48.442+0000] {dag.py:3239} INFO - Sync 1 DAGs
[2024-11-26T11:02:48.453+0000] {logging_mixin.py:190} INFO - [2024-11-26T11:02:48.453+0000] {dag.py:4180} INFO - Setting next_dagrun for example_short_circuit_operator to None, run_after=None
[2024-11-26T11:02:48.470+0000] {processor.py:208} INFO - Processing /home/airflow/.local/lib/python3.12/site-packages/airflow/example_dags/example_short_circuit_operator.py took 0.055 seconds
[2024-11-26T11:03:19.153+0000] {processor.py:186} INFO - Started process (PID=661) to work on /home/airflow/.local/lib/python3.12/site-packages/airflow/example_dags/example_short_circuit_operator.py
[2024-11-26T11:03:19.154+0000] {processor.py:914} INFO - Processing file /home/airflow/.local/lib/python3.12/site-packages/airflow/example_dags/example_short_circuit_operator.py for tasks to queue
[2024-11-26T11:03:19.155+0000] {logging_mixin.py:190} INFO - [2024-11-26T11:03:19.155+0000] {dagbag.py:588} INFO - Filling up the DagBag from /home/airflow/.local/lib/python3.12/site-packages/airflow/example_dags/example_short_circuit_operator.py
[2024-11-26T11:03:19.162+0000] {processor.py:925} INFO - DAG(s) 'example_short_circuit_operator' retrieved from /home/airflow/.local/lib/python3.12/site-packages/airflow/example_dags/example_short_circuit_operator.py
[2024-11-26T11:03:19.180+0000] {logging_mixin.py:190} INFO - [2024-11-26T11:03:19.179+0000] {dag.py:3239} INFO - Sync 1 DAGs
[2024-11-26T11:03:19.189+0000] {logging_mixin.py:190} INFO - [2024-11-26T11:03:19.189+0000] {dag.py:4180} INFO - Setting next_dagrun for example_short_circuit_operator to None, run_after=None
[2024-11-26T11:03:19.209+0000] {processor.py:208} INFO - Processing /home/airflow/.local/lib/python3.12/site-packages/airflow/example_dags/example_short_circuit_operator.py took 0.060 seconds
[2024-11-26T11:03:49.782+0000] {processor.py:186} INFO - Started process (PID=724) to work on /home/airflow/.local/lib/python3.12/site-packages/airflow/example_dags/example_short_circuit_operator.py
[2024-11-26T11:03:49.783+0000] {processor.py:914} INFO - Processing file /home/airflow/.local/lib/python3.12/site-packages/airflow/example_dags/example_short_circuit_operator.py for tasks to queue
[2024-11-26T11:03:49.785+0000] {logging_mixin.py:190} INFO - [2024-11-26T11:03:49.785+0000] {dagbag.py:588} INFO - Filling up the DagBag from /home/airflow/.local/lib/python3.12/site-packages/airflow/example_dags/example_short_circuit_operator.py
[2024-11-26T11:03:49.791+0000] {processor.py:925} INFO - DAG(s) 'example_short_circuit_operator' retrieved from /home/airflow/.local/lib/python3.12/site-packages/airflow/example_dags/example_short_circuit_operator.py
[2024-11-26T11:03:49.812+0000] {logging_mixin.py:190} INFO - [2024-11-26T11:03:49.811+0000] {dag.py:3239} INFO - Sync 1 DAGs
[2024-11-26T11:03:49.822+0000] {logging_mixin.py:190} INFO - [2024-11-26T11:03:49.822+0000] {dag.py:4180} INFO - Setting next_dagrun for example_short_circuit_operator to None, run_after=None
[2024-11-26T11:03:49.839+0000] {processor.py:208} INFO - Processing /home/airflow/.local/lib/python3.12/site-packages/airflow/example_dags/example_short_circuit_operator.py took 0.061 seconds
[2024-11-26T11:04:20.520+0000] {processor.py:186} INFO - Started process (PID=787) to work on /home/airflow/.local/lib/python3.12/site-packages/airflow/example_dags/example_short_circuit_operator.py
[2024-11-26T11:04:20.521+0000] {processor.py:914} INFO - Processing file /home/airflow/.local/lib/python3.12/site-packages/airflow/example_dags/example_short_circuit_operator.py for tasks to queue
[2024-11-26T11:04:20.524+0000] {logging_mixin.py:190} INFO - [2024-11-26T11:04:20.523+0000] {dagbag.py:588} INFO - Filling up the DagBag from /home/airflow/.local/lib/python3.12/site-packages/airflow/example_dags/example_short_circuit_operator.py
[2024-11-26T11:04:20.533+0000] {processor.py:925} INFO - DAG(s) 'example_short_circuit_operator' retrieved from /home/airflow/.local/lib/python3.12/site-packages/airflow/example_dags/example_short_circuit_operator.py
[2024-11-26T11:04:20.552+0000] {logging_mixin.py:190} INFO - [2024-11-26T11:04:20.552+0000] {dag.py:3239} INFO - Sync 1 DAGs
[2024-11-26T11:04:20.567+0000] {logging_mixin.py:190} INFO - [2024-11-26T11:04:20.566+0000] {dag.py:4180} INFO - Setting next_dagrun for example_short_circuit_operator to None, run_after=None
[2024-11-26T11:04:20.596+0000] {processor.py:208} INFO - Processing /home/airflow/.local/lib/python3.12/site-packages/airflow/example_dags/example_short_circuit_operator.py took 0.081 seconds
[2024-11-26T11:04:51.381+0000] {processor.py:186} INFO - Started process (PID=850) to work on /home/airflow/.local/lib/python3.12/site-packages/airflow/example_dags/example_short_circuit_operator.py
[2024-11-26T11:04:51.381+0000] {processor.py:914} INFO - Processing file /home/airflow/.local/lib/python3.12/site-packages/airflow/example_dags/example_short_circuit_operator.py for tasks to queue
[2024-11-26T11:04:51.383+0000] {logging_mixin.py:190} INFO - [2024-11-26T11:04:51.383+0000] {dagbag.py:588} INFO - Filling up the DagBag from /home/airflow/.local/lib/python3.12/site-packages/airflow/example_dags/example_short_circuit_operator.py
[2024-11-26T11:04:51.389+0000] {processor.py:925} INFO - DAG(s) 'example_short_circuit_operator' retrieved from /home/airflow/.local/lib/python3.12/site-packages/airflow/example_dags/example_short_circuit_operator.py
[2024-11-26T11:04:51.404+0000] {logging_mixin.py:190} INFO - [2024-11-26T11:04:51.404+0000] {dag.py:3239} INFO - Sync 1 DAGs
[2024-11-26T11:04:51.413+0000] {logging_mixin.py:190} INFO - [2024-11-26T11:04:51.413+0000] {dag.py:4180} INFO - Setting next_dagrun for example_short_circuit_operator to None, run_after=None
[2024-11-26T11:04:51.428+0000] {processor.py:208} INFO - Processing /home/airflow/.local/lib/python3.12/site-packages/airflow/example_dags/example_short_circuit_operator.py took 0.052 seconds
[2024-11-26T11:05:21.693+0000] {processor.py:186} INFO - Started process (PID=911) to work on /home/airflow/.local/lib/python3.12/site-packages/airflow/example_dags/example_short_circuit_operator.py
[2024-11-26T11:05:21.694+0000] {processor.py:914} INFO - Processing file /home/airflow/.local/lib/python3.12/site-packages/airflow/example_dags/example_short_circuit_operator.py for tasks to queue
[2024-11-26T11:05:21.695+0000] {logging_mixin.py:190} INFO - [2024-11-26T11:05:21.695+0000] {dagbag.py:588} INFO - Filling up the DagBag from /home/airflow/.local/lib/python3.12/site-packages/airflow/example_dags/example_short_circuit_operator.py
[2024-11-26T11:05:21.704+0000] {processor.py:925} INFO - DAG(s) 'example_short_circuit_operator' retrieved from /home/airflow/.local/lib/python3.12/site-packages/airflow/example_dags/example_short_circuit_operator.py
[2024-11-26T11:05:21.721+0000] {logging_mixin.py:190} INFO - [2024-11-26T11:05:21.721+0000] {dag.py:3239} INFO - Sync 1 DAGs
[2024-11-26T11:05:21.731+0000] {logging_mixin.py:190} INFO - [2024-11-26T11:05:21.731+0000] {dag.py:4180} INFO - Setting next_dagrun for example_short_circuit_operator to None, run_after=None
[2024-11-26T11:05:21.747+0000] {processor.py:208} INFO - Processing /home/airflow/.local/lib/python3.12/site-packages/airflow/example_dags/example_short_circuit_operator.py took 0.059 seconds
[2024-11-26T11:05:52.188+0000] {processor.py:186} INFO - Started process (PID=974) to work on /home/airflow/.local/lib/python3.12/site-packages/airflow/example_dags/example_short_circuit_operator.py
[2024-11-26T11:05:52.189+0000] {processor.py:914} INFO - Processing file /home/airflow/.local/lib/python3.12/site-packages/airflow/example_dags/example_short_circuit_operator.py for tasks to queue
[2024-11-26T11:05:52.191+0000] {logging_mixin.py:190} INFO - [2024-11-26T11:05:52.191+0000] {dagbag.py:588} INFO - Filling up the DagBag from /home/airflow/.local/lib/python3.12/site-packages/airflow/example_dags/example_short_circuit_operator.py
[2024-11-26T11:05:52.198+0000] {processor.py:925} INFO - DAG(s) 'example_short_circuit_operator' retrieved from /home/airflow/.local/lib/python3.12/site-packages/airflow/example_dags/example_short_circuit_operator.py
[2024-11-26T11:05:52.218+0000] {logging_mixin.py:190} INFO - [2024-11-26T11:05:52.218+0000] {dag.py:3239} INFO - Sync 1 DAGs
[2024-11-26T11:05:52.228+0000] {logging_mixin.py:190} INFO - [2024-11-26T11:05:52.228+0000] {dag.py:4180} INFO - Setting next_dagrun for example_short_circuit_operator to None, run_after=None
[2024-11-26T11:05:52.244+0000] {processor.py:208} INFO - Processing /home/airflow/.local/lib/python3.12/site-packages/airflow/example_dags/example_short_circuit_operator.py took 0.063 seconds
[2024-11-26T11:06:22.680+0000] {processor.py:186} INFO - Started process (PID=1037) to work on /home/airflow/.local/lib/python3.12/site-packages/airflow/example_dags/example_short_circuit_operator.py
[2024-11-26T11:06:22.681+0000] {processor.py:914} INFO - Processing file /home/airflow/.local/lib/python3.12/site-packages/airflow/example_dags/example_short_circuit_operator.py for tasks to queue
[2024-11-26T11:06:22.682+0000] {logging_mixin.py:190} INFO - [2024-11-26T11:06:22.682+0000] {dagbag.py:588} INFO - Filling up the DagBag from /home/airflow/.local/lib/python3.12/site-packages/airflow/example_dags/example_short_circuit_operator.py
[2024-11-26T11:06:22.689+0000] {processor.py:925} INFO - DAG(s) 'example_short_circuit_operator' retrieved from /home/airflow/.local/lib/python3.12/site-packages/airflow/example_dags/example_short_circuit_operator.py
[2024-11-26T11:06:22.706+0000] {logging_mixin.py:190} INFO - [2024-11-26T11:06:22.706+0000] {dag.py:3239} INFO - Sync 1 DAGs
[2024-11-26T11:06:22.716+0000] {logging_mixin.py:190} INFO - [2024-11-26T11:06:22.716+0000] {dag.py:4180} INFO - Setting next_dagrun for example_short_circuit_operator to None, run_after=None
[2024-11-26T11:06:22.734+0000] {processor.py:208} INFO - Processing /home/airflow/.local/lib/python3.12/site-packages/airflow/example_dags/example_short_circuit_operator.py took 0.058 seconds
[2024-11-26T11:06:53.575+0000] {processor.py:186} INFO - Started process (PID=1100) to work on /home/airflow/.local/lib/python3.12/site-packages/airflow/example_dags/example_short_circuit_operator.py
[2024-11-26T11:06:53.576+0000] {processor.py:914} INFO - Processing file /home/airflow/.local/lib/python3.12/site-packages/airflow/example_dags/example_short_circuit_operator.py for tasks to queue
[2024-11-26T11:06:53.578+0000] {logging_mixin.py:190} INFO - [2024-11-26T11:06:53.578+0000] {dagbag.py:588} INFO - Filling up the DagBag from /home/airflow/.local/lib/python3.12/site-packages/airflow/example_dags/example_short_circuit_operator.py
[2024-11-26T11:06:53.585+0000] {processor.py:925} INFO - DAG(s) 'example_short_circuit_operator' retrieved from /home/airflow/.local/lib/python3.12/site-packages/airflow/example_dags/example_short_circuit_operator.py
[2024-11-26T11:06:53.602+0000] {logging_mixin.py:190} INFO - [2024-11-26T11:06:53.602+0000] {dag.py:3239} INFO - Sync 1 DAGs
[2024-11-26T11:06:53.612+0000] {logging_mixin.py:190} INFO - [2024-11-26T11:06:53.612+0000] {dag.py:4180} INFO - Setting next_dagrun for example_short_circuit_operator to None, run_after=None
[2024-11-26T11:06:53.627+0000] {processor.py:208} INFO - Processing /home/airflow/.local/lib/python3.12/site-packages/airflow/example_dags/example_short_circuit_operator.py took 0.055 seconds
[2024-11-26T11:07:23.680+0000] {processor.py:186} INFO - Started process (PID=1162) to work on /home/airflow/.local/lib/python3.12/site-packages/airflow/example_dags/example_short_circuit_operator.py
[2024-11-26T11:07:23.681+0000] {processor.py:914} INFO - Processing file /home/airflow/.local/lib/python3.12/site-packages/airflow/example_dags/example_short_circuit_operator.py for tasks to queue
[2024-11-26T11:07:23.684+0000] {logging_mixin.py:190} INFO - [2024-11-26T11:07:23.684+0000] {dagbag.py:588} INFO - Filling up the DagBag from /home/airflow/.local/lib/python3.12/site-packages/airflow/example_dags/example_short_circuit_operator.py
[2024-11-26T11:07:23.693+0000] {processor.py:925} INFO - DAG(s) 'example_short_circuit_operator' retrieved from /home/airflow/.local/lib/python3.12/site-packages/airflow/example_dags/example_short_circuit_operator.py
[2024-11-26T11:07:23.709+0000] {logging_mixin.py:190} INFO - [2024-11-26T11:07:23.709+0000] {dag.py:3239} INFO - Sync 1 DAGs
[2024-11-26T11:07:23.719+0000] {logging_mixin.py:190} INFO - [2024-11-26T11:07:23.719+0000] {dag.py:4180} INFO - Setting next_dagrun for example_short_circuit_operator to None, run_after=None
[2024-11-26T11:07:23.733+0000] {processor.py:208} INFO - Processing /home/airflow/.local/lib/python3.12/site-packages/airflow/example_dags/example_short_circuit_operator.py took 0.057 seconds
[2024-11-26T11:07:53.799+0000] {processor.py:186} INFO - Started process (PID=1225) to work on /home/airflow/.local/lib/python3.12/site-packages/airflow/example_dags/example_short_circuit_operator.py
[2024-11-26T11:07:53.800+0000] {processor.py:914} INFO - Processing file /home/airflow/.local/lib/python3.12/site-packages/airflow/example_dags/example_short_circuit_operator.py for tasks to queue
[2024-11-26T11:07:53.802+0000] {logging_mixin.py:190} INFO - [2024-11-26T11:07:53.801+0000] {dagbag.py:588} INFO - Filling up the DagBag from /home/airflow/.local/lib/python3.12/site-packages/airflow/example_dags/example_short_circuit_operator.py
[2024-11-26T11:07:53.809+0000] {processor.py:925} INFO - DAG(s) 'example_short_circuit_operator' retrieved from /home/airflow/.local/lib/python3.12/site-packages/airflow/example_dags/example_short_circuit_operator.py
[2024-11-26T11:07:53.830+0000] {logging_mixin.py:190} INFO - [2024-11-26T11:07:53.829+0000] {dag.py:3239} INFO - Sync 1 DAGs
[2024-11-26T11:07:53.843+0000] {logging_mixin.py:190} INFO - [2024-11-26T11:07:53.842+0000] {dag.py:4180} INFO - Setting next_dagrun for example_short_circuit_operator to None, run_after=None
[2024-11-26T11:07:53.859+0000] {processor.py:208} INFO - Processing /home/airflow/.local/lib/python3.12/site-packages/airflow/example_dags/example_short_circuit_operator.py took 0.067 seconds
[2024-11-26T11:08:24.106+0000] {processor.py:186} INFO - Started process (PID=1288) to work on /home/airflow/.local/lib/python3.12/site-packages/airflow/example_dags/example_short_circuit_operator.py
[2024-11-26T11:08:24.107+0000] {processor.py:914} INFO - Processing file /home/airflow/.local/lib/python3.12/site-packages/airflow/example_dags/example_short_circuit_operator.py for tasks to queue
[2024-11-26T11:08:24.109+0000] {logging_mixin.py:190} INFO - [2024-11-26T11:08:24.109+0000] {dagbag.py:588} INFO - Filling up the DagBag from /home/airflow/.local/lib/python3.12/site-packages/airflow/example_dags/example_short_circuit_operator.py
[2024-11-26T11:08:24.116+0000] {processor.py:925} INFO - DAG(s) 'example_short_circuit_operator' retrieved from /home/airflow/.local/lib/python3.12/site-packages/airflow/example_dags/example_short_circuit_operator.py
[2024-11-26T11:08:24.132+0000] {logging_mixin.py:190} INFO - [2024-11-26T11:08:24.131+0000] {dag.py:3239} INFO - Sync 1 DAGs
[2024-11-26T11:08:24.142+0000] {logging_mixin.py:190} INFO - [2024-11-26T11:08:24.142+0000] {dag.py:4180} INFO - Setting next_dagrun for example_short_circuit_operator to None, run_after=None
[2024-11-26T11:08:24.156+0000] {processor.py:208} INFO - Processing /home/airflow/.local/lib/python3.12/site-packages/airflow/example_dags/example_short_circuit_operator.py took 0.054 seconds
[2024-11-26T11:08:54.878+0000] {processor.py:186} INFO - Started process (PID=1351) to work on /home/airflow/.local/lib/python3.12/site-packages/airflow/example_dags/example_short_circuit_operator.py
[2024-11-26T11:08:54.879+0000] {processor.py:914} INFO - Processing file /home/airflow/.local/lib/python3.12/site-packages/airflow/example_dags/example_short_circuit_operator.py for tasks to queue
[2024-11-26T11:08:54.883+0000] {logging_mixin.py:190} INFO - [2024-11-26T11:08:54.883+0000] {dagbag.py:588} INFO - Filling up the DagBag from /home/airflow/.local/lib/python3.12/site-packages/airflow/example_dags/example_short_circuit_operator.py
[2024-11-26T11:08:54.891+0000] {processor.py:925} INFO - DAG(s) 'example_short_circuit_operator' retrieved from /home/airflow/.local/lib/python3.12/site-packages/airflow/example_dags/example_short_circuit_operator.py
[2024-11-26T11:08:54.912+0000] {logging_mixin.py:190} INFO - [2024-11-26T11:08:54.912+0000] {dag.py:3239} INFO - Sync 1 DAGs
[2024-11-26T11:08:54.926+0000] {logging_mixin.py:190} INFO - [2024-11-26T11:08:54.926+0000] {dag.py:4180} INFO - Setting next_dagrun for example_short_circuit_operator to None, run_after=None
[2024-11-26T11:08:54.945+0000] {processor.py:208} INFO - Processing /home/airflow/.local/lib/python3.12/site-packages/airflow/example_dags/example_short_circuit_operator.py took 0.073 seconds
[2024-11-26T11:09:25.371+0000] {processor.py:186} INFO - Started process (PID=1414) to work on /home/airflow/.local/lib/python3.12/site-packages/airflow/example_dags/example_short_circuit_operator.py
[2024-11-26T11:09:25.372+0000] {processor.py:914} INFO - Processing file /home/airflow/.local/lib/python3.12/site-packages/airflow/example_dags/example_short_circuit_operator.py for tasks to queue
[2024-11-26T11:09:25.374+0000] {logging_mixin.py:190} INFO - [2024-11-26T11:09:25.374+0000] {dagbag.py:588} INFO - Filling up the DagBag from /home/airflow/.local/lib/python3.12/site-packages/airflow/example_dags/example_short_circuit_operator.py
[2024-11-26T11:09:25.381+0000] {processor.py:925} INFO - DAG(s) 'example_short_circuit_operator' retrieved from /home/airflow/.local/lib/python3.12/site-packages/airflow/example_dags/example_short_circuit_operator.py
[2024-11-26T11:09:25.400+0000] {logging_mixin.py:190} INFO - [2024-11-26T11:09:25.399+0000] {dag.py:3239} INFO - Sync 1 DAGs
[2024-11-26T11:09:25.412+0000] {logging_mixin.py:190} INFO - [2024-11-26T11:09:25.411+0000] {dag.py:4180} INFO - Setting next_dagrun for example_short_circuit_operator to None, run_after=None
[2024-11-26T11:09:25.426+0000] {processor.py:208} INFO - Processing /home/airflow/.local/lib/python3.12/site-packages/airflow/example_dags/example_short_circuit_operator.py took 0.059 seconds
[2024-11-26T11:09:55.856+0000] {processor.py:186} INFO - Started process (PID=1477) to work on /home/airflow/.local/lib/python3.12/site-packages/airflow/example_dags/example_short_circuit_operator.py
[2024-11-26T11:09:55.857+0000] {processor.py:914} INFO - Processing file /home/airflow/.local/lib/python3.12/site-packages/airflow/example_dags/example_short_circuit_operator.py for tasks to queue
[2024-11-26T11:09:55.860+0000] {logging_mixin.py:190} INFO - [2024-11-26T11:09:55.860+0000] {dagbag.py:588} INFO - Filling up the DagBag from /home/airflow/.local/lib/python3.12/site-packages/airflow/example_dags/example_short_circuit_operator.py
[2024-11-26T11:09:55.867+0000] {processor.py:925} INFO - DAG(s) 'example_short_circuit_operator' retrieved from /home/airflow/.local/lib/python3.12/site-packages/airflow/example_dags/example_short_circuit_operator.py
[2024-11-26T11:09:55.888+0000] {logging_mixin.py:190} INFO - [2024-11-26T11:09:55.888+0000] {dag.py:3239} INFO - Sync 1 DAGs
[2024-11-26T11:09:55.900+0000] {logging_mixin.py:190} INFO - [2024-11-26T11:09:55.899+0000] {dag.py:4180} INFO - Setting next_dagrun for example_short_circuit_operator to None, run_after=None
[2024-11-26T11:09:55.920+0000] {processor.py:208} INFO - Processing /home/airflow/.local/lib/python3.12/site-packages/airflow/example_dags/example_short_circuit_operator.py took 0.070 seconds
[2024-11-26T11:10:26.826+0000] {processor.py:186} INFO - Started process (PID=1540) to work on /home/airflow/.local/lib/python3.12/site-packages/airflow/example_dags/example_short_circuit_operator.py
[2024-11-26T11:10:26.827+0000] {processor.py:914} INFO - Processing file /home/airflow/.local/lib/python3.12/site-packages/airflow/example_dags/example_short_circuit_operator.py for tasks to queue
[2024-11-26T11:10:26.829+0000] {logging_mixin.py:190} INFO - [2024-11-26T11:10:26.829+0000] {dagbag.py:588} INFO - Filling up the DagBag from /home/airflow/.local/lib/python3.12/site-packages/airflow/example_dags/example_short_circuit_operator.py
[2024-11-26T11:10:26.837+0000] {processor.py:925} INFO - DAG(s) 'example_short_circuit_operator' retrieved from /home/airflow/.local/lib/python3.12/site-packages/airflow/example_dags/example_short_circuit_operator.py
[2024-11-26T11:10:26.865+0000] {logging_mixin.py:190} INFO - [2024-11-26T11:10:26.864+0000] {dag.py:3239} INFO - Sync 1 DAGs
[2024-11-26T11:10:26.876+0000] {logging_mixin.py:190} INFO - [2024-11-26T11:10:26.876+0000] {dag.py:4180} INFO - Setting next_dagrun for example_short_circuit_operator to None, run_after=None
[2024-11-26T11:10:26.895+0000] {processor.py:208} INFO - Processing /home/airflow/.local/lib/python3.12/site-packages/airflow/example_dags/example_short_circuit_operator.py took 0.075 seconds
[2024-11-26T11:10:56.980+0000] {processor.py:186} INFO - Started process (PID=1603) to work on /home/airflow/.local/lib/python3.12/site-packages/airflow/example_dags/example_short_circuit_operator.py
[2024-11-26T11:10:56.981+0000] {processor.py:914} INFO - Processing file /home/airflow/.local/lib/python3.12/site-packages/airflow/example_dags/example_short_circuit_operator.py for tasks to queue
[2024-11-26T11:10:56.985+0000] {logging_mixin.py:190} INFO - [2024-11-26T11:10:56.985+0000] {dagbag.py:588} INFO - Filling up the DagBag from /home/airflow/.local/lib/python3.12/site-packages/airflow/example_dags/example_short_circuit_operator.py
[2024-11-26T11:10:56.994+0000] {processor.py:925} INFO - DAG(s) 'example_short_circuit_operator' retrieved from /home/airflow/.local/lib/python3.12/site-packages/airflow/example_dags/example_short_circuit_operator.py
[2024-11-26T11:10:57.017+0000] {logging_mixin.py:190} INFO - [2024-11-26T11:10:57.017+0000] {dag.py:3239} INFO - Sync 1 DAGs
[2024-11-26T11:10:57.032+0000] {logging_mixin.py:190} INFO - [2024-11-26T11:10:57.032+0000] {dag.py:4180} INFO - Setting next_dagrun for example_short_circuit_operator to None, run_after=None
[2024-11-26T11:10:57.051+0000] {processor.py:208} INFO - Processing /home/airflow/.local/lib/python3.12/site-packages/airflow/example_dags/example_short_circuit_operator.py took 0.079 seconds
[2024-11-26T11:11:27.334+0000] {processor.py:186} INFO - Started process (PID=1666) to work on /home/airflow/.local/lib/python3.12/site-packages/airflow/example_dags/example_short_circuit_operator.py
[2024-11-26T11:11:27.335+0000] {processor.py:914} INFO - Processing file /home/airflow/.local/lib/python3.12/site-packages/airflow/example_dags/example_short_circuit_operator.py for tasks to queue
[2024-11-26T11:11:27.338+0000] {logging_mixin.py:190} INFO - [2024-11-26T11:11:27.338+0000] {dagbag.py:588} INFO - Filling up the DagBag from /home/airflow/.local/lib/python3.12/site-packages/airflow/example_dags/example_short_circuit_operator.py
[2024-11-26T11:11:27.346+0000] {processor.py:925} INFO - DAG(s) 'example_short_circuit_operator' retrieved from /home/airflow/.local/lib/python3.12/site-packages/airflow/example_dags/example_short_circuit_operator.py
[2024-11-26T11:11:27.372+0000] {logging_mixin.py:190} INFO - [2024-11-26T11:11:27.372+0000] {dag.py:3239} INFO - Sync 1 DAGs
[2024-11-26T11:11:27.388+0000] {logging_mixin.py:190} INFO - [2024-11-26T11:11:27.388+0000] {dag.py:4180} INFO - Setting next_dagrun for example_short_circuit_operator to None, run_after=None
[2024-11-26T11:11:27.412+0000] {processor.py:208} INFO - Processing /home/airflow/.local/lib/python3.12/site-packages/airflow/example_dags/example_short_circuit_operator.py took 0.083 seconds
