[2024-11-26T10:58:43.116+0000] {processor.py:186} INFO - Started process (PID=100) to work on /home/airflow/.local/lib/python3.12/site-packages/airflow/example_dags/example_branch_operator.py
[2024-11-26T10:58:43.117+0000] {processor.py:914} INFO - Processing file /home/airflow/.local/lib/python3.12/site-packages/airflow/example_dags/example_branch_operator.py for tasks to queue
[2024-11-26T10:58:43.121+0000] {logging_mixin.py:190} INFO - [2024-11-26T10:58:43.120+0000] {dagbag.py:588} INFO - Filling up the DagBag from /home/airflow/.local/lib/python3.12/site-packages/airflow/example_dags/example_branch_operator.py
[2024-11-26T10:58:43.140+0000] {processor.py:925} INFO - DAG(s) 'example_branch_operator' retrieved from /home/airflow/.local/lib/python3.12/site-packages/airflow/example_dags/example_branch_operator.py
[2024-11-26T10:58:43.240+0000] {logging_mixin.py:190} INFO - [2024-11-26T10:58:43.240+0000] {override.py:1911} INFO - Created Permission View: can delete on DAG:example_branch_operator
[2024-11-26T10:58:43.250+0000] {logging_mixin.py:190} INFO - [2024-11-26T10:58:43.250+0000] {override.py:1911} INFO - Created Permission View: can read on DAG:example_branch_operator
[2024-11-26T10:58:43.260+0000] {logging_mixin.py:190} INFO - [2024-11-26T10:58:43.260+0000] {override.py:1911} INFO - Created Permission View: can edit on DAG:example_branch_operator
[2024-11-26T10:58:43.268+0000] {logging_mixin.py:190} INFO - [2024-11-26T10:58:43.268+0000] {override.py:1911} INFO - Created Permission View: can create on DAG Run:example_branch_operator
[2024-11-26T10:58:43.277+0000] {logging_mixin.py:190} INFO - [2024-11-26T10:58:43.277+0000] {override.py:1911} INFO - Created Permission View: can read on DAG Run:example_branch_operator
[2024-11-26T10:58:43.284+0000] {logging_mixin.py:190} INFO - [2024-11-26T10:58:43.283+0000] {override.py:1911} INFO - Created Permission View: menu access on DAG Run:example_branch_operator
[2024-11-26T10:58:43.293+0000] {logging_mixin.py:190} INFO - [2024-11-26T10:58:43.292+0000] {override.py:1911} INFO - Created Permission View: can delete on DAG Run:example_branch_operator
[2024-11-26T10:58:43.293+0000] {logging_mixin.py:190} INFO - [2024-11-26T10:58:43.293+0000] {dag.py:3239} INFO - Sync 1 DAGs
[2024-11-26T10:58:43.306+0000] {logging_mixin.py:190} INFO - [2024-11-26T10:58:43.306+0000] {dag.py:3262} INFO - Creating ORM DAG for example_branch_operator
[2024-11-26T10:58:43.314+0000] {logging_mixin.py:190} INFO - [2024-11-26T10:58:43.314+0000] {dag.py:4180} INFO - Setting next_dagrun for example_branch_operator to 2024-11-25 00:00:00+00:00, run_after=2024-11-26 00:00:00+00:00
[2024-11-26T10:58:43.338+0000] {processor.py:208} INFO - Processing /home/airflow/.local/lib/python3.12/site-packages/airflow/example_dags/example_branch_operator.py took 0.230 seconds
[2024-11-26T10:59:14.071+0000] {processor.py:186} INFO - Started process (PID=163) to work on /home/airflow/.local/lib/python3.12/site-packages/airflow/example_dags/example_branch_operator.py
[2024-11-26T10:59:14.072+0000] {processor.py:914} INFO - Processing file /home/airflow/.local/lib/python3.12/site-packages/airflow/example_dags/example_branch_operator.py for tasks to queue
[2024-11-26T10:59:14.075+0000] {logging_mixin.py:190} INFO - [2024-11-26T10:59:14.075+0000] {dagbag.py:588} INFO - Filling up the DagBag from /home/airflow/.local/lib/python3.12/site-packages/airflow/example_dags/example_branch_operator.py
[2024-11-26T10:59:14.093+0000] {processor.py:925} INFO - DAG(s) 'example_branch_operator' retrieved from /home/airflow/.local/lib/python3.12/site-packages/airflow/example_dags/example_branch_operator.py
[2024-11-26T10:59:14.128+0000] {logging_mixin.py:190} INFO - [2024-11-26T10:59:14.128+0000] {dag.py:3239} INFO - Sync 1 DAGs
[2024-11-26T10:59:14.153+0000] {logging_mixin.py:190} INFO - [2024-11-26T10:59:14.152+0000] {dag.py:4180} INFO - Setting next_dagrun for example_branch_operator to 2024-11-25 00:00:00+00:00, run_after=2024-11-26 00:00:00+00:00
[2024-11-26T10:59:14.172+0000] {processor.py:208} INFO - Processing /home/airflow/.local/lib/python3.12/site-packages/airflow/example_dags/example_branch_operator.py took 0.105 seconds
[2024-11-26T10:59:44.203+0000] {processor.py:186} INFO - Started process (PID=226) to work on /home/airflow/.local/lib/python3.12/site-packages/airflow/example_dags/example_branch_operator.py
[2024-11-26T10:59:44.204+0000] {processor.py:914} INFO - Processing file /home/airflow/.local/lib/python3.12/site-packages/airflow/example_dags/example_branch_operator.py for tasks to queue
[2024-11-26T10:59:44.207+0000] {logging_mixin.py:190} INFO - [2024-11-26T10:59:44.206+0000] {dagbag.py:588} INFO - Filling up the DagBag from /home/airflow/.local/lib/python3.12/site-packages/airflow/example_dags/example_branch_operator.py
[2024-11-26T10:59:44.225+0000] {processor.py:925} INFO - DAG(s) 'example_branch_operator' retrieved from /home/airflow/.local/lib/python3.12/site-packages/airflow/example_dags/example_branch_operator.py
[2024-11-26T10:59:44.252+0000] {logging_mixin.py:190} INFO - [2024-11-26T10:59:44.252+0000] {dag.py:3239} INFO - Sync 1 DAGs
[2024-11-26T10:59:44.270+0000] {logging_mixin.py:190} INFO - [2024-11-26T10:59:44.270+0000] {dag.py:4180} INFO - Setting next_dagrun for example_branch_operator to 2024-11-25 00:00:00+00:00, run_after=2024-11-26 00:00:00+00:00
[2024-11-26T10:59:44.288+0000] {processor.py:208} INFO - Processing /home/airflow/.local/lib/python3.12/site-packages/airflow/example_dags/example_branch_operator.py took 0.092 seconds
[2024-11-26T11:00:15.261+0000] {processor.py:186} INFO - Started process (PID=289) to work on /home/airflow/.local/lib/python3.12/site-packages/airflow/example_dags/example_branch_operator.py
[2024-11-26T11:00:15.262+0000] {processor.py:914} INFO - Processing file /home/airflow/.local/lib/python3.12/site-packages/airflow/example_dags/example_branch_operator.py for tasks to queue
[2024-11-26T11:00:15.264+0000] {logging_mixin.py:190} INFO - [2024-11-26T11:00:15.264+0000] {dagbag.py:588} INFO - Filling up the DagBag from /home/airflow/.local/lib/python3.12/site-packages/airflow/example_dags/example_branch_operator.py
[2024-11-26T11:00:15.284+0000] {processor.py:925} INFO - DAG(s) 'example_branch_operator' retrieved from /home/airflow/.local/lib/python3.12/site-packages/airflow/example_dags/example_branch_operator.py
[2024-11-26T11:00:15.312+0000] {logging_mixin.py:190} INFO - [2024-11-26T11:00:15.312+0000] {dag.py:3239} INFO - Sync 1 DAGs
[2024-11-26T11:00:15.335+0000] {logging_mixin.py:190} INFO - [2024-11-26T11:00:15.335+0000] {dag.py:4180} INFO - Setting next_dagrun for example_branch_operator to 2024-11-25 00:00:00+00:00, run_after=2024-11-26 00:00:00+00:00
[2024-11-26T11:00:15.354+0000] {processor.py:208} INFO - Processing /home/airflow/.local/lib/python3.12/site-packages/airflow/example_dags/example_branch_operator.py took 0.099 seconds
[2024-11-26T11:00:45.582+0000] {processor.py:186} INFO - Started process (PID=351) to work on /home/airflow/.local/lib/python3.12/site-packages/airflow/example_dags/example_branch_operator.py
[2024-11-26T11:00:45.583+0000] {processor.py:914} INFO - Processing file /home/airflow/.local/lib/python3.12/site-packages/airflow/example_dags/example_branch_operator.py for tasks to queue
[2024-11-26T11:00:45.585+0000] {logging_mixin.py:190} INFO - [2024-11-26T11:00:45.585+0000] {dagbag.py:588} INFO - Filling up the DagBag from /home/airflow/.local/lib/python3.12/site-packages/airflow/example_dags/example_branch_operator.py
[2024-11-26T11:00:45.598+0000] {processor.py:925} INFO - DAG(s) 'example_branch_operator' retrieved from /home/airflow/.local/lib/python3.12/site-packages/airflow/example_dags/example_branch_operator.py
[2024-11-26T11:00:45.621+0000] {logging_mixin.py:190} INFO - [2024-11-26T11:00:45.621+0000] {dag.py:3239} INFO - Sync 1 DAGs
[2024-11-26T11:00:45.641+0000] {logging_mixin.py:190} INFO - [2024-11-26T11:00:45.640+0000] {dag.py:4180} INFO - Setting next_dagrun for example_branch_operator to 2024-11-25 00:00:00+00:00, run_after=2024-11-26 00:00:00+00:00
[2024-11-26T11:00:45.659+0000] {processor.py:208} INFO - Processing /home/airflow/.local/lib/python3.12/site-packages/airflow/example_dags/example_branch_operator.py took 0.082 seconds
[2024-11-26T11:01:16.451+0000] {processor.py:186} INFO - Started process (PID=413) to work on /home/airflow/.local/lib/python3.12/site-packages/airflow/example_dags/example_branch_operator.py
[2024-11-26T11:01:16.452+0000] {processor.py:914} INFO - Processing file /home/airflow/.local/lib/python3.12/site-packages/airflow/example_dags/example_branch_operator.py for tasks to queue
[2024-11-26T11:01:16.455+0000] {logging_mixin.py:190} INFO - [2024-11-26T11:01:16.455+0000] {dagbag.py:588} INFO - Filling up the DagBag from /home/airflow/.local/lib/python3.12/site-packages/airflow/example_dags/example_branch_operator.py
[2024-11-26T11:01:16.477+0000] {processor.py:925} INFO - DAG(s) 'example_branch_operator' retrieved from /home/airflow/.local/lib/python3.12/site-packages/airflow/example_dags/example_branch_operator.py
[2024-11-26T11:01:16.502+0000] {logging_mixin.py:190} INFO - [2024-11-26T11:01:16.502+0000] {dag.py:3239} INFO - Sync 1 DAGs
[2024-11-26T11:01:16.528+0000] {logging_mixin.py:190} INFO - [2024-11-26T11:01:16.528+0000] {dag.py:4180} INFO - Setting next_dagrun for example_branch_operator to 2024-11-25 00:00:00+00:00, run_after=2024-11-26 00:00:00+00:00
[2024-11-26T11:01:16.549+0000] {processor.py:208} INFO - Processing /home/airflow/.local/lib/python3.12/site-packages/airflow/example_dags/example_branch_operator.py took 0.105 seconds
[2024-11-26T11:01:47.336+0000] {processor.py:186} INFO - Started process (PID=476) to work on /home/airflow/.local/lib/python3.12/site-packages/airflow/example_dags/example_branch_operator.py
[2024-11-26T11:01:47.337+0000] {processor.py:914} INFO - Processing file /home/airflow/.local/lib/python3.12/site-packages/airflow/example_dags/example_branch_operator.py for tasks to queue
[2024-11-26T11:01:47.339+0000] {logging_mixin.py:190} INFO - [2024-11-26T11:01:47.339+0000] {dagbag.py:588} INFO - Filling up the DagBag from /home/airflow/.local/lib/python3.12/site-packages/airflow/example_dags/example_branch_operator.py
[2024-11-26T11:01:47.355+0000] {processor.py:925} INFO - DAG(s) 'example_branch_operator' retrieved from /home/airflow/.local/lib/python3.12/site-packages/airflow/example_dags/example_branch_operator.py
[2024-11-26T11:01:47.375+0000] {logging_mixin.py:190} INFO - [2024-11-26T11:01:47.375+0000] {dag.py:3239} INFO - Sync 1 DAGs
[2024-11-26T11:01:47.395+0000] {logging_mixin.py:190} INFO - [2024-11-26T11:01:47.394+0000] {dag.py:4180} INFO - Setting next_dagrun for example_branch_operator to 2024-11-25 00:00:00+00:00, run_after=2024-11-26 00:00:00+00:00
[2024-11-26T11:01:47.416+0000] {processor.py:208} INFO - Processing /home/airflow/.local/lib/python3.12/site-packages/airflow/example_dags/example_branch_operator.py took 0.085 seconds
[2024-11-26T11:02:18.034+0000] {processor.py:186} INFO - Started process (PID=539) to work on /home/airflow/.local/lib/python3.12/site-packages/airflow/example_dags/example_branch_operator.py
[2024-11-26T11:02:18.035+0000] {processor.py:914} INFO - Processing file /home/airflow/.local/lib/python3.12/site-packages/airflow/example_dags/example_branch_operator.py for tasks to queue
[2024-11-26T11:02:18.037+0000] {logging_mixin.py:190} INFO - [2024-11-26T11:02:18.037+0000] {dagbag.py:588} INFO - Filling up the DagBag from /home/airflow/.local/lib/python3.12/site-packages/airflow/example_dags/example_branch_operator.py
[2024-11-26T11:02:18.052+0000] {processor.py:925} INFO - DAG(s) 'example_branch_operator' retrieved from /home/airflow/.local/lib/python3.12/site-packages/airflow/example_dags/example_branch_operator.py
[2024-11-26T11:02:18.069+0000] {logging_mixin.py:190} INFO - [2024-11-26T11:02:18.069+0000] {dag.py:3239} INFO - Sync 1 DAGs
[2024-11-26T11:02:18.095+0000] {logging_mixin.py:190} INFO - [2024-11-26T11:02:18.094+0000] {dag.py:4180} INFO - Setting next_dagrun for example_branch_operator to 2024-11-25 00:00:00+00:00, run_after=2024-11-26 00:00:00+00:00
[2024-11-26T11:02:18.110+0000] {processor.py:208} INFO - Processing /home/airflow/.local/lib/python3.12/site-packages/airflow/example_dags/example_branch_operator.py took 0.081 seconds
[2024-11-26T11:02:48.686+0000] {processor.py:186} INFO - Started process (PID=602) to work on /home/airflow/.local/lib/python3.12/site-packages/airflow/example_dags/example_branch_operator.py
[2024-11-26T11:02:48.687+0000] {processor.py:914} INFO - Processing file /home/airflow/.local/lib/python3.12/site-packages/airflow/example_dags/example_branch_operator.py for tasks to queue
[2024-11-26T11:02:48.689+0000] {logging_mixin.py:190} INFO - [2024-11-26T11:02:48.689+0000] {dagbag.py:588} INFO - Filling up the DagBag from /home/airflow/.local/lib/python3.12/site-packages/airflow/example_dags/example_branch_operator.py
[2024-11-26T11:02:48.705+0000] {processor.py:925} INFO - DAG(s) 'example_branch_operator' retrieved from /home/airflow/.local/lib/python3.12/site-packages/airflow/example_dags/example_branch_operator.py
[2024-11-26T11:02:48.725+0000] {logging_mixin.py:190} INFO - [2024-11-26T11:02:48.725+0000] {dag.py:3239} INFO - Sync 1 DAGs
[2024-11-26T11:02:48.743+0000] {logging_mixin.py:190} INFO - [2024-11-26T11:02:48.743+0000] {dag.py:4180} INFO - Setting next_dagrun for example_branch_operator to 2024-11-25 00:00:00+00:00, run_after=2024-11-26 00:00:00+00:00
[2024-11-26T11:02:48.760+0000] {processor.py:208} INFO - Processing /home/airflow/.local/lib/python3.12/site-packages/airflow/example_dags/example_branch_operator.py took 0.079 seconds
[2024-11-26T11:03:19.352+0000] {processor.py:186} INFO - Started process (PID=665) to work on /home/airflow/.local/lib/python3.12/site-packages/airflow/example_dags/example_branch_operator.py
[2024-11-26T11:03:19.353+0000] {processor.py:914} INFO - Processing file /home/airflow/.local/lib/python3.12/site-packages/airflow/example_dags/example_branch_operator.py for tasks to queue
[2024-11-26T11:03:19.355+0000] {logging_mixin.py:190} INFO - [2024-11-26T11:03:19.355+0000] {dagbag.py:588} INFO - Filling up the DagBag from /home/airflow/.local/lib/python3.12/site-packages/airflow/example_dags/example_branch_operator.py
[2024-11-26T11:03:19.369+0000] {processor.py:925} INFO - DAG(s) 'example_branch_operator' retrieved from /home/airflow/.local/lib/python3.12/site-packages/airflow/example_dags/example_branch_operator.py
[2024-11-26T11:03:19.389+0000] {logging_mixin.py:190} INFO - [2024-11-26T11:03:19.389+0000] {dag.py:3239} INFO - Sync 1 DAGs
[2024-11-26T11:03:19.407+0000] {logging_mixin.py:190} INFO - [2024-11-26T11:03:19.407+0000] {dag.py:4180} INFO - Setting next_dagrun for example_branch_operator to 2024-11-25 00:00:00+00:00, run_after=2024-11-26 00:00:00+00:00
[2024-11-26T11:03:19.423+0000] {processor.py:208} INFO - Processing /home/airflow/.local/lib/python3.12/site-packages/airflow/example_dags/example_branch_operator.py took 0.075 seconds
[2024-11-26T11:03:49.950+0000] {processor.py:186} INFO - Started process (PID=728) to work on /home/airflow/.local/lib/python3.12/site-packages/airflow/example_dags/example_branch_operator.py
[2024-11-26T11:03:49.951+0000] {processor.py:914} INFO - Processing file /home/airflow/.local/lib/python3.12/site-packages/airflow/example_dags/example_branch_operator.py for tasks to queue
[2024-11-26T11:03:49.953+0000] {logging_mixin.py:190} INFO - [2024-11-26T11:03:49.952+0000] {dagbag.py:588} INFO - Filling up the DagBag from /home/airflow/.local/lib/python3.12/site-packages/airflow/example_dags/example_branch_operator.py
[2024-11-26T11:03:49.964+0000] {processor.py:925} INFO - DAG(s) 'example_branch_operator' retrieved from /home/airflow/.local/lib/python3.12/site-packages/airflow/example_dags/example_branch_operator.py
[2024-11-26T11:03:49.986+0000] {logging_mixin.py:190} INFO - [2024-11-26T11:03:49.986+0000] {dag.py:3239} INFO - Sync 1 DAGs
[2024-11-26T11:03:50.005+0000] {logging_mixin.py:190} INFO - [2024-11-26T11:03:50.005+0000] {dag.py:4180} INFO - Setting next_dagrun for example_branch_operator to 2024-11-25 00:00:00+00:00, run_after=2024-11-26 00:00:00+00:00
[2024-11-26T11:03:50.019+0000] {processor.py:208} INFO - Processing /home/airflow/.local/lib/python3.12/site-packages/airflow/example_dags/example_branch_operator.py took 0.073 seconds
[2024-11-26T11:04:20.846+0000] {processor.py:186} INFO - Started process (PID=791) to work on /home/airflow/.local/lib/python3.12/site-packages/airflow/example_dags/example_branch_operator.py
[2024-11-26T11:04:20.847+0000] {processor.py:914} INFO - Processing file /home/airflow/.local/lib/python3.12/site-packages/airflow/example_dags/example_branch_operator.py for tasks to queue
[2024-11-26T11:04:20.849+0000] {logging_mixin.py:190} INFO - [2024-11-26T11:04:20.849+0000] {dagbag.py:588} INFO - Filling up the DagBag from /home/airflow/.local/lib/python3.12/site-packages/airflow/example_dags/example_branch_operator.py
[2024-11-26T11:04:20.862+0000] {processor.py:925} INFO - DAG(s) 'example_branch_operator' retrieved from /home/airflow/.local/lib/python3.12/site-packages/airflow/example_dags/example_branch_operator.py
[2024-11-26T11:04:20.886+0000] {logging_mixin.py:190} INFO - [2024-11-26T11:04:20.886+0000] {dag.py:3239} INFO - Sync 1 DAGs
[2024-11-26T11:04:20.908+0000] {logging_mixin.py:190} INFO - [2024-11-26T11:04:20.908+0000] {dag.py:4180} INFO - Setting next_dagrun for example_branch_operator to 2024-11-25 00:00:00+00:00, run_after=2024-11-26 00:00:00+00:00
[2024-11-26T11:04:20.930+0000] {processor.py:208} INFO - Processing /home/airflow/.local/lib/python3.12/site-packages/airflow/example_dags/example_branch_operator.py took 0.090 seconds
[2024-11-26T11:04:51.688+0000] {processor.py:186} INFO - Started process (PID=854) to work on /home/airflow/.local/lib/python3.12/site-packages/airflow/example_dags/example_branch_operator.py
[2024-11-26T11:04:51.689+0000] {processor.py:914} INFO - Processing file /home/airflow/.local/lib/python3.12/site-packages/airflow/example_dags/example_branch_operator.py for tasks to queue
[2024-11-26T11:04:51.692+0000] {logging_mixin.py:190} INFO - [2024-11-26T11:04:51.691+0000] {dagbag.py:588} INFO - Filling up the DagBag from /home/airflow/.local/lib/python3.12/site-packages/airflow/example_dags/example_branch_operator.py
[2024-11-26T11:04:51.705+0000] {processor.py:925} INFO - DAG(s) 'example_branch_operator' retrieved from /home/airflow/.local/lib/python3.12/site-packages/airflow/example_dags/example_branch_operator.py
[2024-11-26T11:04:51.727+0000] {logging_mixin.py:190} INFO - [2024-11-26T11:04:51.726+0000] {dag.py:3239} INFO - Sync 1 DAGs
[2024-11-26T11:04:51.745+0000] {logging_mixin.py:190} INFO - [2024-11-26T11:04:51.745+0000] {dag.py:4180} INFO - Setting next_dagrun for example_branch_operator to 2024-11-25 00:00:00+00:00, run_after=2024-11-26 00:00:00+00:00
[2024-11-26T11:04:51.759+0000] {processor.py:208} INFO - Processing /home/airflow/.local/lib/python3.12/site-packages/airflow/example_dags/example_branch_operator.py took 0.075 seconds
[2024-11-26T11:05:21.927+0000] {processor.py:186} INFO - Started process (PID=916) to work on /home/airflow/.local/lib/python3.12/site-packages/airflow/example_dags/example_branch_operator.py
[2024-11-26T11:05:21.928+0000] {processor.py:914} INFO - Processing file /home/airflow/.local/lib/python3.12/site-packages/airflow/example_dags/example_branch_operator.py for tasks to queue
[2024-11-26T11:05:21.931+0000] {logging_mixin.py:190} INFO - [2024-11-26T11:05:21.930+0000] {dagbag.py:588} INFO - Filling up the DagBag from /home/airflow/.local/lib/python3.12/site-packages/airflow/example_dags/example_branch_operator.py
[2024-11-26T11:05:21.943+0000] {processor.py:925} INFO - DAG(s) 'example_branch_operator' retrieved from /home/airflow/.local/lib/python3.12/site-packages/airflow/example_dags/example_branch_operator.py
[2024-11-26T11:05:21.963+0000] {logging_mixin.py:190} INFO - [2024-11-26T11:05:21.963+0000] {dag.py:3239} INFO - Sync 1 DAGs
[2024-11-26T11:05:21.980+0000] {logging_mixin.py:190} INFO - [2024-11-26T11:05:21.980+0000] {dag.py:4180} INFO - Setting next_dagrun for example_branch_operator to 2024-11-25 00:00:00+00:00, run_after=2024-11-26 00:00:00+00:00
[2024-11-26T11:05:21.997+0000] {processor.py:208} INFO - Processing /home/airflow/.local/lib/python3.12/site-packages/airflow/example_dags/example_branch_operator.py took 0.074 seconds
[2024-11-26T11:05:52.356+0000] {processor.py:186} INFO - Started process (PID=978) to work on /home/airflow/.local/lib/python3.12/site-packages/airflow/example_dags/example_branch_operator.py
[2024-11-26T11:05:52.357+0000] {processor.py:914} INFO - Processing file /home/airflow/.local/lib/python3.12/site-packages/airflow/example_dags/example_branch_operator.py for tasks to queue
[2024-11-26T11:05:52.360+0000] {logging_mixin.py:190} INFO - [2024-11-26T11:05:52.359+0000] {dagbag.py:588} INFO - Filling up the DagBag from /home/airflow/.local/lib/python3.12/site-packages/airflow/example_dags/example_branch_operator.py
[2024-11-26T11:05:52.372+0000] {processor.py:925} INFO - DAG(s) 'example_branch_operator' retrieved from /home/airflow/.local/lib/python3.12/site-packages/airflow/example_dags/example_branch_operator.py
[2024-11-26T11:05:52.391+0000] {logging_mixin.py:190} INFO - [2024-11-26T11:05:52.391+0000] {dag.py:3239} INFO - Sync 1 DAGs
[2024-11-26T11:05:52.406+0000] {logging_mixin.py:190} INFO - [2024-11-26T11:05:52.406+0000] {dag.py:4180} INFO - Setting next_dagrun for example_branch_operator to 2024-11-25 00:00:00+00:00, run_after=2024-11-26 00:00:00+00:00
[2024-11-26T11:05:52.422+0000] {processor.py:208} INFO - Processing /home/airflow/.local/lib/python3.12/site-packages/airflow/example_dags/example_branch_operator.py took 0.070 seconds
[2024-11-26T11:06:22.843+0000] {processor.py:186} INFO - Started process (PID=1041) to work on /home/airflow/.local/lib/python3.12/site-packages/airflow/example_dags/example_branch_operator.py
[2024-11-26T11:06:22.844+0000] {processor.py:914} INFO - Processing file /home/airflow/.local/lib/python3.12/site-packages/airflow/example_dags/example_branch_operator.py for tasks to queue
[2024-11-26T11:06:22.846+0000] {logging_mixin.py:190} INFO - [2024-11-26T11:06:22.846+0000] {dagbag.py:588} INFO - Filling up the DagBag from /home/airflow/.local/lib/python3.12/site-packages/airflow/example_dags/example_branch_operator.py
[2024-11-26T11:06:22.859+0000] {processor.py:925} INFO - DAG(s) 'example_branch_operator' retrieved from /home/airflow/.local/lib/python3.12/site-packages/airflow/example_dags/example_branch_operator.py
[2024-11-26T11:06:22.878+0000] {logging_mixin.py:190} INFO - [2024-11-26T11:06:22.878+0000] {dag.py:3239} INFO - Sync 1 DAGs
[2024-11-26T11:06:22.894+0000] {logging_mixin.py:190} INFO - [2024-11-26T11:06:22.894+0000] {dag.py:4180} INFO - Setting next_dagrun for example_branch_operator to 2024-11-25 00:00:00+00:00, run_after=2024-11-26 00:00:00+00:00
[2024-11-26T11:06:22.907+0000] {processor.py:208} INFO - Processing /home/airflow/.local/lib/python3.12/site-packages/airflow/example_dags/example_branch_operator.py took 0.069 seconds
[2024-11-26T11:06:53.829+0000] {processor.py:186} INFO - Started process (PID=1104) to work on /home/airflow/.local/lib/python3.12/site-packages/airflow/example_dags/example_branch_operator.py
[2024-11-26T11:06:53.829+0000] {processor.py:914} INFO - Processing file /home/airflow/.local/lib/python3.12/site-packages/airflow/example_dags/example_branch_operator.py for tasks to queue
[2024-11-26T11:06:53.832+0000] {logging_mixin.py:190} INFO - [2024-11-26T11:06:53.832+0000] {dagbag.py:588} INFO - Filling up the DagBag from /home/airflow/.local/lib/python3.12/site-packages/airflow/example_dags/example_branch_operator.py
[2024-11-26T11:06:53.846+0000] {processor.py:925} INFO - DAG(s) 'example_branch_operator' retrieved from /home/airflow/.local/lib/python3.12/site-packages/airflow/example_dags/example_branch_operator.py
[2024-11-26T11:06:53.870+0000] {logging_mixin.py:190} INFO - [2024-11-26T11:06:53.870+0000] {dag.py:3239} INFO - Sync 1 DAGs
[2024-11-26T11:06:53.889+0000] {logging_mixin.py:190} INFO - [2024-11-26T11:06:53.889+0000] {dag.py:4180} INFO - Setting next_dagrun for example_branch_operator to 2024-11-25 00:00:00+00:00, run_after=2024-11-26 00:00:00+00:00
[2024-11-26T11:06:53.903+0000] {processor.py:208} INFO - Processing /home/airflow/.local/lib/python3.12/site-packages/airflow/example_dags/example_branch_operator.py took 0.079 seconds
[2024-11-26T11:07:24.030+0000] {processor.py:186} INFO - Started process (PID=1167) to work on /home/airflow/.local/lib/python3.12/site-packages/airflow/example_dags/example_branch_operator.py
[2024-11-26T11:07:24.031+0000] {processor.py:914} INFO - Processing file /home/airflow/.local/lib/python3.12/site-packages/airflow/example_dags/example_branch_operator.py for tasks to queue
[2024-11-26T11:07:24.033+0000] {logging_mixin.py:190} INFO - [2024-11-26T11:07:24.033+0000] {dagbag.py:588} INFO - Filling up the DagBag from /home/airflow/.local/lib/python3.12/site-packages/airflow/example_dags/example_branch_operator.py
[2024-11-26T11:07:24.050+0000] {processor.py:925} INFO - DAG(s) 'example_branch_operator' retrieved from /home/airflow/.local/lib/python3.12/site-packages/airflow/example_dags/example_branch_operator.py
[2024-11-26T11:07:24.071+0000] {logging_mixin.py:190} INFO - [2024-11-26T11:07:24.070+0000] {dag.py:3239} INFO - Sync 1 DAGs
[2024-11-26T11:07:24.086+0000] {logging_mixin.py:190} INFO - [2024-11-26T11:07:24.086+0000] {dag.py:4180} INFO - Setting next_dagrun for example_branch_operator to 2024-11-25 00:00:00+00:00, run_after=2024-11-26 00:00:00+00:00
[2024-11-26T11:07:24.102+0000] {processor.py:208} INFO - Processing /home/airflow/.local/lib/python3.12/site-packages/airflow/example_dags/example_branch_operator.py took 0.078 seconds
[2024-11-26T11:07:55.028+0000] {processor.py:186} INFO - Started process (PID=1230) to work on /home/airflow/.local/lib/python3.12/site-packages/airflow/example_dags/example_branch_operator.py
[2024-11-26T11:07:55.029+0000] {processor.py:914} INFO - Processing file /home/airflow/.local/lib/python3.12/site-packages/airflow/example_dags/example_branch_operator.py for tasks to queue
[2024-11-26T11:07:55.031+0000] {logging_mixin.py:190} INFO - [2024-11-26T11:07:55.031+0000] {dagbag.py:588} INFO - Filling up the DagBag from /home/airflow/.local/lib/python3.12/site-packages/airflow/example_dags/example_branch_operator.py
[2024-11-26T11:07:55.043+0000] {processor.py:925} INFO - DAG(s) 'example_branch_operator' retrieved from /home/airflow/.local/lib/python3.12/site-packages/airflow/example_dags/example_branch_operator.py
[2024-11-26T11:07:55.063+0000] {logging_mixin.py:190} INFO - [2024-11-26T11:07:55.063+0000] {dag.py:3239} INFO - Sync 1 DAGs
[2024-11-26T11:07:55.080+0000] {logging_mixin.py:190} INFO - [2024-11-26T11:07:55.080+0000] {dag.py:4180} INFO - Setting next_dagrun for example_branch_operator to 2024-11-25 00:00:00+00:00, run_after=2024-11-26 00:00:00+00:00
[2024-11-26T11:07:55.097+0000] {processor.py:208} INFO - Processing /home/airflow/.local/lib/python3.12/site-packages/airflow/example_dags/example_branch_operator.py took 0.074 seconds
[2024-11-26T11:08:25.267+0000] {processor.py:186} INFO - Started process (PID=1292) to work on /home/airflow/.local/lib/python3.12/site-packages/airflow/example_dags/example_branch_operator.py
[2024-11-26T11:08:25.268+0000] {processor.py:914} INFO - Processing file /home/airflow/.local/lib/python3.12/site-packages/airflow/example_dags/example_branch_operator.py for tasks to queue
[2024-11-26T11:08:25.269+0000] {logging_mixin.py:190} INFO - [2024-11-26T11:08:25.269+0000] {dagbag.py:588} INFO - Filling up the DagBag from /home/airflow/.local/lib/python3.12/site-packages/airflow/example_dags/example_branch_operator.py
[2024-11-26T11:08:25.282+0000] {processor.py:925} INFO - DAG(s) 'example_branch_operator' retrieved from /home/airflow/.local/lib/python3.12/site-packages/airflow/example_dags/example_branch_operator.py
[2024-11-26T11:08:25.302+0000] {logging_mixin.py:190} INFO - [2024-11-26T11:08:25.302+0000] {dag.py:3239} INFO - Sync 1 DAGs
[2024-11-26T11:08:25.318+0000] {logging_mixin.py:190} INFO - [2024-11-26T11:08:25.318+0000] {dag.py:4180} INFO - Setting next_dagrun for example_branch_operator to 2024-11-25 00:00:00+00:00, run_after=2024-11-26 00:00:00+00:00
[2024-11-26T11:08:25.332+0000] {processor.py:208} INFO - Processing /home/airflow/.local/lib/python3.12/site-packages/airflow/example_dags/example_branch_operator.py took 0.070 seconds
[2024-11-26T11:08:56.138+0000] {processor.py:186} INFO - Started process (PID=1356) to work on /home/airflow/.local/lib/python3.12/site-packages/airflow/example_dags/example_branch_operator.py
[2024-11-26T11:08:56.139+0000] {processor.py:914} INFO - Processing file /home/airflow/.local/lib/python3.12/site-packages/airflow/example_dags/example_branch_operator.py for tasks to queue
[2024-11-26T11:08:56.141+0000] {logging_mixin.py:190} INFO - [2024-11-26T11:08:56.141+0000] {dagbag.py:588} INFO - Filling up the DagBag from /home/airflow/.local/lib/python3.12/site-packages/airflow/example_dags/example_branch_operator.py
[2024-11-26T11:08:56.153+0000] {processor.py:925} INFO - DAG(s) 'example_branch_operator' retrieved from /home/airflow/.local/lib/python3.12/site-packages/airflow/example_dags/example_branch_operator.py
[2024-11-26T11:08:56.181+0000] {logging_mixin.py:190} INFO - [2024-11-26T11:08:56.181+0000] {dag.py:3239} INFO - Sync 1 DAGs
[2024-11-26T11:08:56.201+0000] {logging_mixin.py:190} INFO - [2024-11-26T11:08:56.201+0000] {dag.py:4180} INFO - Setting next_dagrun for example_branch_operator to 2024-11-25 00:00:00+00:00, run_after=2024-11-26 00:00:00+00:00
[2024-11-26T11:08:56.223+0000] {processor.py:208} INFO - Processing /home/airflow/.local/lib/python3.12/site-packages/airflow/example_dags/example_branch_operator.py took 0.089 seconds
[2024-11-26T11:09:26.533+0000] {processor.py:186} INFO - Started process (PID=1418) to work on /home/airflow/.local/lib/python3.12/site-packages/airflow/example_dags/example_branch_operator.py
[2024-11-26T11:09:26.533+0000] {processor.py:914} INFO - Processing file /home/airflow/.local/lib/python3.12/site-packages/airflow/example_dags/example_branch_operator.py for tasks to queue
[2024-11-26T11:09:26.536+0000] {logging_mixin.py:190} INFO - [2024-11-26T11:09:26.536+0000] {dagbag.py:588} INFO - Filling up the DagBag from /home/airflow/.local/lib/python3.12/site-packages/airflow/example_dags/example_branch_operator.py
[2024-11-26T11:09:26.548+0000] {processor.py:925} INFO - DAG(s) 'example_branch_operator' retrieved from /home/airflow/.local/lib/python3.12/site-packages/airflow/example_dags/example_branch_operator.py
[2024-11-26T11:09:26.576+0000] {logging_mixin.py:190} INFO - [2024-11-26T11:09:26.575+0000] {dag.py:3239} INFO - Sync 1 DAGs
[2024-11-26T11:09:26.606+0000] {logging_mixin.py:190} INFO - [2024-11-26T11:09:26.606+0000] {dag.py:4180} INFO - Setting next_dagrun for example_branch_operator to 2024-11-25 00:00:00+00:00, run_after=2024-11-26 00:00:00+00:00
[2024-11-26T11:09:26.625+0000] {processor.py:208} INFO - Processing /home/airflow/.local/lib/python3.12/site-packages/airflow/example_dags/example_branch_operator.py took 0.101 seconds
[2024-11-26T11:09:57.012+0000] {processor.py:186} INFO - Started process (PID=1481) to work on /home/airflow/.local/lib/python3.12/site-packages/airflow/example_dags/example_branch_operator.py
[2024-11-26T11:09:57.013+0000] {processor.py:914} INFO - Processing file /home/airflow/.local/lib/python3.12/site-packages/airflow/example_dags/example_branch_operator.py for tasks to queue
[2024-11-26T11:09:57.015+0000] {logging_mixin.py:190} INFO - [2024-11-26T11:09:57.015+0000] {dagbag.py:588} INFO - Filling up the DagBag from /home/airflow/.local/lib/python3.12/site-packages/airflow/example_dags/example_branch_operator.py
[2024-11-26T11:09:57.027+0000] {processor.py:925} INFO - DAG(s) 'example_branch_operator' retrieved from /home/airflow/.local/lib/python3.12/site-packages/airflow/example_dags/example_branch_operator.py
[2024-11-26T11:09:57.053+0000] {logging_mixin.py:190} INFO - [2024-11-26T11:09:57.053+0000] {dag.py:3239} INFO - Sync 1 DAGs
[2024-11-26T11:09:57.069+0000] {logging_mixin.py:190} INFO - [2024-11-26T11:09:57.069+0000] {dag.py:4180} INFO - Setting next_dagrun for example_branch_operator to 2024-11-25 00:00:00+00:00, run_after=2024-11-26 00:00:00+00:00
[2024-11-26T11:09:57.097+0000] {processor.py:208} INFO - Processing /home/airflow/.local/lib/python3.12/site-packages/airflow/example_dags/example_branch_operator.py took 0.091 seconds
[2024-11-26T11:10:28.063+0000] {processor.py:186} INFO - Started process (PID=1545) to work on /home/airflow/.local/lib/python3.12/site-packages/airflow/example_dags/example_branch_operator.py
[2024-11-26T11:10:28.063+0000] {processor.py:914} INFO - Processing file /home/airflow/.local/lib/python3.12/site-packages/airflow/example_dags/example_branch_operator.py for tasks to queue
[2024-11-26T11:10:28.065+0000] {logging_mixin.py:190} INFO - [2024-11-26T11:10:28.065+0000] {dagbag.py:588} INFO - Filling up the DagBag from /home/airflow/.local/lib/python3.12/site-packages/airflow/example_dags/example_branch_operator.py
[2024-11-26T11:10:28.077+0000] {processor.py:925} INFO - DAG(s) 'example_branch_operator' retrieved from /home/airflow/.local/lib/python3.12/site-packages/airflow/example_dags/example_branch_operator.py
[2024-11-26T11:10:28.099+0000] {logging_mixin.py:190} INFO - [2024-11-26T11:10:28.098+0000] {dag.py:3239} INFO - Sync 1 DAGs
[2024-11-26T11:10:28.116+0000] {logging_mixin.py:190} INFO - [2024-11-26T11:10:28.116+0000] {dag.py:4180} INFO - Setting next_dagrun for example_branch_operator to 2024-11-25 00:00:00+00:00, run_after=2024-11-26 00:00:00+00:00
[2024-11-26T11:10:28.139+0000] {processor.py:208} INFO - Processing /home/airflow/.local/lib/python3.12/site-packages/airflow/example_dags/example_branch_operator.py took 0.083 seconds
[2024-11-26T11:10:58.191+0000] {processor.py:186} INFO - Started process (PID=1607) to work on /home/airflow/.local/lib/python3.12/site-packages/airflow/example_dags/example_branch_operator.py
[2024-11-26T11:10:58.192+0000] {processor.py:914} INFO - Processing file /home/airflow/.local/lib/python3.12/site-packages/airflow/example_dags/example_branch_operator.py for tasks to queue
[2024-11-26T11:10:58.195+0000] {logging_mixin.py:190} INFO - [2024-11-26T11:10:58.194+0000] {dagbag.py:588} INFO - Filling up the DagBag from /home/airflow/.local/lib/python3.12/site-packages/airflow/example_dags/example_branch_operator.py
[2024-11-26T11:10:58.210+0000] {processor.py:925} INFO - DAG(s) 'example_branch_operator' retrieved from /home/airflow/.local/lib/python3.12/site-packages/airflow/example_dags/example_branch_operator.py
[2024-11-26T11:10:58.231+0000] {logging_mixin.py:190} INFO - [2024-11-26T11:10:58.230+0000] {dag.py:3239} INFO - Sync 1 DAGs
[2024-11-26T11:10:58.248+0000] {logging_mixin.py:190} INFO - [2024-11-26T11:10:58.247+0000] {dag.py:4180} INFO - Setting next_dagrun for example_branch_operator to 2024-11-25 00:00:00+00:00, run_after=2024-11-26 00:00:00+00:00
[2024-11-26T11:10:58.261+0000] {processor.py:208} INFO - Processing /home/airflow/.local/lib/python3.12/site-packages/airflow/example_dags/example_branch_operator.py took 0.074 seconds
[2024-11-26T11:11:28.506+0000] {processor.py:186} INFO - Started process (PID=1670) to work on /home/airflow/.local/lib/python3.12/site-packages/airflow/example_dags/example_branch_operator.py
[2024-11-26T11:11:28.507+0000] {processor.py:914} INFO - Processing file /home/airflow/.local/lib/python3.12/site-packages/airflow/example_dags/example_branch_operator.py for tasks to queue
[2024-11-26T11:11:28.510+0000] {logging_mixin.py:190} INFO - [2024-11-26T11:11:28.509+0000] {dagbag.py:588} INFO - Filling up the DagBag from /home/airflow/.local/lib/python3.12/site-packages/airflow/example_dags/example_branch_operator.py
[2024-11-26T11:11:28.523+0000] {processor.py:925} INFO - DAG(s) 'example_branch_operator' retrieved from /home/airflow/.local/lib/python3.12/site-packages/airflow/example_dags/example_branch_operator.py
[2024-11-26T11:11:28.547+0000] {logging_mixin.py:190} INFO - [2024-11-26T11:11:28.546+0000] {dag.py:3239} INFO - Sync 1 DAGs
[2024-11-26T11:11:28.562+0000] {logging_mixin.py:190} INFO - [2024-11-26T11:11:28.562+0000] {dag.py:4180} INFO - Setting next_dagrun for example_branch_operator to 2024-11-25 00:00:00+00:00, run_after=2024-11-26 00:00:00+00:00
[2024-11-26T11:11:28.578+0000] {processor.py:208} INFO - Processing /home/airflow/.local/lib/python3.12/site-packages/airflow/example_dags/example_branch_operator.py took 0.077 seconds
