[2024-11-26T10:58:38.279+0000] {processor.py:186} INFO - Started process (PID=67) to work on /home/airflow/.local/lib/python3.12/site-packages/airflow/example_dags/example_sensors.py
[2024-11-26T10:58:38.280+0000] {processor.py:914} INFO - Processing file /home/airflow/.local/lib/python3.12/site-packages/airflow/example_dags/example_sensors.py for tasks to queue
[2024-11-26T10:58:38.283+0000] {logging_mixin.py:190} INFO - [2024-11-26T10:58:38.283+0000] {dagbag.py:588} INFO - Filling up the DagBag from /home/airflow/.local/lib/python3.12/site-packages/airflow/example_dags/example_sensors.py
[2024-11-26T10:58:38.302+0000] {processor.py:925} INFO - DAG(s) 'example_sensors' retrieved from /home/airflow/.local/lib/python3.12/site-packages/airflow/example_dags/example_sensors.py
[2024-11-26T10:58:38.498+0000] {logging_mixin.py:190} INFO - [2024-11-26T10:58:38.498+0000] {override.py:1911} INFO - Created Permission View: can delete on DAG:example_sensors
[2024-11-26T10:58:38.512+0000] {logging_mixin.py:190} INFO - [2024-11-26T10:58:38.512+0000] {override.py:1911} INFO - Created Permission View: can read on DAG:example_sensors
[2024-11-26T10:58:38.519+0000] {logging_mixin.py:190} INFO - [2024-11-26T10:58:38.519+0000] {override.py:1911} INFO - Created Permission View: can edit on DAG:example_sensors
[2024-11-26T10:58:38.526+0000] {logging_mixin.py:190} INFO - [2024-11-26T10:58:38.526+0000] {override.py:1911} INFO - Created Permission View: can create on DAG Run:example_sensors
[2024-11-26T10:58:38.532+0000] {logging_mixin.py:190} INFO - [2024-11-26T10:58:38.532+0000] {override.py:1911} INFO - Created Permission View: can read on DAG Run:example_sensors
[2024-11-26T10:58:38.540+0000] {logging_mixin.py:190} INFO - [2024-11-26T10:58:38.540+0000] {override.py:1911} INFO - Created Permission View: menu access on DAG Run:example_sensors
[2024-11-26T10:58:38.550+0000] {logging_mixin.py:190} INFO - [2024-11-26T10:58:38.549+0000] {override.py:1911} INFO - Created Permission View: can delete on DAG Run:example_sensors
[2024-11-26T10:58:38.551+0000] {logging_mixin.py:190} INFO - [2024-11-26T10:58:38.550+0000] {dag.py:3239} INFO - Sync 1 DAGs
[2024-11-26T10:58:38.570+0000] {logging_mixin.py:190} INFO - [2024-11-26T10:58:38.570+0000] {dag.py:3262} INFO - Creating ORM DAG for example_sensors
[2024-11-26T10:58:38.572+0000] {logging_mixin.py:190} INFO - [2024-11-26T10:58:38.572+0000] {dag.py:4180} INFO - Setting next_dagrun for example_sensors to None, run_after=None
[2024-11-26T10:58:38.588+0000] {processor.py:208} INFO - Processing /home/airflow/.local/lib/python3.12/site-packages/airflow/example_dags/example_sensors.py took 0.316 seconds
[2024-11-26T10:59:09.343+0000] {processor.py:186} INFO - Started process (PID=130) to work on /home/airflow/.local/lib/python3.12/site-packages/airflow/example_dags/example_sensors.py
[2024-11-26T10:59:09.344+0000] {processor.py:914} INFO - Processing file /home/airflow/.local/lib/python3.12/site-packages/airflow/example_dags/example_sensors.py for tasks to queue
[2024-11-26T10:59:09.349+0000] {logging_mixin.py:190} INFO - [2024-11-26T10:59:09.349+0000] {dagbag.py:588} INFO - Filling up the DagBag from /home/airflow/.local/lib/python3.12/site-packages/airflow/example_dags/example_sensors.py
[2024-11-26T10:59:09.364+0000] {processor.py:925} INFO - DAG(s) 'example_sensors' retrieved from /home/airflow/.local/lib/python3.12/site-packages/airflow/example_dags/example_sensors.py
[2024-11-26T10:59:09.384+0000] {logging_mixin.py:190} INFO - [2024-11-26T10:59:09.383+0000] {dag.py:3239} INFO - Sync 1 DAGs
[2024-11-26T10:59:09.393+0000] {logging_mixin.py:190} INFO - [2024-11-26T10:59:09.393+0000] {dag.py:4180} INFO - Setting next_dagrun for example_sensors to None, run_after=None
[2024-11-26T10:59:09.416+0000] {processor.py:208} INFO - Processing /home/airflow/.local/lib/python3.12/site-packages/airflow/example_dags/example_sensors.py took 0.078 seconds
[2024-11-26T10:59:39.498+0000] {processor.py:186} INFO - Started process (PID=193) to work on /home/airflow/.local/lib/python3.12/site-packages/airflow/example_dags/example_sensors.py
[2024-11-26T10:59:39.500+0000] {processor.py:914} INFO - Processing file /home/airflow/.local/lib/python3.12/site-packages/airflow/example_dags/example_sensors.py for tasks to queue
[2024-11-26T10:59:39.503+0000] {logging_mixin.py:190} INFO - [2024-11-26T10:59:39.502+0000] {dagbag.py:588} INFO - Filling up the DagBag from /home/airflow/.local/lib/python3.12/site-packages/airflow/example_dags/example_sensors.py
[2024-11-26T10:59:39.515+0000] {processor.py:925} INFO - DAG(s) 'example_sensors' retrieved from /home/airflow/.local/lib/python3.12/site-packages/airflow/example_dags/example_sensors.py
[2024-11-26T10:59:39.537+0000] {logging_mixin.py:190} INFO - [2024-11-26T10:59:39.537+0000] {dag.py:3239} INFO - Sync 1 DAGs
[2024-11-26T10:59:39.551+0000] {logging_mixin.py:190} INFO - [2024-11-26T10:59:39.551+0000] {dag.py:4180} INFO - Setting next_dagrun for example_sensors to None, run_after=None
[2024-11-26T10:59:39.569+0000] {processor.py:208} INFO - Processing /home/airflow/.local/lib/python3.12/site-packages/airflow/example_dags/example_sensors.py took 0.078 seconds
[2024-11-26T11:00:10.284+0000] {processor.py:186} INFO - Started process (PID=256) to work on /home/airflow/.local/lib/python3.12/site-packages/airflow/example_dags/example_sensors.py
[2024-11-26T11:00:10.285+0000] {processor.py:914} INFO - Processing file /home/airflow/.local/lib/python3.12/site-packages/airflow/example_dags/example_sensors.py for tasks to queue
[2024-11-26T11:00:10.287+0000] {logging_mixin.py:190} INFO - [2024-11-26T11:00:10.287+0000] {dagbag.py:588} INFO - Filling up the DagBag from /home/airflow/.local/lib/python3.12/site-packages/airflow/example_dags/example_sensors.py
[2024-11-26T11:00:10.304+0000] {processor.py:925} INFO - DAG(s) 'example_sensors' retrieved from /home/airflow/.local/lib/python3.12/site-packages/airflow/example_dags/example_sensors.py
[2024-11-26T11:00:10.324+0000] {logging_mixin.py:190} INFO - [2024-11-26T11:00:10.324+0000] {dag.py:3239} INFO - Sync 1 DAGs
[2024-11-26T11:00:10.338+0000] {logging_mixin.py:190} INFO - [2024-11-26T11:00:10.337+0000] {dag.py:4180} INFO - Setting next_dagrun for example_sensors to None, run_after=None
[2024-11-26T11:00:10.356+0000] {processor.py:208} INFO - Processing /home/airflow/.local/lib/python3.12/site-packages/airflow/example_dags/example_sensors.py took 0.077 seconds
[2024-11-26T11:00:40.830+0000] {processor.py:186} INFO - Started process (PID=319) to work on /home/airflow/.local/lib/python3.12/site-packages/airflow/example_dags/example_sensors.py
[2024-11-26T11:00:40.831+0000] {processor.py:914} INFO - Processing file /home/airflow/.local/lib/python3.12/site-packages/airflow/example_dags/example_sensors.py for tasks to queue
[2024-11-26T11:00:40.833+0000] {logging_mixin.py:190} INFO - [2024-11-26T11:00:40.833+0000] {dagbag.py:588} INFO - Filling up the DagBag from /home/airflow/.local/lib/python3.12/site-packages/airflow/example_dags/example_sensors.py
[2024-11-26T11:00:40.841+0000] {processor.py:925} INFO - DAG(s) 'example_sensors' retrieved from /home/airflow/.local/lib/python3.12/site-packages/airflow/example_dags/example_sensors.py
[2024-11-26T11:00:40.858+0000] {logging_mixin.py:190} INFO - [2024-11-26T11:00:40.858+0000] {dag.py:3239} INFO - Sync 1 DAGs
[2024-11-26T11:00:40.867+0000] {logging_mixin.py:190} INFO - [2024-11-26T11:00:40.867+0000] {dag.py:4180} INFO - Setting next_dagrun for example_sensors to None, run_after=None
[2024-11-26T11:00:40.883+0000] {processor.py:208} INFO - Processing /home/airflow/.local/lib/python3.12/site-packages/airflow/example_dags/example_sensors.py took 0.058 seconds
[2024-11-26T11:01:11.778+0000] {processor.py:186} INFO - Started process (PID=386) to work on /home/airflow/.local/lib/python3.12/site-packages/airflow/example_dags/example_sensors.py
[2024-11-26T11:01:11.778+0000] {processor.py:914} INFO - Processing file /home/airflow/.local/lib/python3.12/site-packages/airflow/example_dags/example_sensors.py for tasks to queue
[2024-11-26T11:01:11.781+0000] {logging_mixin.py:190} INFO - [2024-11-26T11:01:11.781+0000] {dagbag.py:588} INFO - Filling up the DagBag from /home/airflow/.local/lib/python3.12/site-packages/airflow/example_dags/example_sensors.py
[2024-11-26T11:01:11.789+0000] {processor.py:925} INFO - DAG(s) 'example_sensors' retrieved from /home/airflow/.local/lib/python3.12/site-packages/airflow/example_dags/example_sensors.py
[2024-11-26T11:01:11.806+0000] {logging_mixin.py:190} INFO - [2024-11-26T11:01:11.806+0000] {dag.py:3239} INFO - Sync 1 DAGs
[2024-11-26T11:01:11.816+0000] {logging_mixin.py:190} INFO - [2024-11-26T11:01:11.816+0000] {dag.py:4180} INFO - Setting next_dagrun for example_sensors to None, run_after=None
[2024-11-26T11:01:11.832+0000] {processor.py:208} INFO - Processing /home/airflow/.local/lib/python3.12/site-packages/airflow/example_dags/example_sensors.py took 0.059 seconds
[2024-11-26T11:01:42.666+0000] {processor.py:186} INFO - Started process (PID=449) to work on /home/airflow/.local/lib/python3.12/site-packages/airflow/example_dags/example_sensors.py
[2024-11-26T11:01:42.666+0000] {processor.py:914} INFO - Processing file /home/airflow/.local/lib/python3.12/site-packages/airflow/example_dags/example_sensors.py for tasks to queue
[2024-11-26T11:01:42.668+0000] {logging_mixin.py:190} INFO - [2024-11-26T11:01:42.668+0000] {dagbag.py:588} INFO - Filling up the DagBag from /home/airflow/.local/lib/python3.12/site-packages/airflow/example_dags/example_sensors.py
[2024-11-26T11:01:42.675+0000] {processor.py:925} INFO - DAG(s) 'example_sensors' retrieved from /home/airflow/.local/lib/python3.12/site-packages/airflow/example_dags/example_sensors.py
[2024-11-26T11:01:42.696+0000] {logging_mixin.py:190} INFO - [2024-11-26T11:01:42.696+0000] {dag.py:3239} INFO - Sync 1 DAGs
[2024-11-26T11:01:42.706+0000] {logging_mixin.py:190} INFO - [2024-11-26T11:01:42.706+0000] {dag.py:4180} INFO - Setting next_dagrun for example_sensors to None, run_after=None
[2024-11-26T11:01:42.721+0000] {processor.py:208} INFO - Processing /home/airflow/.local/lib/python3.12/site-packages/airflow/example_dags/example_sensors.py took 0.061 seconds
[2024-11-26T11:02:13.493+0000] {processor.py:186} INFO - Started process (PID=512) to work on /home/airflow/.local/lib/python3.12/site-packages/airflow/example_dags/example_sensors.py
[2024-11-26T11:02:13.494+0000] {processor.py:914} INFO - Processing file /home/airflow/.local/lib/python3.12/site-packages/airflow/example_dags/example_sensors.py for tasks to queue
[2024-11-26T11:02:13.496+0000] {logging_mixin.py:190} INFO - [2024-11-26T11:02:13.495+0000] {dagbag.py:588} INFO - Filling up the DagBag from /home/airflow/.local/lib/python3.12/site-packages/airflow/example_dags/example_sensors.py
[2024-11-26T11:02:13.503+0000] {processor.py:925} INFO - DAG(s) 'example_sensors' retrieved from /home/airflow/.local/lib/python3.12/site-packages/airflow/example_dags/example_sensors.py
[2024-11-26T11:02:13.528+0000] {logging_mixin.py:190} INFO - [2024-11-26T11:02:13.528+0000] {dag.py:3239} INFO - Sync 1 DAGs
[2024-11-26T11:02:13.537+0000] {logging_mixin.py:190} INFO - [2024-11-26T11:02:13.537+0000] {dag.py:4180} INFO - Setting next_dagrun for example_sensors to None, run_after=None
[2024-11-26T11:02:13.553+0000] {processor.py:208} INFO - Processing /home/airflow/.local/lib/python3.12/site-packages/airflow/example_dags/example_sensors.py took 0.068 seconds
[2024-11-26T11:02:44.132+0000] {processor.py:186} INFO - Started process (PID=575) to work on /home/airflow/.local/lib/python3.12/site-packages/airflow/example_dags/example_sensors.py
[2024-11-26T11:02:44.133+0000] {processor.py:914} INFO - Processing file /home/airflow/.local/lib/python3.12/site-packages/airflow/example_dags/example_sensors.py for tasks to queue
[2024-11-26T11:02:44.135+0000] {logging_mixin.py:190} INFO - [2024-11-26T11:02:44.135+0000] {dagbag.py:588} INFO - Filling up the DagBag from /home/airflow/.local/lib/python3.12/site-packages/airflow/example_dags/example_sensors.py
[2024-11-26T11:02:44.144+0000] {processor.py:925} INFO - DAG(s) 'example_sensors' retrieved from /home/airflow/.local/lib/python3.12/site-packages/airflow/example_dags/example_sensors.py
[2024-11-26T11:02:44.166+0000] {logging_mixin.py:190} INFO - [2024-11-26T11:02:44.166+0000] {dag.py:3239} INFO - Sync 1 DAGs
[2024-11-26T11:02:44.177+0000] {logging_mixin.py:190} INFO - [2024-11-26T11:02:44.177+0000] {dag.py:4180} INFO - Setting next_dagrun for example_sensors to None, run_after=None
[2024-11-26T11:02:44.195+0000] {processor.py:208} INFO - Processing /home/airflow/.local/lib/python3.12/site-packages/airflow/example_dags/example_sensors.py took 0.067 seconds
[2024-11-26T11:03:14.789+0000] {processor.py:186} INFO - Started process (PID=638) to work on /home/airflow/.local/lib/python3.12/site-packages/airflow/example_dags/example_sensors.py
[2024-11-26T11:03:14.790+0000] {processor.py:914} INFO - Processing file /home/airflow/.local/lib/python3.12/site-packages/airflow/example_dags/example_sensors.py for tasks to queue
[2024-11-26T11:03:14.793+0000] {logging_mixin.py:190} INFO - [2024-11-26T11:03:14.793+0000] {dagbag.py:588} INFO - Filling up the DagBag from /home/airflow/.local/lib/python3.12/site-packages/airflow/example_dags/example_sensors.py
[2024-11-26T11:03:14.801+0000] {processor.py:925} INFO - DAG(s) 'example_sensors' retrieved from /home/airflow/.local/lib/python3.12/site-packages/airflow/example_dags/example_sensors.py
[2024-11-26T11:03:14.822+0000] {logging_mixin.py:190} INFO - [2024-11-26T11:03:14.822+0000] {dag.py:3239} INFO - Sync 1 DAGs
[2024-11-26T11:03:14.831+0000] {logging_mixin.py:190} INFO - [2024-11-26T11:03:14.831+0000] {dag.py:4180} INFO - Setting next_dagrun for example_sensors to None, run_after=None
[2024-11-26T11:03:14.846+0000] {processor.py:208} INFO - Processing /home/airflow/.local/lib/python3.12/site-packages/airflow/example_dags/example_sensors.py took 0.062 seconds
[2024-11-26T11:03:45.393+0000] {processor.py:186} INFO - Started process (PID=701) to work on /home/airflow/.local/lib/python3.12/site-packages/airflow/example_dags/example_sensors.py
[2024-11-26T11:03:45.394+0000] {processor.py:914} INFO - Processing file /home/airflow/.local/lib/python3.12/site-packages/airflow/example_dags/example_sensors.py for tasks to queue
[2024-11-26T11:03:45.396+0000] {logging_mixin.py:190} INFO - [2024-11-26T11:03:45.396+0000] {dagbag.py:588} INFO - Filling up the DagBag from /home/airflow/.local/lib/python3.12/site-packages/airflow/example_dags/example_sensors.py
[2024-11-26T11:03:45.405+0000] {processor.py:925} INFO - DAG(s) 'example_sensors' retrieved from /home/airflow/.local/lib/python3.12/site-packages/airflow/example_dags/example_sensors.py
[2024-11-26T11:03:45.424+0000] {logging_mixin.py:190} INFO - [2024-11-26T11:03:45.424+0000] {dag.py:3239} INFO - Sync 1 DAGs
[2024-11-26T11:03:45.434+0000] {logging_mixin.py:190} INFO - [2024-11-26T11:03:45.434+0000] {dag.py:4180} INFO - Setting next_dagrun for example_sensors to None, run_after=None
[2024-11-26T11:03:45.451+0000] {processor.py:208} INFO - Processing /home/airflow/.local/lib/python3.12/site-packages/airflow/example_dags/example_sensors.py took 0.063 seconds
[2024-11-26T11:04:15.975+0000] {processor.py:186} INFO - Started process (PID=764) to work on /home/airflow/.local/lib/python3.12/site-packages/airflow/example_dags/example_sensors.py
[2024-11-26T11:04:15.976+0000] {processor.py:914} INFO - Processing file /home/airflow/.local/lib/python3.12/site-packages/airflow/example_dags/example_sensors.py for tasks to queue
[2024-11-26T11:04:15.979+0000] {logging_mixin.py:190} INFO - [2024-11-26T11:04:15.979+0000] {dagbag.py:588} INFO - Filling up the DagBag from /home/airflow/.local/lib/python3.12/site-packages/airflow/example_dags/example_sensors.py
[2024-11-26T11:04:15.988+0000] {processor.py:925} INFO - DAG(s) 'example_sensors' retrieved from /home/airflow/.local/lib/python3.12/site-packages/airflow/example_dags/example_sensors.py
[2024-11-26T11:04:16.005+0000] {logging_mixin.py:190} INFO - [2024-11-26T11:04:16.005+0000] {dag.py:3239} INFO - Sync 1 DAGs
[2024-11-26T11:04:16.016+0000] {logging_mixin.py:190} INFO - [2024-11-26T11:04:16.016+0000] {dag.py:4180} INFO - Setting next_dagrun for example_sensors to None, run_after=None
[2024-11-26T11:04:16.323+0000] {processor.py:208} INFO - Processing /home/airflow/.local/lib/python3.12/site-packages/airflow/example_dags/example_sensors.py took 0.354 seconds
[2024-11-26T11:04:47.110+0000] {processor.py:186} INFO - Started process (PID=827) to work on /home/airflow/.local/lib/python3.12/site-packages/airflow/example_dags/example_sensors.py
[2024-11-26T11:04:47.111+0000] {processor.py:914} INFO - Processing file /home/airflow/.local/lib/python3.12/site-packages/airflow/example_dags/example_sensors.py for tasks to queue
[2024-11-26T11:04:47.115+0000] {logging_mixin.py:190} INFO - [2024-11-26T11:04:47.114+0000] {dagbag.py:588} INFO - Filling up the DagBag from /home/airflow/.local/lib/python3.12/site-packages/airflow/example_dags/example_sensors.py
[2024-11-26T11:04:47.126+0000] {processor.py:925} INFO - DAG(s) 'example_sensors' retrieved from /home/airflow/.local/lib/python3.12/site-packages/airflow/example_dags/example_sensors.py
[2024-11-26T11:04:47.145+0000] {logging_mixin.py:190} INFO - [2024-11-26T11:04:47.145+0000] {dag.py:3239} INFO - Sync 1 DAGs
[2024-11-26T11:04:47.155+0000] {logging_mixin.py:190} INFO - [2024-11-26T11:04:47.155+0000] {dag.py:4180} INFO - Setting next_dagrun for example_sensors to None, run_after=None
[2024-11-26T11:04:47.174+0000] {processor.py:208} INFO - Processing /home/airflow/.local/lib/python3.12/site-packages/airflow/example_dags/example_sensors.py took 0.072 seconds
[2024-11-26T11:05:17.558+0000] {processor.py:186} INFO - Started process (PID=889) to work on /home/airflow/.local/lib/python3.12/site-packages/airflow/example_dags/example_sensors.py
[2024-11-26T11:05:17.559+0000] {processor.py:914} INFO - Processing file /home/airflow/.local/lib/python3.12/site-packages/airflow/example_dags/example_sensors.py for tasks to queue
[2024-11-26T11:05:17.561+0000] {logging_mixin.py:190} INFO - [2024-11-26T11:05:17.561+0000] {dagbag.py:588} INFO - Filling up the DagBag from /home/airflow/.local/lib/python3.12/site-packages/airflow/example_dags/example_sensors.py
[2024-11-26T11:05:17.570+0000] {processor.py:925} INFO - DAG(s) 'example_sensors' retrieved from /home/airflow/.local/lib/python3.12/site-packages/airflow/example_dags/example_sensors.py
[2024-11-26T11:05:17.590+0000] {logging_mixin.py:190} INFO - [2024-11-26T11:05:17.590+0000] {dag.py:3239} INFO - Sync 1 DAGs
[2024-11-26T11:05:17.600+0000] {logging_mixin.py:190} INFO - [2024-11-26T11:05:17.599+0000] {dag.py:4180} INFO - Setting next_dagrun for example_sensors to None, run_after=None
[2024-11-26T11:05:17.615+0000] {processor.py:208} INFO - Processing /home/airflow/.local/lib/python3.12/site-packages/airflow/example_dags/example_sensors.py took 0.063 seconds
[2024-11-26T11:05:47.763+0000] {processor.py:186} INFO - Started process (PID=952) to work on /home/airflow/.local/lib/python3.12/site-packages/airflow/example_dags/example_sensors.py
[2024-11-26T11:05:47.765+0000] {processor.py:914} INFO - Processing file /home/airflow/.local/lib/python3.12/site-packages/airflow/example_dags/example_sensors.py for tasks to queue
[2024-11-26T11:05:47.767+0000] {logging_mixin.py:190} INFO - [2024-11-26T11:05:47.767+0000] {dagbag.py:588} INFO - Filling up the DagBag from /home/airflow/.local/lib/python3.12/site-packages/airflow/example_dags/example_sensors.py
[2024-11-26T11:05:47.780+0000] {processor.py:925} INFO - DAG(s) 'example_sensors' retrieved from /home/airflow/.local/lib/python3.12/site-packages/airflow/example_dags/example_sensors.py
[2024-11-26T11:05:47.801+0000] {logging_mixin.py:190} INFO - [2024-11-26T11:05:47.800+0000] {dag.py:3239} INFO - Sync 1 DAGs
[2024-11-26T11:05:47.810+0000] {logging_mixin.py:190} INFO - [2024-11-26T11:05:47.810+0000] {dag.py:4180} INFO - Setting next_dagrun for example_sensors to None, run_after=None
[2024-11-26T11:05:47.828+0000] {processor.py:208} INFO - Processing /home/airflow/.local/lib/python3.12/site-packages/airflow/example_dags/example_sensors.py took 0.072 seconds
[2024-11-26T11:06:18.285+0000] {processor.py:186} INFO - Started process (PID=1015) to work on /home/airflow/.local/lib/python3.12/site-packages/airflow/example_dags/example_sensors.py
[2024-11-26T11:06:18.289+0000] {processor.py:914} INFO - Processing file /home/airflow/.local/lib/python3.12/site-packages/airflow/example_dags/example_sensors.py for tasks to queue
[2024-11-26T11:06:18.292+0000] {logging_mixin.py:190} INFO - [2024-11-26T11:06:18.292+0000] {dagbag.py:588} INFO - Filling up the DagBag from /home/airflow/.local/lib/python3.12/site-packages/airflow/example_dags/example_sensors.py
[2024-11-26T11:06:18.302+0000] {processor.py:925} INFO - DAG(s) 'example_sensors' retrieved from /home/airflow/.local/lib/python3.12/site-packages/airflow/example_dags/example_sensors.py
[2024-11-26T11:06:18.321+0000] {logging_mixin.py:190} INFO - [2024-11-26T11:06:18.320+0000] {dag.py:3239} INFO - Sync 1 DAGs
[2024-11-26T11:06:18.331+0000] {logging_mixin.py:190} INFO - [2024-11-26T11:06:18.331+0000] {dag.py:4180} INFO - Setting next_dagrun for example_sensors to None, run_after=None
[2024-11-26T11:06:18.349+0000] {processor.py:208} INFO - Processing /home/airflow/.local/lib/python3.12/site-packages/airflow/example_dags/example_sensors.py took 0.069 seconds
[2024-11-26T11:06:48.500+0000] {processor.py:186} INFO - Started process (PID=1078) to work on /home/airflow/.local/lib/python3.12/site-packages/airflow/example_dags/example_sensors.py
[2024-11-26T11:06:48.501+0000] {processor.py:914} INFO - Processing file /home/airflow/.local/lib/python3.12/site-packages/airflow/example_dags/example_sensors.py for tasks to queue
[2024-11-26T11:06:48.503+0000] {logging_mixin.py:190} INFO - [2024-11-26T11:06:48.503+0000] {dagbag.py:588} INFO - Filling up the DagBag from /home/airflow/.local/lib/python3.12/site-packages/airflow/example_dags/example_sensors.py
[2024-11-26T11:06:48.511+0000] {processor.py:925} INFO - DAG(s) 'example_sensors' retrieved from /home/airflow/.local/lib/python3.12/site-packages/airflow/example_dags/example_sensors.py
[2024-11-26T11:06:48.528+0000] {logging_mixin.py:190} INFO - [2024-11-26T11:06:48.528+0000] {dag.py:3239} INFO - Sync 1 DAGs
[2024-11-26T11:06:48.545+0000] {logging_mixin.py:190} INFO - [2024-11-26T11:06:48.544+0000] {dag.py:4180} INFO - Setting next_dagrun for example_sensors to None, run_after=None
[2024-11-26T11:06:48.564+0000] {processor.py:208} INFO - Processing /home/airflow/.local/lib/python3.12/site-packages/airflow/example_dags/example_sensors.py took 0.068 seconds
[2024-11-26T11:07:18.657+0000] {processor.py:186} INFO - Started process (PID=1141) to work on /home/airflow/.local/lib/python3.12/site-packages/airflow/example_dags/example_sensors.py
[2024-11-26T11:07:18.658+0000] {processor.py:914} INFO - Processing file /home/airflow/.local/lib/python3.12/site-packages/airflow/example_dags/example_sensors.py for tasks to queue
[2024-11-26T11:07:18.660+0000] {logging_mixin.py:190} INFO - [2024-11-26T11:07:18.660+0000] {dagbag.py:588} INFO - Filling up the DagBag from /home/airflow/.local/lib/python3.12/site-packages/airflow/example_dags/example_sensors.py
[2024-11-26T11:07:18.670+0000] {processor.py:925} INFO - DAG(s) 'example_sensors' retrieved from /home/airflow/.local/lib/python3.12/site-packages/airflow/example_dags/example_sensors.py
[2024-11-26T11:07:18.690+0000] {logging_mixin.py:190} INFO - [2024-11-26T11:07:18.690+0000] {dag.py:3239} INFO - Sync 1 DAGs
[2024-11-26T11:07:18.703+0000] {logging_mixin.py:190} INFO - [2024-11-26T11:07:18.703+0000] {dag.py:4180} INFO - Setting next_dagrun for example_sensors to None, run_after=None
[2024-11-26T11:07:18.720+0000] {processor.py:208} INFO - Processing /home/airflow/.local/lib/python3.12/site-packages/airflow/example_dags/example_sensors.py took 0.068 seconds
[2024-11-26T11:07:48.795+0000] {processor.py:186} INFO - Started process (PID=1204) to work on /home/airflow/.local/lib/python3.12/site-packages/airflow/example_dags/example_sensors.py
[2024-11-26T11:07:48.795+0000] {processor.py:914} INFO - Processing file /home/airflow/.local/lib/python3.12/site-packages/airflow/example_dags/example_sensors.py for tasks to queue
[2024-11-26T11:07:48.797+0000] {logging_mixin.py:190} INFO - [2024-11-26T11:07:48.797+0000] {dagbag.py:588} INFO - Filling up the DagBag from /home/airflow/.local/lib/python3.12/site-packages/airflow/example_dags/example_sensors.py
[2024-11-26T11:07:48.805+0000] {processor.py:925} INFO - DAG(s) 'example_sensors' retrieved from /home/airflow/.local/lib/python3.12/site-packages/airflow/example_dags/example_sensors.py
[2024-11-26T11:07:48.823+0000] {logging_mixin.py:190} INFO - [2024-11-26T11:07:48.822+0000] {dag.py:3239} INFO - Sync 1 DAGs
[2024-11-26T11:07:48.831+0000] {logging_mixin.py:190} INFO - [2024-11-26T11:07:48.831+0000] {dag.py:4180} INFO - Setting next_dagrun for example_sensors to None, run_after=None
[2024-11-26T11:07:48.845+0000] {processor.py:208} INFO - Processing /home/airflow/.local/lib/python3.12/site-packages/airflow/example_dags/example_sensors.py took 0.055 seconds
[2024-11-26T11:08:19.260+0000] {processor.py:186} INFO - Started process (PID=1267) to work on /home/airflow/.local/lib/python3.12/site-packages/airflow/example_dags/example_sensors.py
[2024-11-26T11:08:19.261+0000] {processor.py:914} INFO - Processing file /home/airflow/.local/lib/python3.12/site-packages/airflow/example_dags/example_sensors.py for tasks to queue
[2024-11-26T11:08:19.264+0000] {logging_mixin.py:190} INFO - [2024-11-26T11:08:19.264+0000] {dagbag.py:588} INFO - Filling up the DagBag from /home/airflow/.local/lib/python3.12/site-packages/airflow/example_dags/example_sensors.py
[2024-11-26T11:08:19.273+0000] {processor.py:925} INFO - DAG(s) 'example_sensors' retrieved from /home/airflow/.local/lib/python3.12/site-packages/airflow/example_dags/example_sensors.py
[2024-11-26T11:08:19.293+0000] {logging_mixin.py:190} INFO - [2024-11-26T11:08:19.293+0000] {dag.py:3239} INFO - Sync 1 DAGs
[2024-11-26T11:08:19.303+0000] {logging_mixin.py:190} INFO - [2024-11-26T11:08:19.303+0000] {dag.py:4180} INFO - Setting next_dagrun for example_sensors to None, run_after=None
[2024-11-26T11:08:19.318+0000] {processor.py:208} INFO - Processing /home/airflow/.local/lib/python3.12/site-packages/airflow/example_dags/example_sensors.py took 0.066 seconds
[2024-11-26T11:08:49.894+0000] {processor.py:186} INFO - Started process (PID=1330) to work on /home/airflow/.local/lib/python3.12/site-packages/airflow/example_dags/example_sensors.py
[2024-11-26T11:08:49.895+0000] {processor.py:914} INFO - Processing file /home/airflow/.local/lib/python3.12/site-packages/airflow/example_dags/example_sensors.py for tasks to queue
[2024-11-26T11:08:49.898+0000] {logging_mixin.py:190} INFO - [2024-11-26T11:08:49.897+0000] {dagbag.py:588} INFO - Filling up the DagBag from /home/airflow/.local/lib/python3.12/site-packages/airflow/example_dags/example_sensors.py
[2024-11-26T11:08:49.908+0000] {processor.py:925} INFO - DAG(s) 'example_sensors' retrieved from /home/airflow/.local/lib/python3.12/site-packages/airflow/example_dags/example_sensors.py
[2024-11-26T11:08:49.930+0000] {logging_mixin.py:190} INFO - [2024-11-26T11:08:49.929+0000] {dag.py:3239} INFO - Sync 1 DAGs
[2024-11-26T11:08:49.941+0000] {logging_mixin.py:190} INFO - [2024-11-26T11:08:49.941+0000] {dag.py:4180} INFO - Setting next_dagrun for example_sensors to None, run_after=None
[2024-11-26T11:08:49.959+0000] {processor.py:208} INFO - Processing /home/airflow/.local/lib/python3.12/site-packages/airflow/example_dags/example_sensors.py took 0.070 seconds
[2024-11-26T11:09:20.399+0000] {processor.py:186} INFO - Started process (PID=1393) to work on /home/airflow/.local/lib/python3.12/site-packages/airflow/example_dags/example_sensors.py
[2024-11-26T11:09:20.400+0000] {processor.py:914} INFO - Processing file /home/airflow/.local/lib/python3.12/site-packages/airflow/example_dags/example_sensors.py for tasks to queue
[2024-11-26T11:09:20.402+0000] {logging_mixin.py:190} INFO - [2024-11-26T11:09:20.402+0000] {dagbag.py:588} INFO - Filling up the DagBag from /home/airflow/.local/lib/python3.12/site-packages/airflow/example_dags/example_sensors.py
[2024-11-26T11:09:20.410+0000] {processor.py:925} INFO - DAG(s) 'example_sensors' retrieved from /home/airflow/.local/lib/python3.12/site-packages/airflow/example_dags/example_sensors.py
[2024-11-26T11:09:20.430+0000] {logging_mixin.py:190} INFO - [2024-11-26T11:09:20.429+0000] {dag.py:3239} INFO - Sync 1 DAGs
[2024-11-26T11:09:20.439+0000] {logging_mixin.py:190} INFO - [2024-11-26T11:09:20.439+0000] {dag.py:4180} INFO - Setting next_dagrun for example_sensors to None, run_after=None
[2024-11-26T11:09:20.455+0000] {processor.py:208} INFO - Processing /home/airflow/.local/lib/python3.12/site-packages/airflow/example_dags/example_sensors.py took 0.061 seconds
[2024-11-26T11:09:50.864+0000] {processor.py:186} INFO - Started process (PID=1456) to work on /home/airflow/.local/lib/python3.12/site-packages/airflow/example_dags/example_sensors.py
[2024-11-26T11:09:50.865+0000] {processor.py:914} INFO - Processing file /home/airflow/.local/lib/python3.12/site-packages/airflow/example_dags/example_sensors.py for tasks to queue
[2024-11-26T11:09:50.868+0000] {logging_mixin.py:190} INFO - [2024-11-26T11:09:50.868+0000] {dagbag.py:588} INFO - Filling up the DagBag from /home/airflow/.local/lib/python3.12/site-packages/airflow/example_dags/example_sensors.py
[2024-11-26T11:09:50.876+0000] {processor.py:925} INFO - DAG(s) 'example_sensors' retrieved from /home/airflow/.local/lib/python3.12/site-packages/airflow/example_dags/example_sensors.py
[2024-11-26T11:09:50.903+0000] {logging_mixin.py:190} INFO - [2024-11-26T11:09:50.902+0000] {dag.py:3239} INFO - Sync 1 DAGs
[2024-11-26T11:09:50.913+0000] {logging_mixin.py:190} INFO - [2024-11-26T11:09:50.913+0000] {dag.py:4180} INFO - Setting next_dagrun for example_sensors to None, run_after=None
[2024-11-26T11:09:50.927+0000] {processor.py:208} INFO - Processing /home/airflow/.local/lib/python3.12/site-packages/airflow/example_dags/example_sensors.py took 0.068 seconds
[2024-11-26T11:10:21.590+0000] {processor.py:186} INFO - Started process (PID=1519) to work on /home/airflow/.local/lib/python3.12/site-packages/airflow/example_dags/example_sensors.py
[2024-11-26T11:10:21.591+0000] {processor.py:914} INFO - Processing file /home/airflow/.local/lib/python3.12/site-packages/airflow/example_dags/example_sensors.py for tasks to queue
[2024-11-26T11:10:21.592+0000] {logging_mixin.py:190} INFO - [2024-11-26T11:10:21.592+0000] {dagbag.py:588} INFO - Filling up the DagBag from /home/airflow/.local/lib/python3.12/site-packages/airflow/example_dags/example_sensors.py
[2024-11-26T11:10:21.601+0000] {processor.py:925} INFO - DAG(s) 'example_sensors' retrieved from /home/airflow/.local/lib/python3.12/site-packages/airflow/example_dags/example_sensors.py
[2024-11-26T11:10:21.623+0000] {logging_mixin.py:190} INFO - [2024-11-26T11:10:21.623+0000] {dag.py:3239} INFO - Sync 1 DAGs
[2024-11-26T11:10:21.633+0000] {logging_mixin.py:190} INFO - [2024-11-26T11:10:21.633+0000] {dag.py:4180} INFO - Setting next_dagrun for example_sensors to None, run_after=None
[2024-11-26T11:10:21.649+0000] {processor.py:208} INFO - Processing /home/airflow/.local/lib/python3.12/site-packages/airflow/example_dags/example_sensors.py took 0.064 seconds
[2024-11-26T11:10:51.951+0000] {processor.py:186} INFO - Started process (PID=1582) to work on /home/airflow/.local/lib/python3.12/site-packages/airflow/example_dags/example_sensors.py
[2024-11-26T11:10:51.952+0000] {processor.py:914} INFO - Processing file /home/airflow/.local/lib/python3.12/site-packages/airflow/example_dags/example_sensors.py for tasks to queue
[2024-11-26T11:10:51.954+0000] {logging_mixin.py:190} INFO - [2024-11-26T11:10:51.954+0000] {dagbag.py:588} INFO - Filling up the DagBag from /home/airflow/.local/lib/python3.12/site-packages/airflow/example_dags/example_sensors.py
[2024-11-26T11:10:51.964+0000] {processor.py:925} INFO - DAG(s) 'example_sensors' retrieved from /home/airflow/.local/lib/python3.12/site-packages/airflow/example_dags/example_sensors.py
[2024-11-26T11:10:51.987+0000] {logging_mixin.py:190} INFO - [2024-11-26T11:10:51.987+0000] {dag.py:3239} INFO - Sync 1 DAGs
[2024-11-26T11:10:52.002+0000] {logging_mixin.py:190} INFO - [2024-11-26T11:10:52.001+0000] {dag.py:4180} INFO - Setting next_dagrun for example_sensors to None, run_after=None
[2024-11-26T11:10:52.023+0000] {processor.py:208} INFO - Processing /home/airflow/.local/lib/python3.12/site-packages/airflow/example_dags/example_sensors.py took 0.078 seconds
[2024-11-26T11:11:22.349+0000] {processor.py:186} INFO - Started process (PID=1645) to work on /home/airflow/.local/lib/python3.12/site-packages/airflow/example_dags/example_sensors.py
[2024-11-26T11:11:22.350+0000] {processor.py:914} INFO - Processing file /home/airflow/.local/lib/python3.12/site-packages/airflow/example_dags/example_sensors.py for tasks to queue
[2024-11-26T11:11:22.353+0000] {logging_mixin.py:190} INFO - [2024-11-26T11:11:22.352+0000] {dagbag.py:588} INFO - Filling up the DagBag from /home/airflow/.local/lib/python3.12/site-packages/airflow/example_dags/example_sensors.py
[2024-11-26T11:11:22.366+0000] {processor.py:925} INFO - DAG(s) 'example_sensors' retrieved from /home/airflow/.local/lib/python3.12/site-packages/airflow/example_dags/example_sensors.py
[2024-11-26T11:11:22.388+0000] {logging_mixin.py:190} INFO - [2024-11-26T11:11:22.388+0000] {dag.py:3239} INFO - Sync 1 DAGs
[2024-11-26T11:11:22.402+0000] {logging_mixin.py:190} INFO - [2024-11-26T11:11:22.401+0000] {dag.py:4180} INFO - Setting next_dagrun for example_sensors to None, run_after=None
[2024-11-26T11:11:22.423+0000] {processor.py:208} INFO - Processing /home/airflow/.local/lib/python3.12/site-packages/airflow/example_dags/example_sensors.py took 0.078 seconds
