[2024-11-26T10:58:45.785+0000] {processor.py:186} INFO - Started process (PID=115) to work on /home/airflow/.local/lib/python3.12/site-packages/airflow/example_dags/example_xcomargs.py
[2024-11-26T10:58:45.786+0000] {processor.py:914} INFO - Processing file /home/airflow/.local/lib/python3.12/site-packages/airflow/example_dags/example_xcomargs.py for tasks to queue
[2024-11-26T10:58:45.788+0000] {logging_mixin.py:190} INFO - [2024-11-26T10:58:45.788+0000] {dagbag.py:588} INFO - Filling up the DagBag from /home/airflow/.local/lib/python3.12/site-packages/airflow/example_dags/example_xcomargs.py
[2024-11-26T10:58:45.799+0000] {processor.py:925} INFO - DAG(s) 'example_xcom_args', 'example_xcom_args_with_operators' retrieved from /home/airflow/.local/lib/python3.12/site-packages/airflow/example_dags/example_xcomargs.py
[2024-11-26T10:58:45.881+0000] {logging_mixin.py:190} INFO - [2024-11-26T10:58:45.880+0000] {override.py:1911} INFO - Created Permission View: can delete on DAG:example_xcom_args
[2024-11-26T10:58:45.890+0000] {logging_mixin.py:190} INFO - [2024-11-26T10:58:45.890+0000] {override.py:1911} INFO - Created Permission View: can read on DAG:example_xcom_args
[2024-11-26T10:58:45.899+0000] {logging_mixin.py:190} INFO - [2024-11-26T10:58:45.899+0000] {override.py:1911} INFO - Created Permission View: can edit on DAG:example_xcom_args
[2024-11-26T10:58:45.911+0000] {logging_mixin.py:190} INFO - [2024-11-26T10:58:45.911+0000] {override.py:1911} INFO - Created Permission View: can create on DAG Run:example_xcom_args
[2024-11-26T10:58:45.922+0000] {logging_mixin.py:190} INFO - [2024-11-26T10:58:45.922+0000] {override.py:1911} INFO - Created Permission View: can read on DAG Run:example_xcom_args
[2024-11-26T10:58:45.931+0000] {logging_mixin.py:190} INFO - [2024-11-26T10:58:45.931+0000] {override.py:1911} INFO - Created Permission View: menu access on DAG Run:example_xcom_args
[2024-11-26T10:58:45.942+0000] {logging_mixin.py:190} INFO - [2024-11-26T10:58:45.941+0000] {override.py:1911} INFO - Created Permission View: can delete on DAG Run:example_xcom_args
[2024-11-26T10:58:45.959+0000] {logging_mixin.py:190} INFO - [2024-11-26T10:58:45.959+0000] {override.py:1911} INFO - Created Permission View: can delete on DAG:example_xcom_args_with_operators
[2024-11-26T10:58:45.969+0000] {logging_mixin.py:190} INFO - [2024-11-26T10:58:45.968+0000] {override.py:1911} INFO - Created Permission View: can read on DAG:example_xcom_args_with_operators
[2024-11-26T10:58:45.982+0000] {logging_mixin.py:190} INFO - [2024-11-26T10:58:45.981+0000] {override.py:1911} INFO - Created Permission View: can edit on DAG:example_xcom_args_with_operators
[2024-11-26T10:58:45.996+0000] {logging_mixin.py:190} INFO - [2024-11-26T10:58:45.995+0000] {override.py:1911} INFO - Created Permission View: can create on DAG Run:example_xcom_args_with_operators
[2024-11-26T10:58:46.007+0000] {logging_mixin.py:190} INFO - [2024-11-26T10:58:46.007+0000] {override.py:1911} INFO - Created Permission View: can read on DAG Run:example_xcom_args_with_operators
[2024-11-26T10:58:46.016+0000] {logging_mixin.py:190} INFO - [2024-11-26T10:58:46.016+0000] {override.py:1911} INFO - Created Permission View: menu access on DAG Run:example_xcom_args_with_operators
[2024-11-26T10:58:46.025+0000] {logging_mixin.py:190} INFO - [2024-11-26T10:58:46.025+0000] {override.py:1911} INFO - Created Permission View: can delete on DAG Run:example_xcom_args_with_operators
[2024-11-26T10:58:46.026+0000] {logging_mixin.py:190} INFO - [2024-11-26T10:58:46.026+0000] {dag.py:3239} INFO - Sync 2 DAGs
[2024-11-26T10:58:46.041+0000] {logging_mixin.py:190} INFO - [2024-11-26T10:58:46.041+0000] {dag.py:3262} INFO - Creating ORM DAG for example_xcom_args_with_operators
[2024-11-26T10:58:46.042+0000] {logging_mixin.py:190} INFO - [2024-11-26T10:58:46.042+0000] {dag.py:3262} INFO - Creating ORM DAG for example_xcom_args
[2024-11-26T10:58:46.043+0000] {logging_mixin.py:190} INFO - [2024-11-26T10:58:46.043+0000] {dag.py:4180} INFO - Setting next_dagrun for example_xcom_args to None, run_after=None
[2024-11-26T10:58:46.044+0000] {logging_mixin.py:190} INFO - [2024-11-26T10:58:46.044+0000] {dag.py:4180} INFO - Setting next_dagrun for example_xcom_args_with_operators to None, run_after=None
[2024-11-26T10:58:46.063+0000] {processor.py:208} INFO - Processing /home/airflow/.local/lib/python3.12/site-packages/airflow/example_dags/example_xcomargs.py took 0.282 seconds
[2024-11-26T10:59:16.648+0000] {processor.py:186} INFO - Started process (PID=178) to work on /home/airflow/.local/lib/python3.12/site-packages/airflow/example_dags/example_xcomargs.py
[2024-11-26T10:59:16.649+0000] {processor.py:914} INFO - Processing file /home/airflow/.local/lib/python3.12/site-packages/airflow/example_dags/example_xcomargs.py for tasks to queue
[2024-11-26T10:59:16.651+0000] {logging_mixin.py:190} INFO - [2024-11-26T10:59:16.651+0000] {dagbag.py:588} INFO - Filling up the DagBag from /home/airflow/.local/lib/python3.12/site-packages/airflow/example_dags/example_xcomargs.py
[2024-11-26T10:59:16.662+0000] {processor.py:925} INFO - DAG(s) 'example_xcom_args', 'example_xcom_args_with_operators' retrieved from /home/airflow/.local/lib/python3.12/site-packages/airflow/example_dags/example_xcomargs.py
[2024-11-26T10:59:16.685+0000] {logging_mixin.py:190} INFO - [2024-11-26T10:59:16.685+0000] {dag.py:3239} INFO - Sync 2 DAGs
[2024-11-26T10:59:16.701+0000] {logging_mixin.py:190} INFO - [2024-11-26T10:59:16.701+0000] {dag.py:4180} INFO - Setting next_dagrun for example_xcom_args to None, run_after=None
[2024-11-26T10:59:16.705+0000] {logging_mixin.py:190} INFO - [2024-11-26T10:59:16.705+0000] {dag.py:4180} INFO - Setting next_dagrun for example_xcom_args_with_operators to None, run_after=None
[2024-11-26T10:59:16.722+0000] {processor.py:208} INFO - Processing /home/airflow/.local/lib/python3.12/site-packages/airflow/example_dags/example_xcomargs.py took 0.083 seconds
[2024-11-26T10:59:47.326+0000] {processor.py:186} INFO - Started process (PID=241) to work on /home/airflow/.local/lib/python3.12/site-packages/airflow/example_dags/example_xcomargs.py
[2024-11-26T10:59:47.327+0000] {processor.py:914} INFO - Processing file /home/airflow/.local/lib/python3.12/site-packages/airflow/example_dags/example_xcomargs.py for tasks to queue
[2024-11-26T10:59:47.330+0000] {logging_mixin.py:190} INFO - [2024-11-26T10:59:47.329+0000] {dagbag.py:588} INFO - Filling up the DagBag from /home/airflow/.local/lib/python3.12/site-packages/airflow/example_dags/example_xcomargs.py
[2024-11-26T10:59:47.339+0000] {processor.py:925} INFO - DAG(s) 'example_xcom_args_with_operators', 'example_xcom_args' retrieved from /home/airflow/.local/lib/python3.12/site-packages/airflow/example_dags/example_xcomargs.py
[2024-11-26T10:59:47.373+0000] {logging_mixin.py:190} INFO - [2024-11-26T10:59:47.372+0000] {dag.py:3239} INFO - Sync 2 DAGs
[2024-11-26T10:59:47.386+0000] {logging_mixin.py:190} INFO - [2024-11-26T10:59:47.386+0000] {dag.py:4180} INFO - Setting next_dagrun for example_xcom_args to None, run_after=None
[2024-11-26T10:59:47.390+0000] {logging_mixin.py:190} INFO - [2024-11-26T10:59:47.390+0000] {dag.py:4180} INFO - Setting next_dagrun for example_xcom_args_with_operators to None, run_after=None
[2024-11-26T10:59:47.408+0000] {processor.py:208} INFO - Processing /home/airflow/.local/lib/python3.12/site-packages/airflow/example_dags/example_xcomargs.py took 0.088 seconds
[2024-11-26T11:00:17.988+0000] {processor.py:186} INFO - Started process (PID=304) to work on /home/airflow/.local/lib/python3.12/site-packages/airflow/example_dags/example_xcomargs.py
[2024-11-26T11:00:17.989+0000] {processor.py:914} INFO - Processing file /home/airflow/.local/lib/python3.12/site-packages/airflow/example_dags/example_xcomargs.py for tasks to queue
[2024-11-26T11:00:17.994+0000] {logging_mixin.py:190} INFO - [2024-11-26T11:00:17.993+0000] {dagbag.py:588} INFO - Filling up the DagBag from /home/airflow/.local/lib/python3.12/site-packages/airflow/example_dags/example_xcomargs.py
[2024-11-26T11:00:18.008+0000] {processor.py:925} INFO - DAG(s) 'example_xcom_args_with_operators', 'example_xcom_args' retrieved from /home/airflow/.local/lib/python3.12/site-packages/airflow/example_dags/example_xcomargs.py
[2024-11-26T11:00:18.030+0000] {logging_mixin.py:190} INFO - [2024-11-26T11:00:18.030+0000] {dag.py:3239} INFO - Sync 2 DAGs
[2024-11-26T11:00:18.041+0000] {logging_mixin.py:190} INFO - [2024-11-26T11:00:18.040+0000] {dag.py:4180} INFO - Setting next_dagrun for example_xcom_args to None, run_after=None
[2024-11-26T11:00:18.045+0000] {logging_mixin.py:190} INFO - [2024-11-26T11:00:18.045+0000] {dag.py:4180} INFO - Setting next_dagrun for example_xcom_args_with_operators to None, run_after=None
[2024-11-26T11:00:18.061+0000] {processor.py:208} INFO - Processing /home/airflow/.local/lib/python3.12/site-packages/airflow/example_dags/example_xcomargs.py took 0.077 seconds
[2024-11-26T11:00:48.837+0000] {processor.py:186} INFO - Started process (PID=366) to work on /home/airflow/.local/lib/python3.12/site-packages/airflow/example_dags/example_xcomargs.py
[2024-11-26T11:00:48.838+0000] {processor.py:914} INFO - Processing file /home/airflow/.local/lib/python3.12/site-packages/airflow/example_dags/example_xcomargs.py for tasks to queue
[2024-11-26T11:00:48.840+0000] {logging_mixin.py:190} INFO - [2024-11-26T11:00:48.840+0000] {dagbag.py:588} INFO - Filling up the DagBag from /home/airflow/.local/lib/python3.12/site-packages/airflow/example_dags/example_xcomargs.py
[2024-11-26T11:00:48.847+0000] {processor.py:925} INFO - DAG(s) 'example_xcom_args_with_operators', 'example_xcom_args' retrieved from /home/airflow/.local/lib/python3.12/site-packages/airflow/example_dags/example_xcomargs.py
[2024-11-26T11:00:48.865+0000] {logging_mixin.py:190} INFO - [2024-11-26T11:00:48.865+0000] {dag.py:3239} INFO - Sync 2 DAGs
[2024-11-26T11:00:48.875+0000] {logging_mixin.py:190} INFO - [2024-11-26T11:00:48.875+0000] {dag.py:4180} INFO - Setting next_dagrun for example_xcom_args to None, run_after=None
[2024-11-26T11:00:48.877+0000] {logging_mixin.py:190} INFO - [2024-11-26T11:00:48.877+0000] {dag.py:4180} INFO - Setting next_dagrun for example_xcom_args_with_operators to None, run_after=None
[2024-11-26T11:00:48.892+0000] {processor.py:208} INFO - Processing /home/airflow/.local/lib/python3.12/site-packages/airflow/example_dags/example_xcomargs.py took 0.060 seconds
[2024-11-26T11:01:19.608+0000] {processor.py:186} INFO - Started process (PID=428) to work on /home/airflow/.local/lib/python3.12/site-packages/airflow/example_dags/example_xcomargs.py
[2024-11-26T11:01:19.609+0000] {processor.py:914} INFO - Processing file /home/airflow/.local/lib/python3.12/site-packages/airflow/example_dags/example_xcomargs.py for tasks to queue
[2024-11-26T11:01:19.611+0000] {logging_mixin.py:190} INFO - [2024-11-26T11:01:19.611+0000] {dagbag.py:588} INFO - Filling up the DagBag from /home/airflow/.local/lib/python3.12/site-packages/airflow/example_dags/example_xcomargs.py
[2024-11-26T11:01:19.619+0000] {processor.py:925} INFO - DAG(s) 'example_xcom_args_with_operators', 'example_xcom_args' retrieved from /home/airflow/.local/lib/python3.12/site-packages/airflow/example_dags/example_xcomargs.py
[2024-11-26T11:01:19.642+0000] {logging_mixin.py:190} INFO - [2024-11-26T11:01:19.642+0000] {dag.py:3239} INFO - Sync 2 DAGs
[2024-11-26T11:01:19.654+0000] {logging_mixin.py:190} INFO - [2024-11-26T11:01:19.654+0000] {dag.py:4180} INFO - Setting next_dagrun for example_xcom_args to None, run_after=None
[2024-11-26T11:01:19.658+0000] {logging_mixin.py:190} INFO - [2024-11-26T11:01:19.658+0000] {dag.py:4180} INFO - Setting next_dagrun for example_xcom_args_with_operators to None, run_after=None
[2024-11-26T11:01:19.675+0000] {processor.py:208} INFO - Processing /home/airflow/.local/lib/python3.12/site-packages/airflow/example_dags/example_xcomargs.py took 0.072 seconds
[2024-11-26T11:01:50.426+0000] {processor.py:186} INFO - Started process (PID=490) to work on /home/airflow/.local/lib/python3.12/site-packages/airflow/example_dags/example_xcomargs.py
[2024-11-26T11:01:50.427+0000] {processor.py:914} INFO - Processing file /home/airflow/.local/lib/python3.12/site-packages/airflow/example_dags/example_xcomargs.py for tasks to queue
[2024-11-26T11:01:50.429+0000] {logging_mixin.py:190} INFO - [2024-11-26T11:01:50.429+0000] {dagbag.py:588} INFO - Filling up the DagBag from /home/airflow/.local/lib/python3.12/site-packages/airflow/example_dags/example_xcomargs.py
[2024-11-26T11:01:50.438+0000] {processor.py:925} INFO - DAG(s) 'example_xcom_args_with_operators', 'example_xcom_args' retrieved from /home/airflow/.local/lib/python3.12/site-packages/airflow/example_dags/example_xcomargs.py
[2024-11-26T11:01:50.457+0000] {logging_mixin.py:190} INFO - [2024-11-26T11:01:50.457+0000] {dag.py:3239} INFO - Sync 2 DAGs
[2024-11-26T11:01:50.472+0000] {logging_mixin.py:190} INFO - [2024-11-26T11:01:50.472+0000] {dag.py:4180} INFO - Setting next_dagrun for example_xcom_args to None, run_after=None
[2024-11-26T11:01:50.475+0000] {logging_mixin.py:190} INFO - [2024-11-26T11:01:50.475+0000] {dag.py:4180} INFO - Setting next_dagrun for example_xcom_args_with_operators to None, run_after=None
[2024-11-26T11:01:50.489+0000] {processor.py:208} INFO - Processing /home/airflow/.local/lib/python3.12/site-packages/airflow/example_dags/example_xcomargs.py took 0.068 seconds
[2024-11-26T11:02:21.085+0000] {processor.py:186} INFO - Started process (PID=553) to work on /home/airflow/.local/lib/python3.12/site-packages/airflow/example_dags/example_xcomargs.py
[2024-11-26T11:02:21.086+0000] {processor.py:914} INFO - Processing file /home/airflow/.local/lib/python3.12/site-packages/airflow/example_dags/example_xcomargs.py for tasks to queue
[2024-11-26T11:02:21.088+0000] {logging_mixin.py:190} INFO - [2024-11-26T11:02:21.088+0000] {dagbag.py:588} INFO - Filling up the DagBag from /home/airflow/.local/lib/python3.12/site-packages/airflow/example_dags/example_xcomargs.py
[2024-11-26T11:02:21.096+0000] {processor.py:925} INFO - DAG(s) 'example_xcom_args', 'example_xcom_args_with_operators' retrieved from /home/airflow/.local/lib/python3.12/site-packages/airflow/example_dags/example_xcomargs.py
[2024-11-26T11:02:21.116+0000] {logging_mixin.py:190} INFO - [2024-11-26T11:02:21.116+0000] {dag.py:3239} INFO - Sync 2 DAGs
[2024-11-26T11:02:21.131+0000] {logging_mixin.py:190} INFO - [2024-11-26T11:02:21.130+0000] {dag.py:4180} INFO - Setting next_dagrun for example_xcom_args to None, run_after=None
[2024-11-26T11:02:21.135+0000] {logging_mixin.py:190} INFO - [2024-11-26T11:02:21.135+0000] {dag.py:4180} INFO - Setting next_dagrun for example_xcom_args_with_operators to None, run_after=None
[2024-11-26T11:02:21.149+0000] {processor.py:208} INFO - Processing /home/airflow/.local/lib/python3.12/site-packages/airflow/example_dags/example_xcomargs.py took 0.068 seconds
[2024-11-26T11:02:51.772+0000] {processor.py:186} INFO - Started process (PID=616) to work on /home/airflow/.local/lib/python3.12/site-packages/airflow/example_dags/example_xcomargs.py
[2024-11-26T11:02:51.773+0000] {processor.py:914} INFO - Processing file /home/airflow/.local/lib/python3.12/site-packages/airflow/example_dags/example_xcomargs.py for tasks to queue
[2024-11-26T11:02:51.775+0000] {logging_mixin.py:190} INFO - [2024-11-26T11:02:51.775+0000] {dagbag.py:588} INFO - Filling up the DagBag from /home/airflow/.local/lib/python3.12/site-packages/airflow/example_dags/example_xcomargs.py
[2024-11-26T11:02:51.785+0000] {processor.py:925} INFO - DAG(s) 'example_xcom_args', 'example_xcom_args_with_operators' retrieved from /home/airflow/.local/lib/python3.12/site-packages/airflow/example_dags/example_xcomargs.py
[2024-11-26T11:02:51.808+0000] {logging_mixin.py:190} INFO - [2024-11-26T11:02:51.807+0000] {dag.py:3239} INFO - Sync 2 DAGs
[2024-11-26T11:02:51.821+0000] {logging_mixin.py:190} INFO - [2024-11-26T11:02:51.821+0000] {dag.py:4180} INFO - Setting next_dagrun for example_xcom_args to None, run_after=None
[2024-11-26T11:02:51.826+0000] {logging_mixin.py:190} INFO - [2024-11-26T11:02:51.826+0000] {dag.py:4180} INFO - Setting next_dagrun for example_xcom_args_with_operators to None, run_after=None
[2024-11-26T11:02:51.842+0000] {processor.py:208} INFO - Processing /home/airflow/.local/lib/python3.12/site-packages/airflow/example_dags/example_xcomargs.py took 0.074 seconds
[2024-11-26T11:03:22.341+0000] {processor.py:186} INFO - Started process (PID=679) to work on /home/airflow/.local/lib/python3.12/site-packages/airflow/example_dags/example_xcomargs.py
[2024-11-26T11:03:22.342+0000] {processor.py:914} INFO - Processing file /home/airflow/.local/lib/python3.12/site-packages/airflow/example_dags/example_xcomargs.py for tasks to queue
[2024-11-26T11:03:22.346+0000] {logging_mixin.py:190} INFO - [2024-11-26T11:03:22.346+0000] {dagbag.py:588} INFO - Filling up the DagBag from /home/airflow/.local/lib/python3.12/site-packages/airflow/example_dags/example_xcomargs.py
[2024-11-26T11:03:22.363+0000] {processor.py:925} INFO - DAG(s) 'example_xcom_args', 'example_xcom_args_with_operators' retrieved from /home/airflow/.local/lib/python3.12/site-packages/airflow/example_dags/example_xcomargs.py
[2024-11-26T11:03:22.382+0000] {logging_mixin.py:190} INFO - [2024-11-26T11:03:22.382+0000] {dag.py:3239} INFO - Sync 2 DAGs
[2024-11-26T11:03:22.397+0000] {logging_mixin.py:190} INFO - [2024-11-26T11:03:22.397+0000] {dag.py:4180} INFO - Setting next_dagrun for example_xcom_args to None, run_after=None
[2024-11-26T11:03:22.401+0000] {logging_mixin.py:190} INFO - [2024-11-26T11:03:22.400+0000] {dag.py:4180} INFO - Setting next_dagrun for example_xcom_args_with_operators to None, run_after=None
[2024-11-26T11:03:22.415+0000] {processor.py:208} INFO - Processing /home/airflow/.local/lib/python3.12/site-packages/airflow/example_dags/example_xcomargs.py took 0.079 seconds
[2024-11-26T11:03:52.884+0000] {processor.py:186} INFO - Started process (PID=742) to work on /home/airflow/.local/lib/python3.12/site-packages/airflow/example_dags/example_xcomargs.py
[2024-11-26T11:03:52.885+0000] {processor.py:914} INFO - Processing file /home/airflow/.local/lib/python3.12/site-packages/airflow/example_dags/example_xcomargs.py for tasks to queue
[2024-11-26T11:03:52.887+0000] {logging_mixin.py:190} INFO - [2024-11-26T11:03:52.887+0000] {dagbag.py:588} INFO - Filling up the DagBag from /home/airflow/.local/lib/python3.12/site-packages/airflow/example_dags/example_xcomargs.py
[2024-11-26T11:03:52.895+0000] {processor.py:925} INFO - DAG(s) 'example_xcom_args', 'example_xcom_args_with_operators' retrieved from /home/airflow/.local/lib/python3.12/site-packages/airflow/example_dags/example_xcomargs.py
[2024-11-26T11:03:52.910+0000] {logging_mixin.py:190} INFO - [2024-11-26T11:03:52.910+0000] {dag.py:3239} INFO - Sync 2 DAGs
[2024-11-26T11:03:52.920+0000] {logging_mixin.py:190} INFO - [2024-11-26T11:03:52.920+0000] {dag.py:4180} INFO - Setting next_dagrun for example_xcom_args to None, run_after=None
[2024-11-26T11:03:52.923+0000] {logging_mixin.py:190} INFO - [2024-11-26T11:03:52.923+0000] {dag.py:4180} INFO - Setting next_dagrun for example_xcom_args_with_operators to None, run_after=None
[2024-11-26T11:03:52.934+0000] {processor.py:208} INFO - Processing /home/airflow/.local/lib/python3.12/site-packages/airflow/example_dags/example_xcomargs.py took 0.054 seconds
[2024-11-26T11:04:24.035+0000] {processor.py:186} INFO - Started process (PID=805) to work on /home/airflow/.local/lib/python3.12/site-packages/airflow/example_dags/example_xcomargs.py
[2024-11-26T11:04:24.036+0000] {processor.py:914} INFO - Processing file /home/airflow/.local/lib/python3.12/site-packages/airflow/example_dags/example_xcomargs.py for tasks to queue
[2024-11-26T11:04:24.039+0000] {logging_mixin.py:190} INFO - [2024-11-26T11:04:24.039+0000] {dagbag.py:588} INFO - Filling up the DagBag from /home/airflow/.local/lib/python3.12/site-packages/airflow/example_dags/example_xcomargs.py
[2024-11-26T11:04:24.050+0000] {processor.py:925} INFO - DAG(s) 'example_xcom_args_with_operators', 'example_xcom_args' retrieved from /home/airflow/.local/lib/python3.12/site-packages/airflow/example_dags/example_xcomargs.py
[2024-11-26T11:04:24.074+0000] {logging_mixin.py:190} INFO - [2024-11-26T11:04:24.074+0000] {dag.py:3239} INFO - Sync 2 DAGs
[2024-11-26T11:04:24.086+0000] {logging_mixin.py:190} INFO - [2024-11-26T11:04:24.085+0000] {dag.py:4180} INFO - Setting next_dagrun for example_xcom_args to None, run_after=None
[2024-11-26T11:04:24.090+0000] {logging_mixin.py:190} INFO - [2024-11-26T11:04:24.090+0000] {dag.py:4180} INFO - Setting next_dagrun for example_xcom_args_with_operators to None, run_after=None
[2024-11-26T11:04:24.107+0000] {processor.py:208} INFO - Processing /home/airflow/.local/lib/python3.12/site-packages/airflow/example_dags/example_xcomargs.py took 0.076 seconds
[2024-11-26T11:04:54.674+0000] {processor.py:186} INFO - Started process (PID=868) to work on /home/airflow/.local/lib/python3.12/site-packages/airflow/example_dags/example_xcomargs.py
[2024-11-26T11:04:54.675+0000] {processor.py:914} INFO - Processing file /home/airflow/.local/lib/python3.12/site-packages/airflow/example_dags/example_xcomargs.py for tasks to queue
[2024-11-26T11:04:54.677+0000] {logging_mixin.py:190} INFO - [2024-11-26T11:04:54.677+0000] {dagbag.py:588} INFO - Filling up the DagBag from /home/airflow/.local/lib/python3.12/site-packages/airflow/example_dags/example_xcomargs.py
[2024-11-26T11:04:54.685+0000] {processor.py:925} INFO - DAG(s) 'example_xcom_args_with_operators', 'example_xcom_args' retrieved from /home/airflow/.local/lib/python3.12/site-packages/airflow/example_dags/example_xcomargs.py
[2024-11-26T11:04:54.703+0000] {logging_mixin.py:190} INFO - [2024-11-26T11:04:54.702+0000] {dag.py:3239} INFO - Sync 2 DAGs
[2024-11-26T11:04:54.712+0000] {logging_mixin.py:190} INFO - [2024-11-26T11:04:54.712+0000] {dag.py:4180} INFO - Setting next_dagrun for example_xcom_args to None, run_after=None
[2024-11-26T11:04:54.715+0000] {logging_mixin.py:190} INFO - [2024-11-26T11:04:54.715+0000] {dag.py:4180} INFO - Setting next_dagrun for example_xcom_args_with_operators to None, run_after=None
[2024-11-26T11:04:54.728+0000] {processor.py:208} INFO - Processing /home/airflow/.local/lib/python3.12/site-packages/airflow/example_dags/example_xcomargs.py took 0.058 seconds
[2024-11-26T11:05:26.005+0000] {processor.py:186} INFO - Started process (PID=930) to work on /home/airflow/.local/lib/python3.12/site-packages/airflow/example_dags/example_xcomargs.py
[2024-11-26T11:05:26.006+0000] {processor.py:914} INFO - Processing file /home/airflow/.local/lib/python3.12/site-packages/airflow/example_dags/example_xcomargs.py for tasks to queue
[2024-11-26T11:05:26.008+0000] {logging_mixin.py:190} INFO - [2024-11-26T11:05:26.007+0000] {dagbag.py:588} INFO - Filling up the DagBag from /home/airflow/.local/lib/python3.12/site-packages/airflow/example_dags/example_xcomargs.py
[2024-11-26T11:05:26.015+0000] {processor.py:925} INFO - DAG(s) 'example_xcom_args', 'example_xcom_args_with_operators' retrieved from /home/airflow/.local/lib/python3.12/site-packages/airflow/example_dags/example_xcomargs.py
[2024-11-26T11:05:26.035+0000] {logging_mixin.py:190} INFO - [2024-11-26T11:05:26.035+0000] {dag.py:3239} INFO - Sync 2 DAGs
[2024-11-26T11:05:26.046+0000] {logging_mixin.py:190} INFO - [2024-11-26T11:05:26.046+0000] {dag.py:4180} INFO - Setting next_dagrun for example_xcom_args to None, run_after=None
[2024-11-26T11:05:26.049+0000] {logging_mixin.py:190} INFO - [2024-11-26T11:05:26.049+0000] {dag.py:4180} INFO - Setting next_dagrun for example_xcom_args_with_operators to None, run_after=None
[2024-11-26T11:05:26.062+0000] {processor.py:208} INFO - Processing /home/airflow/.local/lib/python3.12/site-packages/airflow/example_dags/example_xcomargs.py took 0.064 seconds
[2024-11-26T11:05:56.506+0000] {processor.py:186} INFO - Started process (PID=993) to work on /home/airflow/.local/lib/python3.12/site-packages/airflow/example_dags/example_xcomargs.py
[2024-11-26T11:05:56.507+0000] {processor.py:914} INFO - Processing file /home/airflow/.local/lib/python3.12/site-packages/airflow/example_dags/example_xcomargs.py for tasks to queue
[2024-11-26T11:05:56.509+0000] {logging_mixin.py:190} INFO - [2024-11-26T11:05:56.509+0000] {dagbag.py:588} INFO - Filling up the DagBag from /home/airflow/.local/lib/python3.12/site-packages/airflow/example_dags/example_xcomargs.py
[2024-11-26T11:05:56.517+0000] {processor.py:925} INFO - DAG(s) 'example_xcom_args', 'example_xcom_args_with_operators' retrieved from /home/airflow/.local/lib/python3.12/site-packages/airflow/example_dags/example_xcomargs.py
[2024-11-26T11:05:56.536+0000] {logging_mixin.py:190} INFO - [2024-11-26T11:05:56.536+0000] {dag.py:3239} INFO - Sync 2 DAGs
[2024-11-26T11:05:56.548+0000] {logging_mixin.py:190} INFO - [2024-11-26T11:05:56.548+0000] {dag.py:4180} INFO - Setting next_dagrun for example_xcom_args to None, run_after=None
[2024-11-26T11:05:56.551+0000] {logging_mixin.py:190} INFO - [2024-11-26T11:05:56.551+0000] {dag.py:4180} INFO - Setting next_dagrun for example_xcom_args_with_operators to None, run_after=None
[2024-11-26T11:05:56.566+0000] {processor.py:208} INFO - Processing /home/airflow/.local/lib/python3.12/site-packages/airflow/example_dags/example_xcomargs.py took 0.065 seconds
[2024-11-26T11:06:27.296+0000] {processor.py:186} INFO - Started process (PID=1056) to work on /home/airflow/.local/lib/python3.12/site-packages/airflow/example_dags/example_xcomargs.py
[2024-11-26T11:06:27.297+0000] {processor.py:914} INFO - Processing file /home/airflow/.local/lib/python3.12/site-packages/airflow/example_dags/example_xcomargs.py for tasks to queue
[2024-11-26T11:06:27.299+0000] {logging_mixin.py:190} INFO - [2024-11-26T11:06:27.299+0000] {dagbag.py:588} INFO - Filling up the DagBag from /home/airflow/.local/lib/python3.12/site-packages/airflow/example_dags/example_xcomargs.py
[2024-11-26T11:06:27.307+0000] {processor.py:925} INFO - DAG(s) 'example_xcom_args_with_operators', 'example_xcom_args' retrieved from /home/airflow/.local/lib/python3.12/site-packages/airflow/example_dags/example_xcomargs.py
[2024-11-26T11:06:27.323+0000] {logging_mixin.py:190} INFO - [2024-11-26T11:06:27.323+0000] {dag.py:3239} INFO - Sync 2 DAGs
[2024-11-26T11:06:27.332+0000] {logging_mixin.py:190} INFO - [2024-11-26T11:06:27.332+0000] {dag.py:4180} INFO - Setting next_dagrun for example_xcom_args to None, run_after=None
[2024-11-26T11:06:27.335+0000] {logging_mixin.py:190} INFO - [2024-11-26T11:06:27.335+0000] {dag.py:4180} INFO - Setting next_dagrun for example_xcom_args_with_operators to None, run_after=None
[2024-11-26T11:06:27.348+0000] {processor.py:208} INFO - Processing /home/airflow/.local/lib/python3.12/site-packages/airflow/example_dags/example_xcomargs.py took 0.056 seconds
[2024-11-26T11:06:57.843+0000] {processor.py:186} INFO - Started process (PID=1119) to work on /home/airflow/.local/lib/python3.12/site-packages/airflow/example_dags/example_xcomargs.py
[2024-11-26T11:06:57.844+0000] {processor.py:914} INFO - Processing file /home/airflow/.local/lib/python3.12/site-packages/airflow/example_dags/example_xcomargs.py for tasks to queue
[2024-11-26T11:06:57.846+0000] {logging_mixin.py:190} INFO - [2024-11-26T11:06:57.846+0000] {dagbag.py:588} INFO - Filling up the DagBag from /home/airflow/.local/lib/python3.12/site-packages/airflow/example_dags/example_xcomargs.py
[2024-11-26T11:06:57.854+0000] {processor.py:925} INFO - DAG(s) 'example_xcom_args_with_operators', 'example_xcom_args' retrieved from /home/airflow/.local/lib/python3.12/site-packages/airflow/example_dags/example_xcomargs.py
[2024-11-26T11:06:57.872+0000] {logging_mixin.py:190} INFO - [2024-11-26T11:06:57.872+0000] {dag.py:3239} INFO - Sync 2 DAGs
[2024-11-26T11:06:57.883+0000] {logging_mixin.py:190} INFO - [2024-11-26T11:06:57.882+0000] {dag.py:4180} INFO - Setting next_dagrun for example_xcom_args to None, run_after=None
[2024-11-26T11:06:57.886+0000] {logging_mixin.py:190} INFO - [2024-11-26T11:06:57.886+0000] {dag.py:4180} INFO - Setting next_dagrun for example_xcom_args_with_operators to None, run_after=None
[2024-11-26T11:06:57.900+0000] {processor.py:208} INFO - Processing /home/airflow/.local/lib/python3.12/site-packages/airflow/example_dags/example_xcomargs.py took 0.061 seconds
[2024-11-26T11:07:28.762+0000] {processor.py:186} INFO - Started process (PID=1182) to work on /home/airflow/.local/lib/python3.12/site-packages/airflow/example_dags/example_xcomargs.py
[2024-11-26T11:07:28.763+0000] {processor.py:914} INFO - Processing file /home/airflow/.local/lib/python3.12/site-packages/airflow/example_dags/example_xcomargs.py for tasks to queue
[2024-11-26T11:07:28.767+0000] {logging_mixin.py:190} INFO - [2024-11-26T11:07:28.767+0000] {dagbag.py:588} INFO - Filling up the DagBag from /home/airflow/.local/lib/python3.12/site-packages/airflow/example_dags/example_xcomargs.py
[2024-11-26T11:07:28.779+0000] {processor.py:925} INFO - DAG(s) 'example_xcom_args_with_operators', 'example_xcom_args' retrieved from /home/airflow/.local/lib/python3.12/site-packages/airflow/example_dags/example_xcomargs.py
[2024-11-26T11:07:28.808+0000] {logging_mixin.py:190} INFO - [2024-11-26T11:07:28.808+0000] {dag.py:3239} INFO - Sync 2 DAGs
[2024-11-26T11:07:28.823+0000] {logging_mixin.py:190} INFO - [2024-11-26T11:07:28.823+0000] {dag.py:4180} INFO - Setting next_dagrun for example_xcom_args to None, run_after=None
[2024-11-26T11:07:28.827+0000] {logging_mixin.py:190} INFO - [2024-11-26T11:07:28.826+0000] {dag.py:4180} INFO - Setting next_dagrun for example_xcom_args_with_operators to None, run_after=None
[2024-11-26T11:07:28.845+0000] {processor.py:208} INFO - Processing /home/airflow/.local/lib/python3.12/site-packages/airflow/example_dags/example_xcomargs.py took 0.089 seconds
[2024-11-26T11:07:59.294+0000] {processor.py:186} INFO - Started process (PID=1245) to work on /home/airflow/.local/lib/python3.12/site-packages/airflow/example_dags/example_xcomargs.py
[2024-11-26T11:07:59.295+0000] {processor.py:914} INFO - Processing file /home/airflow/.local/lib/python3.12/site-packages/airflow/example_dags/example_xcomargs.py for tasks to queue
[2024-11-26T11:07:59.298+0000] {logging_mixin.py:190} INFO - [2024-11-26T11:07:59.298+0000] {dagbag.py:588} INFO - Filling up the DagBag from /home/airflow/.local/lib/python3.12/site-packages/airflow/example_dags/example_xcomargs.py
[2024-11-26T11:07:59.307+0000] {processor.py:925} INFO - DAG(s) 'example_xcom_args', 'example_xcom_args_with_operators' retrieved from /home/airflow/.local/lib/python3.12/site-packages/airflow/example_dags/example_xcomargs.py
[2024-11-26T11:07:59.330+0000] {logging_mixin.py:190} INFO - [2024-11-26T11:07:59.330+0000] {dag.py:3239} INFO - Sync 2 DAGs
[2024-11-26T11:07:59.343+0000] {logging_mixin.py:190} INFO - [2024-11-26T11:07:59.343+0000] {dag.py:4180} INFO - Setting next_dagrun for example_xcom_args to None, run_after=None
[2024-11-26T11:07:59.348+0000] {logging_mixin.py:190} INFO - [2024-11-26T11:07:59.347+0000] {dag.py:4180} INFO - Setting next_dagrun for example_xcom_args_with_operators to None, run_after=None
[2024-11-26T11:07:59.365+0000] {processor.py:208} INFO - Processing /home/airflow/.local/lib/python3.12/site-packages/airflow/example_dags/example_xcomargs.py took 0.079 seconds
[2024-11-26T11:08:29.891+0000] {processor.py:186} INFO - Started process (PID=1308) to work on /home/airflow/.local/lib/python3.12/site-packages/airflow/example_dags/example_xcomargs.py
[2024-11-26T11:08:29.892+0000] {processor.py:914} INFO - Processing file /home/airflow/.local/lib/python3.12/site-packages/airflow/example_dags/example_xcomargs.py for tasks to queue
[2024-11-26T11:08:29.894+0000] {logging_mixin.py:190} INFO - [2024-11-26T11:08:29.894+0000] {dagbag.py:588} INFO - Filling up the DagBag from /home/airflow/.local/lib/python3.12/site-packages/airflow/example_dags/example_xcomargs.py
[2024-11-26T11:08:29.902+0000] {processor.py:925} INFO - DAG(s) 'example_xcom_args_with_operators', 'example_xcom_args' retrieved from /home/airflow/.local/lib/python3.12/site-packages/airflow/example_dags/example_xcomargs.py
[2024-11-26T11:08:29.921+0000] {logging_mixin.py:190} INFO - [2024-11-26T11:08:29.920+0000] {dag.py:3239} INFO - Sync 2 DAGs
[2024-11-26T11:08:29.931+0000] {logging_mixin.py:190} INFO - [2024-11-26T11:08:29.931+0000] {dag.py:4180} INFO - Setting next_dagrun for example_xcom_args to None, run_after=None
[2024-11-26T11:08:29.935+0000] {logging_mixin.py:190} INFO - [2024-11-26T11:08:29.934+0000] {dag.py:4180} INFO - Setting next_dagrun for example_xcom_args_with_operators to None, run_after=None
[2024-11-26T11:08:29.951+0000] {processor.py:208} INFO - Processing /home/airflow/.local/lib/python3.12/site-packages/airflow/example_dags/example_xcomargs.py took 0.064 seconds
[2024-11-26T11:09:00.415+0000] {processor.py:186} INFO - Started process (PID=1371) to work on /home/airflow/.local/lib/python3.12/site-packages/airflow/example_dags/example_xcomargs.py
[2024-11-26T11:09:00.416+0000] {processor.py:914} INFO - Processing file /home/airflow/.local/lib/python3.12/site-packages/airflow/example_dags/example_xcomargs.py for tasks to queue
[2024-11-26T11:09:00.418+0000] {logging_mixin.py:190} INFO - [2024-11-26T11:09:00.418+0000] {dagbag.py:588} INFO - Filling up the DagBag from /home/airflow/.local/lib/python3.12/site-packages/airflow/example_dags/example_xcomargs.py
[2024-11-26T11:09:00.427+0000] {processor.py:925} INFO - DAG(s) 'example_xcom_args', 'example_xcom_args_with_operators' retrieved from /home/airflow/.local/lib/python3.12/site-packages/airflow/example_dags/example_xcomargs.py
[2024-11-26T11:09:00.449+0000] {logging_mixin.py:190} INFO - [2024-11-26T11:09:00.449+0000] {dag.py:3239} INFO - Sync 2 DAGs
[2024-11-26T11:09:00.461+0000] {logging_mixin.py:190} INFO - [2024-11-26T11:09:00.461+0000] {dag.py:4180} INFO - Setting next_dagrun for example_xcom_args to None, run_after=None
[2024-11-26T11:09:00.464+0000] {logging_mixin.py:190} INFO - [2024-11-26T11:09:00.464+0000] {dag.py:4180} INFO - Setting next_dagrun for example_xcom_args_with_operators to None, run_after=None
[2024-11-26T11:09:00.480+0000] {processor.py:208} INFO - Processing /home/airflow/.local/lib/python3.12/site-packages/airflow/example_dags/example_xcomargs.py took 0.070 seconds
[2024-11-26T11:09:30.938+0000] {processor.py:186} INFO - Started process (PID=1434) to work on /home/airflow/.local/lib/python3.12/site-packages/airflow/example_dags/example_xcomargs.py
[2024-11-26T11:09:30.939+0000] {processor.py:914} INFO - Processing file /home/airflow/.local/lib/python3.12/site-packages/airflow/example_dags/example_xcomargs.py for tasks to queue
[2024-11-26T11:09:30.942+0000] {logging_mixin.py:190} INFO - [2024-11-26T11:09:30.942+0000] {dagbag.py:588} INFO - Filling up the DagBag from /home/airflow/.local/lib/python3.12/site-packages/airflow/example_dags/example_xcomargs.py
[2024-11-26T11:09:30.950+0000] {processor.py:925} INFO - DAG(s) 'example_xcom_args_with_operators', 'example_xcom_args' retrieved from /home/airflow/.local/lib/python3.12/site-packages/airflow/example_dags/example_xcomargs.py
[2024-11-26T11:09:30.975+0000] {logging_mixin.py:190} INFO - [2024-11-26T11:09:30.974+0000] {dag.py:3239} INFO - Sync 2 DAGs
[2024-11-26T11:09:30.984+0000] {logging_mixin.py:190} INFO - [2024-11-26T11:09:30.984+0000] {dag.py:4180} INFO - Setting next_dagrun for example_xcom_args to None, run_after=None
[2024-11-26T11:09:30.987+0000] {logging_mixin.py:190} INFO - [2024-11-26T11:09:30.987+0000] {dag.py:4180} INFO - Setting next_dagrun for example_xcom_args_with_operators to None, run_after=None
[2024-11-26T11:09:31.002+0000] {processor.py:208} INFO - Processing /home/airflow/.local/lib/python3.12/site-packages/airflow/example_dags/example_xcomargs.py took 0.071 seconds
[2024-11-26T11:10:01.556+0000] {processor.py:186} INFO - Started process (PID=1497) to work on /home/airflow/.local/lib/python3.12/site-packages/airflow/example_dags/example_xcomargs.py
[2024-11-26T11:10:01.557+0000] {processor.py:914} INFO - Processing file /home/airflow/.local/lib/python3.12/site-packages/airflow/example_dags/example_xcomargs.py for tasks to queue
[2024-11-26T11:10:01.559+0000] {logging_mixin.py:190} INFO - [2024-11-26T11:10:01.559+0000] {dagbag.py:588} INFO - Filling up the DagBag from /home/airflow/.local/lib/python3.12/site-packages/airflow/example_dags/example_xcomargs.py
[2024-11-26T11:10:01.568+0000] {processor.py:925} INFO - DAG(s) 'example_xcom_args', 'example_xcom_args_with_operators' retrieved from /home/airflow/.local/lib/python3.12/site-packages/airflow/example_dags/example_xcomargs.py
[2024-11-26T11:10:01.586+0000] {logging_mixin.py:190} INFO - [2024-11-26T11:10:01.586+0000] {dag.py:3239} INFO - Sync 2 DAGs
[2024-11-26T11:10:01.598+0000] {logging_mixin.py:190} INFO - [2024-11-26T11:10:01.598+0000] {dag.py:4180} INFO - Setting next_dagrun for example_xcom_args to None, run_after=None
[2024-11-26T11:10:01.601+0000] {logging_mixin.py:190} INFO - [2024-11-26T11:10:01.601+0000] {dag.py:4180} INFO - Setting next_dagrun for example_xcom_args_with_operators to None, run_after=None
[2024-11-26T11:10:01.631+0000] {processor.py:208} INFO - Processing /home/airflow/.local/lib/python3.12/site-packages/airflow/example_dags/example_xcomargs.py took 0.081 seconds
[2024-11-26T11:10:32.484+0000] {processor.py:186} INFO - Started process (PID=1560) to work on /home/airflow/.local/lib/python3.12/site-packages/airflow/example_dags/example_xcomargs.py
[2024-11-26T11:10:32.485+0000] {processor.py:914} INFO - Processing file /home/airflow/.local/lib/python3.12/site-packages/airflow/example_dags/example_xcomargs.py for tasks to queue
[2024-11-26T11:10:32.488+0000] {logging_mixin.py:190} INFO - [2024-11-26T11:10:32.487+0000] {dagbag.py:588} INFO - Filling up the DagBag from /home/airflow/.local/lib/python3.12/site-packages/airflow/example_dags/example_xcomargs.py
[2024-11-26T11:10:32.500+0000] {processor.py:925} INFO - DAG(s) 'example_xcom_args', 'example_xcom_args_with_operators' retrieved from /home/airflow/.local/lib/python3.12/site-packages/airflow/example_dags/example_xcomargs.py
[2024-11-26T11:10:32.524+0000] {logging_mixin.py:190} INFO - [2024-11-26T11:10:32.524+0000] {dag.py:3239} INFO - Sync 2 DAGs
[2024-11-26T11:10:32.540+0000] {logging_mixin.py:190} INFO - [2024-11-26T11:10:32.540+0000] {dag.py:4180} INFO - Setting next_dagrun for example_xcom_args to None, run_after=None
[2024-11-26T11:10:32.543+0000] {logging_mixin.py:190} INFO - [2024-11-26T11:10:32.543+0000] {dag.py:4180} INFO - Setting next_dagrun for example_xcom_args_with_operators to None, run_after=None
[2024-11-26T11:10:32.563+0000] {processor.py:208} INFO - Processing /home/airflow/.local/lib/python3.12/site-packages/airflow/example_dags/example_xcomargs.py took 0.085 seconds
[2024-11-26T11:11:03.117+0000] {processor.py:186} INFO - Started process (PID=1623) to work on /home/airflow/.local/lib/python3.12/site-packages/airflow/example_dags/example_xcomargs.py
[2024-11-26T11:11:03.118+0000] {processor.py:914} INFO - Processing file /home/airflow/.local/lib/python3.12/site-packages/airflow/example_dags/example_xcomargs.py for tasks to queue
[2024-11-26T11:11:03.122+0000] {logging_mixin.py:190} INFO - [2024-11-26T11:11:03.122+0000] {dagbag.py:588} INFO - Filling up the DagBag from /home/airflow/.local/lib/python3.12/site-packages/airflow/example_dags/example_xcomargs.py
[2024-11-26T11:11:03.131+0000] {processor.py:925} INFO - DAG(s) 'example_xcom_args', 'example_xcom_args_with_operators' retrieved from /home/airflow/.local/lib/python3.12/site-packages/airflow/example_dags/example_xcomargs.py
[2024-11-26T11:11:03.153+0000] {logging_mixin.py:190} INFO - [2024-11-26T11:11:03.152+0000] {dag.py:3239} INFO - Sync 2 DAGs
[2024-11-26T11:11:03.163+0000] {logging_mixin.py:190} INFO - [2024-11-26T11:11:03.162+0000] {dag.py:4180} INFO - Setting next_dagrun for example_xcom_args to None, run_after=None
[2024-11-26T11:11:03.165+0000] {logging_mixin.py:190} INFO - [2024-11-26T11:11:03.165+0000] {dag.py:4180} INFO - Setting next_dagrun for example_xcom_args_with_operators to None, run_after=None
[2024-11-26T11:11:03.178+0000] {processor.py:208} INFO - Processing /home/airflow/.local/lib/python3.12/site-packages/airflow/example_dags/example_xcomargs.py took 0.065 seconds
[2024-11-26T11:11:34.000+0000] {processor.py:186} INFO - Started process (PID=1686) to work on /home/airflow/.local/lib/python3.12/site-packages/airflow/example_dags/example_xcomargs.py
[2024-11-26T11:11:34.002+0000] {processor.py:914} INFO - Processing file /home/airflow/.local/lib/python3.12/site-packages/airflow/example_dags/example_xcomargs.py for tasks to queue
[2024-11-26T11:11:34.005+0000] {logging_mixin.py:190} INFO - [2024-11-26T11:11:34.005+0000] {dagbag.py:588} INFO - Filling up the DagBag from /home/airflow/.local/lib/python3.12/site-packages/airflow/example_dags/example_xcomargs.py
[2024-11-26T11:11:34.014+0000] {processor.py:925} INFO - DAG(s) 'example_xcom_args_with_operators', 'example_xcom_args' retrieved from /home/airflow/.local/lib/python3.12/site-packages/airflow/example_dags/example_xcomargs.py
[2024-11-26T11:11:34.035+0000] {logging_mixin.py:190} INFO - [2024-11-26T11:11:34.034+0000] {dag.py:3239} INFO - Sync 2 DAGs
[2024-11-26T11:11:34.045+0000] {logging_mixin.py:190} INFO - [2024-11-26T11:11:34.045+0000] {dag.py:4180} INFO - Setting next_dagrun for example_xcom_args to None, run_after=None
[2024-11-26T11:11:34.049+0000] {logging_mixin.py:190} INFO - [2024-11-26T11:11:34.049+0000] {dag.py:4180} INFO - Setting next_dagrun for example_xcom_args_with_operators to None, run_after=None
[2024-11-26T11:11:34.065+0000] {processor.py:208} INFO - Processing /home/airflow/.local/lib/python3.12/site-packages/airflow/example_dags/example_xcomargs.py took 0.072 seconds
