[2024-11-26T10:58:43.029+0000] {processor.py:186} INFO - Started process (PID=99) to work on /home/airflow/.local/lib/python3.12/site-packages/airflow/example_dags/example_branch_python_dop_operator_3.py
[2024-11-26T10:58:43.029+0000] {processor.py:914} INFO - Processing file /home/airflow/.local/lib/python3.12/site-packages/airflow/example_dags/example_branch_python_dop_operator_3.py for tasks to queue
[2024-11-26T10:58:43.033+0000] {logging_mixin.py:190} INFO - [2024-11-26T10:58:43.032+0000] {dagbag.py:588} INFO - Filling up the DagBag from /home/airflow/.local/lib/python3.12/site-packages/airflow/example_dags/example_branch_python_dop_operator_3.py
[2024-11-26T10:58:43.044+0000] {processor.py:925} INFO - DAG(s) 'example_branch_dop_operator_v3' retrieved from /home/airflow/.local/lib/python3.12/site-packages/airflow/example_dags/example_branch_python_dop_operator_3.py
[2024-11-26T10:58:43.139+0000] {logging_mixin.py:190} INFO - [2024-11-26T10:58:43.138+0000] {override.py:1911} INFO - Created Permission View: can delete on DAG:example_branch_dop_operator_v3
[2024-11-26T10:58:43.153+0000] {logging_mixin.py:190} INFO - [2024-11-26T10:58:43.152+0000] {override.py:1911} INFO - Created Permission View: can read on DAG:example_branch_dop_operator_v3
[2024-11-26T10:58:43.162+0000] {logging_mixin.py:190} INFO - [2024-11-26T10:58:43.162+0000] {override.py:1911} INFO - Created Permission View: can edit on DAG:example_branch_dop_operator_v3
[2024-11-26T10:58:43.174+0000] {logging_mixin.py:190} INFO - [2024-11-26T10:58:43.173+0000] {override.py:1911} INFO - Created Permission View: can create on DAG Run:example_branch_dop_operator_v3
[2024-11-26T10:58:43.184+0000] {logging_mixin.py:190} INFO - [2024-11-26T10:58:43.183+0000] {override.py:1911} INFO - Created Permission View: can read on DAG Run:example_branch_dop_operator_v3
[2024-11-26T10:58:43.192+0000] {logging_mixin.py:190} INFO - [2024-11-26T10:58:43.192+0000] {override.py:1911} INFO - Created Permission View: menu access on DAG Run:example_branch_dop_operator_v3
[2024-11-26T10:58:43.201+0000] {logging_mixin.py:190} INFO - [2024-11-26T10:58:43.201+0000] {override.py:1911} INFO - Created Permission View: can delete on DAG Run:example_branch_dop_operator_v3
[2024-11-26T10:58:43.202+0000] {logging_mixin.py:190} INFO - [2024-11-26T10:58:43.201+0000] {dag.py:3239} INFO - Sync 1 DAGs
[2024-11-26T10:58:43.214+0000] {logging_mixin.py:190} INFO - [2024-11-26T10:58:43.214+0000] {dag.py:3262} INFO - Creating ORM DAG for example_branch_dop_operator_v3
[2024-11-26T10:58:43.228+0000] {logging_mixin.py:190} INFO - [2024-11-26T10:58:43.227+0000] {dag.py:4180} INFO - Setting next_dagrun for example_branch_dop_operator_v3 to 2024-11-26 10:57:00+00:00, run_after=2024-11-26 10:58:00+00:00
[2024-11-26T10:58:43.246+0000] {processor.py:208} INFO - Processing /home/airflow/.local/lib/python3.12/site-packages/airflow/example_dags/example_branch_python_dop_operator_3.py took 0.223 seconds
[2024-11-26T10:59:14.062+0000] {processor.py:186} INFO - Started process (PID=162) to work on /home/airflow/.local/lib/python3.12/site-packages/airflow/example_dags/example_branch_python_dop_operator_3.py
[2024-11-26T10:59:14.063+0000] {processor.py:914} INFO - Processing file /home/airflow/.local/lib/python3.12/site-packages/airflow/example_dags/example_branch_python_dop_operator_3.py for tasks to queue
[2024-11-26T10:59:14.065+0000] {logging_mixin.py:190} INFO - [2024-11-26T10:59:14.065+0000] {dagbag.py:588} INFO - Filling up the DagBag from /home/airflow/.local/lib/python3.12/site-packages/airflow/example_dags/example_branch_python_dop_operator_3.py
[2024-11-26T10:59:14.074+0000] {processor.py:925} INFO - DAG(s) 'example_branch_dop_operator_v3' retrieved from /home/airflow/.local/lib/python3.12/site-packages/airflow/example_dags/example_branch_python_dop_operator_3.py
[2024-11-26T10:59:14.094+0000] {logging_mixin.py:190} INFO - [2024-11-26T10:59:14.094+0000] {dag.py:3239} INFO - Sync 1 DAGs
[2024-11-26T10:59:14.114+0000] {logging_mixin.py:190} INFO - [2024-11-26T10:59:14.114+0000] {dag.py:4180} INFO - Setting next_dagrun for example_branch_dop_operator_v3 to 2024-11-26 10:58:00+00:00, run_after=2024-11-26 10:59:00+00:00
[2024-11-26T10:59:14.136+0000] {processor.py:208} INFO - Processing /home/airflow/.local/lib/python3.12/site-packages/airflow/example_dags/example_branch_python_dop_operator_3.py took 0.079 seconds
[2024-11-26T10:59:44.177+0000] {processor.py:186} INFO - Started process (PID=225) to work on /home/airflow/.local/lib/python3.12/site-packages/airflow/example_dags/example_branch_python_dop_operator_3.py
[2024-11-26T10:59:44.178+0000] {processor.py:914} INFO - Processing file /home/airflow/.local/lib/python3.12/site-packages/airflow/example_dags/example_branch_python_dop_operator_3.py for tasks to queue
[2024-11-26T10:59:44.180+0000] {logging_mixin.py:190} INFO - [2024-11-26T10:59:44.179+0000] {dagbag.py:588} INFO - Filling up the DagBag from /home/airflow/.local/lib/python3.12/site-packages/airflow/example_dags/example_branch_python_dop_operator_3.py
[2024-11-26T10:59:44.190+0000] {processor.py:925} INFO - DAG(s) 'example_branch_dop_operator_v3' retrieved from /home/airflow/.local/lib/python3.12/site-packages/airflow/example_dags/example_branch_python_dop_operator_3.py
[2024-11-26T10:59:44.211+0000] {logging_mixin.py:190} INFO - [2024-11-26T10:59:44.211+0000] {dag.py:3239} INFO - Sync 1 DAGs
[2024-11-26T10:59:44.231+0000] {logging_mixin.py:190} INFO - [2024-11-26T10:59:44.230+0000] {dag.py:4180} INFO - Setting next_dagrun for example_branch_dop_operator_v3 to 2024-11-26 10:58:00+00:00, run_after=2024-11-26 10:59:00+00:00
[2024-11-26T10:59:44.246+0000] {processor.py:208} INFO - Processing /home/airflow/.local/lib/python3.12/site-packages/airflow/example_dags/example_branch_python_dop_operator_3.py took 0.074 seconds
[2024-11-26T11:00:15.183+0000] {processor.py:186} INFO - Started process (PID=288) to work on /home/airflow/.local/lib/python3.12/site-packages/airflow/example_dags/example_branch_python_dop_operator_3.py
[2024-11-26T11:00:15.184+0000] {processor.py:914} INFO - Processing file /home/airflow/.local/lib/python3.12/site-packages/airflow/example_dags/example_branch_python_dop_operator_3.py for tasks to queue
[2024-11-26T11:00:15.186+0000] {logging_mixin.py:190} INFO - [2024-11-26T11:00:15.186+0000] {dagbag.py:588} INFO - Filling up the DagBag from /home/airflow/.local/lib/python3.12/site-packages/airflow/example_dags/example_branch_python_dop_operator_3.py
[2024-11-26T11:00:15.199+0000] {processor.py:925} INFO - DAG(s) 'example_branch_dop_operator_v3' retrieved from /home/airflow/.local/lib/python3.12/site-packages/airflow/example_dags/example_branch_python_dop_operator_3.py
[2024-11-26T11:00:15.219+0000] {logging_mixin.py:190} INFO - [2024-11-26T11:00:15.219+0000] {dag.py:3239} INFO - Sync 1 DAGs
[2024-11-26T11:00:15.247+0000] {logging_mixin.py:190} INFO - [2024-11-26T11:00:15.246+0000] {dag.py:4180} INFO - Setting next_dagrun for example_branch_dop_operator_v3 to 2024-11-26 10:59:00+00:00, run_after=2024-11-26 11:00:00+00:00
[2024-11-26T11:00:15.275+0000] {processor.py:208} INFO - Processing /home/airflow/.local/lib/python3.12/site-packages/airflow/example_dags/example_branch_python_dop_operator_3.py took 0.098 seconds
[2024-11-26T11:00:45.493+0000] {processor.py:186} INFO - Started process (PID=350) to work on /home/airflow/.local/lib/python3.12/site-packages/airflow/example_dags/example_branch_python_dop_operator_3.py
[2024-11-26T11:00:45.494+0000] {processor.py:914} INFO - Processing file /home/airflow/.local/lib/python3.12/site-packages/airflow/example_dags/example_branch_python_dop_operator_3.py for tasks to queue
[2024-11-26T11:00:45.496+0000] {logging_mixin.py:190} INFO - [2024-11-26T11:00:45.496+0000] {dagbag.py:588} INFO - Filling up the DagBag from /home/airflow/.local/lib/python3.12/site-packages/airflow/example_dags/example_branch_python_dop_operator_3.py
[2024-11-26T11:00:45.504+0000] {processor.py:925} INFO - DAG(s) 'example_branch_dop_operator_v3' retrieved from /home/airflow/.local/lib/python3.12/site-packages/airflow/example_dags/example_branch_python_dop_operator_3.py
[2024-11-26T11:00:45.520+0000] {logging_mixin.py:190} INFO - [2024-11-26T11:00:45.519+0000] {dag.py:3239} INFO - Sync 1 DAGs
[2024-11-26T11:00:45.537+0000] {logging_mixin.py:190} INFO - [2024-11-26T11:00:45.537+0000] {dag.py:4180} INFO - Setting next_dagrun for example_branch_dop_operator_v3 to 2024-11-26 10:59:00+00:00, run_after=2024-11-26 11:00:00+00:00
[2024-11-26T11:00:45.560+0000] {processor.py:208} INFO - Processing /home/airflow/.local/lib/python3.12/site-packages/airflow/example_dags/example_branch_python_dop_operator_3.py took 0.072 seconds
[2024-11-26T11:01:16.413+0000] {processor.py:186} INFO - Started process (PID=412) to work on /home/airflow/.local/lib/python3.12/site-packages/airflow/example_dags/example_branch_python_dop_operator_3.py
[2024-11-26T11:01:16.414+0000] {processor.py:914} INFO - Processing file /home/airflow/.local/lib/python3.12/site-packages/airflow/example_dags/example_branch_python_dop_operator_3.py for tasks to queue
[2024-11-26T11:01:16.417+0000] {logging_mixin.py:190} INFO - [2024-11-26T11:01:16.417+0000] {dagbag.py:588} INFO - Filling up the DagBag from /home/airflow/.local/lib/python3.12/site-packages/airflow/example_dags/example_branch_python_dop_operator_3.py
[2024-11-26T11:01:16.428+0000] {processor.py:925} INFO - DAG(s) 'example_branch_dop_operator_v3' retrieved from /home/airflow/.local/lib/python3.12/site-packages/airflow/example_dags/example_branch_python_dop_operator_3.py
[2024-11-26T11:01:16.445+0000] {logging_mixin.py:190} INFO - [2024-11-26T11:01:16.445+0000] {dag.py:3239} INFO - Sync 1 DAGs
[2024-11-26T11:01:16.478+0000] {logging_mixin.py:190} INFO - [2024-11-26T11:01:16.478+0000] {dag.py:4180} INFO - Setting next_dagrun for example_branch_dop_operator_v3 to 2024-11-26 11:00:00+00:00, run_after=2024-11-26 11:01:00+00:00
[2024-11-26T11:01:16.495+0000] {processor.py:208} INFO - Processing /home/airflow/.local/lib/python3.12/site-packages/airflow/example_dags/example_branch_python_dop_operator_3.py took 0.087 seconds
[2024-11-26T11:01:47.313+0000] {processor.py:186} INFO - Started process (PID=475) to work on /home/airflow/.local/lib/python3.12/site-packages/airflow/example_dags/example_branch_python_dop_operator_3.py
[2024-11-26T11:01:47.314+0000] {processor.py:914} INFO - Processing file /home/airflow/.local/lib/python3.12/site-packages/airflow/example_dags/example_branch_python_dop_operator_3.py for tasks to queue
[2024-11-26T11:01:47.316+0000] {logging_mixin.py:190} INFO - [2024-11-26T11:01:47.316+0000] {dagbag.py:588} INFO - Filling up the DagBag from /home/airflow/.local/lib/python3.12/site-packages/airflow/example_dags/example_branch_python_dop_operator_3.py
[2024-11-26T11:01:47.325+0000] {processor.py:925} INFO - DAG(s) 'example_branch_dop_operator_v3' retrieved from /home/airflow/.local/lib/python3.12/site-packages/airflow/example_dags/example_branch_python_dop_operator_3.py
[2024-11-26T11:01:47.345+0000] {logging_mixin.py:190} INFO - [2024-11-26T11:01:47.344+0000] {dag.py:3239} INFO - Sync 1 DAGs
[2024-11-26T11:01:47.367+0000] {logging_mixin.py:190} INFO - [2024-11-26T11:01:47.367+0000] {dag.py:4180} INFO - Setting next_dagrun for example_branch_dop_operator_v3 to 2024-11-26 11:00:00+00:00, run_after=2024-11-26 11:01:00+00:00
[2024-11-26T11:01:47.386+0000] {processor.py:208} INFO - Processing /home/airflow/.local/lib/python3.12/site-packages/airflow/example_dags/example_branch_python_dop_operator_3.py took 0.078 seconds
[2024-11-26T11:02:17.975+0000] {processor.py:186} INFO - Started process (PID=538) to work on /home/airflow/.local/lib/python3.12/site-packages/airflow/example_dags/example_branch_python_dop_operator_3.py
[2024-11-26T11:02:17.977+0000] {processor.py:914} INFO - Processing file /home/airflow/.local/lib/python3.12/site-packages/airflow/example_dags/example_branch_python_dop_operator_3.py for tasks to queue
[2024-11-26T11:02:17.979+0000] {logging_mixin.py:190} INFO - [2024-11-26T11:02:17.979+0000] {dagbag.py:588} INFO - Filling up the DagBag from /home/airflow/.local/lib/python3.12/site-packages/airflow/example_dags/example_branch_python_dop_operator_3.py
[2024-11-26T11:02:17.987+0000] {processor.py:925} INFO - DAG(s) 'example_branch_dop_operator_v3' retrieved from /home/airflow/.local/lib/python3.12/site-packages/airflow/example_dags/example_branch_python_dop_operator_3.py
[2024-11-26T11:02:18.003+0000] {logging_mixin.py:190} INFO - [2024-11-26T11:02:18.003+0000] {dag.py:3239} INFO - Sync 1 DAGs
[2024-11-26T11:02:18.024+0000] {logging_mixin.py:190} INFO - [2024-11-26T11:02:18.024+0000] {dag.py:4180} INFO - Setting next_dagrun for example_branch_dop_operator_v3 to 2024-11-26 11:01:00+00:00, run_after=2024-11-26 11:02:00+00:00
[2024-11-26T11:02:18.041+0000] {processor.py:208} INFO - Processing /home/airflow/.local/lib/python3.12/site-packages/airflow/example_dags/example_branch_python_dop_operator_3.py took 0.070 seconds
[2024-11-26T11:02:48.633+0000] {processor.py:186} INFO - Started process (PID=601) to work on /home/airflow/.local/lib/python3.12/site-packages/airflow/example_dags/example_branch_python_dop_operator_3.py
[2024-11-26T11:02:48.634+0000] {processor.py:914} INFO - Processing file /home/airflow/.local/lib/python3.12/site-packages/airflow/example_dags/example_branch_python_dop_operator_3.py for tasks to queue
[2024-11-26T11:02:48.636+0000] {logging_mixin.py:190} INFO - [2024-11-26T11:02:48.636+0000] {dagbag.py:588} INFO - Filling up the DagBag from /home/airflow/.local/lib/python3.12/site-packages/airflow/example_dags/example_branch_python_dop_operator_3.py
[2024-11-26T11:02:48.645+0000] {processor.py:925} INFO - DAG(s) 'example_branch_dop_operator_v3' retrieved from /home/airflow/.local/lib/python3.12/site-packages/airflow/example_dags/example_branch_python_dop_operator_3.py
[2024-11-26T11:02:48.663+0000] {logging_mixin.py:190} INFO - [2024-11-26T11:02:48.663+0000] {dag.py:3239} INFO - Sync 1 DAGs
[2024-11-26T11:02:48.683+0000] {logging_mixin.py:190} INFO - [2024-11-26T11:02:48.683+0000] {dag.py:4180} INFO - Setting next_dagrun for example_branch_dop_operator_v3 to 2024-11-26 11:01:00+00:00, run_after=2024-11-26 11:02:00+00:00
[2024-11-26T11:02:48.698+0000] {processor.py:208} INFO - Processing /home/airflow/.local/lib/python3.12/site-packages/airflow/example_dags/example_branch_python_dop_operator_3.py took 0.070 seconds
[2024-11-26T11:03:19.307+0000] {processor.py:186} INFO - Started process (PID=664) to work on /home/airflow/.local/lib/python3.12/site-packages/airflow/example_dags/example_branch_python_dop_operator_3.py
[2024-11-26T11:03:19.308+0000] {processor.py:914} INFO - Processing file /home/airflow/.local/lib/python3.12/site-packages/airflow/example_dags/example_branch_python_dop_operator_3.py for tasks to queue
[2024-11-26T11:03:19.310+0000] {logging_mixin.py:190} INFO - [2024-11-26T11:03:19.310+0000] {dagbag.py:588} INFO - Filling up the DagBag from /home/airflow/.local/lib/python3.12/site-packages/airflow/example_dags/example_branch_python_dop_operator_3.py
[2024-11-26T11:03:19.318+0000] {processor.py:925} INFO - DAG(s) 'example_branch_dop_operator_v3' retrieved from /home/airflow/.local/lib/python3.12/site-packages/airflow/example_dags/example_branch_python_dop_operator_3.py
[2024-11-26T11:03:19.338+0000] {logging_mixin.py:190} INFO - [2024-11-26T11:03:19.338+0000] {dag.py:3239} INFO - Sync 1 DAGs
[2024-11-26T11:03:19.358+0000] {logging_mixin.py:190} INFO - [2024-11-26T11:03:19.357+0000] {dag.py:4180} INFO - Setting next_dagrun for example_branch_dop_operator_v3 to 2024-11-26 11:02:00+00:00, run_after=2024-11-26 11:03:00+00:00
[2024-11-26T11:03:19.378+0000] {processor.py:208} INFO - Processing /home/airflow/.local/lib/python3.12/site-packages/airflow/example_dags/example_branch_python_dop_operator_3.py took 0.075 seconds
[2024-11-26T11:03:49.904+0000] {processor.py:186} INFO - Started process (PID=727) to work on /home/airflow/.local/lib/python3.12/site-packages/airflow/example_dags/example_branch_python_dop_operator_3.py
[2024-11-26T11:03:49.905+0000] {processor.py:914} INFO - Processing file /home/airflow/.local/lib/python3.12/site-packages/airflow/example_dags/example_branch_python_dop_operator_3.py for tasks to queue
[2024-11-26T11:03:49.907+0000] {logging_mixin.py:190} INFO - [2024-11-26T11:03:49.907+0000] {dagbag.py:588} INFO - Filling up the DagBag from /home/airflow/.local/lib/python3.12/site-packages/airflow/example_dags/example_branch_python_dop_operator_3.py
[2024-11-26T11:03:49.916+0000] {processor.py:925} INFO - DAG(s) 'example_branch_dop_operator_v3' retrieved from /home/airflow/.local/lib/python3.12/site-packages/airflow/example_dags/example_branch_python_dop_operator_3.py
[2024-11-26T11:03:49.931+0000] {logging_mixin.py:190} INFO - [2024-11-26T11:03:49.931+0000] {dag.py:3239} INFO - Sync 1 DAGs
[2024-11-26T11:03:49.957+0000] {logging_mixin.py:190} INFO - [2024-11-26T11:03:49.957+0000] {dag.py:4180} INFO - Setting next_dagrun for example_branch_dop_operator_v3 to 2024-11-26 11:02:00+00:00, run_after=2024-11-26 11:03:00+00:00
[2024-11-26T11:03:49.971+0000] {processor.py:208} INFO - Processing /home/airflow/.local/lib/python3.12/site-packages/airflow/example_dags/example_branch_python_dop_operator_3.py took 0.072 seconds
[2024-11-26T11:04:20.831+0000] {processor.py:186} INFO - Started process (PID=790) to work on /home/airflow/.local/lib/python3.12/site-packages/airflow/example_dags/example_branch_python_dop_operator_3.py
[2024-11-26T11:04:20.832+0000] {processor.py:914} INFO - Processing file /home/airflow/.local/lib/python3.12/site-packages/airflow/example_dags/example_branch_python_dop_operator_3.py for tasks to queue
[2024-11-26T11:04:20.834+0000] {logging_mixin.py:190} INFO - [2024-11-26T11:04:20.834+0000] {dagbag.py:588} INFO - Filling up the DagBag from /home/airflow/.local/lib/python3.12/site-packages/airflow/example_dags/example_branch_python_dop_operator_3.py
[2024-11-26T11:04:20.844+0000] {processor.py:925} INFO - DAG(s) 'example_branch_dop_operator_v3' retrieved from /home/airflow/.local/lib/python3.12/site-packages/airflow/example_dags/example_branch_python_dop_operator_3.py
[2024-11-26T11:04:20.862+0000] {logging_mixin.py:190} INFO - [2024-11-26T11:04:20.862+0000] {dag.py:3239} INFO - Sync 1 DAGs
[2024-11-26T11:04:20.883+0000] {logging_mixin.py:190} INFO - [2024-11-26T11:04:20.883+0000] {dag.py:4180} INFO - Setting next_dagrun for example_branch_dop_operator_v3 to 2024-11-26 11:03:00+00:00, run_after=2024-11-26 11:04:00+00:00
[2024-11-26T11:04:20.900+0000] {processor.py:208} INFO - Processing /home/airflow/.local/lib/python3.12/site-packages/airflow/example_dags/example_branch_python_dop_operator_3.py took 0.074 seconds
[2024-11-26T11:04:51.611+0000] {processor.py:186} INFO - Started process (PID=853) to work on /home/airflow/.local/lib/python3.12/site-packages/airflow/example_dags/example_branch_python_dop_operator_3.py
[2024-11-26T11:04:51.612+0000] {processor.py:914} INFO - Processing file /home/airflow/.local/lib/python3.12/site-packages/airflow/example_dags/example_branch_python_dop_operator_3.py for tasks to queue
[2024-11-26T11:04:51.614+0000] {logging_mixin.py:190} INFO - [2024-11-26T11:04:51.614+0000] {dagbag.py:588} INFO - Filling up the DagBag from /home/airflow/.local/lib/python3.12/site-packages/airflow/example_dags/example_branch_python_dop_operator_3.py
[2024-11-26T11:04:51.622+0000] {processor.py:925} INFO - DAG(s) 'example_branch_dop_operator_v3' retrieved from /home/airflow/.local/lib/python3.12/site-packages/airflow/example_dags/example_branch_python_dop_operator_3.py
[2024-11-26T11:04:51.637+0000] {logging_mixin.py:190} INFO - [2024-11-26T11:04:51.637+0000] {dag.py:3239} INFO - Sync 1 DAGs
[2024-11-26T11:04:51.654+0000] {logging_mixin.py:190} INFO - [2024-11-26T11:04:51.654+0000] {dag.py:4180} INFO - Setting next_dagrun for example_branch_dop_operator_v3 to 2024-11-26 11:03:00+00:00, run_after=2024-11-26 11:04:00+00:00
[2024-11-26T11:04:51.668+0000] {processor.py:208} INFO - Processing /home/airflow/.local/lib/python3.12/site-packages/airflow/example_dags/example_branch_python_dop_operator_3.py took 0.063 seconds
[2024-11-26T11:05:21.856+0000] {processor.py:186} INFO - Started process (PID=915) to work on /home/airflow/.local/lib/python3.12/site-packages/airflow/example_dags/example_branch_python_dop_operator_3.py
[2024-11-26T11:05:21.856+0000] {processor.py:914} INFO - Processing file /home/airflow/.local/lib/python3.12/site-packages/airflow/example_dags/example_branch_python_dop_operator_3.py for tasks to queue
[2024-11-26T11:05:21.858+0000] {logging_mixin.py:190} INFO - [2024-11-26T11:05:21.858+0000] {dagbag.py:588} INFO - Filling up the DagBag from /home/airflow/.local/lib/python3.12/site-packages/airflow/example_dags/example_branch_python_dop_operator_3.py
[2024-11-26T11:05:21.866+0000] {processor.py:925} INFO - DAG(s) 'example_branch_dop_operator_v3' retrieved from /home/airflow/.local/lib/python3.12/site-packages/airflow/example_dags/example_branch_python_dop_operator_3.py
[2024-11-26T11:05:21.878+0000] {logging_mixin.py:190} INFO - [2024-11-26T11:05:21.878+0000] {dag.py:3239} INFO - Sync 1 DAGs
[2024-11-26T11:05:21.894+0000] {logging_mixin.py:190} INFO - [2024-11-26T11:05:21.894+0000] {dag.py:4180} INFO - Setting next_dagrun for example_branch_dop_operator_v3 to 2024-11-26 11:04:00+00:00, run_after=2024-11-26 11:05:00+00:00
[2024-11-26T11:05:21.907+0000] {processor.py:208} INFO - Processing /home/airflow/.local/lib/python3.12/site-packages/airflow/example_dags/example_branch_python_dop_operator_3.py took 0.057 seconds
[2024-11-26T11:05:52.315+0000] {processor.py:186} INFO - Started process (PID=977) to work on /home/airflow/.local/lib/python3.12/site-packages/airflow/example_dags/example_branch_python_dop_operator_3.py
[2024-11-26T11:05:52.316+0000] {processor.py:914} INFO - Processing file /home/airflow/.local/lib/python3.12/site-packages/airflow/example_dags/example_branch_python_dop_operator_3.py for tasks to queue
[2024-11-26T11:05:52.318+0000] {logging_mixin.py:190} INFO - [2024-11-26T11:05:52.317+0000] {dagbag.py:588} INFO - Filling up the DagBag from /home/airflow/.local/lib/python3.12/site-packages/airflow/example_dags/example_branch_python_dop_operator_3.py
[2024-11-26T11:05:52.326+0000] {processor.py:925} INFO - DAG(s) 'example_branch_dop_operator_v3' retrieved from /home/airflow/.local/lib/python3.12/site-packages/airflow/example_dags/example_branch_python_dop_operator_3.py
[2024-11-26T11:05:52.342+0000] {logging_mixin.py:190} INFO - [2024-11-26T11:05:52.341+0000] {dag.py:3239} INFO - Sync 1 DAGs
[2024-11-26T11:05:52.360+0000] {logging_mixin.py:190} INFO - [2024-11-26T11:05:52.360+0000] {dag.py:4180} INFO - Setting next_dagrun for example_branch_dop_operator_v3 to 2024-11-26 11:04:00+00:00, run_after=2024-11-26 11:05:00+00:00
[2024-11-26T11:05:52.378+0000] {processor.py:208} INFO - Processing /home/airflow/.local/lib/python3.12/site-packages/airflow/example_dags/example_branch_python_dop_operator_3.py took 0.068 seconds
[2024-11-26T11:06:22.802+0000] {processor.py:186} INFO - Started process (PID=1040) to work on /home/airflow/.local/lib/python3.12/site-packages/airflow/example_dags/example_branch_python_dop_operator_3.py
[2024-11-26T11:06:22.803+0000] {processor.py:914} INFO - Processing file /home/airflow/.local/lib/python3.12/site-packages/airflow/example_dags/example_branch_python_dop_operator_3.py for tasks to queue
[2024-11-26T11:06:22.805+0000] {logging_mixin.py:190} INFO - [2024-11-26T11:06:22.805+0000] {dagbag.py:588} INFO - Filling up the DagBag from /home/airflow/.local/lib/python3.12/site-packages/airflow/example_dags/example_branch_python_dop_operator_3.py
[2024-11-26T11:06:22.814+0000] {processor.py:925} INFO - DAG(s) 'example_branch_dop_operator_v3' retrieved from /home/airflow/.local/lib/python3.12/site-packages/airflow/example_dags/example_branch_python_dop_operator_3.py
[2024-11-26T11:06:22.827+0000] {logging_mixin.py:190} INFO - [2024-11-26T11:06:22.827+0000] {dag.py:3239} INFO - Sync 1 DAGs
[2024-11-26T11:06:22.844+0000] {logging_mixin.py:190} INFO - [2024-11-26T11:06:22.844+0000] {dag.py:4180} INFO - Setting next_dagrun for example_branch_dop_operator_v3 to 2024-11-26 11:05:00+00:00, run_after=2024-11-26 11:06:00+00:00
[2024-11-26T11:06:22.863+0000] {processor.py:208} INFO - Processing /home/airflow/.local/lib/python3.12/site-packages/airflow/example_dags/example_branch_python_dop_operator_3.py took 0.065 seconds
[2024-11-26T11:06:53.802+0000] {processor.py:186} INFO - Started process (PID=1103) to work on /home/airflow/.local/lib/python3.12/site-packages/airflow/example_dags/example_branch_python_dop_operator_3.py
[2024-11-26T11:06:53.802+0000] {processor.py:914} INFO - Processing file /home/airflow/.local/lib/python3.12/site-packages/airflow/example_dags/example_branch_python_dop_operator_3.py for tasks to queue
[2024-11-26T11:06:53.805+0000] {logging_mixin.py:190} INFO - [2024-11-26T11:06:53.805+0000] {dagbag.py:588} INFO - Filling up the DagBag from /home/airflow/.local/lib/python3.12/site-packages/airflow/example_dags/example_branch_python_dop_operator_3.py
[2024-11-26T11:06:53.813+0000] {processor.py:925} INFO - DAG(s) 'example_branch_dop_operator_v3' retrieved from /home/airflow/.local/lib/python3.12/site-packages/airflow/example_dags/example_branch_python_dop_operator_3.py
[2024-11-26T11:06:53.829+0000] {logging_mixin.py:190} INFO - [2024-11-26T11:06:53.828+0000] {dag.py:3239} INFO - Sync 1 DAGs
[2024-11-26T11:06:53.848+0000] {logging_mixin.py:190} INFO - [2024-11-26T11:06:53.847+0000] {dag.py:4180} INFO - Setting next_dagrun for example_branch_dop_operator_v3 to 2024-11-26 11:05:00+00:00, run_after=2024-11-26 11:06:00+00:00
[2024-11-26T11:06:53.861+0000] {processor.py:208} INFO - Processing /home/airflow/.local/lib/python3.12/site-packages/airflow/example_dags/example_branch_python_dop_operator_3.py took 0.064 seconds
[2024-11-26T11:07:23.918+0000] {processor.py:186} INFO - Started process (PID=1166) to work on /home/airflow/.local/lib/python3.12/site-packages/airflow/example_dags/example_branch_python_dop_operator_3.py
[2024-11-26T11:07:23.920+0000] {processor.py:914} INFO - Processing file /home/airflow/.local/lib/python3.12/site-packages/airflow/example_dags/example_branch_python_dop_operator_3.py for tasks to queue
[2024-11-26T11:07:23.923+0000] {logging_mixin.py:190} INFO - [2024-11-26T11:07:23.922+0000] {dagbag.py:588} INFO - Filling up the DagBag from /home/airflow/.local/lib/python3.12/site-packages/airflow/example_dags/example_branch_python_dop_operator_3.py
[2024-11-26T11:07:23.936+0000] {processor.py:925} INFO - DAG(s) 'example_branch_dop_operator_v3' retrieved from /home/airflow/.local/lib/python3.12/site-packages/airflow/example_dags/example_branch_python_dop_operator_3.py
[2024-11-26T11:07:23.962+0000] {logging_mixin.py:190} INFO - [2024-11-26T11:07:23.962+0000] {dag.py:3239} INFO - Sync 1 DAGs
[2024-11-26T11:07:23.981+0000] {logging_mixin.py:190} INFO - [2024-11-26T11:07:23.981+0000] {dag.py:4180} INFO - Setting next_dagrun for example_branch_dop_operator_v3 to 2024-11-26 11:06:00+00:00, run_after=2024-11-26 11:07:00+00:00
[2024-11-26T11:07:24.000+0000] {processor.py:208} INFO - Processing /home/airflow/.local/lib/python3.12/site-packages/airflow/example_dags/example_branch_python_dop_operator_3.py took 0.087 seconds
[2024-11-26T11:07:54.943+0000] {processor.py:186} INFO - Started process (PID=1229) to work on /home/airflow/.local/lib/python3.12/site-packages/airflow/example_dags/example_branch_python_dop_operator_3.py
[2024-11-26T11:07:54.944+0000] {processor.py:914} INFO - Processing file /home/airflow/.local/lib/python3.12/site-packages/airflow/example_dags/example_branch_python_dop_operator_3.py for tasks to queue
[2024-11-26T11:07:54.946+0000] {logging_mixin.py:190} INFO - [2024-11-26T11:07:54.946+0000] {dagbag.py:588} INFO - Filling up the DagBag from /home/airflow/.local/lib/python3.12/site-packages/airflow/example_dags/example_branch_python_dop_operator_3.py
[2024-11-26T11:07:54.954+0000] {processor.py:925} INFO - DAG(s) 'example_branch_dop_operator_v3' retrieved from /home/airflow/.local/lib/python3.12/site-packages/airflow/example_dags/example_branch_python_dop_operator_3.py
[2024-11-26T11:07:54.969+0000] {logging_mixin.py:190} INFO - [2024-11-26T11:07:54.968+0000] {dag.py:3239} INFO - Sync 1 DAGs
[2024-11-26T11:07:54.984+0000] {logging_mixin.py:190} INFO - [2024-11-26T11:07:54.984+0000] {dag.py:4180} INFO - Setting next_dagrun for example_branch_dop_operator_v3 to 2024-11-26 11:06:00+00:00, run_after=2024-11-26 11:07:00+00:00
[2024-11-26T11:07:55.006+0000] {processor.py:208} INFO - Processing /home/airflow/.local/lib/python3.12/site-packages/airflow/example_dags/example_branch_python_dop_operator_3.py took 0.068 seconds
[2024-11-26T11:08:25.264+0000] {processor.py:186} INFO - Started process (PID=1291) to work on /home/airflow/.local/lib/python3.12/site-packages/airflow/example_dags/example_branch_python_dop_operator_3.py
[2024-11-26T11:08:25.265+0000] {processor.py:914} INFO - Processing file /home/airflow/.local/lib/python3.12/site-packages/airflow/example_dags/example_branch_python_dop_operator_3.py for tasks to queue
[2024-11-26T11:08:25.267+0000] {logging_mixin.py:190} INFO - [2024-11-26T11:08:25.266+0000] {dagbag.py:588} INFO - Filling up the DagBag from /home/airflow/.local/lib/python3.12/site-packages/airflow/example_dags/example_branch_python_dop_operator_3.py
[2024-11-26T11:08:25.275+0000] {processor.py:925} INFO - DAG(s) 'example_branch_dop_operator_v3' retrieved from /home/airflow/.local/lib/python3.12/site-packages/airflow/example_dags/example_branch_python_dop_operator_3.py
[2024-11-26T11:08:25.292+0000] {logging_mixin.py:190} INFO - [2024-11-26T11:08:25.292+0000] {dag.py:3239} INFO - Sync 1 DAGs
[2024-11-26T11:08:25.308+0000] {logging_mixin.py:190} INFO - [2024-11-26T11:08:25.308+0000] {dag.py:4180} INFO - Setting next_dagrun for example_branch_dop_operator_v3 to 2024-11-26 11:07:00+00:00, run_after=2024-11-26 11:08:00+00:00
[2024-11-26T11:08:25.324+0000] {processor.py:208} INFO - Processing /home/airflow/.local/lib/python3.12/site-packages/airflow/example_dags/example_branch_python_dop_operator_3.py took 0.065 seconds
[2024-11-26T11:08:56.049+0000] {processor.py:186} INFO - Started process (PID=1355) to work on /home/airflow/.local/lib/python3.12/site-packages/airflow/example_dags/example_branch_python_dop_operator_3.py
[2024-11-26T11:08:56.050+0000] {processor.py:914} INFO - Processing file /home/airflow/.local/lib/python3.12/site-packages/airflow/example_dags/example_branch_python_dop_operator_3.py for tasks to queue
[2024-11-26T11:08:56.052+0000] {logging_mixin.py:190} INFO - [2024-11-26T11:08:56.052+0000] {dagbag.py:588} INFO - Filling up the DagBag from /home/airflow/.local/lib/python3.12/site-packages/airflow/example_dags/example_branch_python_dop_operator_3.py
[2024-11-26T11:08:56.060+0000] {processor.py:925} INFO - DAG(s) 'example_branch_dop_operator_v3' retrieved from /home/airflow/.local/lib/python3.12/site-packages/airflow/example_dags/example_branch_python_dop_operator_3.py
[2024-11-26T11:08:56.078+0000] {logging_mixin.py:190} INFO - [2024-11-26T11:08:56.078+0000] {dag.py:3239} INFO - Sync 1 DAGs
[2024-11-26T11:08:56.096+0000] {logging_mixin.py:190} INFO - [2024-11-26T11:08:56.096+0000] {dag.py:4180} INFO - Setting next_dagrun for example_branch_dop_operator_v3 to 2024-11-26 11:07:00+00:00, run_after=2024-11-26 11:08:00+00:00
[2024-11-26T11:08:56.117+0000] {processor.py:208} INFO - Processing /home/airflow/.local/lib/python3.12/site-packages/airflow/example_dags/example_branch_python_dop_operator_3.py took 0.073 seconds
[2024-11-26T11:09:26.524+0000] {processor.py:186} INFO - Started process (PID=1417) to work on /home/airflow/.local/lib/python3.12/site-packages/airflow/example_dags/example_branch_python_dop_operator_3.py
[2024-11-26T11:09:26.525+0000] {processor.py:914} INFO - Processing file /home/airflow/.local/lib/python3.12/site-packages/airflow/example_dags/example_branch_python_dop_operator_3.py for tasks to queue
[2024-11-26T11:09:26.528+0000] {logging_mixin.py:190} INFO - [2024-11-26T11:09:26.527+0000] {dagbag.py:588} INFO - Filling up the DagBag from /home/airflow/.local/lib/python3.12/site-packages/airflow/example_dags/example_branch_python_dop_operator_3.py
[2024-11-26T11:09:26.540+0000] {processor.py:925} INFO - DAG(s) 'example_branch_dop_operator_v3' retrieved from /home/airflow/.local/lib/python3.12/site-packages/airflow/example_dags/example_branch_python_dop_operator_3.py
[2024-11-26T11:09:26.556+0000] {logging_mixin.py:190} INFO - [2024-11-26T11:09:26.555+0000] {dag.py:3239} INFO - Sync 1 DAGs
[2024-11-26T11:09:26.578+0000] {logging_mixin.py:190} INFO - [2024-11-26T11:09:26.578+0000] {dag.py:4180} INFO - Setting next_dagrun for example_branch_dop_operator_v3 to 2024-11-26 11:08:00+00:00, run_after=2024-11-26 11:09:00+00:00
[2024-11-26T11:09:26.607+0000] {processor.py:208} INFO - Processing /home/airflow/.local/lib/python3.12/site-packages/airflow/example_dags/example_branch_python_dop_operator_3.py took 0.088 seconds
[2024-11-26T11:09:57.004+0000] {processor.py:186} INFO - Started process (PID=1480) to work on /home/airflow/.local/lib/python3.12/site-packages/airflow/example_dags/example_branch_python_dop_operator_3.py
[2024-11-26T11:09:57.005+0000] {processor.py:914} INFO - Processing file /home/airflow/.local/lib/python3.12/site-packages/airflow/example_dags/example_branch_python_dop_operator_3.py for tasks to queue
[2024-11-26T11:09:57.008+0000] {logging_mixin.py:190} INFO - [2024-11-26T11:09:57.008+0000] {dagbag.py:588} INFO - Filling up the DagBag from /home/airflow/.local/lib/python3.12/site-packages/airflow/example_dags/example_branch_python_dop_operator_3.py
[2024-11-26T11:09:57.017+0000] {processor.py:925} INFO - DAG(s) 'example_branch_dop_operator_v3' retrieved from /home/airflow/.local/lib/python3.12/site-packages/airflow/example_dags/example_branch_python_dop_operator_3.py
[2024-11-26T11:09:57.033+0000] {logging_mixin.py:190} INFO - [2024-11-26T11:09:57.033+0000] {dag.py:3239} INFO - Sync 1 DAGs
[2024-11-26T11:09:57.050+0000] {logging_mixin.py:190} INFO - [2024-11-26T11:09:57.049+0000] {dag.py:4180} INFO - Setting next_dagrun for example_branch_dop_operator_v3 to 2024-11-26 11:08:00+00:00, run_after=2024-11-26 11:09:00+00:00
[2024-11-26T11:09:57.077+0000] {processor.py:208} INFO - Processing /home/airflow/.local/lib/python3.12/site-packages/airflow/example_dags/example_branch_python_dop_operator_3.py took 0.077 seconds
[2024-11-26T11:10:27.978+0000] {processor.py:186} INFO - Started process (PID=1544) to work on /home/airflow/.local/lib/python3.12/site-packages/airflow/example_dags/example_branch_python_dop_operator_3.py
[2024-11-26T11:10:27.979+0000] {processor.py:914} INFO - Processing file /home/airflow/.local/lib/python3.12/site-packages/airflow/example_dags/example_branch_python_dop_operator_3.py for tasks to queue
[2024-11-26T11:10:27.980+0000] {logging_mixin.py:190} INFO - [2024-11-26T11:10:27.980+0000] {dagbag.py:588} INFO - Filling up the DagBag from /home/airflow/.local/lib/python3.12/site-packages/airflow/example_dags/example_branch_python_dop_operator_3.py
[2024-11-26T11:10:27.987+0000] {processor.py:925} INFO - DAG(s) 'example_branch_dop_operator_v3' retrieved from /home/airflow/.local/lib/python3.12/site-packages/airflow/example_dags/example_branch_python_dop_operator_3.py
[2024-11-26T11:10:28.004+0000] {logging_mixin.py:190} INFO - [2024-11-26T11:10:28.003+0000] {dag.py:3239} INFO - Sync 1 DAGs
[2024-11-26T11:10:28.023+0000] {logging_mixin.py:190} INFO - [2024-11-26T11:10:28.023+0000] {dag.py:4180} INFO - Setting next_dagrun for example_branch_dop_operator_v3 to 2024-11-26 11:09:00+00:00, run_after=2024-11-26 11:10:00+00:00
[2024-11-26T11:10:28.041+0000] {processor.py:208} INFO - Processing /home/airflow/.local/lib/python3.12/site-packages/airflow/example_dags/example_branch_python_dop_operator_3.py took 0.069 seconds
[2024-11-26T11:10:58.132+0000] {processor.py:186} INFO - Started process (PID=1606) to work on /home/airflow/.local/lib/python3.12/site-packages/airflow/example_dags/example_branch_python_dop_operator_3.py
[2024-11-26T11:10:58.133+0000] {processor.py:914} INFO - Processing file /home/airflow/.local/lib/python3.12/site-packages/airflow/example_dags/example_branch_python_dop_operator_3.py for tasks to queue
[2024-11-26T11:10:58.137+0000] {logging_mixin.py:190} INFO - [2024-11-26T11:10:58.137+0000] {dagbag.py:588} INFO - Filling up the DagBag from /home/airflow/.local/lib/python3.12/site-packages/airflow/example_dags/example_branch_python_dop_operator_3.py
[2024-11-26T11:10:58.147+0000] {processor.py:925} INFO - DAG(s) 'example_branch_dop_operator_v3' retrieved from /home/airflow/.local/lib/python3.12/site-packages/airflow/example_dags/example_branch_python_dop_operator_3.py
[2024-11-26T11:10:58.163+0000] {logging_mixin.py:190} INFO - [2024-11-26T11:10:58.163+0000] {dag.py:3239} INFO - Sync 1 DAGs
[2024-11-26T11:10:58.179+0000] {logging_mixin.py:190} INFO - [2024-11-26T11:10:58.179+0000] {dag.py:4180} INFO - Setting next_dagrun for example_branch_dop_operator_v3 to 2024-11-26 11:09:00+00:00, run_after=2024-11-26 11:10:00+00:00
[2024-11-26T11:10:58.198+0000] {processor.py:208} INFO - Processing /home/airflow/.local/lib/python3.12/site-packages/airflow/example_dags/example_branch_python_dop_operator_3.py took 0.071 seconds
[2024-11-26T11:11:28.503+0000] {processor.py:186} INFO - Started process (PID=1669) to work on /home/airflow/.local/lib/python3.12/site-packages/airflow/example_dags/example_branch_python_dop_operator_3.py
[2024-11-26T11:11:28.506+0000] {processor.py:914} INFO - Processing file /home/airflow/.local/lib/python3.12/site-packages/airflow/example_dags/example_branch_python_dop_operator_3.py for tasks to queue
[2024-11-26T11:11:28.510+0000] {logging_mixin.py:190} INFO - [2024-11-26T11:11:28.509+0000] {dagbag.py:588} INFO - Filling up the DagBag from /home/airflow/.local/lib/python3.12/site-packages/airflow/example_dags/example_branch_python_dop_operator_3.py
[2024-11-26T11:11:28.517+0000] {processor.py:925} INFO - DAG(s) 'example_branch_dop_operator_v3' retrieved from /home/airflow/.local/lib/python3.12/site-packages/airflow/example_dags/example_branch_python_dop_operator_3.py
[2024-11-26T11:11:28.533+0000] {logging_mixin.py:190} INFO - [2024-11-26T11:11:28.533+0000] {dag.py:3239} INFO - Sync 1 DAGs
[2024-11-26T11:11:28.551+0000] {logging_mixin.py:190} INFO - [2024-11-26T11:11:28.551+0000] {dag.py:4180} INFO - Setting next_dagrun for example_branch_dop_operator_v3 to 2024-11-26 11:10:00+00:00, run_after=2024-11-26 11:11:00+00:00
[2024-11-26T11:11:28.566+0000] {processor.py:208} INFO - Processing /home/airflow/.local/lib/python3.12/site-packages/airflow/example_dags/example_branch_python_dop_operator_3.py took 0.068 seconds
