[2024-11-26T10:58:43.847+0000] {processor.py:186} INFO - Started process (PID=105) to work on /home/airflow/.local/lib/python3.12/site-packages/airflow/example_dags/tutorial.py
[2024-11-26T10:58:43.848+0000] {processor.py:914} INFO - Processing file /home/airflow/.local/lib/python3.12/site-packages/airflow/example_dags/tutorial.py for tasks to queue
[2024-11-26T10:58:43.852+0000] {logging_mixin.py:190} INFO - [2024-11-26T10:58:43.852+0000] {dagbag.py:588} INFO - Filling up the DagBag from /home/airflow/.local/lib/python3.12/site-packages/airflow/example_dags/tutorial.py
[2024-11-26T10:58:43.862+0000] {processor.py:925} INFO - DAG(s) 'tutorial' retrieved from /home/airflow/.local/lib/python3.12/site-packages/airflow/example_dags/tutorial.py
[2024-11-26T10:58:43.955+0000] {logging_mixin.py:190} INFO - [2024-11-26T10:58:43.954+0000] {override.py:1911} INFO - Created Permission View: can delete on DAG:tutorial
[2024-11-26T10:58:43.965+0000] {logging_mixin.py:190} INFO - [2024-11-26T10:58:43.965+0000] {override.py:1911} INFO - Created Permission View: can read on DAG:tutorial
[2024-11-26T10:58:43.974+0000] {logging_mixin.py:190} INFO - [2024-11-26T10:58:43.973+0000] {override.py:1911} INFO - Created Permission View: can edit on DAG:tutorial
[2024-11-26T10:58:43.983+0000] {logging_mixin.py:190} INFO - [2024-11-26T10:58:43.983+0000] {override.py:1911} INFO - Created Permission View: can create on DAG Run:tutorial
[2024-11-26T10:58:43.991+0000] {logging_mixin.py:190} INFO - [2024-11-26T10:58:43.991+0000] {override.py:1911} INFO - Created Permission View: can read on DAG Run:tutorial
[2024-11-26T10:58:44.006+0000] {logging_mixin.py:190} INFO - [2024-11-26T10:58:44.005+0000] {override.py:1911} INFO - Created Permission View: menu access on DAG Run:tutorial
[2024-11-26T10:58:44.015+0000] {logging_mixin.py:190} INFO - [2024-11-26T10:58:44.015+0000] {override.py:1911} INFO - Created Permission View: can delete on DAG Run:tutorial
[2024-11-26T10:58:44.016+0000] {logging_mixin.py:190} INFO - [2024-11-26T10:58:44.016+0000] {dag.py:3239} INFO - Sync 1 DAGs
[2024-11-26T10:58:44.031+0000] {logging_mixin.py:190} INFO - [2024-11-26T10:58:44.031+0000] {dag.py:3262} INFO - Creating ORM DAG for tutorial
[2024-11-26T10:58:44.041+0000] {logging_mixin.py:190} INFO - [2024-11-26T10:58:44.041+0000] {dag.py:4180} INFO - Setting next_dagrun for tutorial to 2024-11-25 00:00:00+00:00, run_after=2024-11-26 00:00:00+00:00
[2024-11-26T10:58:44.057+0000] {processor.py:208} INFO - Processing /home/airflow/.local/lib/python3.12/site-packages/airflow/example_dags/tutorial.py took 0.218 seconds
[2024-11-26T10:59:14.357+0000] {processor.py:186} INFO - Started process (PID=167) to work on /home/airflow/.local/lib/python3.12/site-packages/airflow/example_dags/tutorial.py
[2024-11-26T10:59:14.358+0000] {processor.py:914} INFO - Processing file /home/airflow/.local/lib/python3.12/site-packages/airflow/example_dags/tutorial.py for tasks to queue
[2024-11-26T10:59:14.360+0000] {logging_mixin.py:190} INFO - [2024-11-26T10:59:14.360+0000] {dagbag.py:588} INFO - Filling up the DagBag from /home/airflow/.local/lib/python3.12/site-packages/airflow/example_dags/tutorial.py
[2024-11-26T10:59:14.368+0000] {processor.py:925} INFO - DAG(s) 'tutorial' retrieved from /home/airflow/.local/lib/python3.12/site-packages/airflow/example_dags/tutorial.py
[2024-11-26T10:59:14.386+0000] {logging_mixin.py:190} INFO - [2024-11-26T10:59:14.386+0000] {dag.py:3239} INFO - Sync 1 DAGs
[2024-11-26T10:59:14.406+0000] {logging_mixin.py:190} INFO - [2024-11-26T10:59:14.406+0000] {dag.py:4180} INFO - Setting next_dagrun for tutorial to 2024-11-25 00:00:00+00:00, run_after=2024-11-26 00:00:00+00:00
[2024-11-26T10:59:14.428+0000] {processor.py:208} INFO - Processing /home/airflow/.local/lib/python3.12/site-packages/airflow/example_dags/tutorial.py took 0.076 seconds
[2024-11-26T10:59:44.463+0000] {processor.py:186} INFO - Started process (PID=230) to work on /home/airflow/.local/lib/python3.12/site-packages/airflow/example_dags/tutorial.py
[2024-11-26T10:59:44.465+0000] {processor.py:914} INFO - Processing file /home/airflow/.local/lib/python3.12/site-packages/airflow/example_dags/tutorial.py for tasks to queue
[2024-11-26T10:59:44.469+0000] {logging_mixin.py:190} INFO - [2024-11-26T10:59:44.468+0000] {dagbag.py:588} INFO - Filling up the DagBag from /home/airflow/.local/lib/python3.12/site-packages/airflow/example_dags/tutorial.py
[2024-11-26T10:59:44.480+0000] {processor.py:925} INFO - DAG(s) 'tutorial' retrieved from /home/airflow/.local/lib/python3.12/site-packages/airflow/example_dags/tutorial.py
[2024-11-26T10:59:44.501+0000] {logging_mixin.py:190} INFO - [2024-11-26T10:59:44.501+0000] {dag.py:3239} INFO - Sync 1 DAGs
[2024-11-26T10:59:44.518+0000] {logging_mixin.py:190} INFO - [2024-11-26T10:59:44.518+0000] {dag.py:4180} INFO - Setting next_dagrun for tutorial to 2024-11-25 00:00:00+00:00, run_after=2024-11-26 00:00:00+00:00
[2024-11-26T10:59:44.544+0000] {processor.py:208} INFO - Processing /home/airflow/.local/lib/python3.12/site-packages/airflow/example_dags/tutorial.py took 0.086 seconds
[2024-11-26T11:00:15.463+0000] {processor.py:186} INFO - Started process (PID=293) to work on /home/airflow/.local/lib/python3.12/site-packages/airflow/example_dags/tutorial.py
[2024-11-26T11:00:15.464+0000] {processor.py:914} INFO - Processing file /home/airflow/.local/lib/python3.12/site-packages/airflow/example_dags/tutorial.py for tasks to queue
[2024-11-26T11:00:15.467+0000] {logging_mixin.py:190} INFO - [2024-11-26T11:00:15.467+0000] {dagbag.py:588} INFO - Filling up the DagBag from /home/airflow/.local/lib/python3.12/site-packages/airflow/example_dags/tutorial.py
[2024-11-26T11:00:15.475+0000] {processor.py:925} INFO - DAG(s) 'tutorial' retrieved from /home/airflow/.local/lib/python3.12/site-packages/airflow/example_dags/tutorial.py
[2024-11-26T11:00:15.496+0000] {logging_mixin.py:190} INFO - [2024-11-26T11:00:15.496+0000] {dag.py:3239} INFO - Sync 1 DAGs
[2024-11-26T11:00:15.514+0000] {logging_mixin.py:190} INFO - [2024-11-26T11:00:15.513+0000] {dag.py:4180} INFO - Setting next_dagrun for tutorial to 2024-11-25 00:00:00+00:00, run_after=2024-11-26 00:00:00+00:00
[2024-11-26T11:00:15.536+0000] {processor.py:208} INFO - Processing /home/airflow/.local/lib/python3.12/site-packages/airflow/example_dags/tutorial.py took 0.079 seconds
[2024-11-26T11:00:45.853+0000] {processor.py:186} INFO - Started process (PID=355) to work on /home/airflow/.local/lib/python3.12/site-packages/airflow/example_dags/tutorial.py
[2024-11-26T11:00:45.855+0000] {processor.py:914} INFO - Processing file /home/airflow/.local/lib/python3.12/site-packages/airflow/example_dags/tutorial.py for tasks to queue
[2024-11-26T11:00:45.858+0000] {logging_mixin.py:190} INFO - [2024-11-26T11:00:45.857+0000] {dagbag.py:588} INFO - Filling up the DagBag from /home/airflow/.local/lib/python3.12/site-packages/airflow/example_dags/tutorial.py
[2024-11-26T11:00:45.867+0000] {processor.py:925} INFO - DAG(s) 'tutorial' retrieved from /home/airflow/.local/lib/python3.12/site-packages/airflow/example_dags/tutorial.py
[2024-11-26T11:00:45.887+0000] {logging_mixin.py:190} INFO - [2024-11-26T11:00:45.887+0000] {dag.py:3239} INFO - Sync 1 DAGs
[2024-11-26T11:00:45.902+0000] {logging_mixin.py:190} INFO - [2024-11-26T11:00:45.902+0000] {dag.py:4180} INFO - Setting next_dagrun for tutorial to 2024-11-25 00:00:00+00:00, run_after=2024-11-26 00:00:00+00:00
[2024-11-26T11:00:45.918+0000] {processor.py:208} INFO - Processing /home/airflow/.local/lib/python3.12/site-packages/airflow/example_dags/tutorial.py took 0.069 seconds
[2024-11-26T11:01:16.665+0000] {processor.py:186} INFO - Started process (PID=417) to work on /home/airflow/.local/lib/python3.12/site-packages/airflow/example_dags/tutorial.py
[2024-11-26T11:01:16.666+0000] {processor.py:914} INFO - Processing file /home/airflow/.local/lib/python3.12/site-packages/airflow/example_dags/tutorial.py for tasks to queue
[2024-11-26T11:01:16.668+0000] {logging_mixin.py:190} INFO - [2024-11-26T11:01:16.668+0000] {dagbag.py:588} INFO - Filling up the DagBag from /home/airflow/.local/lib/python3.12/site-packages/airflow/example_dags/tutorial.py
[2024-11-26T11:01:16.676+0000] {processor.py:925} INFO - DAG(s) 'tutorial' retrieved from /home/airflow/.local/lib/python3.12/site-packages/airflow/example_dags/tutorial.py
[2024-11-26T11:01:16.698+0000] {logging_mixin.py:190} INFO - [2024-11-26T11:01:16.697+0000] {dag.py:3239} INFO - Sync 1 DAGs
[2024-11-26T11:01:16.716+0000] {logging_mixin.py:190} INFO - [2024-11-26T11:01:16.716+0000] {dag.py:4180} INFO - Setting next_dagrun for tutorial to 2024-11-25 00:00:00+00:00, run_after=2024-11-26 00:00:00+00:00
[2024-11-26T11:01:16.734+0000] {processor.py:208} INFO - Processing /home/airflow/.local/lib/python3.12/site-packages/airflow/example_dags/tutorial.py took 0.074 seconds
[2024-11-26T11:01:47.591+0000] {processor.py:186} INFO - Started process (PID=480) to work on /home/airflow/.local/lib/python3.12/site-packages/airflow/example_dags/tutorial.py
[2024-11-26T11:01:47.593+0000] {processor.py:914} INFO - Processing file /home/airflow/.local/lib/python3.12/site-packages/airflow/example_dags/tutorial.py for tasks to queue
[2024-11-26T11:01:47.596+0000] {logging_mixin.py:190} INFO - [2024-11-26T11:01:47.595+0000] {dagbag.py:588} INFO - Filling up the DagBag from /home/airflow/.local/lib/python3.12/site-packages/airflow/example_dags/tutorial.py
[2024-11-26T11:01:47.606+0000] {processor.py:925} INFO - DAG(s) 'tutorial' retrieved from /home/airflow/.local/lib/python3.12/site-packages/airflow/example_dags/tutorial.py
[2024-11-26T11:01:47.626+0000] {logging_mixin.py:190} INFO - [2024-11-26T11:01:47.626+0000] {dag.py:3239} INFO - Sync 1 DAGs
[2024-11-26T11:01:47.646+0000] {logging_mixin.py:190} INFO - [2024-11-26T11:01:47.646+0000] {dag.py:4180} INFO - Setting next_dagrun for tutorial to 2024-11-25 00:00:00+00:00, run_after=2024-11-26 00:00:00+00:00
[2024-11-26T11:01:47.665+0000] {processor.py:208} INFO - Processing /home/airflow/.local/lib/python3.12/site-packages/airflow/example_dags/tutorial.py took 0.082 seconds
[2024-11-26T11:02:18.222+0000] {processor.py:186} INFO - Started process (PID=543) to work on /home/airflow/.local/lib/python3.12/site-packages/airflow/example_dags/tutorial.py
[2024-11-26T11:02:18.222+0000] {processor.py:914} INFO - Processing file /home/airflow/.local/lib/python3.12/site-packages/airflow/example_dags/tutorial.py for tasks to queue
[2024-11-26T11:02:18.224+0000] {logging_mixin.py:190} INFO - [2024-11-26T11:02:18.224+0000] {dagbag.py:588} INFO - Filling up the DagBag from /home/airflow/.local/lib/python3.12/site-packages/airflow/example_dags/tutorial.py
[2024-11-26T11:02:18.231+0000] {processor.py:925} INFO - DAG(s) 'tutorial' retrieved from /home/airflow/.local/lib/python3.12/site-packages/airflow/example_dags/tutorial.py
[2024-11-26T11:02:18.248+0000] {logging_mixin.py:190} INFO - [2024-11-26T11:02:18.247+0000] {dag.py:3239} INFO - Sync 1 DAGs
[2024-11-26T11:02:18.264+0000] {logging_mixin.py:190} INFO - [2024-11-26T11:02:18.264+0000] {dag.py:4180} INFO - Setting next_dagrun for tutorial to 2024-11-25 00:00:00+00:00, run_after=2024-11-26 00:00:00+00:00
[2024-11-26T11:02:18.283+0000] {processor.py:208} INFO - Processing /home/airflow/.local/lib/python3.12/site-packages/airflow/example_dags/tutorial.py took 0.066 seconds
[2024-11-26T11:02:48.852+0000] {processor.py:186} INFO - Started process (PID=606) to work on /home/airflow/.local/lib/python3.12/site-packages/airflow/example_dags/tutorial.py
[2024-11-26T11:02:48.854+0000] {processor.py:914} INFO - Processing file /home/airflow/.local/lib/python3.12/site-packages/airflow/example_dags/tutorial.py for tasks to queue
[2024-11-26T11:02:48.856+0000] {logging_mixin.py:190} INFO - [2024-11-26T11:02:48.856+0000] {dagbag.py:588} INFO - Filling up the DagBag from /home/airflow/.local/lib/python3.12/site-packages/airflow/example_dags/tutorial.py
[2024-11-26T11:02:48.863+0000] {processor.py:925} INFO - DAG(s) 'tutorial' retrieved from /home/airflow/.local/lib/python3.12/site-packages/airflow/example_dags/tutorial.py
[2024-11-26T11:02:48.881+0000] {logging_mixin.py:190} INFO - [2024-11-26T11:02:48.881+0000] {dag.py:3239} INFO - Sync 1 DAGs
[2024-11-26T11:02:48.897+0000] {logging_mixin.py:190} INFO - [2024-11-26T11:02:48.897+0000] {dag.py:4180} INFO - Setting next_dagrun for tutorial to 2024-11-25 00:00:00+00:00, run_after=2024-11-26 00:00:00+00:00
[2024-11-26T11:02:48.915+0000] {processor.py:208} INFO - Processing /home/airflow/.local/lib/python3.12/site-packages/airflow/example_dags/tutorial.py took 0.067 seconds
[2024-11-26T11:03:19.534+0000] {processor.py:186} INFO - Started process (PID=669) to work on /home/airflow/.local/lib/python3.12/site-packages/airflow/example_dags/tutorial.py
[2024-11-26T11:03:19.535+0000] {processor.py:914} INFO - Processing file /home/airflow/.local/lib/python3.12/site-packages/airflow/example_dags/tutorial.py for tasks to queue
[2024-11-26T11:03:19.538+0000] {logging_mixin.py:190} INFO - [2024-11-26T11:03:19.537+0000] {dagbag.py:588} INFO - Filling up the DagBag from /home/airflow/.local/lib/python3.12/site-packages/airflow/example_dags/tutorial.py
[2024-11-26T11:03:19.544+0000] {processor.py:925} INFO - DAG(s) 'tutorial' retrieved from /home/airflow/.local/lib/python3.12/site-packages/airflow/example_dags/tutorial.py
[2024-11-26T11:03:19.563+0000] {logging_mixin.py:190} INFO - [2024-11-26T11:03:19.563+0000] {dag.py:3239} INFO - Sync 1 DAGs
[2024-11-26T11:03:19.579+0000] {logging_mixin.py:190} INFO - [2024-11-26T11:03:19.579+0000] {dag.py:4180} INFO - Setting next_dagrun for tutorial to 2024-11-25 00:00:00+00:00, run_after=2024-11-26 00:00:00+00:00
[2024-11-26T11:03:19.594+0000] {processor.py:208} INFO - Processing /home/airflow/.local/lib/python3.12/site-packages/airflow/example_dags/tutorial.py took 0.065 seconds
[2024-11-26T11:03:50.117+0000] {processor.py:186} INFO - Started process (PID=732) to work on /home/airflow/.local/lib/python3.12/site-packages/airflow/example_dags/tutorial.py
[2024-11-26T11:03:50.118+0000] {processor.py:914} INFO - Processing file /home/airflow/.local/lib/python3.12/site-packages/airflow/example_dags/tutorial.py for tasks to queue
[2024-11-26T11:03:50.121+0000] {logging_mixin.py:190} INFO - [2024-11-26T11:03:50.120+0000] {dagbag.py:588} INFO - Filling up the DagBag from /home/airflow/.local/lib/python3.12/site-packages/airflow/example_dags/tutorial.py
[2024-11-26T11:03:50.128+0000] {processor.py:925} INFO - DAG(s) 'tutorial' retrieved from /home/airflow/.local/lib/python3.12/site-packages/airflow/example_dags/tutorial.py
[2024-11-26T11:03:50.144+0000] {logging_mixin.py:190} INFO - [2024-11-26T11:03:50.144+0000] {dag.py:3239} INFO - Sync 1 DAGs
[2024-11-26T11:03:50.162+0000] {logging_mixin.py:190} INFO - [2024-11-26T11:03:50.162+0000] {dag.py:4180} INFO - Setting next_dagrun for tutorial to 2024-11-25 00:00:00+00:00, run_after=2024-11-26 00:00:00+00:00
[2024-11-26T11:03:50.175+0000] {processor.py:208} INFO - Processing /home/airflow/.local/lib/python3.12/site-packages/airflow/example_dags/tutorial.py took 0.064 seconds
[2024-11-26T11:04:21.043+0000] {processor.py:186} INFO - Started process (PID=795) to work on /home/airflow/.local/lib/python3.12/site-packages/airflow/example_dags/tutorial.py
[2024-11-26T11:04:21.044+0000] {processor.py:914} INFO - Processing file /home/airflow/.local/lib/python3.12/site-packages/airflow/example_dags/tutorial.py for tasks to queue
[2024-11-26T11:04:21.047+0000] {logging_mixin.py:190} INFO - [2024-11-26T11:04:21.046+0000] {dagbag.py:588} INFO - Filling up the DagBag from /home/airflow/.local/lib/python3.12/site-packages/airflow/example_dags/tutorial.py
[2024-11-26T11:04:21.053+0000] {processor.py:925} INFO - DAG(s) 'tutorial' retrieved from /home/airflow/.local/lib/python3.12/site-packages/airflow/example_dags/tutorial.py
[2024-11-26T11:04:21.071+0000] {logging_mixin.py:190} INFO - [2024-11-26T11:04:21.070+0000] {dag.py:3239} INFO - Sync 1 DAGs
[2024-11-26T11:04:21.091+0000] {logging_mixin.py:190} INFO - [2024-11-26T11:04:21.091+0000] {dag.py:4180} INFO - Setting next_dagrun for tutorial to 2024-11-25 00:00:00+00:00, run_after=2024-11-26 00:00:00+00:00
[2024-11-26T11:04:21.111+0000] {processor.py:208} INFO - Processing /home/airflow/.local/lib/python3.12/site-packages/airflow/example_dags/tutorial.py took 0.075 seconds
[2024-11-26T11:04:51.921+0000] {processor.py:186} INFO - Started process (PID=858) to work on /home/airflow/.local/lib/python3.12/site-packages/airflow/example_dags/tutorial.py
[2024-11-26T11:04:51.922+0000] {processor.py:914} INFO - Processing file /home/airflow/.local/lib/python3.12/site-packages/airflow/example_dags/tutorial.py for tasks to queue
[2024-11-26T11:04:51.925+0000] {logging_mixin.py:190} INFO - [2024-11-26T11:04:51.925+0000] {dagbag.py:588} INFO - Filling up the DagBag from /home/airflow/.local/lib/python3.12/site-packages/airflow/example_dags/tutorial.py
[2024-11-26T11:04:51.933+0000] {processor.py:925} INFO - DAG(s) 'tutorial' retrieved from /home/airflow/.local/lib/python3.12/site-packages/airflow/example_dags/tutorial.py
[2024-11-26T11:04:51.955+0000] {logging_mixin.py:190} INFO - [2024-11-26T11:04:51.955+0000] {dag.py:3239} INFO - Sync 1 DAGs
[2024-11-26T11:04:51.972+0000] {logging_mixin.py:190} INFO - [2024-11-26T11:04:51.971+0000] {dag.py:4180} INFO - Setting next_dagrun for tutorial to 2024-11-25 00:00:00+00:00, run_after=2024-11-26 00:00:00+00:00
[2024-11-26T11:04:51.988+0000] {processor.py:208} INFO - Processing /home/airflow/.local/lib/python3.12/site-packages/airflow/example_dags/tutorial.py took 0.071 seconds
[2024-11-26T11:05:22.250+0000] {processor.py:186} INFO - Started process (PID=920) to work on /home/airflow/.local/lib/python3.12/site-packages/airflow/example_dags/tutorial.py
[2024-11-26T11:05:22.251+0000] {processor.py:914} INFO - Processing file /home/airflow/.local/lib/python3.12/site-packages/airflow/example_dags/tutorial.py for tasks to queue
[2024-11-26T11:05:22.253+0000] {logging_mixin.py:190} INFO - [2024-11-26T11:05:22.253+0000] {dagbag.py:588} INFO - Filling up the DagBag from /home/airflow/.local/lib/python3.12/site-packages/airflow/example_dags/tutorial.py
[2024-11-26T11:05:22.259+0000] {processor.py:925} INFO - DAG(s) 'tutorial' retrieved from /home/airflow/.local/lib/python3.12/site-packages/airflow/example_dags/tutorial.py
[2024-11-26T11:05:22.274+0000] {logging_mixin.py:190} INFO - [2024-11-26T11:05:22.274+0000] {dag.py:3239} INFO - Sync 1 DAGs
[2024-11-26T11:05:22.291+0000] {logging_mixin.py:190} INFO - [2024-11-26T11:05:22.291+0000] {dag.py:4180} INFO - Setting next_dagrun for tutorial to 2024-11-25 00:00:00+00:00, run_after=2024-11-26 00:00:00+00:00
[2024-11-26T11:05:22.306+0000] {processor.py:208} INFO - Processing /home/airflow/.local/lib/python3.12/site-packages/airflow/example_dags/tutorial.py took 0.060 seconds
[2024-11-26T11:05:52.673+0000] {processor.py:186} INFO - Started process (PID=983) to work on /home/airflow/.local/lib/python3.12/site-packages/airflow/example_dags/tutorial.py
[2024-11-26T11:05:52.674+0000] {processor.py:914} INFO - Processing file /home/airflow/.local/lib/python3.12/site-packages/airflow/example_dags/tutorial.py for tasks to queue
[2024-11-26T11:05:52.677+0000] {logging_mixin.py:190} INFO - [2024-11-26T11:05:52.676+0000] {dagbag.py:588} INFO - Filling up the DagBag from /home/airflow/.local/lib/python3.12/site-packages/airflow/example_dags/tutorial.py
[2024-11-26T11:05:52.686+0000] {processor.py:925} INFO - DAG(s) 'tutorial' retrieved from /home/airflow/.local/lib/python3.12/site-packages/airflow/example_dags/tutorial.py
[2024-11-26T11:05:52.704+0000] {logging_mixin.py:190} INFO - [2024-11-26T11:05:52.704+0000] {dag.py:3239} INFO - Sync 1 DAGs
[2024-11-26T11:05:52.721+0000] {logging_mixin.py:190} INFO - [2024-11-26T11:05:52.721+0000] {dag.py:4180} INFO - Setting next_dagrun for tutorial to 2024-11-25 00:00:00+00:00, run_after=2024-11-26 00:00:00+00:00
[2024-11-26T11:05:52.735+0000] {processor.py:208} INFO - Processing /home/airflow/.local/lib/python3.12/site-packages/airflow/example_dags/tutorial.py took 0.066 seconds
[2024-11-26T11:06:23.136+0000] {processor.py:186} INFO - Started process (PID=1046) to work on /home/airflow/.local/lib/python3.12/site-packages/airflow/example_dags/tutorial.py
[2024-11-26T11:06:23.137+0000] {processor.py:914} INFO - Processing file /home/airflow/.local/lib/python3.12/site-packages/airflow/example_dags/tutorial.py for tasks to queue
[2024-11-26T11:06:23.139+0000] {logging_mixin.py:190} INFO - [2024-11-26T11:06:23.139+0000] {dagbag.py:588} INFO - Filling up the DagBag from /home/airflow/.local/lib/python3.12/site-packages/airflow/example_dags/tutorial.py
[2024-11-26T11:06:23.145+0000] {processor.py:925} INFO - DAG(s) 'tutorial' retrieved from /home/airflow/.local/lib/python3.12/site-packages/airflow/example_dags/tutorial.py
[2024-11-26T11:06:23.159+0000] {logging_mixin.py:190} INFO - [2024-11-26T11:06:23.158+0000] {dag.py:3239} INFO - Sync 1 DAGs
[2024-11-26T11:06:23.172+0000] {logging_mixin.py:190} INFO - [2024-11-26T11:06:23.172+0000] {dag.py:4180} INFO - Setting next_dagrun for tutorial to 2024-11-25 00:00:00+00:00, run_after=2024-11-26 00:00:00+00:00
[2024-11-26T11:06:23.188+0000] {processor.py:208} INFO - Processing /home/airflow/.local/lib/python3.12/site-packages/airflow/example_dags/tutorial.py took 0.057 seconds
[2024-11-26T11:06:54.010+0000] {processor.py:186} INFO - Started process (PID=1108) to work on /home/airflow/.local/lib/python3.12/site-packages/airflow/example_dags/tutorial.py
[2024-11-26T11:06:54.011+0000] {processor.py:914} INFO - Processing file /home/airflow/.local/lib/python3.12/site-packages/airflow/example_dags/tutorial.py for tasks to queue
[2024-11-26T11:06:54.013+0000] {logging_mixin.py:190} INFO - [2024-11-26T11:06:54.012+0000] {dagbag.py:588} INFO - Filling up the DagBag from /home/airflow/.local/lib/python3.12/site-packages/airflow/example_dags/tutorial.py
[2024-11-26T11:06:54.019+0000] {processor.py:925} INFO - DAG(s) 'tutorial' retrieved from /home/airflow/.local/lib/python3.12/site-packages/airflow/example_dags/tutorial.py
[2024-11-26T11:06:54.034+0000] {logging_mixin.py:190} INFO - [2024-11-26T11:06:54.034+0000] {dag.py:3239} INFO - Sync 1 DAGs
[2024-11-26T11:06:54.057+0000] {logging_mixin.py:190} INFO - [2024-11-26T11:06:54.057+0000] {dag.py:4180} INFO - Setting next_dagrun for tutorial to 2024-11-25 00:00:00+00:00, run_after=2024-11-26 00:00:00+00:00
[2024-11-26T11:06:54.071+0000] {processor.py:208} INFO - Processing /home/airflow/.local/lib/python3.12/site-packages/airflow/example_dags/tutorial.py took 0.066 seconds
[2024-11-26T11:07:24.386+0000] {processor.py:186} INFO - Started process (PID=1171) to work on /home/airflow/.local/lib/python3.12/site-packages/airflow/example_dags/tutorial.py
[2024-11-26T11:07:24.387+0000] {processor.py:914} INFO - Processing file /home/airflow/.local/lib/python3.12/site-packages/airflow/example_dags/tutorial.py for tasks to queue
[2024-11-26T11:07:24.389+0000] {logging_mixin.py:190} INFO - [2024-11-26T11:07:24.389+0000] {dagbag.py:588} INFO - Filling up the DagBag from /home/airflow/.local/lib/python3.12/site-packages/airflow/example_dags/tutorial.py
[2024-11-26T11:07:24.395+0000] {processor.py:925} INFO - DAG(s) 'tutorial' retrieved from /home/airflow/.local/lib/python3.12/site-packages/airflow/example_dags/tutorial.py
[2024-11-26T11:07:24.410+0000] {logging_mixin.py:190} INFO - [2024-11-26T11:07:24.410+0000] {dag.py:3239} INFO - Sync 1 DAGs
[2024-11-26T11:07:24.427+0000] {logging_mixin.py:190} INFO - [2024-11-26T11:07:24.427+0000] {dag.py:4180} INFO - Setting next_dagrun for tutorial to 2024-11-25 00:00:00+00:00, run_after=2024-11-26 00:00:00+00:00
[2024-11-26T11:07:24.447+0000] {processor.py:208} INFO - Processing /home/airflow/.local/lib/python3.12/site-packages/airflow/example_dags/tutorial.py took 0.065 seconds
[2024-11-26T11:07:55.363+0000] {processor.py:186} INFO - Started process (PID=1234) to work on /home/airflow/.local/lib/python3.12/site-packages/airflow/example_dags/tutorial.py
[2024-11-26T11:07:55.363+0000] {processor.py:914} INFO - Processing file /home/airflow/.local/lib/python3.12/site-packages/airflow/example_dags/tutorial.py for tasks to queue
[2024-11-26T11:07:55.366+0000] {logging_mixin.py:190} INFO - [2024-11-26T11:07:55.366+0000] {dagbag.py:588} INFO - Filling up the DagBag from /home/airflow/.local/lib/python3.12/site-packages/airflow/example_dags/tutorial.py
[2024-11-26T11:07:55.373+0000] {processor.py:925} INFO - DAG(s) 'tutorial' retrieved from /home/airflow/.local/lib/python3.12/site-packages/airflow/example_dags/tutorial.py
[2024-11-26T11:07:55.389+0000] {logging_mixin.py:190} INFO - [2024-11-26T11:07:55.389+0000] {dag.py:3239} INFO - Sync 1 DAGs
[2024-11-26T11:07:55.406+0000] {logging_mixin.py:190} INFO - [2024-11-26T11:07:55.405+0000] {dag.py:4180} INFO - Setting next_dagrun for tutorial to 2024-11-25 00:00:00+00:00, run_after=2024-11-26 00:00:00+00:00
[2024-11-26T11:07:55.418+0000] {processor.py:208} INFO - Processing /home/airflow/.local/lib/python3.12/site-packages/airflow/example_dags/tutorial.py took 0.060 seconds
[2024-11-26T11:08:25.493+0000] {processor.py:186} INFO - Started process (PID=1297) to work on /home/airflow/.local/lib/python3.12/site-packages/airflow/example_dags/tutorial.py
[2024-11-26T11:08:25.494+0000] {processor.py:914} INFO - Processing file /home/airflow/.local/lib/python3.12/site-packages/airflow/example_dags/tutorial.py for tasks to queue
[2024-11-26T11:08:25.496+0000] {logging_mixin.py:190} INFO - [2024-11-26T11:08:25.496+0000] {dagbag.py:588} INFO - Filling up the DagBag from /home/airflow/.local/lib/python3.12/site-packages/airflow/example_dags/tutorial.py
[2024-11-26T11:08:25.504+0000] {processor.py:925} INFO - DAG(s) 'tutorial' retrieved from /home/airflow/.local/lib/python3.12/site-packages/airflow/example_dags/tutorial.py
[2024-11-26T11:08:25.520+0000] {logging_mixin.py:190} INFO - [2024-11-26T11:08:25.520+0000] {dag.py:3239} INFO - Sync 1 DAGs
[2024-11-26T11:08:25.536+0000] {logging_mixin.py:190} INFO - [2024-11-26T11:08:25.535+0000] {dag.py:4180} INFO - Setting next_dagrun for tutorial to 2024-11-25 00:00:00+00:00, run_after=2024-11-26 00:00:00+00:00
[2024-11-26T11:08:25.551+0000] {processor.py:208} INFO - Processing /home/airflow/.local/lib/python3.12/site-packages/airflow/example_dags/tutorial.py took 0.062 seconds
[2024-11-26T11:08:56.504+0000] {processor.py:186} INFO - Started process (PID=1360) to work on /home/airflow/.local/lib/python3.12/site-packages/airflow/example_dags/tutorial.py
[2024-11-26T11:08:56.505+0000] {processor.py:914} INFO - Processing file /home/airflow/.local/lib/python3.12/site-packages/airflow/example_dags/tutorial.py for tasks to queue
[2024-11-26T11:08:56.507+0000] {logging_mixin.py:190} INFO - [2024-11-26T11:08:56.507+0000] {dagbag.py:588} INFO - Filling up the DagBag from /home/airflow/.local/lib/python3.12/site-packages/airflow/example_dags/tutorial.py
[2024-11-26T11:08:56.514+0000] {processor.py:925} INFO - DAG(s) 'tutorial' retrieved from /home/airflow/.local/lib/python3.12/site-packages/airflow/example_dags/tutorial.py
[2024-11-26T11:08:56.534+0000] {logging_mixin.py:190} INFO - [2024-11-26T11:08:56.534+0000] {dag.py:3239} INFO - Sync 1 DAGs
[2024-11-26T11:08:56.555+0000] {logging_mixin.py:190} INFO - [2024-11-26T11:08:56.554+0000] {dag.py:4180} INFO - Setting next_dagrun for tutorial to 2024-11-25 00:00:00+00:00, run_after=2024-11-26 00:00:00+00:00
[2024-11-26T11:08:56.574+0000] {processor.py:208} INFO - Processing /home/airflow/.local/lib/python3.12/site-packages/airflow/example_dags/tutorial.py took 0.074 seconds
[2024-11-26T11:09:26.793+0000] {processor.py:186} INFO - Started process (PID=1423) to work on /home/airflow/.local/lib/python3.12/site-packages/airflow/example_dags/tutorial.py
[2024-11-26T11:09:26.795+0000] {processor.py:914} INFO - Processing file /home/airflow/.local/lib/python3.12/site-packages/airflow/example_dags/tutorial.py for tasks to queue
[2024-11-26T11:09:26.797+0000] {logging_mixin.py:190} INFO - [2024-11-26T11:09:26.797+0000] {dagbag.py:588} INFO - Filling up the DagBag from /home/airflow/.local/lib/python3.12/site-packages/airflow/example_dags/tutorial.py
[2024-11-26T11:09:26.805+0000] {processor.py:925} INFO - DAG(s) 'tutorial' retrieved from /home/airflow/.local/lib/python3.12/site-packages/airflow/example_dags/tutorial.py
[2024-11-26T11:09:26.820+0000] {logging_mixin.py:190} INFO - [2024-11-26T11:09:26.820+0000] {dag.py:3239} INFO - Sync 1 DAGs
[2024-11-26T11:09:26.836+0000] {logging_mixin.py:190} INFO - [2024-11-26T11:09:26.835+0000] {dag.py:4180} INFO - Setting next_dagrun for tutorial to 2024-11-25 00:00:00+00:00, run_after=2024-11-26 00:00:00+00:00
[2024-11-26T11:09:26.848+0000] {processor.py:208} INFO - Processing /home/airflow/.local/lib/python3.12/site-packages/airflow/example_dags/tutorial.py took 0.059 seconds
[2024-11-26T11:09:57.210+0000] {processor.py:186} INFO - Started process (PID=1485) to work on /home/airflow/.local/lib/python3.12/site-packages/airflow/example_dags/tutorial.py
[2024-11-26T11:09:57.211+0000] {processor.py:914} INFO - Processing file /home/airflow/.local/lib/python3.12/site-packages/airflow/example_dags/tutorial.py for tasks to queue
[2024-11-26T11:09:57.212+0000] {logging_mixin.py:190} INFO - [2024-11-26T11:09:57.212+0000] {dagbag.py:588} INFO - Filling up the DagBag from /home/airflow/.local/lib/python3.12/site-packages/airflow/example_dags/tutorial.py
[2024-11-26T11:09:57.220+0000] {processor.py:925} INFO - DAG(s) 'tutorial' retrieved from /home/airflow/.local/lib/python3.12/site-packages/airflow/example_dags/tutorial.py
[2024-11-26T11:09:57.242+0000] {logging_mixin.py:190} INFO - [2024-11-26T11:09:57.242+0000] {dag.py:3239} INFO - Sync 1 DAGs
[2024-11-26T11:09:57.261+0000] {logging_mixin.py:190} INFO - [2024-11-26T11:09:57.261+0000] {dag.py:4180} INFO - Setting next_dagrun for tutorial to 2024-11-25 00:00:00+00:00, run_after=2024-11-26 00:00:00+00:00
[2024-11-26T11:09:57.284+0000] {processor.py:208} INFO - Processing /home/airflow/.local/lib/python3.12/site-packages/airflow/example_dags/tutorial.py took 0.078 seconds
[2024-11-26T11:10:28.431+0000] {processor.py:186} INFO - Started process (PID=1549) to work on /home/airflow/.local/lib/python3.12/site-packages/airflow/example_dags/tutorial.py
[2024-11-26T11:10:28.432+0000] {processor.py:914} INFO - Processing file /home/airflow/.local/lib/python3.12/site-packages/airflow/example_dags/tutorial.py for tasks to queue
[2024-11-26T11:10:28.434+0000] {logging_mixin.py:190} INFO - [2024-11-26T11:10:28.434+0000] {dagbag.py:588} INFO - Filling up the DagBag from /home/airflow/.local/lib/python3.12/site-packages/airflow/example_dags/tutorial.py
[2024-11-26T11:10:28.440+0000] {processor.py:925} INFO - DAG(s) 'tutorial' retrieved from /home/airflow/.local/lib/python3.12/site-packages/airflow/example_dags/tutorial.py
[2024-11-26T11:10:28.456+0000] {logging_mixin.py:190} INFO - [2024-11-26T11:10:28.456+0000] {dag.py:3239} INFO - Sync 1 DAGs
[2024-11-26T11:10:28.478+0000] {logging_mixin.py:190} INFO - [2024-11-26T11:10:28.478+0000] {dag.py:4180} INFO - Setting next_dagrun for tutorial to 2024-11-25 00:00:00+00:00, run_after=2024-11-26 00:00:00+00:00
[2024-11-26T11:10:28.493+0000] {processor.py:208} INFO - Processing /home/airflow/.local/lib/python3.12/site-packages/airflow/example_dags/tutorial.py took 0.070 seconds
[2024-11-26T11:10:58.518+0000] {processor.py:186} INFO - Started process (PID=1611) to work on /home/airflow/.local/lib/python3.12/site-packages/airflow/example_dags/tutorial.py
[2024-11-26T11:10:58.519+0000] {processor.py:914} INFO - Processing file /home/airflow/.local/lib/python3.12/site-packages/airflow/example_dags/tutorial.py for tasks to queue
[2024-11-26T11:10:58.521+0000] {logging_mixin.py:190} INFO - [2024-11-26T11:10:58.521+0000] {dagbag.py:588} INFO - Filling up the DagBag from /home/airflow/.local/lib/python3.12/site-packages/airflow/example_dags/tutorial.py
[2024-11-26T11:10:58.528+0000] {processor.py:925} INFO - DAG(s) 'tutorial' retrieved from /home/airflow/.local/lib/python3.12/site-packages/airflow/example_dags/tutorial.py
[2024-11-26T11:10:58.543+0000] {logging_mixin.py:190} INFO - [2024-11-26T11:10:58.543+0000] {dag.py:3239} INFO - Sync 1 DAGs
[2024-11-26T11:10:58.565+0000] {logging_mixin.py:190} INFO - [2024-11-26T11:10:58.565+0000] {dag.py:4180} INFO - Setting next_dagrun for tutorial to 2024-11-25 00:00:00+00:00, run_after=2024-11-26 00:00:00+00:00
[2024-11-26T11:10:58.580+0000] {processor.py:208} INFO - Processing /home/airflow/.local/lib/python3.12/site-packages/airflow/example_dags/tutorial.py took 0.066 seconds
[2024-11-26T11:11:28.759+0000] {processor.py:186} INFO - Started process (PID=1674) to work on /home/airflow/.local/lib/python3.12/site-packages/airflow/example_dags/tutorial.py
[2024-11-26T11:11:28.760+0000] {processor.py:914} INFO - Processing file /home/airflow/.local/lib/python3.12/site-packages/airflow/example_dags/tutorial.py for tasks to queue
[2024-11-26T11:11:28.762+0000] {logging_mixin.py:190} INFO - [2024-11-26T11:11:28.762+0000] {dagbag.py:588} INFO - Filling up the DagBag from /home/airflow/.local/lib/python3.12/site-packages/airflow/example_dags/tutorial.py
[2024-11-26T11:11:28.768+0000] {processor.py:925} INFO - DAG(s) 'tutorial' retrieved from /home/airflow/.local/lib/python3.12/site-packages/airflow/example_dags/tutorial.py
[2024-11-26T11:11:28.784+0000] {logging_mixin.py:190} INFO - [2024-11-26T11:11:28.783+0000] {dag.py:3239} INFO - Sync 1 DAGs
[2024-11-26T11:11:28.800+0000] {logging_mixin.py:190} INFO - [2024-11-26T11:11:28.800+0000] {dag.py:4180} INFO - Setting next_dagrun for tutorial to 2024-11-25 00:00:00+00:00, run_after=2024-11-26 00:00:00+00:00
[2024-11-26T11:11:28.814+0000] {processor.py:208} INFO - Processing /home/airflow/.local/lib/python3.12/site-packages/airflow/example_dags/tutorial.py took 0.059 seconds
