[2024-11-26T10:58:43.365+0000] {processor.py:186} INFO - Started process (PID=102) to work on /home/airflow/.local/lib/python3.12/site-packages/airflow/example_dags/tutorial_dag.py
[2024-11-26T10:58:43.366+0000] {processor.py:914} INFO - Processing file /home/airflow/.local/lib/python3.12/site-packages/airflow/example_dags/tutorial_dag.py for tasks to queue
[2024-11-26T10:58:43.371+0000] {logging_mixin.py:190} INFO - [2024-11-26T10:58:43.371+0000] {dagbag.py:588} INFO - Filling up the DagBag from /home/airflow/.local/lib/python3.12/site-packages/airflow/example_dags/tutorial_dag.py
[2024-11-26T10:58:43.382+0000] {processor.py:925} INFO - DAG(s) 'tutorial_dag' retrieved from /home/airflow/.local/lib/python3.12/site-packages/airflow/example_dags/tutorial_dag.py
[2024-11-26T10:58:43.485+0000] {logging_mixin.py:190} INFO - [2024-11-26T10:58:43.485+0000] {override.py:1911} INFO - Created Permission View: can delete on DAG:tutorial_dag
[2024-11-26T10:58:43.495+0000] {logging_mixin.py:190} INFO - [2024-11-26T10:58:43.494+0000] {override.py:1911} INFO - Created Permission View: can read on DAG:tutorial_dag
[2024-11-26T10:58:43.501+0000] {logging_mixin.py:190} INFO - [2024-11-26T10:58:43.501+0000] {override.py:1911} INFO - Created Permission View: can edit on DAG:tutorial_dag
[2024-11-26T10:58:43.510+0000] {logging_mixin.py:190} INFO - [2024-11-26T10:58:43.510+0000] {override.py:1911} INFO - Created Permission View: can create on DAG Run:tutorial_dag
[2024-11-26T10:58:43.515+0000] {logging_mixin.py:190} INFO - [2024-11-26T10:58:43.515+0000] {override.py:1911} INFO - Created Permission View: can read on DAG Run:tutorial_dag
[2024-11-26T10:58:43.523+0000] {logging_mixin.py:190} INFO - [2024-11-26T10:58:43.523+0000] {override.py:1911} INFO - Created Permission View: menu access on DAG Run:tutorial_dag
[2024-11-26T10:58:43.530+0000] {logging_mixin.py:190} INFO - [2024-11-26T10:58:43.529+0000] {override.py:1911} INFO - Created Permission View: can delete on DAG Run:tutorial_dag
[2024-11-26T10:58:43.530+0000] {logging_mixin.py:190} INFO - [2024-11-26T10:58:43.530+0000] {dag.py:3239} INFO - Sync 1 DAGs
[2024-11-26T10:58:43.541+0000] {logging_mixin.py:190} INFO - [2024-11-26T10:58:43.541+0000] {dag.py:3262} INFO - Creating ORM DAG for tutorial_dag
[2024-11-26T10:58:43.542+0000] {logging_mixin.py:190} INFO - [2024-11-26T10:58:43.542+0000] {dag.py:4180} INFO - Setting next_dagrun for tutorial_dag to None, run_after=None
[2024-11-26T10:58:43.557+0000] {processor.py:208} INFO - Processing /home/airflow/.local/lib/python3.12/site-packages/airflow/example_dags/tutorial_dag.py took 0.197 seconds
[2024-11-26T10:59:14.197+0000] {processor.py:186} INFO - Started process (PID=165) to work on /home/airflow/.local/lib/python3.12/site-packages/airflow/example_dags/tutorial_dag.py
[2024-11-26T10:59:14.197+0000] {processor.py:914} INFO - Processing file /home/airflow/.local/lib/python3.12/site-packages/airflow/example_dags/tutorial_dag.py for tasks to queue
[2024-11-26T10:59:14.201+0000] {logging_mixin.py:190} INFO - [2024-11-26T10:59:14.201+0000] {dagbag.py:588} INFO - Filling up the DagBag from /home/airflow/.local/lib/python3.12/site-packages/airflow/example_dags/tutorial_dag.py
[2024-11-26T10:59:14.210+0000] {processor.py:925} INFO - DAG(s) 'tutorial_dag' retrieved from /home/airflow/.local/lib/python3.12/site-packages/airflow/example_dags/tutorial_dag.py
[2024-11-26T10:59:14.230+0000] {logging_mixin.py:190} INFO - [2024-11-26T10:59:14.230+0000] {dag.py:3239} INFO - Sync 1 DAGs
[2024-11-26T10:59:14.241+0000] {logging_mixin.py:190} INFO - [2024-11-26T10:59:14.241+0000] {dag.py:4180} INFO - Setting next_dagrun for tutorial_dag to None, run_after=None
[2024-11-26T10:59:14.258+0000] {processor.py:208} INFO - Processing /home/airflow/.local/lib/python3.12/site-packages/airflow/example_dags/tutorial_dag.py took 0.066 seconds
[2024-11-26T10:59:44.310+0000] {processor.py:186} INFO - Started process (PID=228) to work on /home/airflow/.local/lib/python3.12/site-packages/airflow/example_dags/tutorial_dag.py
[2024-11-26T10:59:44.312+0000] {processor.py:914} INFO - Processing file /home/airflow/.local/lib/python3.12/site-packages/airflow/example_dags/tutorial_dag.py for tasks to queue
[2024-11-26T10:59:44.314+0000] {logging_mixin.py:190} INFO - [2024-11-26T10:59:44.314+0000] {dagbag.py:588} INFO - Filling up the DagBag from /home/airflow/.local/lib/python3.12/site-packages/airflow/example_dags/tutorial_dag.py
[2024-11-26T10:59:44.321+0000] {processor.py:925} INFO - DAG(s) 'tutorial_dag' retrieved from /home/airflow/.local/lib/python3.12/site-packages/airflow/example_dags/tutorial_dag.py
[2024-11-26T10:59:44.340+0000] {logging_mixin.py:190} INFO - [2024-11-26T10:59:44.339+0000] {dag.py:3239} INFO - Sync 1 DAGs
[2024-11-26T10:59:44.354+0000] {logging_mixin.py:190} INFO - [2024-11-26T10:59:44.354+0000] {dag.py:4180} INFO - Setting next_dagrun for tutorial_dag to None, run_after=None
[2024-11-26T10:59:44.373+0000] {processor.py:208} INFO - Processing /home/airflow/.local/lib/python3.12/site-packages/airflow/example_dags/tutorial_dag.py took 0.067 seconds
[2024-11-26T11:00:15.383+0000] {processor.py:186} INFO - Started process (PID=291) to work on /home/airflow/.local/lib/python3.12/site-packages/airflow/example_dags/tutorial_dag.py
[2024-11-26T11:00:15.384+0000] {processor.py:914} INFO - Processing file /home/airflow/.local/lib/python3.12/site-packages/airflow/example_dags/tutorial_dag.py for tasks to queue
[2024-11-26T11:00:15.387+0000] {logging_mixin.py:190} INFO - [2024-11-26T11:00:15.386+0000] {dagbag.py:588} INFO - Filling up the DagBag from /home/airflow/.local/lib/python3.12/site-packages/airflow/example_dags/tutorial_dag.py
[2024-11-26T11:00:15.393+0000] {processor.py:925} INFO - DAG(s) 'tutorial_dag' retrieved from /home/airflow/.local/lib/python3.12/site-packages/airflow/example_dags/tutorial_dag.py
[2024-11-26T11:00:15.411+0000] {logging_mixin.py:190} INFO - [2024-11-26T11:00:15.411+0000] {dag.py:3239} INFO - Sync 1 DAGs
[2024-11-26T11:00:15.424+0000] {logging_mixin.py:190} INFO - [2024-11-26T11:00:15.424+0000] {dag.py:4180} INFO - Setting next_dagrun for tutorial_dag to None, run_after=None
[2024-11-26T11:00:15.437+0000] {processor.py:208} INFO - Processing /home/airflow/.local/lib/python3.12/site-packages/airflow/example_dags/tutorial_dag.py took 0.059 seconds
[2024-11-26T11:00:45.696+0000] {processor.py:186} INFO - Started process (PID=353) to work on /home/airflow/.local/lib/python3.12/site-packages/airflow/example_dags/tutorial_dag.py
[2024-11-26T11:00:45.697+0000] {processor.py:914} INFO - Processing file /home/airflow/.local/lib/python3.12/site-packages/airflow/example_dags/tutorial_dag.py for tasks to queue
[2024-11-26T11:00:45.699+0000] {logging_mixin.py:190} INFO - [2024-11-26T11:00:45.698+0000] {dagbag.py:588} INFO - Filling up the DagBag from /home/airflow/.local/lib/python3.12/site-packages/airflow/example_dags/tutorial_dag.py
[2024-11-26T11:00:45.705+0000] {processor.py:925} INFO - DAG(s) 'tutorial_dag' retrieved from /home/airflow/.local/lib/python3.12/site-packages/airflow/example_dags/tutorial_dag.py
[2024-11-26T11:00:45.721+0000] {logging_mixin.py:190} INFO - [2024-11-26T11:00:45.721+0000] {dag.py:3239} INFO - Sync 1 DAGs
[2024-11-26T11:00:45.737+0000] {logging_mixin.py:190} INFO - [2024-11-26T11:00:45.736+0000] {dag.py:4180} INFO - Setting next_dagrun for tutorial_dag to None, run_after=None
[2024-11-26T11:00:45.757+0000] {processor.py:208} INFO - Processing /home/airflow/.local/lib/python3.12/site-packages/airflow/example_dags/tutorial_dag.py took 0.066 seconds
[2024-11-26T11:01:16.576+0000] {processor.py:186} INFO - Started process (PID=415) to work on /home/airflow/.local/lib/python3.12/site-packages/airflow/example_dags/tutorial_dag.py
[2024-11-26T11:01:16.577+0000] {processor.py:914} INFO - Processing file /home/airflow/.local/lib/python3.12/site-packages/airflow/example_dags/tutorial_dag.py for tasks to queue
[2024-11-26T11:01:16.580+0000] {logging_mixin.py:190} INFO - [2024-11-26T11:01:16.580+0000] {dagbag.py:588} INFO - Filling up the DagBag from /home/airflow/.local/lib/python3.12/site-packages/airflow/example_dags/tutorial_dag.py
[2024-11-26T11:01:16.588+0000] {processor.py:925} INFO - DAG(s) 'tutorial_dag' retrieved from /home/airflow/.local/lib/python3.12/site-packages/airflow/example_dags/tutorial_dag.py
[2024-11-26T11:01:16.608+0000] {logging_mixin.py:190} INFO - [2024-11-26T11:01:16.608+0000] {dag.py:3239} INFO - Sync 1 DAGs
[2024-11-26T11:01:16.619+0000] {logging_mixin.py:190} INFO - [2024-11-26T11:01:16.619+0000] {dag.py:4180} INFO - Setting next_dagrun for tutorial_dag to None, run_after=None
[2024-11-26T11:01:16.637+0000] {processor.py:208} INFO - Processing /home/airflow/.local/lib/python3.12/site-packages/airflow/example_dags/tutorial_dag.py took 0.067 seconds
[2024-11-26T11:01:47.439+0000] {processor.py:186} INFO - Started process (PID=478) to work on /home/airflow/.local/lib/python3.12/site-packages/airflow/example_dags/tutorial_dag.py
[2024-11-26T11:01:47.440+0000] {processor.py:914} INFO - Processing file /home/airflow/.local/lib/python3.12/site-packages/airflow/example_dags/tutorial_dag.py for tasks to queue
[2024-11-26T11:01:47.442+0000] {logging_mixin.py:190} INFO - [2024-11-26T11:01:47.442+0000] {dagbag.py:588} INFO - Filling up the DagBag from /home/airflow/.local/lib/python3.12/site-packages/airflow/example_dags/tutorial_dag.py
[2024-11-26T11:01:47.449+0000] {processor.py:925} INFO - DAG(s) 'tutorial_dag' retrieved from /home/airflow/.local/lib/python3.12/site-packages/airflow/example_dags/tutorial_dag.py
[2024-11-26T11:01:47.466+0000] {logging_mixin.py:190} INFO - [2024-11-26T11:01:47.466+0000] {dag.py:3239} INFO - Sync 1 DAGs
[2024-11-26T11:01:47.476+0000] {logging_mixin.py:190} INFO - [2024-11-26T11:01:47.475+0000] {dag.py:4180} INFO - Setting next_dagrun for tutorial_dag to None, run_after=None
[2024-11-26T11:01:47.493+0000] {processor.py:208} INFO - Processing /home/airflow/.local/lib/python3.12/site-packages/airflow/example_dags/tutorial_dag.py took 0.060 seconds
[2024-11-26T11:02:18.142+0000] {processor.py:186} INFO - Started process (PID=541) to work on /home/airflow/.local/lib/python3.12/site-packages/airflow/example_dags/tutorial_dag.py
[2024-11-26T11:02:18.143+0000] {processor.py:914} INFO - Processing file /home/airflow/.local/lib/python3.12/site-packages/airflow/example_dags/tutorial_dag.py for tasks to queue
[2024-11-26T11:02:18.145+0000] {logging_mixin.py:190} INFO - [2024-11-26T11:02:18.144+0000] {dagbag.py:588} INFO - Filling up the DagBag from /home/airflow/.local/lib/python3.12/site-packages/airflow/example_dags/tutorial_dag.py
[2024-11-26T11:02:18.153+0000] {processor.py:925} INFO - DAG(s) 'tutorial_dag' retrieved from /home/airflow/.local/lib/python3.12/site-packages/airflow/example_dags/tutorial_dag.py
[2024-11-26T11:02:18.168+0000] {logging_mixin.py:190} INFO - [2024-11-26T11:02:18.167+0000] {dag.py:3239} INFO - Sync 1 DAGs
[2024-11-26T11:02:18.181+0000] {logging_mixin.py:190} INFO - [2024-11-26T11:02:18.181+0000] {dag.py:4180} INFO - Setting next_dagrun for tutorial_dag to None, run_after=None
[2024-11-26T11:02:18.197+0000] {processor.py:208} INFO - Processing /home/airflow/.local/lib/python3.12/site-packages/airflow/example_dags/tutorial_dag.py took 0.060 seconds
[2024-11-26T11:02:48.780+0000] {processor.py:186} INFO - Started process (PID=604) to work on /home/airflow/.local/lib/python3.12/site-packages/airflow/example_dags/tutorial_dag.py
[2024-11-26T11:02:48.781+0000] {processor.py:914} INFO - Processing file /home/airflow/.local/lib/python3.12/site-packages/airflow/example_dags/tutorial_dag.py for tasks to queue
[2024-11-26T11:02:48.783+0000] {logging_mixin.py:190} INFO - [2024-11-26T11:02:48.783+0000] {dagbag.py:588} INFO - Filling up the DagBag from /home/airflow/.local/lib/python3.12/site-packages/airflow/example_dags/tutorial_dag.py
[2024-11-26T11:02:48.789+0000] {processor.py:925} INFO - DAG(s) 'tutorial_dag' retrieved from /home/airflow/.local/lib/python3.12/site-packages/airflow/example_dags/tutorial_dag.py
[2024-11-26T11:02:48.806+0000] {logging_mixin.py:190} INFO - [2024-11-26T11:02:48.805+0000] {dag.py:3239} INFO - Sync 1 DAGs
[2024-11-26T11:02:48.816+0000] {logging_mixin.py:190} INFO - [2024-11-26T11:02:48.816+0000] {dag.py:4180} INFO - Setting next_dagrun for tutorial_dag to None, run_after=None
[2024-11-26T11:02:48.833+0000] {processor.py:208} INFO - Processing /home/airflow/.local/lib/python3.12/site-packages/airflow/example_dags/tutorial_dag.py took 0.057 seconds
[2024-11-26T11:03:19.447+0000] {processor.py:186} INFO - Started process (PID=667) to work on /home/airflow/.local/lib/python3.12/site-packages/airflow/example_dags/tutorial_dag.py
[2024-11-26T11:03:19.448+0000] {processor.py:914} INFO - Processing file /home/airflow/.local/lib/python3.12/site-packages/airflow/example_dags/tutorial_dag.py for tasks to queue
[2024-11-26T11:03:19.451+0000] {logging_mixin.py:190} INFO - [2024-11-26T11:03:19.451+0000] {dagbag.py:588} INFO - Filling up the DagBag from /home/airflow/.local/lib/python3.12/site-packages/airflow/example_dags/tutorial_dag.py
[2024-11-26T11:03:19.461+0000] {processor.py:925} INFO - DAG(s) 'tutorial_dag' retrieved from /home/airflow/.local/lib/python3.12/site-packages/airflow/example_dags/tutorial_dag.py
[2024-11-26T11:03:19.477+0000] {logging_mixin.py:190} INFO - [2024-11-26T11:03:19.477+0000] {dag.py:3239} INFO - Sync 1 DAGs
[2024-11-26T11:03:19.492+0000] {logging_mixin.py:190} INFO - [2024-11-26T11:03:19.491+0000] {dag.py:4180} INFO - Setting next_dagrun for tutorial_dag to None, run_after=None
[2024-11-26T11:03:19.509+0000] {processor.py:208} INFO - Processing /home/airflow/.local/lib/python3.12/site-packages/airflow/example_dags/tutorial_dag.py took 0.069 seconds
[2024-11-26T11:03:50.039+0000] {processor.py:186} INFO - Started process (PID=730) to work on /home/airflow/.local/lib/python3.12/site-packages/airflow/example_dags/tutorial_dag.py
[2024-11-26T11:03:50.040+0000] {processor.py:914} INFO - Processing file /home/airflow/.local/lib/python3.12/site-packages/airflow/example_dags/tutorial_dag.py for tasks to queue
[2024-11-26T11:03:50.042+0000] {logging_mixin.py:190} INFO - [2024-11-26T11:03:50.041+0000] {dagbag.py:588} INFO - Filling up the DagBag from /home/airflow/.local/lib/python3.12/site-packages/airflow/example_dags/tutorial_dag.py
[2024-11-26T11:03:50.047+0000] {processor.py:925} INFO - DAG(s) 'tutorial_dag' retrieved from /home/airflow/.local/lib/python3.12/site-packages/airflow/example_dags/tutorial_dag.py
[2024-11-26T11:03:50.062+0000] {logging_mixin.py:190} INFO - [2024-11-26T11:03:50.062+0000] {dag.py:3239} INFO - Sync 1 DAGs
[2024-11-26T11:03:50.071+0000] {logging_mixin.py:190} INFO - [2024-11-26T11:03:50.071+0000] {dag.py:4180} INFO - Setting next_dagrun for tutorial_dag to None, run_after=None
[2024-11-26T11:03:50.095+0000] {processor.py:208} INFO - Processing /home/airflow/.local/lib/python3.12/site-packages/airflow/example_dags/tutorial_dag.py took 0.060 seconds
[2024-11-26T11:04:20.959+0000] {processor.py:186} INFO - Started process (PID=793) to work on /home/airflow/.local/lib/python3.12/site-packages/airflow/example_dags/tutorial_dag.py
[2024-11-26T11:04:20.960+0000] {processor.py:914} INFO - Processing file /home/airflow/.local/lib/python3.12/site-packages/airflow/example_dags/tutorial_dag.py for tasks to queue
[2024-11-26T11:04:20.962+0000] {logging_mixin.py:190} INFO - [2024-11-26T11:04:20.962+0000] {dagbag.py:588} INFO - Filling up the DagBag from /home/airflow/.local/lib/python3.12/site-packages/airflow/example_dags/tutorial_dag.py
[2024-11-26T11:04:20.969+0000] {processor.py:925} INFO - DAG(s) 'tutorial_dag' retrieved from /home/airflow/.local/lib/python3.12/site-packages/airflow/example_dags/tutorial_dag.py
[2024-11-26T11:04:20.986+0000] {logging_mixin.py:190} INFO - [2024-11-26T11:04:20.986+0000] {dag.py:3239} INFO - Sync 1 DAGs
[2024-11-26T11:04:20.999+0000] {logging_mixin.py:190} INFO - [2024-11-26T11:04:20.999+0000] {dag.py:4180} INFO - Setting next_dagrun for tutorial_dag to None, run_after=None
[2024-11-26T11:04:21.017+0000] {processor.py:208} INFO - Processing /home/airflow/.local/lib/python3.12/site-packages/airflow/example_dags/tutorial_dag.py took 0.063 seconds
[2024-11-26T11:04:51.778+0000] {processor.py:186} INFO - Started process (PID=856) to work on /home/airflow/.local/lib/python3.12/site-packages/airflow/example_dags/tutorial_dag.py
[2024-11-26T11:04:51.779+0000] {processor.py:914} INFO - Processing file /home/airflow/.local/lib/python3.12/site-packages/airflow/example_dags/tutorial_dag.py for tasks to queue
[2024-11-26T11:04:51.781+0000] {logging_mixin.py:190} INFO - [2024-11-26T11:04:51.780+0000] {dagbag.py:588} INFO - Filling up the DagBag from /home/airflow/.local/lib/python3.12/site-packages/airflow/example_dags/tutorial_dag.py
[2024-11-26T11:04:51.786+0000] {processor.py:925} INFO - DAG(s) 'tutorial_dag' retrieved from /home/airflow/.local/lib/python3.12/site-packages/airflow/example_dags/tutorial_dag.py
[2024-11-26T11:04:51.800+0000] {logging_mixin.py:190} INFO - [2024-11-26T11:04:51.800+0000] {dag.py:3239} INFO - Sync 1 DAGs
[2024-11-26T11:04:51.812+0000] {logging_mixin.py:190} INFO - [2024-11-26T11:04:51.811+0000] {dag.py:4180} INFO - Setting next_dagrun for tutorial_dag to None, run_after=None
[2024-11-26T11:04:51.827+0000] {processor.py:208} INFO - Processing /home/airflow/.local/lib/python3.12/site-packages/airflow/example_dags/tutorial_dag.py took 0.053 seconds
[2024-11-26T11:05:22.109+0000] {processor.py:186} INFO - Started process (PID=918) to work on /home/airflow/.local/lib/python3.12/site-packages/airflow/example_dags/tutorial_dag.py
[2024-11-26T11:05:22.110+0000] {processor.py:914} INFO - Processing file /home/airflow/.local/lib/python3.12/site-packages/airflow/example_dags/tutorial_dag.py for tasks to queue
[2024-11-26T11:05:22.113+0000] {logging_mixin.py:190} INFO - [2024-11-26T11:05:22.112+0000] {dagbag.py:588} INFO - Filling up the DagBag from /home/airflow/.local/lib/python3.12/site-packages/airflow/example_dags/tutorial_dag.py
[2024-11-26T11:05:22.119+0000] {processor.py:925} INFO - DAG(s) 'tutorial_dag' retrieved from /home/airflow/.local/lib/python3.12/site-packages/airflow/example_dags/tutorial_dag.py
[2024-11-26T11:05:22.135+0000] {logging_mixin.py:190} INFO - [2024-11-26T11:05:22.135+0000] {dag.py:3239} INFO - Sync 1 DAGs
[2024-11-26T11:05:22.145+0000] {logging_mixin.py:190} INFO - [2024-11-26T11:05:22.145+0000] {dag.py:4180} INFO - Setting next_dagrun for tutorial_dag to None, run_after=None
[2024-11-26T11:05:22.159+0000] {processor.py:208} INFO - Processing /home/airflow/.local/lib/python3.12/site-packages/airflow/example_dags/tutorial_dag.py took 0.054 seconds
[2024-11-26T11:05:52.526+0000] {processor.py:186} INFO - Started process (PID=981) to work on /home/airflow/.local/lib/python3.12/site-packages/airflow/example_dags/tutorial_dag.py
[2024-11-26T11:05:52.527+0000] {processor.py:914} INFO - Processing file /home/airflow/.local/lib/python3.12/site-packages/airflow/example_dags/tutorial_dag.py for tasks to queue
[2024-11-26T11:05:52.530+0000] {logging_mixin.py:190} INFO - [2024-11-26T11:05:52.529+0000] {dagbag.py:588} INFO - Filling up the DagBag from /home/airflow/.local/lib/python3.12/site-packages/airflow/example_dags/tutorial_dag.py
[2024-11-26T11:05:52.537+0000] {processor.py:925} INFO - DAG(s) 'tutorial_dag' retrieved from /home/airflow/.local/lib/python3.12/site-packages/airflow/example_dags/tutorial_dag.py
[2024-11-26T11:05:52.552+0000] {logging_mixin.py:190} INFO - [2024-11-26T11:05:52.551+0000] {dag.py:3239} INFO - Sync 1 DAGs
[2024-11-26T11:05:52.563+0000] {logging_mixin.py:190} INFO - [2024-11-26T11:05:52.563+0000] {dag.py:4180} INFO - Setting next_dagrun for tutorial_dag to None, run_after=None
[2024-11-26T11:05:52.577+0000] {processor.py:208} INFO - Processing /home/airflow/.local/lib/python3.12/site-packages/airflow/example_dags/tutorial_dag.py took 0.056 seconds
[2024-11-26T11:06:22.971+0000] {processor.py:186} INFO - Started process (PID=1044) to work on /home/airflow/.local/lib/python3.12/site-packages/airflow/example_dags/tutorial_dag.py
[2024-11-26T11:06:22.972+0000] {processor.py:914} INFO - Processing file /home/airflow/.local/lib/python3.12/site-packages/airflow/example_dags/tutorial_dag.py for tasks to queue
[2024-11-26T11:06:22.974+0000] {logging_mixin.py:190} INFO - [2024-11-26T11:06:22.974+0000] {dagbag.py:588} INFO - Filling up the DagBag from /home/airflow/.local/lib/python3.12/site-packages/airflow/example_dags/tutorial_dag.py
[2024-11-26T11:06:22.980+0000] {processor.py:925} INFO - DAG(s) 'tutorial_dag' retrieved from /home/airflow/.local/lib/python3.12/site-packages/airflow/example_dags/tutorial_dag.py
[2024-11-26T11:06:22.998+0000] {logging_mixin.py:190} INFO - [2024-11-26T11:06:22.998+0000] {dag.py:3239} INFO - Sync 1 DAGs
[2024-11-26T11:06:23.008+0000] {logging_mixin.py:190} INFO - [2024-11-26T11:06:23.008+0000] {dag.py:4180} INFO - Setting next_dagrun for tutorial_dag to None, run_after=None
[2024-11-26T11:06:23.028+0000] {processor.py:208} INFO - Processing /home/airflow/.local/lib/python3.12/site-packages/airflow/example_dags/tutorial_dag.py took 0.061 seconds
[2024-11-26T11:06:53.927+0000] {processor.py:186} INFO - Started process (PID=1106) to work on /home/airflow/.local/lib/python3.12/site-packages/airflow/example_dags/tutorial_dag.py
[2024-11-26T11:06:53.927+0000] {processor.py:914} INFO - Processing file /home/airflow/.local/lib/python3.12/site-packages/airflow/example_dags/tutorial_dag.py for tasks to queue
[2024-11-26T11:06:53.929+0000] {logging_mixin.py:190} INFO - [2024-11-26T11:06:53.929+0000] {dagbag.py:588} INFO - Filling up the DagBag from /home/airflow/.local/lib/python3.12/site-packages/airflow/example_dags/tutorial_dag.py
[2024-11-26T11:06:53.935+0000] {processor.py:925} INFO - DAG(s) 'tutorial_dag' retrieved from /home/airflow/.local/lib/python3.12/site-packages/airflow/example_dags/tutorial_dag.py
[2024-11-26T11:06:53.954+0000] {logging_mixin.py:190} INFO - [2024-11-26T11:06:53.954+0000] {dag.py:3239} INFO - Sync 1 DAGs
[2024-11-26T11:06:53.971+0000] {logging_mixin.py:190} INFO - [2024-11-26T11:06:53.970+0000] {dag.py:4180} INFO - Setting next_dagrun for tutorial_dag to None, run_after=None
[2024-11-26T11:06:53.988+0000] {processor.py:208} INFO - Processing /home/airflow/.local/lib/python3.12/site-packages/airflow/example_dags/tutorial_dag.py took 0.065 seconds
[2024-11-26T11:07:24.229+0000] {processor.py:186} INFO - Started process (PID=1169) to work on /home/airflow/.local/lib/python3.12/site-packages/airflow/example_dags/tutorial_dag.py
[2024-11-26T11:07:24.230+0000] {processor.py:914} INFO - Processing file /home/airflow/.local/lib/python3.12/site-packages/airflow/example_dags/tutorial_dag.py for tasks to queue
[2024-11-26T11:07:24.233+0000] {logging_mixin.py:190} INFO - [2024-11-26T11:07:24.232+0000] {dagbag.py:588} INFO - Filling up the DagBag from /home/airflow/.local/lib/python3.12/site-packages/airflow/example_dags/tutorial_dag.py
[2024-11-26T11:07:24.239+0000] {processor.py:925} INFO - DAG(s) 'tutorial_dag' retrieved from /home/airflow/.local/lib/python3.12/site-packages/airflow/example_dags/tutorial_dag.py
[2024-11-26T11:07:24.256+0000] {logging_mixin.py:190} INFO - [2024-11-26T11:07:24.256+0000] {dag.py:3239} INFO - Sync 1 DAGs
[2024-11-26T11:07:24.266+0000] {logging_mixin.py:190} INFO - [2024-11-26T11:07:24.266+0000] {dag.py:4180} INFO - Setting next_dagrun for tutorial_dag to None, run_after=None
[2024-11-26T11:07:24.279+0000] {processor.py:208} INFO - Processing /home/airflow/.local/lib/python3.12/site-packages/airflow/example_dags/tutorial_dag.py took 0.053 seconds
[2024-11-26T11:07:55.211+0000] {processor.py:186} INFO - Started process (PID=1232) to work on /home/airflow/.local/lib/python3.12/site-packages/airflow/example_dags/tutorial_dag.py
[2024-11-26T11:07:55.212+0000] {processor.py:914} INFO - Processing file /home/airflow/.local/lib/python3.12/site-packages/airflow/example_dags/tutorial_dag.py for tasks to queue
[2024-11-26T11:07:55.214+0000] {logging_mixin.py:190} INFO - [2024-11-26T11:07:55.214+0000] {dagbag.py:588} INFO - Filling up the DagBag from /home/airflow/.local/lib/python3.12/site-packages/airflow/example_dags/tutorial_dag.py
[2024-11-26T11:07:55.221+0000] {processor.py:925} INFO - DAG(s) 'tutorial_dag' retrieved from /home/airflow/.local/lib/python3.12/site-packages/airflow/example_dags/tutorial_dag.py
[2024-11-26T11:07:55.237+0000] {logging_mixin.py:190} INFO - [2024-11-26T11:07:55.237+0000] {dag.py:3239} INFO - Sync 1 DAGs
[2024-11-26T11:07:55.249+0000] {logging_mixin.py:190} INFO - [2024-11-26T11:07:55.249+0000] {dag.py:4180} INFO - Setting next_dagrun for tutorial_dag to None, run_after=None
[2024-11-26T11:07:55.267+0000] {processor.py:208} INFO - Processing /home/airflow/.local/lib/python3.12/site-packages/airflow/example_dags/tutorial_dag.py took 0.061 seconds
[2024-11-26T11:08:25.355+0000] {processor.py:186} INFO - Started process (PID=1294) to work on /home/airflow/.local/lib/python3.12/site-packages/airflow/example_dags/tutorial_dag.py
[2024-11-26T11:08:25.356+0000] {processor.py:914} INFO - Processing file /home/airflow/.local/lib/python3.12/site-packages/airflow/example_dags/tutorial_dag.py for tasks to queue
[2024-11-26T11:08:25.358+0000] {logging_mixin.py:190} INFO - [2024-11-26T11:08:25.357+0000] {dagbag.py:588} INFO - Filling up the DagBag from /home/airflow/.local/lib/python3.12/site-packages/airflow/example_dags/tutorial_dag.py
[2024-11-26T11:08:25.363+0000] {processor.py:925} INFO - DAG(s) 'tutorial_dag' retrieved from /home/airflow/.local/lib/python3.12/site-packages/airflow/example_dags/tutorial_dag.py
[2024-11-26T11:08:25.379+0000] {logging_mixin.py:190} INFO - [2024-11-26T11:08:25.379+0000] {dag.py:3239} INFO - Sync 1 DAGs
[2024-11-26T11:08:25.390+0000] {logging_mixin.py:190} INFO - [2024-11-26T11:08:25.390+0000] {dag.py:4180} INFO - Setting next_dagrun for tutorial_dag to None, run_after=None
[2024-11-26T11:08:25.405+0000] {processor.py:208} INFO - Processing /home/airflow/.local/lib/python3.12/site-packages/airflow/example_dags/tutorial_dag.py took 0.056 seconds
[2024-11-26T11:08:56.346+0000] {processor.py:186} INFO - Started process (PID=1358) to work on /home/airflow/.local/lib/python3.12/site-packages/airflow/example_dags/tutorial_dag.py
[2024-11-26T11:08:56.347+0000] {processor.py:914} INFO - Processing file /home/airflow/.local/lib/python3.12/site-packages/airflow/example_dags/tutorial_dag.py for tasks to queue
[2024-11-26T11:08:56.349+0000] {logging_mixin.py:190} INFO - [2024-11-26T11:08:56.349+0000] {dagbag.py:588} INFO - Filling up the DagBag from /home/airflow/.local/lib/python3.12/site-packages/airflow/example_dags/tutorial_dag.py
[2024-11-26T11:08:56.355+0000] {processor.py:925} INFO - DAG(s) 'tutorial_dag' retrieved from /home/airflow/.local/lib/python3.12/site-packages/airflow/example_dags/tutorial_dag.py
[2024-11-26T11:08:56.373+0000] {logging_mixin.py:190} INFO - [2024-11-26T11:08:56.373+0000] {dag.py:3239} INFO - Sync 1 DAGs
[2024-11-26T11:08:56.385+0000] {logging_mixin.py:190} INFO - [2024-11-26T11:08:56.385+0000] {dag.py:4180} INFO - Setting next_dagrun for tutorial_dag to None, run_after=None
[2024-11-26T11:08:56.409+0000] {processor.py:208} INFO - Processing /home/airflow/.local/lib/python3.12/site-packages/airflow/example_dags/tutorial_dag.py took 0.069 seconds
[2024-11-26T11:09:26.651+0000] {processor.py:186} INFO - Started process (PID=1420) to work on /home/airflow/.local/lib/python3.12/site-packages/airflow/example_dags/tutorial_dag.py
[2024-11-26T11:09:26.652+0000] {processor.py:914} INFO - Processing file /home/airflow/.local/lib/python3.12/site-packages/airflow/example_dags/tutorial_dag.py for tasks to queue
[2024-11-26T11:09:26.655+0000] {logging_mixin.py:190} INFO - [2024-11-26T11:09:26.655+0000] {dagbag.py:588} INFO - Filling up the DagBag from /home/airflow/.local/lib/python3.12/site-packages/airflow/example_dags/tutorial_dag.py
[2024-11-26T11:09:26.664+0000] {processor.py:925} INFO - DAG(s) 'tutorial_dag' retrieved from /home/airflow/.local/lib/python3.12/site-packages/airflow/example_dags/tutorial_dag.py
[2024-11-26T11:09:26.686+0000] {logging_mixin.py:190} INFO - [2024-11-26T11:09:26.685+0000] {dag.py:3239} INFO - Sync 1 DAGs
[2024-11-26T11:09:26.695+0000] {logging_mixin.py:190} INFO - [2024-11-26T11:09:26.695+0000] {dag.py:4180} INFO - Setting next_dagrun for tutorial_dag to None, run_after=None
[2024-11-26T11:09:26.710+0000] {processor.py:208} INFO - Processing /home/airflow/.local/lib/python3.12/site-packages/airflow/example_dags/tutorial_dag.py took 0.064 seconds
[2024-11-26T11:09:57.120+0000] {processor.py:186} INFO - Started process (PID=1483) to work on /home/airflow/.local/lib/python3.12/site-packages/airflow/example_dags/tutorial_dag.py
[2024-11-26T11:09:57.121+0000] {processor.py:914} INFO - Processing file /home/airflow/.local/lib/python3.12/site-packages/airflow/example_dags/tutorial_dag.py for tasks to queue
[2024-11-26T11:09:57.123+0000] {logging_mixin.py:190} INFO - [2024-11-26T11:09:57.123+0000] {dagbag.py:588} INFO - Filling up the DagBag from /home/airflow/.local/lib/python3.12/site-packages/airflow/example_dags/tutorial_dag.py
[2024-11-26T11:09:57.129+0000] {processor.py:925} INFO - DAG(s) 'tutorial_dag' retrieved from /home/airflow/.local/lib/python3.12/site-packages/airflow/example_dags/tutorial_dag.py
[2024-11-26T11:09:57.148+0000] {logging_mixin.py:190} INFO - [2024-11-26T11:09:57.148+0000] {dag.py:3239} INFO - Sync 1 DAGs
[2024-11-26T11:09:57.159+0000] {logging_mixin.py:190} INFO - [2024-11-26T11:09:57.159+0000] {dag.py:4180} INFO - Setting next_dagrun for tutorial_dag to None, run_after=None
[2024-11-26T11:09:57.188+0000] {processor.py:208} INFO - Processing /home/airflow/.local/lib/python3.12/site-packages/airflow/example_dags/tutorial_dag.py took 0.073 seconds
[2024-11-26T11:10:28.253+0000] {processor.py:186} INFO - Started process (PID=1547) to work on /home/airflow/.local/lib/python3.12/site-packages/airflow/example_dags/tutorial_dag.py
[2024-11-26T11:10:28.254+0000] {processor.py:914} INFO - Processing file /home/airflow/.local/lib/python3.12/site-packages/airflow/example_dags/tutorial_dag.py for tasks to queue
[2024-11-26T11:10:28.256+0000] {logging_mixin.py:190} INFO - [2024-11-26T11:10:28.255+0000] {dagbag.py:588} INFO - Filling up the DagBag from /home/airflow/.local/lib/python3.12/site-packages/airflow/example_dags/tutorial_dag.py
[2024-11-26T11:10:28.262+0000] {processor.py:925} INFO - DAG(s) 'tutorial_dag' retrieved from /home/airflow/.local/lib/python3.12/site-packages/airflow/example_dags/tutorial_dag.py
[2024-11-26T11:10:28.278+0000] {logging_mixin.py:190} INFO - [2024-11-26T11:10:28.278+0000] {dag.py:3239} INFO - Sync 1 DAGs
[2024-11-26T11:10:28.289+0000] {logging_mixin.py:190} INFO - [2024-11-26T11:10:28.289+0000] {dag.py:4180} INFO - Setting next_dagrun for tutorial_dag to None, run_after=None
[2024-11-26T11:10:28.309+0000] {processor.py:208} INFO - Processing /home/airflow/.local/lib/python3.12/site-packages/airflow/example_dags/tutorial_dag.py took 0.061 seconds
[2024-11-26T11:10:58.365+0000] {processor.py:186} INFO - Started process (PID=1609) to work on /home/airflow/.local/lib/python3.12/site-packages/airflow/example_dags/tutorial_dag.py
[2024-11-26T11:10:58.366+0000] {processor.py:914} INFO - Processing file /home/airflow/.local/lib/python3.12/site-packages/airflow/example_dags/tutorial_dag.py for tasks to queue
[2024-11-26T11:10:58.369+0000] {logging_mixin.py:190} INFO - [2024-11-26T11:10:58.369+0000] {dagbag.py:588} INFO - Filling up the DagBag from /home/airflow/.local/lib/python3.12/site-packages/airflow/example_dags/tutorial_dag.py
[2024-11-26T11:10:58.375+0000] {processor.py:925} INFO - DAG(s) 'tutorial_dag' retrieved from /home/airflow/.local/lib/python3.12/site-packages/airflow/example_dags/tutorial_dag.py
[2024-11-26T11:10:58.392+0000] {logging_mixin.py:190} INFO - [2024-11-26T11:10:58.392+0000] {dag.py:3239} INFO - Sync 1 DAGs
[2024-11-26T11:10:58.404+0000] {logging_mixin.py:190} INFO - [2024-11-26T11:10:58.404+0000] {dag.py:4180} INFO - Setting next_dagrun for tutorial_dag to None, run_after=None
[2024-11-26T11:10:58.419+0000] {processor.py:208} INFO - Processing /home/airflow/.local/lib/python3.12/site-packages/airflow/example_dags/tutorial_dag.py took 0.058 seconds
[2024-11-26T11:11:28.598+0000] {processor.py:186} INFO - Started process (PID=1672) to work on /home/airflow/.local/lib/python3.12/site-packages/airflow/example_dags/tutorial_dag.py
[2024-11-26T11:11:28.599+0000] {processor.py:914} INFO - Processing file /home/airflow/.local/lib/python3.12/site-packages/airflow/example_dags/tutorial_dag.py for tasks to queue
[2024-11-26T11:11:28.602+0000] {logging_mixin.py:190} INFO - [2024-11-26T11:11:28.602+0000] {dagbag.py:588} INFO - Filling up the DagBag from /home/airflow/.local/lib/python3.12/site-packages/airflow/example_dags/tutorial_dag.py
[2024-11-26T11:11:28.607+0000] {processor.py:925} INFO - DAG(s) 'tutorial_dag' retrieved from /home/airflow/.local/lib/python3.12/site-packages/airflow/example_dags/tutorial_dag.py
[2024-11-26T11:11:28.621+0000] {logging_mixin.py:190} INFO - [2024-11-26T11:11:28.621+0000] {dag.py:3239} INFO - Sync 1 DAGs
[2024-11-26T11:11:28.631+0000] {logging_mixin.py:190} INFO - [2024-11-26T11:11:28.631+0000] {dag.py:4180} INFO - Setting next_dagrun for tutorial_dag to None, run_after=None
[2024-11-26T11:11:28.650+0000] {processor.py:208} INFO - Processing /home/airflow/.local/lib/python3.12/site-packages/airflow/example_dags/tutorial_dag.py took 0.056 seconds
